ARM GAS  C:\Users\DGILLI~1\AppData\Local\Temp\cc8fShIz.s 			page 1


   1              		.syntax unified
   2              		.cpu cortex-m3
   3              		.fpu softvfp
   4              		.eabi_attribute 20, 1
   5              		.eabi_attribute 21, 1
   6              		.eabi_attribute 23, 3
   7              		.eabi_attribute 24, 1
   8              		.eabi_attribute 25, 1
   9              		.eabi_attribute 26, 1
  10              		.eabi_attribute 30, 6
  11              		.eabi_attribute 34, 1
  12              		.eabi_attribute 18, 4
  13              		.thumb
  14              		.syntax unified
  15              		.file	"ExtEEPROM.c"
  16              		.text
  17              	.Ltext0:
  18              		.cfi_sections	.debug_frame
  19              		.section	.text.readEEPROM,"ax",%progbits
  20              		.align	2
  21              		.global	readEEPROM
  22              		.thumb
  23              		.thumb_func
  24              		.type	readEEPROM, %function
  25              	readEEPROM:
  26              	.LFB63:
  27              		.file 1 "ExtEEPROM.c"
   1:ExtEEPROM.c   **** /* ========================================
   2:ExtEEPROM.c   ****  *
   3:ExtEEPROM.c   ****  * Copyright LAND BOARDS, LLC, 2019
   4:ExtEEPROM.c   ****  * All Rights Reserved
   5:ExtEEPROM.c   ****  * UNPUBLISHED, LICENSED SOFTWARE.
   6:ExtEEPROM.c   ****  *
   7:ExtEEPROM.c   ****  * CONFIDENTIAL AND PROPRIETARY INFORMATION
   8:ExtEEPROM.c   ****  * WHICH IS THE PROPERTY OF Land Boards.
   9:ExtEEPROM.c   ****  *
  10:ExtEEPROM.c   ****  * ========================================
  11:ExtEEPROM.c   **** */
  12:ExtEEPROM.c   **** 
  13:ExtEEPROM.c   **** #include "ExtEEPROM.h"
  14:ExtEEPROM.c   **** 
  15:ExtEEPROM.c   **** void readEEPROM(char *eepromBuffer)
  16:ExtEEPROM.c   **** {
  28              		.loc 1 16 0
  29              		.cfi_startproc
  30              		@ args = 0, pretend = 0, frame = 16
  31              		@ frame_needed = 1, uses_anonymous_args = 0
  32              		@ link register save eliminated.
  33 0000 80B4     		push	{r7}
  34              		.cfi_def_cfa_offset 4
  35              		.cfi_offset 7, -4
  36 0002 85B0     		sub	sp, sp, #20
  37              		.cfi_def_cfa_offset 24
  38 0004 00AF     		add	r7, sp, #0
  39              		.cfi_def_cfa_register 7
  40 0006 7860     		str	r0, [r7, #4]
  41              	.LBB2:
ARM GAS  C:\Users\DGILLI~1\AppData\Local\Temp\cc8fShIz.s 			page 2


  17:ExtEEPROM.c   ****     for (uint16 val = 0; val < 0x200; val++)
  42              		.loc 1 17 0
  43 0008 0023     		movs	r3, #0
  44 000a FB81     		strh	r3, [r7, #14]	@ movhi
  45 000c 08E0     		b	.L2
  46              	.L3:
  18:ExtEEPROM.c   ****     {
  19:ExtEEPROM.c   ****         eepromBuffer[val] = (char) val;     // Fill with data = lowest 8-bits of address (temporary
  47              		.loc 1 19 0 discriminator 3
  48 000e FB89     		ldrh	r3, [r7, #14]
  49 0010 7A68     		ldr	r2, [r7, #4]
  50 0012 1344     		add	r3, r3, r2
  51 0014 FA89     		ldrh	r2, [r7, #14]	@ movhi
  52 0016 D2B2     		uxtb	r2, r2
  53 0018 1A70     		strb	r2, [r3]
  17:ExtEEPROM.c   ****     for (uint16 val = 0; val < 0x200; val++)
  54              		.loc 1 17 0 discriminator 3
  55 001a FB89     		ldrh	r3, [r7, #14]
  56 001c 0133     		adds	r3, r3, #1
  57 001e FB81     		strh	r3, [r7, #14]	@ movhi
  58              	.L2:
  17:ExtEEPROM.c   ****     for (uint16 val = 0; val < 0x200; val++)
  59              		.loc 1 17 0 is_stmt 0 discriminator 1
  60 0020 FB89     		ldrh	r3, [r7, #14]
  61 0022 B3F5007F 		cmp	r3, #512
  62 0026 F2D3     		bcc	.L3
  63              	.LBE2:
  20:ExtEEPROM.c   ****     }
  21:ExtEEPROM.c   **** }
  64              		.loc 1 21 0 is_stmt 1
  65 0028 00BF     		nop
  66 002a 1437     		adds	r7, r7, #20
  67              		.cfi_def_cfa_offset 4
  68 002c BD46     		mov	sp, r7
  69              		.cfi_def_cfa_register 13
  70              		@ sp needed
  71 002e 80BC     		pop	{r7}
  72              		.cfi_restore 7
  73              		.cfi_def_cfa_offset 0
  74 0030 7047     		bx	lr
  75              		.cfi_endproc
  76              	.LFE63:
  77              		.size	readEEPROM, .-readEEPROM
  78 0032 00BF     		.section	.rodata
  79              		.align	2
  80              	.LC0:
  81 0000 25303478 		.ascii	"%04x\000"
  81      00
  82 0005 000000   		.align	2
  83              	.LC1:
  84 0008 20253032 		.ascii	" %02x\000"
  84      7800
  85 000e 0000     		.align	2
  86              	.LC2:
  87 0010 0A0D00   		.ascii	"\012\015\000"
  88              		.section	.text.dumpEEPROM,"ax",%progbits
  89              		.align	2
ARM GAS  C:\Users\DGILLI~1\AppData\Local\Temp\cc8fShIz.s 			page 3


  90              		.global	dumpEEPROM
  91              		.thumb
  92              		.thumb_func
  93              		.type	dumpEEPROM, %function
  94              	dumpEEPROM:
  95              	.LFB64:
  22:ExtEEPROM.c   **** 
  23:ExtEEPROM.c   **** void dumpEEPROM(char * eepromBuffer)
  24:ExtEEPROM.c   **** {
  96              		.loc 1 24 0
  97              		.cfi_startproc
  98              		@ args = 0, pretend = 0, frame = 88
  99              		@ frame_needed = 1, uses_anonymous_args = 0
 100 0000 80B5     		push	{r7, lr}
 101              		.cfi_def_cfa_offset 8
 102              		.cfi_offset 7, -8
 103              		.cfi_offset 14, -4
 104 0002 96B0     		sub	sp, sp, #88
 105              		.cfi_def_cfa_offset 96
 106 0004 00AF     		add	r7, sp, #0
 107              		.cfi_def_cfa_register 7
 108 0006 7860     		str	r0, [r7, #4]
  25:ExtEEPROM.c   ****     char lineBuffer[8];
  26:ExtEEPROM.c   ****     lineBuffer[0] = 0;
 109              		.loc 1 26 0
 110 0008 0023     		movs	r3, #0
 111 000a 87F84C30 		strb	r3, [r7, #76]
  27:ExtEEPROM.c   ****     uint16 linesLoop = 0;
 112              		.loc 1 27 0
 113 000e 0023     		movs	r3, #0
 114 0010 A7F85630 		strh	r3, [r7, #86]	@ movhi
  28:ExtEEPROM.c   ****     uint16 charsLoop = 0;
 115              		.loc 1 28 0
 116 0014 0023     		movs	r3, #0
 117 0016 A7F85430 		strh	r3, [r7, #84]	@ movhi
  29:ExtEEPROM.c   ****     for (linesLoop = 0; linesLoop < 16; linesLoop++)
 118              		.loc 1 29 0
 119 001a 0023     		movs	r3, #0
 120 001c A7F85630 		strh	r3, [r7, #86]	@ movhi
 121 0020 57E0     		b	.L5
 122              	.L9:
 123              	.LBB3:
  30:ExtEEPROM.c   ****     {
  31:ExtEEPROM.c   ****         char lineString[65];
  32:ExtEEPROM.c   ****         lineString[0] = 0;
 124              		.loc 1 32 0
 125 0022 0023     		movs	r3, #0
 126 0024 3B72     		strb	r3, [r7, #8]
  33:ExtEEPROM.c   ****         sprintf(lineString,"%04x",linesLoop<<4);
 127              		.loc 1 33 0
 128 0026 B7F85630 		ldrh	r3, [r7, #86]
 129 002a 1A01     		lsls	r2, r3, #4
 130 002c 07F10803 		add	r3, r7, #8
 131 0030 2C49     		ldr	r1, .L10
 132 0032 1846     		mov	r0, r3
 133 0034 FFF7FEFF 		bl	sprintf
  34:ExtEEPROM.c   ****         for (charsLoop = 0; charsLoop < 16; charsLoop++)
ARM GAS  C:\Users\DGILLI~1\AppData\Local\Temp\cc8fShIz.s 			page 4


 134              		.loc 1 34 0
 135 0038 0023     		movs	r3, #0
 136 003a A7F85430 		strh	r3, [r7, #84]	@ movhi
 137 003e 1DE0     		b	.L6
 138              	.L7:
  35:ExtEEPROM.c   ****         {
  36:ExtEEPROM.c   ****             sprintf(lineBuffer, " %02x",eepromBuffer[(linesLoop<<4)+charsLoop]);
 139              		.loc 1 36 0 discriminator 3
 140 0040 B7F85630 		ldrh	r3, [r7, #86]
 141 0044 1A01     		lsls	r2, r3, #4
 142 0046 B7F85430 		ldrh	r3, [r7, #84]
 143 004a 1344     		add	r3, r3, r2
 144 004c 1A46     		mov	r2, r3
 145 004e 7B68     		ldr	r3, [r7, #4]
 146 0050 1344     		add	r3, r3, r2
 147 0052 1B78     		ldrb	r3, [r3]	@ zero_extendqisi2
 148 0054 1A46     		mov	r2, r3
 149 0056 07F14C03 		add	r3, r7, #76
 150 005a 2349     		ldr	r1, .L10+4
 151 005c 1846     		mov	r0, r3
 152 005e FFF7FEFF 		bl	sprintf
  37:ExtEEPROM.c   ****             strcat(lineString, lineBuffer);
 153              		.loc 1 37 0 discriminator 3
 154 0062 07F14C02 		add	r2, r7, #76
 155 0066 07F10803 		add	r3, r7, #8
 156 006a 1146     		mov	r1, r2
 157 006c 1846     		mov	r0, r3
 158 006e FFF7FEFF 		bl	strcat
  34:ExtEEPROM.c   ****         for (charsLoop = 0; charsLoop < 16; charsLoop++)
 159              		.loc 1 34 0 discriminator 3
 160 0072 B7F85430 		ldrh	r3, [r7, #84]
 161 0076 0133     		adds	r3, r3, #1
 162 0078 A7F85430 		strh	r3, [r7, #84]	@ movhi
 163              	.L6:
  34:ExtEEPROM.c   ****         for (charsLoop = 0; charsLoop < 16; charsLoop++)
 164              		.loc 1 34 0 is_stmt 0 discriminator 1
 165 007c B7F85430 		ldrh	r3, [r7, #84]
 166 0080 0F2B     		cmp	r3, #15
 167 0082 DDD9     		bls	.L7
  38:ExtEEPROM.c   ****         }
  39:ExtEEPROM.c   ****         strcat(lineString, "\n\r");
 168              		.loc 1 39 0 is_stmt 1
 169 0084 07F10803 		add	r3, r7, #8
 170 0088 1846     		mov	r0, r3
 171 008a FFF7FEFF 		bl	strlen
 172 008e 0346     		mov	r3, r0
 173 0090 1A46     		mov	r2, r3
 174 0092 07F10803 		add	r3, r7, #8
 175 0096 1344     		add	r3, r3, r2
 176 0098 144A     		ldr	r2, .L10+8
 177 009a 1188     		ldrh	r1, [r2]	@ unaligned
 178 009c 9278     		ldrb	r2, [r2, #2]
 179 009e 1980     		strh	r1, [r3]	@ unaligned
 180 00a0 9A70     		strb	r2, [r3, #2]
  40:ExtEEPROM.c   ****         USBUART_PutData(lineString, strlen(lineString));
 181              		.loc 1 40 0
 182 00a2 07F10803 		add	r3, r7, #8
ARM GAS  C:\Users\DGILLI~1\AppData\Local\Temp\cc8fShIz.s 			page 5


 183 00a6 1846     		mov	r0, r3
 184 00a8 FFF7FEFF 		bl	strlen
 185 00ac 0346     		mov	r3, r0
 186 00ae 9AB2     		uxth	r2, r3
 187 00b0 07F10803 		add	r3, r7, #8
 188 00b4 1146     		mov	r1, r2
 189 00b6 1846     		mov	r0, r3
 190 00b8 FFF7FEFF 		bl	USBUART_PutData
  41:ExtEEPROM.c   ****         while (0u == USBUART_CDCIsReady());
 191              		.loc 1 41 0
 192 00bc 00BF     		nop
 193              	.L8:
 194              		.loc 1 41 0 is_stmt 0 discriminator 1
 195 00be FFF7FEFF 		bl	USBUART_CDCIsReady
 196 00c2 0346     		mov	r3, r0
 197 00c4 002B     		cmp	r3, #0
 198 00c6 FAD0     		beq	.L8
 199              	.LBE3:
  29:ExtEEPROM.c   ****     {
 200              		.loc 1 29 0 is_stmt 1 discriminator 2
 201 00c8 B7F85630 		ldrh	r3, [r7, #86]
 202 00cc 0133     		adds	r3, r3, #1
 203 00ce A7F85630 		strh	r3, [r7, #86]	@ movhi
 204              	.L5:
  29:ExtEEPROM.c   ****     {
 205              		.loc 1 29 0 is_stmt 0 discriminator 1
 206 00d2 B7F85630 		ldrh	r3, [r7, #86]
 207 00d6 0F2B     		cmp	r3, #15
 208 00d8 A3D9     		bls	.L9
  42:ExtEEPROM.c   ****     }
  43:ExtEEPROM.c   **** }
 209              		.loc 1 43 0 is_stmt 1
 210 00da 00BF     		nop
 211 00dc 5837     		adds	r7, r7, #88
 212              		.cfi_def_cfa_offset 8
 213 00de BD46     		mov	sp, r7
 214              		.cfi_def_cfa_register 13
 215              		@ sp needed
 216 00e0 80BD     		pop	{r7, pc}
 217              	.L11:
 218 00e2 00BF     		.align	2
 219              	.L10:
 220 00e4 00000000 		.word	.LC0
 221 00e8 08000000 		.word	.LC1
 222 00ec 10000000 		.word	.LC2
 223              		.cfi_endproc
 224              	.LFE64:
 225              		.size	dumpEEPROM, .-dumpEEPROM
 226              		.text
 227              	.Letext0:
 228              		.file 2 "c:\\program files (x86)\\cypress\\psoc creator\\4.2\\psoc creator\\import\\gnu\\arm\\5.4.
 229              		.file 3 "c:\\program files (x86)\\cypress\\psoc creator\\4.2\\psoc creator\\import\\gnu\\arm\\5.4.
 230              		.file 4 "Generated_Source\\PSoC5/cytypes.h"
 231              		.file 5 "<built-in>"
 232              		.file 6 "Generated_Source\\PSoC5/core_cm3.h"
 233              		.section	.debug_info,"",%progbits
 234              	.Ldebug_info0:
ARM GAS  C:\Users\DGILLI~1\AppData\Local\Temp\cc8fShIz.s 			page 6


 235 0000 AA010000 		.4byte	0x1aa
 236 0004 0400     		.2byte	0x4
 237 0006 00000000 		.4byte	.Ldebug_abbrev0
 238 000a 04       		.byte	0x4
 239 000b 01       		.uleb128 0x1
 240 000c 00000000 		.4byte	.LASF24
 241 0010 0C       		.byte	0xc
 242 0011 8E000000 		.4byte	.LASF25
 243 0015 B9000000 		.4byte	.LASF26
 244 0019 00000000 		.4byte	.Ldebug_ranges0+0
 245 001d 00000000 		.4byte	0
 246 0021 00000000 		.4byte	.Ldebug_line0
 247 0025 02       		.uleb128 0x2
 248 0026 01       		.byte	0x1
 249 0027 06       		.byte	0x6
 250 0028 1C010000 		.4byte	.LASF0
 251 002c 02       		.uleb128 0x2
 252 002d 01       		.byte	0x1
 253 002e 08       		.byte	0x8
 254 002f 28010000 		.4byte	.LASF1
 255 0033 02       		.uleb128 0x2
 256 0034 02       		.byte	0x2
 257 0035 05       		.byte	0x5
 258 0036 EB010000 		.4byte	.LASF2
 259 003a 02       		.uleb128 0x2
 260 003b 02       		.byte	0x2
 261 003c 07       		.byte	0x7
 262 003d 53010000 		.4byte	.LASF3
 263 0041 03       		.uleb128 0x3
 264 0042 9A000000 		.4byte	.LASF9
 265 0046 02       		.byte	0x2
 266 0047 3F       		.byte	0x3f
 267 0048 4C000000 		.4byte	0x4c
 268 004c 02       		.uleb128 0x2
 269 004d 04       		.byte	0x4
 270 004e 05       		.byte	0x5
 271 004f F5010000 		.4byte	.LASF4
 272 0053 02       		.uleb128 0x2
 273 0054 04       		.byte	0x4
 274 0055 07       		.byte	0x7
 275 0056 41010000 		.4byte	.LASF5
 276 005a 02       		.uleb128 0x2
 277 005b 08       		.byte	0x8
 278 005c 05       		.byte	0x5
 279 005d D8010000 		.4byte	.LASF6
 280 0061 02       		.uleb128 0x2
 281 0062 08       		.byte	0x8
 282 0063 07       		.byte	0x7
 283 0064 A3010000 		.4byte	.LASF7
 284 0068 04       		.uleb128 0x4
 285 0069 04       		.byte	0x4
 286 006a 05       		.byte	0x5
 287 006b 696E7400 		.ascii	"int\000"
 288 006f 02       		.uleb128 0x2
 289 0070 04       		.byte	0x4
 290 0071 07       		.byte	0x7
 291 0072 96010000 		.4byte	.LASF8
ARM GAS  C:\Users\DGILLI~1\AppData\Local\Temp\cc8fShIz.s 			page 7


 292 0076 03       		.uleb128 0x3
 293 0077 BA010000 		.4byte	.LASF10
 294 007b 03       		.byte	0x3
 295 007c 2C       		.byte	0x2c
 296 007d 41000000 		.4byte	0x41
 297 0081 05       		.uleb128 0x5
 298 0082 84010000 		.4byte	.LASF11
 299 0086 04       		.byte	0x4
 300 0087 E501     		.2byte	0x1e5
 301 0089 3A000000 		.4byte	0x3a
 302 008d 02       		.uleb128 0x2
 303 008e 04       		.byte	0x4
 304 008f 04       		.byte	0x4
 305 0090 16010000 		.4byte	.LASF12
 306 0094 02       		.uleb128 0x2
 307 0095 08       		.byte	0x8
 308 0096 04       		.byte	0x4
 309 0097 7D010000 		.4byte	.LASF13
 310 009b 02       		.uleb128 0x2
 311 009c 01       		.byte	0x1
 312 009d 08       		.byte	0x8
 313 009e E6010000 		.4byte	.LASF14
 314 00a2 02       		.uleb128 0x2
 315 00a3 08       		.byte	0x8
 316 00a4 04       		.byte	0x4
 317 00a5 FE010000 		.4byte	.LASF15
 318 00a9 02       		.uleb128 0x2
 319 00aa 04       		.byte	0x4
 320 00ab 07       		.byte	0x7
 321 00ac C2010000 		.4byte	.LASF16
 322 00b0 06       		.uleb128 0x6
 323 00b1 04       		.byte	0x4
 324 00b2 9B000000 		.4byte	0x9b
 325 00b6 06       		.uleb128 0x6
 326 00b7 04       		.byte	0x4
 327 00b8 BC000000 		.4byte	0xbc
 328 00bc 07       		.uleb128 0x7
 329 00bd 9B000000 		.4byte	0x9b
 330 00c1 08       		.uleb128 0x8
 331 00c2 9B000000 		.4byte	0x9b
 332 00c6 D1000000 		.4byte	0xd1
 333 00ca 09       		.uleb128 0x9
 334 00cb A9000000 		.4byte	0xa9
 335 00cf 07       		.byte	0x7
 336 00d0 00       		.byte	0
 337 00d1 0A       		.uleb128 0xa
 338 00d2 AE000000 		.4byte	.LASF17
 339 00d6 01       		.byte	0x1
 340 00d7 0F       		.byte	0xf
 341 00d8 00000000 		.4byte	.LFB63
 342 00dc 32000000 		.4byte	.LFE63-.LFB63
 343 00e0 01       		.uleb128 0x1
 344 00e1 9C       		.byte	0x9c
 345 00e2 0D010000 		.4byte	0x10d
 346 00e6 0B       		.uleb128 0xb
 347 00e7 CB010000 		.4byte	.LASF19
 348 00eb 01       		.byte	0x1
ARM GAS  C:\Users\DGILLI~1\AppData\Local\Temp\cc8fShIz.s 			page 8


 349 00ec 0F       		.byte	0xf
 350 00ed B0000000 		.4byte	0xb0
 351 00f1 02       		.uleb128 0x2
 352 00f2 91       		.byte	0x91
 353 00f3 6C       		.sleb128 -20
 354 00f4 0C       		.uleb128 0xc
 355 00f5 08000000 		.4byte	.LBB2
 356 00f9 20000000 		.4byte	.LBE2-.LBB2
 357 00fd 0D       		.uleb128 0xd
 358 00fe 76616C00 		.ascii	"val\000"
 359 0102 01       		.byte	0x1
 360 0103 11       		.byte	0x11
 361 0104 81000000 		.4byte	0x81
 362 0108 02       		.uleb128 0x2
 363 0109 91       		.byte	0x91
 364 010a 76       		.sleb128 -10
 365 010b 00       		.byte	0
 366 010c 00       		.byte	0
 367 010d 0E       		.uleb128 0xe
 368 010e 8B010000 		.4byte	.LASF18
 369 0112 01       		.byte	0x1
 370 0113 17       		.byte	0x17
 371 0114 00000000 		.4byte	.LFB64
 372 0118 F0000000 		.4byte	.LFE64-.LFB64
 373 011c 01       		.uleb128 0x1
 374 011d 9C       		.byte	0x9c
 375 011e 8C010000 		.4byte	0x18c
 376 0122 0B       		.uleb128 0xb
 377 0123 CB010000 		.4byte	.LASF19
 378 0127 01       		.byte	0x1
 379 0128 17       		.byte	0x17
 380 0129 B0000000 		.4byte	0xb0
 381 012d 03       		.uleb128 0x3
 382 012e 91       		.byte	0x91
 383 012f A47F     		.sleb128 -92
 384 0131 0F       		.uleb128 0xf
 385 0132 0A020000 		.4byte	.LASF20
 386 0136 01       		.byte	0x1
 387 0137 19       		.byte	0x19
 388 0138 C1000000 		.4byte	0xc1
 389 013c 02       		.uleb128 0x2
 390 013d 91       		.byte	0x91
 391 013e 6C       		.sleb128 -20
 392 013f 0F       		.uleb128 0xf
 393 0140 73010000 		.4byte	.LASF21
 394 0144 01       		.byte	0x1
 395 0145 1B       		.byte	0x1b
 396 0146 81000000 		.4byte	0x81
 397 014a 02       		.uleb128 0x2
 398 014b 91       		.byte	0x91
 399 014c 76       		.sleb128 -10
 400 014d 0F       		.uleb128 0xf
 401 014e A4000000 		.4byte	.LASF22
 402 0152 01       		.byte	0x1
 403 0153 1C       		.byte	0x1c
 404 0154 81000000 		.4byte	0x81
 405 0158 02       		.uleb128 0x2
ARM GAS  C:\Users\DGILLI~1\AppData\Local\Temp\cc8fShIz.s 			page 9


 406 0159 91       		.byte	0x91
 407 015a 74       		.sleb128 -12
 408 015b 0C       		.uleb128 0xc
 409 015c 22000000 		.4byte	.LBB3
 410 0160 A6000000 		.4byte	.LBE3-.LBB3
 411 0164 0F       		.uleb128 0xf
 412 0165 36010000 		.4byte	.LASF23
 413 0169 01       		.byte	0x1
 414 016a 1F       		.byte	0x1f
 415 016b 8C010000 		.4byte	0x18c
 416 016f 03       		.uleb128 0x3
 417 0170 91       		.byte	0x91
 418 0171 A87F     		.sleb128 -88
 419 0173 10       		.uleb128 0x10
 420 0174 15020000 		.4byte	.LASF27
 421 0178 05       		.byte	0x5
 422 0179 00       		.byte	0
 423 017a 68000000 		.4byte	0x68
 424 017e 11       		.uleb128 0x11
 425 017f B0000000 		.4byte	0xb0
 426 0183 11       		.uleb128 0x11
 427 0184 B6000000 		.4byte	0xb6
 428 0188 12       		.uleb128 0x12
 429 0189 00       		.byte	0
 430 018a 00       		.byte	0
 431 018b 00       		.byte	0
 432 018c 08       		.uleb128 0x8
 433 018d 9B000000 		.4byte	0x9b
 434 0191 9C010000 		.4byte	0x19c
 435 0195 09       		.uleb128 0x9
 436 0196 A9000000 		.4byte	0xa9
 437 019a 40       		.byte	0x40
 438 019b 00       		.byte	0
 439 019c 13       		.uleb128 0x13
 440 019d 66010000 		.4byte	.LASF28
 441 01a1 06       		.byte	0x6
 442 01a2 1207     		.2byte	0x712
 443 01a4 A8010000 		.4byte	0x1a8
 444 01a8 14       		.uleb128 0x14
 445 01a9 76000000 		.4byte	0x76
 446 01ad 00       		.byte	0
 447              		.section	.debug_abbrev,"",%progbits
 448              	.Ldebug_abbrev0:
 449 0000 01       		.uleb128 0x1
 450 0001 11       		.uleb128 0x11
 451 0002 01       		.byte	0x1
 452 0003 25       		.uleb128 0x25
 453 0004 0E       		.uleb128 0xe
 454 0005 13       		.uleb128 0x13
 455 0006 0B       		.uleb128 0xb
 456 0007 03       		.uleb128 0x3
 457 0008 0E       		.uleb128 0xe
 458 0009 1B       		.uleb128 0x1b
 459 000a 0E       		.uleb128 0xe
 460 000b 55       		.uleb128 0x55
 461 000c 17       		.uleb128 0x17
 462 000d 11       		.uleb128 0x11
ARM GAS  C:\Users\DGILLI~1\AppData\Local\Temp\cc8fShIz.s 			page 10


 463 000e 01       		.uleb128 0x1
 464 000f 10       		.uleb128 0x10
 465 0010 17       		.uleb128 0x17
 466 0011 00       		.byte	0
 467 0012 00       		.byte	0
 468 0013 02       		.uleb128 0x2
 469 0014 24       		.uleb128 0x24
 470 0015 00       		.byte	0
 471 0016 0B       		.uleb128 0xb
 472 0017 0B       		.uleb128 0xb
 473 0018 3E       		.uleb128 0x3e
 474 0019 0B       		.uleb128 0xb
 475 001a 03       		.uleb128 0x3
 476 001b 0E       		.uleb128 0xe
 477 001c 00       		.byte	0
 478 001d 00       		.byte	0
 479 001e 03       		.uleb128 0x3
 480 001f 16       		.uleb128 0x16
 481 0020 00       		.byte	0
 482 0021 03       		.uleb128 0x3
 483 0022 0E       		.uleb128 0xe
 484 0023 3A       		.uleb128 0x3a
 485 0024 0B       		.uleb128 0xb
 486 0025 3B       		.uleb128 0x3b
 487 0026 0B       		.uleb128 0xb
 488 0027 49       		.uleb128 0x49
 489 0028 13       		.uleb128 0x13
 490 0029 00       		.byte	0
 491 002a 00       		.byte	0
 492 002b 04       		.uleb128 0x4
 493 002c 24       		.uleb128 0x24
 494 002d 00       		.byte	0
 495 002e 0B       		.uleb128 0xb
 496 002f 0B       		.uleb128 0xb
 497 0030 3E       		.uleb128 0x3e
 498 0031 0B       		.uleb128 0xb
 499 0032 03       		.uleb128 0x3
 500 0033 08       		.uleb128 0x8
 501 0034 00       		.byte	0
 502 0035 00       		.byte	0
 503 0036 05       		.uleb128 0x5
 504 0037 16       		.uleb128 0x16
 505 0038 00       		.byte	0
 506 0039 03       		.uleb128 0x3
 507 003a 0E       		.uleb128 0xe
 508 003b 3A       		.uleb128 0x3a
 509 003c 0B       		.uleb128 0xb
 510 003d 3B       		.uleb128 0x3b
 511 003e 05       		.uleb128 0x5
 512 003f 49       		.uleb128 0x49
 513 0040 13       		.uleb128 0x13
 514 0041 00       		.byte	0
 515 0042 00       		.byte	0
 516 0043 06       		.uleb128 0x6
 517 0044 0F       		.uleb128 0xf
 518 0045 00       		.byte	0
 519 0046 0B       		.uleb128 0xb
ARM GAS  C:\Users\DGILLI~1\AppData\Local\Temp\cc8fShIz.s 			page 11


 520 0047 0B       		.uleb128 0xb
 521 0048 49       		.uleb128 0x49
 522 0049 13       		.uleb128 0x13
 523 004a 00       		.byte	0
 524 004b 00       		.byte	0
 525 004c 07       		.uleb128 0x7
 526 004d 26       		.uleb128 0x26
 527 004e 00       		.byte	0
 528 004f 49       		.uleb128 0x49
 529 0050 13       		.uleb128 0x13
 530 0051 00       		.byte	0
 531 0052 00       		.byte	0
 532 0053 08       		.uleb128 0x8
 533 0054 01       		.uleb128 0x1
 534 0055 01       		.byte	0x1
 535 0056 49       		.uleb128 0x49
 536 0057 13       		.uleb128 0x13
 537 0058 01       		.uleb128 0x1
 538 0059 13       		.uleb128 0x13
 539 005a 00       		.byte	0
 540 005b 00       		.byte	0
 541 005c 09       		.uleb128 0x9
 542 005d 21       		.uleb128 0x21
 543 005e 00       		.byte	0
 544 005f 49       		.uleb128 0x49
 545 0060 13       		.uleb128 0x13
 546 0061 2F       		.uleb128 0x2f
 547 0062 0B       		.uleb128 0xb
 548 0063 00       		.byte	0
 549 0064 00       		.byte	0
 550 0065 0A       		.uleb128 0xa
 551 0066 2E       		.uleb128 0x2e
 552 0067 01       		.byte	0x1
 553 0068 3F       		.uleb128 0x3f
 554 0069 19       		.uleb128 0x19
 555 006a 03       		.uleb128 0x3
 556 006b 0E       		.uleb128 0xe
 557 006c 3A       		.uleb128 0x3a
 558 006d 0B       		.uleb128 0xb
 559 006e 3B       		.uleb128 0x3b
 560 006f 0B       		.uleb128 0xb
 561 0070 27       		.uleb128 0x27
 562 0071 19       		.uleb128 0x19
 563 0072 11       		.uleb128 0x11
 564 0073 01       		.uleb128 0x1
 565 0074 12       		.uleb128 0x12
 566 0075 06       		.uleb128 0x6
 567 0076 40       		.uleb128 0x40
 568 0077 18       		.uleb128 0x18
 569 0078 9742     		.uleb128 0x2117
 570 007a 19       		.uleb128 0x19
 571 007b 01       		.uleb128 0x1
 572 007c 13       		.uleb128 0x13
 573 007d 00       		.byte	0
 574 007e 00       		.byte	0
 575 007f 0B       		.uleb128 0xb
 576 0080 05       		.uleb128 0x5
ARM GAS  C:\Users\DGILLI~1\AppData\Local\Temp\cc8fShIz.s 			page 12


 577 0081 00       		.byte	0
 578 0082 03       		.uleb128 0x3
 579 0083 0E       		.uleb128 0xe
 580 0084 3A       		.uleb128 0x3a
 581 0085 0B       		.uleb128 0xb
 582 0086 3B       		.uleb128 0x3b
 583 0087 0B       		.uleb128 0xb
 584 0088 49       		.uleb128 0x49
 585 0089 13       		.uleb128 0x13
 586 008a 02       		.uleb128 0x2
 587 008b 18       		.uleb128 0x18
 588 008c 00       		.byte	0
 589 008d 00       		.byte	0
 590 008e 0C       		.uleb128 0xc
 591 008f 0B       		.uleb128 0xb
 592 0090 01       		.byte	0x1
 593 0091 11       		.uleb128 0x11
 594 0092 01       		.uleb128 0x1
 595 0093 12       		.uleb128 0x12
 596 0094 06       		.uleb128 0x6
 597 0095 00       		.byte	0
 598 0096 00       		.byte	0
 599 0097 0D       		.uleb128 0xd
 600 0098 34       		.uleb128 0x34
 601 0099 00       		.byte	0
 602 009a 03       		.uleb128 0x3
 603 009b 08       		.uleb128 0x8
 604 009c 3A       		.uleb128 0x3a
 605 009d 0B       		.uleb128 0xb
 606 009e 3B       		.uleb128 0x3b
 607 009f 0B       		.uleb128 0xb
 608 00a0 49       		.uleb128 0x49
 609 00a1 13       		.uleb128 0x13
 610 00a2 02       		.uleb128 0x2
 611 00a3 18       		.uleb128 0x18
 612 00a4 00       		.byte	0
 613 00a5 00       		.byte	0
 614 00a6 0E       		.uleb128 0xe
 615 00a7 2E       		.uleb128 0x2e
 616 00a8 01       		.byte	0x1
 617 00a9 3F       		.uleb128 0x3f
 618 00aa 19       		.uleb128 0x19
 619 00ab 03       		.uleb128 0x3
 620 00ac 0E       		.uleb128 0xe
 621 00ad 3A       		.uleb128 0x3a
 622 00ae 0B       		.uleb128 0xb
 623 00af 3B       		.uleb128 0x3b
 624 00b0 0B       		.uleb128 0xb
 625 00b1 27       		.uleb128 0x27
 626 00b2 19       		.uleb128 0x19
 627 00b3 11       		.uleb128 0x11
 628 00b4 01       		.uleb128 0x1
 629 00b5 12       		.uleb128 0x12
 630 00b6 06       		.uleb128 0x6
 631 00b7 40       		.uleb128 0x40
 632 00b8 18       		.uleb128 0x18
 633 00b9 9642     		.uleb128 0x2116
ARM GAS  C:\Users\DGILLI~1\AppData\Local\Temp\cc8fShIz.s 			page 13


 634 00bb 19       		.uleb128 0x19
 635 00bc 01       		.uleb128 0x1
 636 00bd 13       		.uleb128 0x13
 637 00be 00       		.byte	0
 638 00bf 00       		.byte	0
 639 00c0 0F       		.uleb128 0xf
 640 00c1 34       		.uleb128 0x34
 641 00c2 00       		.byte	0
 642 00c3 03       		.uleb128 0x3
 643 00c4 0E       		.uleb128 0xe
 644 00c5 3A       		.uleb128 0x3a
 645 00c6 0B       		.uleb128 0xb
 646 00c7 3B       		.uleb128 0x3b
 647 00c8 0B       		.uleb128 0xb
 648 00c9 49       		.uleb128 0x49
 649 00ca 13       		.uleb128 0x13
 650 00cb 02       		.uleb128 0x2
 651 00cc 18       		.uleb128 0x18
 652 00cd 00       		.byte	0
 653 00ce 00       		.byte	0
 654 00cf 10       		.uleb128 0x10
 655 00d0 2E       		.uleb128 0x2e
 656 00d1 01       		.byte	0x1
 657 00d2 3F       		.uleb128 0x3f
 658 00d3 19       		.uleb128 0x19
 659 00d4 03       		.uleb128 0x3
 660 00d5 0E       		.uleb128 0xe
 661 00d6 3A       		.uleb128 0x3a
 662 00d7 0B       		.uleb128 0xb
 663 00d8 3B       		.uleb128 0x3b
 664 00d9 0B       		.uleb128 0xb
 665 00da 27       		.uleb128 0x27
 666 00db 19       		.uleb128 0x19
 667 00dc 49       		.uleb128 0x49
 668 00dd 13       		.uleb128 0x13
 669 00de 3C       		.uleb128 0x3c
 670 00df 19       		.uleb128 0x19
 671 00e0 00       		.byte	0
 672 00e1 00       		.byte	0
 673 00e2 11       		.uleb128 0x11
 674 00e3 05       		.uleb128 0x5
 675 00e4 00       		.byte	0
 676 00e5 49       		.uleb128 0x49
 677 00e6 13       		.uleb128 0x13
 678 00e7 00       		.byte	0
 679 00e8 00       		.byte	0
 680 00e9 12       		.uleb128 0x12
 681 00ea 18       		.uleb128 0x18
 682 00eb 00       		.byte	0
 683 00ec 00       		.byte	0
 684 00ed 00       		.byte	0
 685 00ee 13       		.uleb128 0x13
 686 00ef 34       		.uleb128 0x34
 687 00f0 00       		.byte	0
 688 00f1 03       		.uleb128 0x3
 689 00f2 0E       		.uleb128 0xe
 690 00f3 3A       		.uleb128 0x3a
ARM GAS  C:\Users\DGILLI~1\AppData\Local\Temp\cc8fShIz.s 			page 14


 691 00f4 0B       		.uleb128 0xb
 692 00f5 3B       		.uleb128 0x3b
 693 00f6 05       		.uleb128 0x5
 694 00f7 49       		.uleb128 0x49
 695 00f8 13       		.uleb128 0x13
 696 00f9 3F       		.uleb128 0x3f
 697 00fa 19       		.uleb128 0x19
 698 00fb 3C       		.uleb128 0x3c
 699 00fc 19       		.uleb128 0x19
 700 00fd 00       		.byte	0
 701 00fe 00       		.byte	0
 702 00ff 14       		.uleb128 0x14
 703 0100 35       		.uleb128 0x35
 704 0101 00       		.byte	0
 705 0102 49       		.uleb128 0x49
 706 0103 13       		.uleb128 0x13
 707 0104 00       		.byte	0
 708 0105 00       		.byte	0
 709 0106 00       		.byte	0
 710              		.section	.debug_aranges,"",%progbits
 711 0000 24000000 		.4byte	0x24
 712 0004 0200     		.2byte	0x2
 713 0006 00000000 		.4byte	.Ldebug_info0
 714 000a 04       		.byte	0x4
 715 000b 00       		.byte	0
 716 000c 0000     		.2byte	0
 717 000e 0000     		.2byte	0
 718 0010 00000000 		.4byte	.LFB63
 719 0014 32000000 		.4byte	.LFE63-.LFB63
 720 0018 00000000 		.4byte	.LFB64
 721 001c F0000000 		.4byte	.LFE64-.LFB64
 722 0020 00000000 		.4byte	0
 723 0024 00000000 		.4byte	0
 724              		.section	.debug_ranges,"",%progbits
 725              	.Ldebug_ranges0:
 726 0000 00000000 		.4byte	.LFB63
 727 0004 32000000 		.4byte	.LFE63
 728 0008 00000000 		.4byte	.LFB64
 729 000c F0000000 		.4byte	.LFE64
 730 0010 00000000 		.4byte	0
 731 0014 00000000 		.4byte	0
 732              		.section	.debug_line,"",%progbits
 733              	.Ldebug_line0:
 734 0000 CF010000 		.section	.debug_str,"MS",%progbits,1
 734      02005F01 
 734      00000201 
 734      FB0E0D00 
 734      01010101 
 735              	.LASF24:
 736 0000 474E5520 		.ascii	"GNU C11 5.4.1 20160609 (release) [ARM/embedded-5-br"
 736      43313120 
 736      352E342E 
 736      31203230 
 736      31363036 
 737 0033 616E6368 		.ascii	"anch revision 237715] -mcpu=cortex-m3 -mthumb -g -O"
 737      20726576 
 737      6973696F 
ARM GAS  C:\Users\DGILLI~1\AppData\Local\Temp\cc8fShIz.s 			page 15


 737      6E203233 
 737      37373135 
 738 0066 30202D66 		.ascii	"0 -ffunction-sections -ffat-lto-objects\000"
 738      66756E63 
 738      74696F6E 
 738      2D736563 
 738      74696F6E 
 739              	.LASF25:
 740 008e 45787445 		.ascii	"ExtEEPROM.c\000"
 740      4550524F 
 740      4D2E6300 
 741              	.LASF9:
 742 009a 5F5F696E 		.ascii	"__int32_t\000"
 742      7433325F 
 742      7400
 743              	.LASF22:
 744 00a4 63686172 		.ascii	"charsLoop\000"
 744      734C6F6F 
 744      7000
 745              	.LASF17:
 746 00ae 72656164 		.ascii	"readEEPROM\000"
 746      45455052 
 746      4F4D00
 747              	.LASF26:
 748 00b9 433A5C55 		.ascii	"C:\\Users\\dgilliland\\Documents\\GitHub\\RPI_PSOC5"
 748      73657273 
 748      5C646769 
 748      6C6C696C 
 748      616E645C 
 749 00e7 5C525049 		.ascii	"\\RPI_PSOC5_Serial_01\\RPS_PSOC5_Serial_01.cydsn\000"
 749      5F50534F 
 749      43355F53 
 749      65726961 
 749      6C5F3031 
 750              	.LASF12:
 751 0116 666C6F61 		.ascii	"float\000"
 751      7400
 752              	.LASF0:
 753 011c 7369676E 		.ascii	"signed char\000"
 753      65642063 
 753      68617200 
 754              	.LASF1:
 755 0128 756E7369 		.ascii	"unsigned char\000"
 755      676E6564 
 755      20636861 
 755      7200
 756              	.LASF23:
 757 0136 6C696E65 		.ascii	"lineString\000"
 757      53747269 
 757      6E6700
 758              	.LASF5:
 759 0141 6C6F6E67 		.ascii	"long unsigned int\000"
 759      20756E73 
 759      69676E65 
 759      6420696E 
 759      7400
 760              	.LASF3:
ARM GAS  C:\Users\DGILLI~1\AppData\Local\Temp\cc8fShIz.s 			page 16


 761 0153 73686F72 		.ascii	"short unsigned int\000"
 761      7420756E 
 761      7369676E 
 761      65642069 
 761      6E7400
 762              	.LASF28:
 763 0166 49544D5F 		.ascii	"ITM_RxBuffer\000"
 763      52784275 
 763      66666572 
 763      00
 764              	.LASF21:
 765 0173 6C696E65 		.ascii	"linesLoop\000"
 765      734C6F6F 
 765      7000
 766              	.LASF13:
 767 017d 646F7562 		.ascii	"double\000"
 767      6C6500
 768              	.LASF11:
 769 0184 75696E74 		.ascii	"uint16\000"
 769      313600
 770              	.LASF18:
 771 018b 64756D70 		.ascii	"dumpEEPROM\000"
 771      45455052 
 771      4F4D00
 772              	.LASF8:
 773 0196 756E7369 		.ascii	"unsigned int\000"
 773      676E6564 
 773      20696E74 
 773      00
 774              	.LASF7:
 775 01a3 6C6F6E67 		.ascii	"long long unsigned int\000"
 775      206C6F6E 
 775      6720756E 
 775      7369676E 
 775      65642069 
 776              	.LASF10:
 777 01ba 696E7433 		.ascii	"int32_t\000"
 777      325F7400 
 778              	.LASF16:
 779 01c2 73697A65 		.ascii	"sizetype\000"
 779      74797065 
 779      00
 780              	.LASF19:
 781 01cb 65657072 		.ascii	"eepromBuffer\000"
 781      6F6D4275 
 781      66666572 
 781      00
 782              	.LASF6:
 783 01d8 6C6F6E67 		.ascii	"long long int\000"
 783      206C6F6E 
 783      6720696E 
 783      7400
 784              	.LASF14:
 785 01e6 63686172 		.ascii	"char\000"
 785      00
 786              	.LASF2:
 787 01eb 73686F72 		.ascii	"short int\000"
ARM GAS  C:\Users\DGILLI~1\AppData\Local\Temp\cc8fShIz.s 			page 17


 787      7420696E 
 787      7400
 788              	.LASF4:
 789 01f5 6C6F6E67 		.ascii	"long int\000"
 789      20696E74 
 789      00
 790              	.LASF15:
 791 01fe 6C6F6E67 		.ascii	"long double\000"
 791      20646F75 
 791      626C6500 
 792              	.LASF20:
 793 020a 6C696E65 		.ascii	"lineBuffer\000"
 793      42756666 
 793      657200
 794              	.LASF27:
 795 0215 73707269 		.ascii	"sprintf\000"
 795      6E746600 
 796              		.ident	"GCC: (GNU Tools for ARM Embedded Processors) 5.4.1 20160609 (release) [ARM/embedded-5-bran
