ARM GAS  C:\Users\doug_000\AppData\Local\Temp\ccT7HEp7.s 			page 1


   1              		.syntax unified
   2              		.cpu cortex-m3
   3              		.fpu softvfp
   4              		.eabi_attribute 20, 1
   5              		.eabi_attribute 21, 1
   6              		.eabi_attribute 23, 3
   7              		.eabi_attribute 24, 1
   8              		.eabi_attribute 25, 1
   9              		.eabi_attribute 26, 1
  10              		.eabi_attribute 30, 6
  11              		.eabi_attribute 34, 1
  12              		.eabi_attribute 18, 4
  13              		.thumb
  14              		.syntax unified
  15              		.file	"PSoC_Menu.c"
  16              		.text
  17              	.Ltext0:
  18              		.cfi_sections	.debug_frame
  19              		.comm	receiveBuffer,80,4
  20              		.comm	receiveBufferPtr,1,1
  21              		.comm	gotCRorLF,1,1
  22              		.global	cardType
  23              		.bss
  24              		.align	1
  25              		.type	cardType, %object
  26              		.size	cardType, 2
  27              	cardType:
  28 0000 0000     		.space	2
  29              		.section	.rodata
  30              		.align	2
  31              	.LC0:
  32 0000 0A0D4C61 		.ascii	"\012\015Land Boards, LLC - RPi Card Test Station\012"
  32      6E642042 
  32      6F617264 
  32      732C204C 
  32      4C43202D 
  33 002b 0D00     		.ascii	"\015\000"
  34 002d 000000   		.align	2
  35              	.LC1:
  36 0030 31202D20 		.ascii	"1 - Select RPP-UIO-16 Card\012\015\000"
  36      53656C65 
  36      63742052 
  36      50502D55 
  36      494F2D31 
  37 004d 000000   		.align	2
  38              	.LC2:
  39 0050 32202D20 		.ascii	"2 - Select RPPSOC Card\012\015\000"
  39      53656C65 
  39      63742052 
  39      5050534F 
  39      43204361 
  40 0069 000000   		.align	2
  41              	.LC3:
  42 006c 33202D20 		.ascii	"3 - Select RASPI-PLUS-GVS-CFG Card\012\015\000"
  42      53656C65 
  42      63742052 
  42      41535049 
ARM GAS  C:\Users\doug_000\AppData\Local\Temp\ccT7HEp7.s 			page 2


  42      2D504C55 
  43 0091 000000   		.align	2
  44              	.LC4:
  45 0094 34202D20 		.ascii	"4 - Select RASPI-GVS Card\012\015\000"
  45      53656C65 
  45      63742052 
  45      41535049 
  45      2D475653 
  46              		.align	2
  47              	.LC5:
  48 00b0 35202D20 		.ascii	"5 - Select RASPI-PLUS-GVS Card\012\015\000"
  48      53656C65 
  48      63742052 
  48      41535049 
  48      2D504C55 
  49 00d1 000000   		.align	2
  50              	.LC6:
  51 00d4 36202D20 		.ascii	"6 - Select RPI-I2C-HUB Card\012\015\000"
  51      53656C65 
  51      63742052 
  51      50492D49 
  51      32432D48 
  52 00f2 0000     		.align	2
  53              	.LC7:
  54 00f4 52202D20 		.ascii	"R - Read EEPROM\012\015\000"
  54      52656164 
  54      20454550 
  54      524F4D0A 
  54      0D00
  55 0106 0000     		.align	2
  56              	.LC8:
  57 0108 57202D20 		.ascii	"W - Write EEPROM\012\015\000"
  57      57726974 
  57      65204545 
  57      50524F4D 
  57      0A0D00
  58 011b 00       		.align	2
  59              	.LC9:
  60 011c 42202D20 		.ascii	"B - Bounce LED across Card GPIOs\012\015\000"
  60      426F756E 
  60      6365204C 
  60      45442061 
  60      63726F73 
  61 013f 00       		.align	2
  62              	.LC10:
  63 0140 3F202D20 		.ascii	"? - Print this menu\012\015\000"
  63      5072696E 
  63      74207468 
  63      6973206D 
  63      656E750A 
  64              		.section	.text.printMenuOptions,"ax",%progbits
  65              		.align	2
  66              		.global	printMenuOptions
  67              		.thumb
  68              		.thumb_func
  69              		.type	printMenuOptions, %function
  70              	printMenuOptions:
ARM GAS  C:\Users\doug_000\AppData\Local\Temp\ccT7HEp7.s 			page 3


  71              	.LFB63:
  72              		.file 1 "PSoC_Menu.c"
   1:PSoC_Menu.c   **** /* ========================================
   2:PSoC_Menu.c   ****  *
   3:PSoC_Menu.c   ****  * Copyright LAND BOARDS, LLC, 2019
   4:PSoC_Menu.c   ****  * All Rights Reserved
   5:PSoC_Menu.c   ****  * UNPUBLISHED, LICENSED SOFTWARE.
   6:PSoC_Menu.c   ****  *
   7:PSoC_Menu.c   ****  * CONFIDENTIAL AND PROPRIETARY INFORMATION
   8:PSoC_Menu.c   ****  * WHICH IS THE PROPERTY OF Land Boards.
   9:PSoC_Menu.c   ****  *
  10:PSoC_Menu.c   ****  * ========================================
  11:PSoC_Menu.c   **** */
  12:PSoC_Menu.c   **** 
  13:PSoC_Menu.c   **** #include <project.h>
  14:PSoC_Menu.c   **** #include "RPI_PSOC5.h"
  15:PSoC_Menu.c   **** 
  16:PSoC_Menu.c   **** uint8 receiveBuffer[80];
  17:PSoC_Menu.c   **** uint8 receiveBufferPtr;
  18:PSoC_Menu.c   **** uint8 gotCRorLF;
  19:PSoC_Menu.c   **** uint16 cardType = UNSELECTED_CARD;
  20:PSoC_Menu.c   **** 
  21:PSoC_Menu.c   **** ////////////////////////////////////////////////////////////////////////////
  22:PSoC_Menu.c   **** // void printMenu(void) - Print the menu
  23:PSoC_Menu.c   **** 
  24:PSoC_Menu.c   **** void printMenuOptions(void)
  25:PSoC_Menu.c   **** {
  73              		.loc 1 25 0
  74              		.cfi_startproc
  75              		@ args = 0, pretend = 0, frame = 0
  76              		@ frame_needed = 1, uses_anonymous_args = 0
  77 0000 80B5     		push	{r7, lr}
  78              		.cfi_def_cfa_offset 8
  79              		.cfi_offset 7, -8
  80              		.cfi_offset 14, -4
  81 0002 00AF     		add	r7, sp, #0
  82              		.cfi_def_cfa_register 7
  26:PSoC_Menu.c   ****     putStringToUSB("\n\rLand Boards, LLC - RPi Card Test Station\n\r");
  83              		.loc 1 26 0
  84 0004 1148     		ldr	r0, .L2
  85 0006 FFF7FEFF 		bl	putStringToUSB
  27:PSoC_Menu.c   ****     putStringToUSB("1 - Select RPP-UIO-16 Card\n\r");
  86              		.loc 1 27 0
  87 000a 1148     		ldr	r0, .L2+4
  88 000c FFF7FEFF 		bl	putStringToUSB
  28:PSoC_Menu.c   ****     putStringToUSB("2 - Select RPPSOC Card\n\r");
  89              		.loc 1 28 0
  90 0010 1048     		ldr	r0, .L2+8
  91 0012 FFF7FEFF 		bl	putStringToUSB
  29:PSoC_Menu.c   ****     putStringToUSB("3 - Select RASPI-PLUS-GVS-CFG Card\n\r");
  92              		.loc 1 29 0
  93 0016 1048     		ldr	r0, .L2+12
  94 0018 FFF7FEFF 		bl	putStringToUSB
  30:PSoC_Menu.c   ****     putStringToUSB("4 - Select RASPI-GVS Card\n\r");
  95              		.loc 1 30 0
  96 001c 0F48     		ldr	r0, .L2+16
  97 001e FFF7FEFF 		bl	putStringToUSB
ARM GAS  C:\Users\doug_000\AppData\Local\Temp\ccT7HEp7.s 			page 4


  31:PSoC_Menu.c   ****     putStringToUSB("5 - Select RASPI-PLUS-GVS Card\n\r");
  98              		.loc 1 31 0
  99 0022 0F48     		ldr	r0, .L2+20
 100 0024 FFF7FEFF 		bl	putStringToUSB
  32:PSoC_Menu.c   ****     putStringToUSB("6 - Select RPI-I2C-HUB Card\n\r");
 101              		.loc 1 32 0
 102 0028 0E48     		ldr	r0, .L2+24
 103 002a FFF7FEFF 		bl	putStringToUSB
  33:PSoC_Menu.c   ****     putStringToUSB("R - Read EEPROM\n\r");
 104              		.loc 1 33 0
 105 002e 0E48     		ldr	r0, .L2+28
 106 0030 FFF7FEFF 		bl	putStringToUSB
  34:PSoC_Menu.c   ****     putStringToUSB("W - Write EEPROM\n\r");
 107              		.loc 1 34 0
 108 0034 0D48     		ldr	r0, .L2+32
 109 0036 FFF7FEFF 		bl	putStringToUSB
  35:PSoC_Menu.c   ****     putStringToUSB("B - Bounce LED across Card GPIOs\n\r");
 110              		.loc 1 35 0
 111 003a 0D48     		ldr	r0, .L2+36
 112 003c FFF7FEFF 		bl	putStringToUSB
  36:PSoC_Menu.c   ****     putStringToUSB("? - Print this menu\n\r");
 113              		.loc 1 36 0
 114 0040 0C48     		ldr	r0, .L2+40
 115 0042 FFF7FEFF 		bl	putStringToUSB
  37:PSoC_Menu.c   **** }
 116              		.loc 1 37 0
 117 0046 00BF     		nop
 118 0048 80BD     		pop	{r7, pc}
 119              	.L3:
 120 004a 00BF     		.align	2
 121              	.L2:
 122 004c 00000000 		.word	.LC0
 123 0050 30000000 		.word	.LC1
 124 0054 50000000 		.word	.LC2
 125 0058 6C000000 		.word	.LC3
 126 005c 94000000 		.word	.LC4
 127 0060 B0000000 		.word	.LC5
 128 0064 D4000000 		.word	.LC6
 129 0068 F4000000 		.word	.LC7
 130 006c 08010000 		.word	.LC8
 131 0070 1C010000 		.word	.LC9
 132 0074 40010000 		.word	.LC10
 133              		.cfi_endproc
 134              	.LFE63:
 135              		.size	printMenuOptions, .-printMenuOptions
 136              		.section	.rodata
 137 0156 0000     		.align	2
 138              	.LC11:
 139 0158 52656164 		.ascii	"Read from the EEPROM\012\015\000"
 139      2066726F 
 139      6D207468 
 139      65204545 
 139      50524F4D 
 140 016f 00       		.align	2
 141              	.LC12:
 142 0170 4D757374 		.ascii	"Must first select card type\012\015\000"
 142      20666972 
ARM GAS  C:\Users\doug_000\AppData\Local\Temp\ccT7HEp7.s 			page 5


 142      73742073 
 142      656C6563 
 142      74206361 
 143 018e 0000     		.align	2
 144              	.LC13:
 145 0190 57726974 		.ascii	"Write to the EEPROM...\000"
 145      6520746F 
 145      20746865 
 145      20454550 
 145      524F4D2E 
 146 01a7 00       		.align	2
 147              	.LC14:
 148 01a8 436F6D70 		.ascii	"Completed EEPROM write\012\015\000"
 148      6C657465 
 148      64204545 
 148      50524F4D 
 148      20777269 
 149 01c1 000000   		.align	2
 150              	.LC15:
 151 01c4 45455052 		.ascii	"EEPROM write failed (does this card have an EEPROM?"
 151      4F4D2077 
 151      72697465 
 151      20666169 
 151      6C656420 
 152 01f7 0A0D00   		.ascii	"\012\015\000"
 153 01fa 0000     		.align	2
 154              	.LC16:
 155 01fc 426C696E 		.ascii	"Blinking the LEDs on the RasPI-PLUS-GVS-CFG card, p"
 155      6B696E67 
 155      20746865 
 155      204C4544 
 155      73206F6E 
 156 022f 6C656173 		.ascii	"lease wait\012\015\000"
 156      65207761 
 156      69740A0D 
 156      00
 157              		.align	2
 158              	.LC17:
 159 023c 436F6D70 		.ascii	"Completed blinking the LEDs on the RasPI-PLUS-GVS-C"
 159      6C657465 
 159      6420626C 
 159      696E6B69 
 159      6E672074 
 160 026f 46472063 		.ascii	"FG card\012\015\000"
 160      6172640A 
 160      0D00
 161 0279 000000   		.align	2
 162              	.LC18:
 163 027c 426C696E 		.ascii	"Blinking the LEDs on the RASPI-PLUS-GVS card, pleas"
 163      6B696E67 
 163      20746865 
 163      204C4544 
 163      73206F6E 
 164 02af 65207761 		.ascii	"e wait\012\015\000"
 164      69740A0D 
 164      00
 165              		.align	2
ARM GAS  C:\Users\doug_000\AppData\Local\Temp\ccT7HEp7.s 			page 6


 166              	.LC19:
 167 02b8 436F6D70 		.ascii	"Completed blinking the LEDs on the RASPI-PLUS-GVS c"
 167      6C657465 
 167      6420626C 
 167      696E6B69 
 167      6E672074 
 168 02eb 6172640A 		.ascii	"ard\012\015\000"
 168      0D00
 169 02f1 000000   		.align	2
 170              	.LC20:
 171 02f4 426C696E 		.ascii	"Blinking the LEDs on the RASPI-GVS card, please wai"
 171      6B696E67 
 171      20746865 
 171      204C4544 
 171      73206F6E 
 172 0327 740A0D00 		.ascii	"t\012\015\000"
 173 032b 00       		.align	2
 174              	.LC21:
 175 032c 436F6D70 		.ascii	"Completed blinking the LEDs on the RASPI-GVS card\012"
 175      6C657465 
 175      6420626C 
 175      696E6B69 
 175      6E672074 
 176 035e 0D00     		.ascii	"\015\000"
 177              		.align	2
 178              	.LC22:
 179 0360 426C696E 		.ascii	"Blinking the LEDs on the RPP-UIO-16 card, please wa"
 179      6B696E67 
 179      20746865 
 179      204C4544 
 179      73206F6E 
 180 0393 69740A0D 		.ascii	"it\012\015\000"
 180      00
 181              		.align	2
 182              	.LC23:
 183 0398 436F6D70 		.ascii	"Completed blinking the LEDs on the RPP-UIO-16 card\012"
 183      6C657465 
 183      6420626C 
 183      696E6B69 
 183      6E672074 
 184 03cb 0D00     		.ascii	"\015\000"
 185 03cd 000000   		.align	2
 186              	.LC24:
 187 03d0 426C696E 		.ascii	"Blinking the DIGIO-8 Card LEDs, please wait\012\015"
 187      6B696E67 
 187      20746865 
 187      20444947 
 187      494F2D38 
 188 03fd 00       		.ascii	"\000"
 189 03fe 0000     		.align	2
 190              	.LC25:
 191 0400 436F6D70 		.ascii	"Completed blinking the LEDs\012\015\000"
 191      6C657465 
 191      6420626C 
 191      696E6B69 
 191      6E672074 
 192 041e 0000     		.align	2
ARM GAS  C:\Users\doug_000\AppData\Local\Temp\ccT7HEp7.s 			page 7


 193              	.LC26:
 194 0420 43617264 		.ascii	"Card not yet implemented\012\015\000"
 194      206E6F74 
 194      20796574 
 194      20696D70 
 194      6C656D65 
 195 043b 00       		.align	2
 196              	.LC27:
 197 043c 53656C65 		.ascii	"Selected RPP-UIO-16 card\012\015\000"
 197      63746564 
 197      20525050 
 197      2D55494F 
 197      2D313620 
 198 0457 00       		.align	2
 199              	.LC28:
 200 0458 53656C65 		.ascii	"Selected RPPSOC card\012\015\000"
 200      63746564 
 200      20525050 
 200      534F4320 
 200      63617264 
 201 046f 00       		.align	2
 202              	.LC29:
 203 0470 53656C65 		.ascii	"Selected RASPI-PLUS-GVS-CFG card\012\015\000"
 203      63746564 
 203      20524153 
 203      50492D50 
 203      4C55532D 
 204 0493 00       		.align	2
 205              	.LC30:
 206 0494 53656C65 		.ascii	"Selected RASPIGVS card\012\015\000"
 206      63746564 
 206      20524153 
 206      50494756 
 206      53206361 
 207 04ad 000000   		.align	2
 208              	.LC31:
 209 04b0 53656C65 		.ascii	"Selected RASPI-PLUS-GVS card\012\015\000"
 209      63746564 
 209      20524153 
 209      50492D50 
 209      4C55532D 
 210 04cf 00       		.align	2
 211              	.LC32:
 212 04d0 53656C65 		.ascii	"Selected RPI-I2C-HUB card\012\015\000"
 212      63746564 
 212      20525049 
 212      2D493243 
 212      2D485542 
 213              		.align	2
 214              	.LC33:
 215 04ec 4552524F 		.ascii	"ERROR - Unrecognized option\000"
 215      52202D20 
 215      556E7265 
 215      636F676E 
 215      697A6564 
 216              		.section	.text.psocMenu,"ax",%progbits
 217              		.align	2
ARM GAS  C:\Users\doug_000\AppData\Local\Temp\ccT7HEp7.s 			page 8


 218              		.global	psocMenu
 219              		.thumb
 220              		.thumb_func
 221              		.type	psocMenu, %function
 222              	psocMenu:
 223              	.LFB64:
  38:PSoC_Menu.c   **** 
  39:PSoC_Menu.c   **** ////////////////////////////////////////////////////////////////////////////
  40:PSoC_Menu.c   **** // void psocMenu(void)
  41:PSoC_Menu.c   **** //	uint8 uartReadBuffer[USBUART_Buffer_SIZE];
  42:PSoC_Menu.c   **** //    uint16 uartReadBufferOff = 0;
  43:PSoC_Menu.c   **** 
  44:PSoC_Menu.c   **** void psocMenu(void)
  45:PSoC_Menu.c   **** {
 224              		.loc 1 45 0
 225              		.cfi_startproc
 226              		@ args = 0, pretend = 0, frame = 256
 227              		@ frame_needed = 1, uses_anonymous_args = 0
 228 0000 80B5     		push	{r7, lr}
 229              		.cfi_def_cfa_offset 8
 230              		.cfi_offset 7, -8
 231              		.cfi_offset 14, -4
 232 0002 C0B0     		sub	sp, sp, #256
 233              		.cfi_def_cfa_offset 264
 234 0004 00AF     		add	r7, sp, #0
 235              		.cfi_def_cfa_register 7
  46:PSoC_Menu.c   ****     uint8 eepromBuffer[256];
  47:PSoC_Menu.c   **** 
  48:PSoC_Menu.c   ****     while (0u == USBUART_CDCIsReady());
 236              		.loc 1 48 0
 237 0006 00BF     		nop
 238              	.L5:
 239              		.loc 1 48 0 is_stmt 0 discriminator 1
 240 0008 FFF7FEFF 		bl	USBUART_CDCIsReady
 241 000c 0346     		mov	r3, r0
 242 000e 002B     		cmp	r3, #0
 243 0010 FAD0     		beq	.L5
  49:PSoC_Menu.c   ****     if ((receiveBuffer[0] == 'r') || (receiveBuffer[0] == 'R'))
 244              		.loc 1 49 0 is_stmt 1
 245 0012 734B     		ldr	r3, .L31
 246 0014 1B78     		ldrb	r3, [r3]	@ zero_extendqisi2
 247 0016 722B     		cmp	r3, #114
 248 0018 03D0     		beq	.L6
 249              		.loc 1 49 0 is_stmt 0 discriminator 1
 250 001a 714B     		ldr	r3, .L31
 251 001c 1B78     		ldrb	r3, [r3]	@ zero_extendqisi2
 252 001e 522B     		cmp	r3, #82
 253 0020 11D1     		bne	.L7
 254              	.L6:
  50:PSoC_Menu.c   ****     {
  51:PSoC_Menu.c   ****         putStringToUSB("Read from the EEPROM\n\r");
 255              		.loc 1 51 0 is_stmt 1
 256 0022 7048     		ldr	r0, .L31+4
 257 0024 FFF7FEFF 		bl	putStringToUSB
  52:PSoC_Menu.c   ****         readEEPROM(eepromBuffer);
 258              		.loc 1 52 0
 259 0028 3B46     		mov	r3, r7
ARM GAS  C:\Users\doug_000\AppData\Local\Temp\ccT7HEp7.s 			page 9


 260 002a 1846     		mov	r0, r3
 261 002c FFF7FEFF 		bl	readEEPROM
  53:PSoC_Menu.c   ****         dumpEEPROM(eepromBuffer);
 262              		.loc 1 53 0
 263 0030 3B46     		mov	r3, r7
 264 0032 1846     		mov	r0, r3
 265 0034 FFF7FEFF 		bl	dumpEEPROM
  54:PSoC_Menu.c   ****         while (0u == USBUART_CDCIsReady());
 266              		.loc 1 54 0
 267 0038 00BF     		nop
 268              	.L8:
 269              		.loc 1 54 0 is_stmt 0 discriminator 1
 270 003a FFF7FEFF 		bl	USBUART_CDCIsReady
 271 003e 0346     		mov	r3, r0
 272 0040 002B     		cmp	r3, #0
 273 0042 FAD0     		beq	.L8
  49:PSoC_Menu.c   ****     {
 274              		.loc 1 49 0 is_stmt 1
 275 0044 C5E0     		b	.L9
 276              	.L7:
  55:PSoC_Menu.c   ****     }
  56:PSoC_Menu.c   ****     else if ((receiveBuffer[0] == 'w') || (receiveBuffer[0] == 'W'))
 277              		.loc 1 56 0
 278 0046 664B     		ldr	r3, .L31
 279 0048 1B78     		ldrb	r3, [r3]	@ zero_extendqisi2
 280 004a 772B     		cmp	r3, #119
 281 004c 03D0     		beq	.L10
 282              		.loc 1 56 0 is_stmt 0 discriminator 1
 283 004e 644B     		ldr	r3, .L31
 284 0050 1B78     		ldrb	r3, [r3]	@ zero_extendqisi2
 285 0052 572B     		cmp	r3, #87
 286 0054 1AD1     		bne	.L11
 287              	.L10:
  57:PSoC_Menu.c   ****     {
  58:PSoC_Menu.c   ****         if (cardType == UNSELECTED_CARD)
 288              		.loc 1 58 0 is_stmt 1
 289 0056 644B     		ldr	r3, .L31+8
 290 0058 1B88     		ldrh	r3, [r3]
 291 005a 002B     		cmp	r3, #0
 292 005c 03D1     		bne	.L12
  59:PSoC_Menu.c   ****         {
  60:PSoC_Menu.c   ****             putStringToUSB("Must first select card type\n\r");
 293              		.loc 1 60 0
 294 005e 6348     		ldr	r0, .L31+12
 295 0060 FFF7FEFF 		bl	putStringToUSB
  58:PSoC_Menu.c   ****         {
 296              		.loc 1 58 0
 297 0064 B5E0     		b	.L9
 298              	.L12:
  61:PSoC_Menu.c   ****         }
  62:PSoC_Menu.c   ****         else
  63:PSoC_Menu.c   ****         {
  64:PSoC_Menu.c   ****             putStringToUSB("Write to the EEPROM...");
 299              		.loc 1 64 0
 300 0066 6248     		ldr	r0, .L31+16
 301 0068 FFF7FEFF 		bl	putStringToUSB
  65:PSoC_Menu.c   ****             if (writeEEPROM(cardType) == 1)
ARM GAS  C:\Users\doug_000\AppData\Local\Temp\ccT7HEp7.s 			page 10


 302              		.loc 1 65 0
 303 006c 5E4B     		ldr	r3, .L31+8
 304 006e 1B88     		ldrh	r3, [r3]
 305 0070 1846     		mov	r0, r3
 306 0072 FFF7FEFF 		bl	writeEEPROM
 307 0076 0346     		mov	r3, r0
 308 0078 012B     		cmp	r3, #1
 309 007a 03D1     		bne	.L14
  66:PSoC_Menu.c   ****                 putStringToUSB("Completed EEPROM write\n\r");
 310              		.loc 1 66 0
 311 007c 5D48     		ldr	r0, .L31+20
 312 007e FFF7FEFF 		bl	putStringToUSB
  58:PSoC_Menu.c   ****         {
 313              		.loc 1 58 0
 314 0082 A6E0     		b	.L9
 315              	.L14:
  67:PSoC_Menu.c   ****             else
  68:PSoC_Menu.c   ****                 putStringToUSB("EEPROM write failed (does this card have an EEPROM?\n\r");
 316              		.loc 1 68 0
 317 0084 5C48     		ldr	r0, .L31+24
 318 0086 FFF7FEFF 		bl	putStringToUSB
  58:PSoC_Menu.c   ****         {
 319              		.loc 1 58 0
 320 008a A2E0     		b	.L9
 321              	.L11:
  69:PSoC_Menu.c   ****         }
  70:PSoC_Menu.c   ****     }
  71:PSoC_Menu.c   ****     else if ((receiveBuffer[0] == 'b') || (receiveBuffer[0] == 'B'))
 322              		.loc 1 71 0
 323 008c 544B     		ldr	r3, .L31
 324 008e 1B78     		ldrb	r3, [r3]	@ zero_extendqisi2
 325 0090 622B     		cmp	r3, #98
 326 0092 03D0     		beq	.L15
 327              		.loc 1 71 0 is_stmt 0 discriminator 1
 328 0094 524B     		ldr	r3, .L31
 329 0096 1B78     		ldrb	r3, [r3]	@ zero_extendqisi2
 330 0098 422B     		cmp	r3, #66
 331 009a 4CD1     		bne	.L16
 332              	.L15:
  72:PSoC_Menu.c   ****     {
  73:PSoC_Menu.c   ****         if (cardType == UNSELECTED_CARD)
 333              		.loc 1 73 0 is_stmt 1
 334 009c 524B     		ldr	r3, .L31+8
 335 009e 1B88     		ldrh	r3, [r3]
 336 00a0 002B     		cmp	r3, #0
 337 00a2 03D1     		bne	.L17
  74:PSoC_Menu.c   ****         {
  75:PSoC_Menu.c   ****             putStringToUSB("Must first select card type\n\r");
 338              		.loc 1 75 0
 339 00a4 5148     		ldr	r0, .L31+12
 340 00a6 FFF7FEFF 		bl	putStringToUSB
  73:PSoC_Menu.c   ****         {
 341              		.loc 1 73 0
 342 00aa 92E0     		b	.L9
 343              	.L17:
  76:PSoC_Menu.c   ****         }
  77:PSoC_Menu.c   ****         else if (cardType == RPPGVSCFG)
ARM GAS  C:\Users\doug_000\AppData\Local\Temp\ccT7HEp7.s 			page 11


 344              		.loc 1 77 0
 345 00ac 4E4B     		ldr	r3, .L31+8
 346 00ae 1B88     		ldrh	r3, [r3]
 347 00b0 022B     		cmp	r3, #2
 348 00b2 08D1     		bne	.L19
  78:PSoC_Menu.c   ****         {
  79:PSoC_Menu.c   ****             putStringToUSB("Blinking the LEDs on the RasPI-PLUS-GVS-CFG card, please wait\n\r");
 349              		.loc 1 79 0
 350 00b4 5148     		ldr	r0, .L31+28
 351 00b6 FFF7FEFF 		bl	putStringToUSB
  80:PSoC_Menu.c   ****             testRPPUIO16();
 352              		.loc 1 80 0
 353 00ba FFF7FEFF 		bl	testRPPUIO16
  81:PSoC_Menu.c   ****             putStringToUSB("Completed blinking the LEDs on the RasPI-PLUS-GVS-CFG card\n\r");
 354              		.loc 1 81 0
 355 00be 5048     		ldr	r0, .L31+32
 356 00c0 FFF7FEFF 		bl	putStringToUSB
  73:PSoC_Menu.c   ****         {
 357              		.loc 1 73 0
 358 00c4 85E0     		b	.L9
 359              	.L19:
  82:PSoC_Menu.c   ****         }
  83:PSoC_Menu.c   ****         else if (cardType == RASPIPLUSGVS)
 360              		.loc 1 83 0
 361 00c6 484B     		ldr	r3, .L31+8
 362 00c8 1B88     		ldrh	r3, [r3]
 363 00ca 052B     		cmp	r3, #5
 364 00cc 08D1     		bne	.L20
  84:PSoC_Menu.c   ****         {
  85:PSoC_Menu.c   ****             putStringToUSB("Blinking the LEDs on the RASPI-PLUS-GVS card, please wait\n\r");
 365              		.loc 1 85 0
 366 00ce 4D48     		ldr	r0, .L31+36
 367 00d0 FFF7FEFF 		bl	putStringToUSB
  86:PSoC_Menu.c   ****             testRPPGVS();
 368              		.loc 1 86 0
 369 00d4 FFF7FEFF 		bl	testRPPGVS
  87:PSoC_Menu.c   ****             putStringToUSB("Completed blinking the LEDs on the RASPI-PLUS-GVS card\n\r");
 370              		.loc 1 87 0
 371 00d8 4B48     		ldr	r0, .L31+40
 372 00da FFF7FEFF 		bl	putStringToUSB
  73:PSoC_Menu.c   ****         {
 373              		.loc 1 73 0
 374 00de 78E0     		b	.L9
 375              	.L20:
  88:PSoC_Menu.c   ****         }
  89:PSoC_Menu.c   ****         else if (cardType == RASPIGVS)
 376              		.loc 1 89 0
 377 00e0 414B     		ldr	r3, .L31+8
 378 00e2 1B88     		ldrh	r3, [r3]
 379 00e4 042B     		cmp	r3, #4
 380 00e6 08D1     		bne	.L21
  90:PSoC_Menu.c   ****         {
  91:PSoC_Menu.c   ****             putStringToUSB("Blinking the LEDs on the RASPI-GVS card, please wait\n\r");
 381              		.loc 1 91 0
 382 00e8 4848     		ldr	r0, .L31+44
 383 00ea FFF7FEFF 		bl	putStringToUSB
  92:PSoC_Menu.c   ****             testRASPIGVS();
ARM GAS  C:\Users\doug_000\AppData\Local\Temp\ccT7HEp7.s 			page 12


 384              		.loc 1 92 0
 385 00ee FFF7FEFF 		bl	testRASPIGVS
  93:PSoC_Menu.c   ****             putStringToUSB("Completed blinking the LEDs on the RASPI-GVS card\n\r");
 386              		.loc 1 93 0
 387 00f2 4748     		ldr	r0, .L31+48
 388 00f4 FFF7FEFF 		bl	putStringToUSB
  73:PSoC_Menu.c   ****         {
 389              		.loc 1 73 0
 390 00f8 6BE0     		b	.L9
 391              	.L21:
  94:PSoC_Menu.c   ****         }
  95:PSoC_Menu.c   ****         else if (cardType == RPPUIO16)
 392              		.loc 1 95 0
 393 00fa 3B4B     		ldr	r3, .L31+8
 394 00fc 1B88     		ldrh	r3, [r3]
 395 00fe 012B     		cmp	r3, #1
 396 0100 08D1     		bne	.L22
  96:PSoC_Menu.c   ****         {
  97:PSoC_Menu.c   ****             putStringToUSB("Blinking the LEDs on the RPP-UIO-16 card, please wait\n\r");
 397              		.loc 1 97 0
 398 0102 4448     		ldr	r0, .L31+52
 399 0104 FFF7FEFF 		bl	putStringToUSB
  98:PSoC_Menu.c   ****             testRPPUIO16();
 400              		.loc 1 98 0
 401 0108 FFF7FEFF 		bl	testRPPUIO16
  99:PSoC_Menu.c   ****             putStringToUSB("Completed blinking the LEDs on the RPP-UIO-16 card\n\r");
 402              		.loc 1 99 0
 403 010c 4248     		ldr	r0, .L31+56
 404 010e FFF7FEFF 		bl	putStringToUSB
  73:PSoC_Menu.c   ****         {
 405              		.loc 1 73 0
 406 0112 5EE0     		b	.L9
 407              	.L22:
 100:PSoC_Menu.c   ****         }
 101:PSoC_Menu.c   ****         else if (cardType == RPII2CHUB)
 408              		.loc 1 101 0
 409 0114 344B     		ldr	r3, .L31+8
 410 0116 1B88     		ldrh	r3, [r3]
 411 0118 062B     		cmp	r3, #6
 412 011a 08D1     		bne	.L23
 102:PSoC_Menu.c   ****         {
 103:PSoC_Menu.c   ****             putStringToUSB("Blinking the DIGIO-8 Card LEDs, please wait\n\r");
 413              		.loc 1 103 0
 414 011c 3F48     		ldr	r0, .L31+60
 415 011e FFF7FEFF 		bl	putStringToUSB
 104:PSoC_Menu.c   ****             testRPIHUB();
 416              		.loc 1 104 0
 417 0122 FFF7FEFF 		bl	testRPIHUB
 105:PSoC_Menu.c   ****             putStringToUSB("Completed blinking the LEDs\n\r");
 418              		.loc 1 105 0
 419 0126 3E48     		ldr	r0, .L31+64
 420 0128 FFF7FEFF 		bl	putStringToUSB
  73:PSoC_Menu.c   ****         {
 421              		.loc 1 73 0
 422 012c 51E0     		b	.L9
 423              	.L23:
 106:PSoC_Menu.c   ****         }
ARM GAS  C:\Users\doug_000\AppData\Local\Temp\ccT7HEp7.s 			page 13


 107:PSoC_Menu.c   ****         else
 108:PSoC_Menu.c   ****         {
 109:PSoC_Menu.c   ****             putStringToUSB("Card not yet implemented\n\r");
 424              		.loc 1 109 0
 425 012e 3D48     		ldr	r0, .L31+68
 426 0130 FFF7FEFF 		bl	putStringToUSB
  73:PSoC_Menu.c   ****         {
 427              		.loc 1 73 0
 428 0134 4DE0     		b	.L9
 429              	.L16:
 110:PSoC_Menu.c   ****         }
 111:PSoC_Menu.c   ****     }
 112:PSoC_Menu.c   ****     else if (receiveBuffer[0] == '1')
 430              		.loc 1 112 0
 431 0136 2A4B     		ldr	r3, .L31
 432 0138 1B78     		ldrb	r3, [r3]	@ zero_extendqisi2
 433 013a 312B     		cmp	r3, #49
 434 013c 06D1     		bne	.L24
 113:PSoC_Menu.c   ****     {
 114:PSoC_Menu.c   ****         cardType = RPPUIO16;
 435              		.loc 1 114 0
 436 013e 2A4B     		ldr	r3, .L31+8
 437 0140 0122     		movs	r2, #1
 438 0142 1A80     		strh	r2, [r3]	@ movhi
 115:PSoC_Menu.c   ****         putStringToUSB("Selected RPP-UIO-16 card\n\r");
 439              		.loc 1 115 0
 440 0144 3848     		ldr	r0, .L31+72
 441 0146 FFF7FEFF 		bl	putStringToUSB
 442 014a 42E0     		b	.L9
 443              	.L24:
 116:PSoC_Menu.c   ****     }
 117:PSoC_Menu.c   ****     else if (receiveBuffer[0] == '2')
 444              		.loc 1 117 0
 445 014c 244B     		ldr	r3, .L31
 446 014e 1B78     		ldrb	r3, [r3]	@ zero_extendqisi2
 447 0150 322B     		cmp	r3, #50
 448 0152 06D1     		bne	.L25
 118:PSoC_Menu.c   ****     {
 119:PSoC_Menu.c   ****         cardType = RPPSOC;
 449              		.loc 1 119 0
 450 0154 244B     		ldr	r3, .L31+8
 451 0156 0322     		movs	r2, #3
 452 0158 1A80     		strh	r2, [r3]	@ movhi
 120:PSoC_Menu.c   ****         putStringToUSB("Selected RPPSOC card\n\r");
 453              		.loc 1 120 0
 454 015a 3448     		ldr	r0, .L31+76
 455 015c FFF7FEFF 		bl	putStringToUSB
 456 0160 37E0     		b	.L9
 457              	.L25:
 121:PSoC_Menu.c   ****     }
 122:PSoC_Menu.c   ****     else if (receiveBuffer[0] == '3')
 458              		.loc 1 122 0
 459 0162 1F4B     		ldr	r3, .L31
 460 0164 1B78     		ldrb	r3, [r3]	@ zero_extendqisi2
 461 0166 332B     		cmp	r3, #51
 462 0168 06D1     		bne	.L26
 123:PSoC_Menu.c   ****     {
ARM GAS  C:\Users\doug_000\AppData\Local\Temp\ccT7HEp7.s 			page 14


 124:PSoC_Menu.c   ****         cardType = RPPGVSCFG;
 463              		.loc 1 124 0
 464 016a 1F4B     		ldr	r3, .L31+8
 465 016c 0222     		movs	r2, #2
 466 016e 1A80     		strh	r2, [r3]	@ movhi
 125:PSoC_Menu.c   ****         putStringToUSB("Selected RASPI-PLUS-GVS-CFG card\n\r");
 467              		.loc 1 125 0
 468 0170 2F48     		ldr	r0, .L31+80
 469 0172 FFF7FEFF 		bl	putStringToUSB
 470 0176 2CE0     		b	.L9
 471              	.L26:
 126:PSoC_Menu.c   ****     }
 127:PSoC_Menu.c   ****     else if (receiveBuffer[0] == '4')
 472              		.loc 1 127 0
 473 0178 194B     		ldr	r3, .L31
 474 017a 1B78     		ldrb	r3, [r3]	@ zero_extendqisi2
 475 017c 342B     		cmp	r3, #52
 476 017e 06D1     		bne	.L27
 128:PSoC_Menu.c   ****     {
 129:PSoC_Menu.c   ****         cardType = RASPIGVS;
 477              		.loc 1 129 0
 478 0180 194B     		ldr	r3, .L31+8
 479 0182 0422     		movs	r2, #4
 480 0184 1A80     		strh	r2, [r3]	@ movhi
 130:PSoC_Menu.c   ****         putStringToUSB("Selected RASPIGVS card\n\r");
 481              		.loc 1 130 0
 482 0186 2B48     		ldr	r0, .L31+84
 483 0188 FFF7FEFF 		bl	putStringToUSB
 484 018c 21E0     		b	.L9
 485              	.L27:
 131:PSoC_Menu.c   ****     }
 132:PSoC_Menu.c   ****     else if (receiveBuffer[0] == '5')
 486              		.loc 1 132 0
 487 018e 144B     		ldr	r3, .L31
 488 0190 1B78     		ldrb	r3, [r3]	@ zero_extendqisi2
 489 0192 352B     		cmp	r3, #53
 490 0194 06D1     		bne	.L28
 133:PSoC_Menu.c   ****     {
 134:PSoC_Menu.c   ****         cardType = RASPIPLUSGVS;
 491              		.loc 1 134 0
 492 0196 144B     		ldr	r3, .L31+8
 493 0198 0522     		movs	r2, #5
 494 019a 1A80     		strh	r2, [r3]	@ movhi
 135:PSoC_Menu.c   ****         putStringToUSB("Selected RASPI-PLUS-GVS card\n\r");
 495              		.loc 1 135 0
 496 019c 2648     		ldr	r0, .L31+88
 497 019e FFF7FEFF 		bl	putStringToUSB
 498 01a2 16E0     		b	.L9
 499              	.L28:
 136:PSoC_Menu.c   ****     }
 137:PSoC_Menu.c   ****     else if (receiveBuffer[0] == '6')
 500              		.loc 1 137 0
 501 01a4 0E4B     		ldr	r3, .L31
 502 01a6 1B78     		ldrb	r3, [r3]	@ zero_extendqisi2
 503 01a8 362B     		cmp	r3, #54
 504 01aa 06D1     		bne	.L29
 138:PSoC_Menu.c   ****     {
ARM GAS  C:\Users\doug_000\AppData\Local\Temp\ccT7HEp7.s 			page 15


 139:PSoC_Menu.c   ****         cardType = RPII2CHUB;
 505              		.loc 1 139 0
 506 01ac 0E4B     		ldr	r3, .L31+8
 507 01ae 0622     		movs	r2, #6
 508 01b0 1A80     		strh	r2, [r3]	@ movhi
 140:PSoC_Menu.c   ****         putStringToUSB("Selected RPI-I2C-HUB card\n\r");
 509              		.loc 1 140 0
 510 01b2 2248     		ldr	r0, .L31+92
 511 01b4 FFF7FEFF 		bl	putStringToUSB
 512 01b8 0BE0     		b	.L9
 513              	.L29:
 141:PSoC_Menu.c   ****     }
 142:PSoC_Menu.c   ****     else if (receiveBuffer[0] == '?')
 514              		.loc 1 142 0
 515 01ba 094B     		ldr	r3, .L31
 516 01bc 1B78     		ldrb	r3, [r3]	@ zero_extendqisi2
 517 01be 3F2B     		cmp	r3, #63
 518 01c0 02D1     		bne	.L30
 143:PSoC_Menu.c   ****     {
 144:PSoC_Menu.c   ****         printMenuOptions();
 519              		.loc 1 144 0
 520 01c2 FFF7FEFF 		bl	printMenuOptions
 521 01c6 04E0     		b	.L9
 522              	.L30:
 145:PSoC_Menu.c   ****     }
 146:PSoC_Menu.c   ****     else
 147:PSoC_Menu.c   ****     {
 148:PSoC_Menu.c   ****         putStringToUSB("ERROR - Unrecognized option");
 523              		.loc 1 148 0
 524 01c8 1D48     		ldr	r0, .L31+96
 525 01ca FFF7FEFF 		bl	putStringToUSB
 149:PSoC_Menu.c   ****         printMenuOptions();
 526              		.loc 1 149 0
 527 01ce FFF7FEFF 		bl	printMenuOptions
 528              	.L9:
 150:PSoC_Menu.c   ****     }
 151:PSoC_Menu.c   ****     clearReceiveBuffer();
 529              		.loc 1 151 0
 530 01d2 FFF7FEFF 		bl	clearReceiveBuffer
 152:PSoC_Menu.c   **** }
 531              		.loc 1 152 0
 532 01d6 00BF     		nop
 533 01d8 07F58077 		add	r7, r7, #256
 534              		.cfi_def_cfa_offset 8
 535 01dc BD46     		mov	sp, r7
 536              		.cfi_def_cfa_register 13
 537              		@ sp needed
 538 01de 80BD     		pop	{r7, pc}
 539              	.L32:
 540              		.align	2
 541              	.L31:
 542 01e0 00000000 		.word	receiveBuffer
 543 01e4 58010000 		.word	.LC11
 544 01e8 00000000 		.word	cardType
 545 01ec 70010000 		.word	.LC12
 546 01f0 90010000 		.word	.LC13
 547 01f4 A8010000 		.word	.LC14
ARM GAS  C:\Users\doug_000\AppData\Local\Temp\ccT7HEp7.s 			page 16


 548 01f8 C4010000 		.word	.LC15
 549 01fc FC010000 		.word	.LC16
 550 0200 3C020000 		.word	.LC17
 551 0204 7C020000 		.word	.LC18
 552 0208 B8020000 		.word	.LC19
 553 020c F4020000 		.word	.LC20
 554 0210 2C030000 		.word	.LC21
 555 0214 60030000 		.word	.LC22
 556 0218 98030000 		.word	.LC23
 557 021c D0030000 		.word	.LC24
 558 0220 00040000 		.word	.LC25
 559 0224 20040000 		.word	.LC26
 560 0228 3C040000 		.word	.LC27
 561 022c 58040000 		.word	.LC28
 562 0230 70040000 		.word	.LC29
 563 0234 94040000 		.word	.LC30
 564 0238 B0040000 		.word	.LC31
 565 023c D0040000 		.word	.LC32
 566 0240 EC040000 		.word	.LC33
 567              		.cfi_endproc
 568              	.LFE64:
 569              		.size	psocMenu, .-psocMenu
 570              		.section	.text.clearReceiveBuffer,"ax",%progbits
 571              		.align	2
 572              		.global	clearReceiveBuffer
 573              		.thumb
 574              		.thumb_func
 575              		.type	clearReceiveBuffer, %function
 576              	clearReceiveBuffer:
 577              	.LFB65:
 153:PSoC_Menu.c   **** 
 154:PSoC_Menu.c   **** ////////////////////////////////////////////////////////////////////////////
 155:PSoC_Menu.c   **** // void clearReceiveBuffer(void)
 156:PSoC_Menu.c   **** 
 157:PSoC_Menu.c   **** void clearReceiveBuffer(void)
 158:PSoC_Menu.c   **** {
 578              		.loc 1 158 0
 579              		.cfi_startproc
 580              		@ args = 0, pretend = 0, frame = 0
 581              		@ frame_needed = 1, uses_anonymous_args = 0
 582              		@ link register save eliminated.
 583 0000 80B4     		push	{r7}
 584              		.cfi_def_cfa_offset 4
 585              		.cfi_offset 7, -4
 586 0002 00AF     		add	r7, sp, #0
 587              		.cfi_def_cfa_register 7
 159:PSoC_Menu.c   ****     receiveBufferPtr = 0;
 588              		.loc 1 159 0
 589 0004 064B     		ldr	r3, .L34
 590 0006 0022     		movs	r2, #0
 591 0008 1A70     		strb	r2, [r3]
 160:PSoC_Menu.c   ****     receiveBuffer[0] = 0;
 592              		.loc 1 160 0
 593 000a 064B     		ldr	r3, .L34+4
 594 000c 0022     		movs	r2, #0
 595 000e 1A70     		strb	r2, [r3]
 161:PSoC_Menu.c   ****     gotCRorLF = 0;
ARM GAS  C:\Users\doug_000\AppData\Local\Temp\ccT7HEp7.s 			page 17


 596              		.loc 1 161 0
 597 0010 054B     		ldr	r3, .L34+8
 598 0012 0022     		movs	r2, #0
 599 0014 1A70     		strb	r2, [r3]
 162:PSoC_Menu.c   **** }
 600              		.loc 1 162 0
 601 0016 00BF     		nop
 602 0018 BD46     		mov	sp, r7
 603              		.cfi_def_cfa_register 13
 604              		@ sp needed
 605 001a 80BC     		pop	{r7}
 606              		.cfi_restore 7
 607              		.cfi_def_cfa_offset 0
 608 001c 7047     		bx	lr
 609              	.L35:
 610 001e 00BF     		.align	2
 611              	.L34:
 612 0020 00000000 		.word	receiveBufferPtr
 613 0024 00000000 		.word	receiveBuffer
 614 0028 00000000 		.word	gotCRorLF
 615              		.cfi_endproc
 616              	.LFE65:
 617              		.size	clearReceiveBuffer, .-clearReceiveBuffer
 618              		.section	.rodata
 619              		.align	2
 620              	.LC34:
 621 0508 0A0D00   		.ascii	"\012\015\000"
 622              		.section	.text.addToReceiveBuffer,"ax",%progbits
 623              		.align	2
 624              		.global	addToReceiveBuffer
 625              		.thumb
 626              		.thumb_func
 627              		.type	addToReceiveBuffer, %function
 628              	addToReceiveBuffer:
 629              	.LFB66:
 163:PSoC_Menu.c   **** 
 164:PSoC_Menu.c   **** ////////////////////////////////////////////////////////////////////////////
 165:PSoC_Menu.c   **** // void addToReceiveBuffer(uint16, uint8 *)
 166:PSoC_Menu.c   **** 
 167:PSoC_Menu.c   **** void addToReceiveBuffer(uint16 inCount, uint8 * inBuffer)
 168:PSoC_Menu.c   **** {
 630              		.loc 1 168 0
 631              		.cfi_startproc
 632              		@ args = 0, pretend = 0, frame = 96
 633              		@ frame_needed = 1, uses_anonymous_args = 0
 634 0000 80B5     		push	{r7, lr}
 635              		.cfi_def_cfa_offset 8
 636              		.cfi_offset 7, -8
 637              		.cfi_offset 14, -4
 638 0002 98B0     		sub	sp, sp, #96
 639              		.cfi_def_cfa_offset 104
 640 0004 00AF     		add	r7, sp, #0
 641              		.cfi_def_cfa_register 7
 642 0006 0346     		mov	r3, r0
 643 0008 3960     		str	r1, [r7]
 644 000a FB80     		strh	r3, [r7, #6]	@ movhi
 169:PSoC_Menu.c   ****     uint8 echoString[80];
ARM GAS  C:\Users\doug_000\AppData\Local\Temp\ccT7HEp7.s 			page 18


 170:PSoC_Menu.c   ****     echoString[0] = 0;
 645              		.loc 1 170 0
 646 000c 0023     		movs	r3, #0
 647 000e 3B73     		strb	r3, [r7, #12]
 648              	.LBB2:
 171:PSoC_Menu.c   ****     for (uint8 receiveCt = 0; receiveCt < inCount; receiveCt++)
 649              		.loc 1 171 0
 650 0010 0023     		movs	r3, #0
 651 0012 87F85F30 		strb	r3, [r7, #95]
 652 0016 74E0     		b	.L37
 653              	.L42:
 172:PSoC_Menu.c   ****     {
 173:PSoC_Menu.c   ****         // First check if the character is an end of line
 174:PSoC_Menu.c   ****         if ((inBuffer[receiveCt] == 0x0a) || (inBuffer[receiveCt] == 0x0d))
 654              		.loc 1 174 0
 655 0018 97F85F30 		ldrb	r3, [r7, #95]	@ zero_extendqisi2
 656 001c 3A68     		ldr	r2, [r7]
 657 001e 1344     		add	r3, r3, r2
 658 0020 1B78     		ldrb	r3, [r3]	@ zero_extendqisi2
 659 0022 0A2B     		cmp	r3, #10
 660 0024 06D0     		beq	.L38
 661              		.loc 1 174 0 is_stmt 0 discriminator 1
 662 0026 97F85F30 		ldrb	r3, [r7, #95]	@ zero_extendqisi2
 663 002a 3A68     		ldr	r2, [r7]
 664 002c 1344     		add	r3, r3, r2
 665 002e 1B78     		ldrb	r3, [r3]	@ zero_extendqisi2
 666 0030 0D2B     		cmp	r3, #13
 667 0032 06D1     		bne	.L39
 668              	.L38:
 175:PSoC_Menu.c   ****         {
 176:PSoC_Menu.c   ****             gotCRorLF = 1;
 669              		.loc 1 176 0 is_stmt 1
 670 0034 384B     		ldr	r3, .L43
 671 0036 0122     		movs	r2, #1
 672 0038 1A70     		strb	r2, [r3]
 177:PSoC_Menu.c   ****             putStringToUSB("\n\r");
 673              		.loc 1 177 0
 674 003a 3848     		ldr	r0, .L43+4
 675 003c FFF7FEFF 		bl	putStringToUSB
 676 0040 5AE0     		b	.L40
 677              	.L39:
 178:PSoC_Menu.c   ****         }
 179:PSoC_Menu.c   ****         // check if the character is not a RUBOUT and if the line length is OK
 180:PSoC_Menu.c   ****         else if ((inBuffer[receiveCt] != 0x7f) && (receiveCt < 80))
 678              		.loc 1 180 0
 679 0042 97F85F30 		ldrb	r3, [r7, #95]	@ zero_extendqisi2
 680 0046 3A68     		ldr	r2, [r7]
 681 0048 1344     		add	r3, r3, r2
 682 004a 1B78     		ldrb	r3, [r3]	@ zero_extendqisi2
 683 004c 7F2B     		cmp	r3, #127
 684 004e 35D0     		beq	.L41
 685              		.loc 1 180 0 is_stmt 0 discriminator 1
 686 0050 97F85F30 		ldrb	r3, [r7, #95]	@ zero_extendqisi2
 687 0054 4F2B     		cmp	r3, #79
 688 0056 31D8     		bhi	.L41
 181:PSoC_Menu.c   ****         {
 182:PSoC_Menu.c   ****             receiveBuffer[receiveBufferPtr] = inBuffer[receiveCt];
ARM GAS  C:\Users\doug_000\AppData\Local\Temp\ccT7HEp7.s 			page 19


 689              		.loc 1 182 0 is_stmt 1
 690 0058 314B     		ldr	r3, .L43+8
 691 005a 1B78     		ldrb	r3, [r3]	@ zero_extendqisi2
 692 005c 1946     		mov	r1, r3
 693 005e 97F85F30 		ldrb	r3, [r7, #95]	@ zero_extendqisi2
 694 0062 3A68     		ldr	r2, [r7]
 695 0064 1344     		add	r3, r3, r2
 696 0066 1A78     		ldrb	r2, [r3]	@ zero_extendqisi2
 697 0068 2E4B     		ldr	r3, .L43+12
 698 006a 5A54     		strb	r2, [r3, r1]
 183:PSoC_Menu.c   ****             receiveBufferPtr++;
 699              		.loc 1 183 0
 700 006c 2C4B     		ldr	r3, .L43+8
 701 006e 1B78     		ldrb	r3, [r3]	@ zero_extendqisi2
 702 0070 0133     		adds	r3, r3, #1
 703 0072 DAB2     		uxtb	r2, r3
 704 0074 2A4B     		ldr	r3, .L43+8
 705 0076 1A70     		strb	r2, [r3]
 184:PSoC_Menu.c   ****             echoString[inCount] = 0;
 706              		.loc 1 184 0
 707 0078 FB88     		ldrh	r3, [r7, #6]
 708 007a 07F16002 		add	r2, r7, #96
 709 007e 1344     		add	r3, r3, r2
 710 0080 0022     		movs	r2, #0
 711 0082 03F8542C 		strb	r2, [r3, #-84]
 185:PSoC_Menu.c   ****             echoString[receiveCt] = inBuffer[receiveCt];
 712              		.loc 1 185 0
 713 0086 97F85F30 		ldrb	r3, [r7, #95]	@ zero_extendqisi2
 714 008a 97F85F20 		ldrb	r2, [r7, #95]	@ zero_extendqisi2
 715 008e 3968     		ldr	r1, [r7]
 716 0090 0A44     		add	r2, r2, r1
 717 0092 1278     		ldrb	r2, [r2]	@ zero_extendqisi2
 718 0094 07F16001 		add	r1, r7, #96
 719 0098 0B44     		add	r3, r3, r1
 720 009a 03F8542C 		strb	r2, [r3, #-84]
 186:PSoC_Menu.c   ****             echoString[receiveCt+1] = 0;
 721              		.loc 1 186 0
 722 009e 97F85F30 		ldrb	r3, [r7, #95]	@ zero_extendqisi2
 723 00a2 0133     		adds	r3, r3, #1
 724 00a4 07F16002 		add	r2, r7, #96
 725 00a8 1344     		add	r3, r3, r2
 726 00aa 0022     		movs	r2, #0
 727 00ac 03F8542C 		strb	r2, [r3, #-84]
 187:PSoC_Menu.c   ****             putStringToUSB((char *)echoString);
 728              		.loc 1 187 0
 729 00b0 07F10C03 		add	r3, r7, #12
 730 00b4 1846     		mov	r0, r3
 731 00b6 FFF7FEFF 		bl	putStringToUSB
 732 00ba 1DE0     		b	.L40
 733              	.L41:
 188:PSoC_Menu.c   ****         }
 189:PSoC_Menu.c   ****         // If the character is rubout and not the 0th character
 190:PSoC_Menu.c   ****         else if ((receiveBufferPtr > 0) && (inBuffer[receiveCt] == 0x7f))
 734              		.loc 1 190 0
 735 00bc 184B     		ldr	r3, .L43+8
 736 00be 1B78     		ldrb	r3, [r3]	@ zero_extendqisi2
 737 00c0 002B     		cmp	r3, #0
ARM GAS  C:\Users\doug_000\AppData\Local\Temp\ccT7HEp7.s 			page 20


 738 00c2 19D0     		beq	.L40
 739              		.loc 1 190 0 is_stmt 0 discriminator 1
 740 00c4 97F85F30 		ldrb	r3, [r7, #95]	@ zero_extendqisi2
 741 00c8 3A68     		ldr	r2, [r7]
 742 00ca 1344     		add	r3, r3, r2
 743 00cc 1B78     		ldrb	r3, [r3]	@ zero_extendqisi2
 744 00ce 7F2B     		cmp	r3, #127
 745 00d0 12D1     		bne	.L40
 191:PSoC_Menu.c   ****         {
 192:PSoC_Menu.c   ****             receiveBufferPtr--;
 746              		.loc 1 192 0 is_stmt 1
 747 00d2 134B     		ldr	r3, .L43+8
 748 00d4 1B78     		ldrb	r3, [r3]	@ zero_extendqisi2
 749 00d6 013B     		subs	r3, r3, #1
 750 00d8 DAB2     		uxtb	r2, r3
 751 00da 114B     		ldr	r3, .L43+8
 752 00dc 1A70     		strb	r2, [r3]
 193:PSoC_Menu.c   ****             echoString[0] = 0x08;       // Backspace
 753              		.loc 1 193 0
 754 00de 0823     		movs	r3, #8
 755 00e0 3B73     		strb	r3, [r7, #12]
 194:PSoC_Menu.c   ****             echoString[1] = 0x20;       // Space
 756              		.loc 1 194 0
 757 00e2 2023     		movs	r3, #32
 758 00e4 7B73     		strb	r3, [r7, #13]
 195:PSoC_Menu.c   ****             echoString[2] = 0x08;       // Backspace
 759              		.loc 1 195 0
 760 00e6 0823     		movs	r3, #8
 761 00e8 BB73     		strb	r3, [r7, #14]
 196:PSoC_Menu.c   ****             echoString[3] = 0;
 762              		.loc 1 196 0
 763 00ea 0023     		movs	r3, #0
 764 00ec FB73     		strb	r3, [r7, #15]
 197:PSoC_Menu.c   ****             putStringToUSB((char *)echoString);
 765              		.loc 1 197 0
 766 00ee 07F10C03 		add	r3, r7, #12
 767 00f2 1846     		mov	r0, r3
 768 00f4 FFF7FEFF 		bl	putStringToUSB
 769              	.L40:
 171:PSoC_Menu.c   ****     {
 770              		.loc 1 171 0 discriminator 2
 771 00f8 97F85F30 		ldrb	r3, [r7, #95]	@ zero_extendqisi2
 772 00fc 0133     		adds	r3, r3, #1
 773 00fe 87F85F30 		strb	r3, [r7, #95]
 774              	.L37:
 171:PSoC_Menu.c   ****     {
 775              		.loc 1 171 0 is_stmt 0 discriminator 1
 776 0102 97F85F30 		ldrb	r3, [r7, #95]	@ zero_extendqisi2
 777 0106 9BB2     		uxth	r3, r3
 778 0108 FA88     		ldrh	r2, [r7, #6]
 779 010a 9A42     		cmp	r2, r3
 780 010c 84D8     		bhi	.L42
 781              	.LBE2:
 198:PSoC_Menu.c   ****         }
 199:PSoC_Menu.c   ****     }
 200:PSoC_Menu.c   **** }
 782              		.loc 1 200 0 is_stmt 1
ARM GAS  C:\Users\doug_000\AppData\Local\Temp\ccT7HEp7.s 			page 21


 783 010e 00BF     		nop
 784 0110 6037     		adds	r7, r7, #96
 785              		.cfi_def_cfa_offset 8
 786 0112 BD46     		mov	sp, r7
 787              		.cfi_def_cfa_register 13
 788              		@ sp needed
 789 0114 80BD     		pop	{r7, pc}
 790              	.L44:
 791 0116 00BF     		.align	2
 792              	.L43:
 793 0118 00000000 		.word	gotCRorLF
 794 011c 08050000 		.word	.LC34
 795 0120 00000000 		.word	receiveBufferPtr
 796 0124 00000000 		.word	receiveBuffer
 797              		.cfi_endproc
 798              	.LFE66:
 799              		.size	addToReceiveBuffer, .-addToReceiveBuffer
 800              		.section	.text.putStringToUSB,"ax",%progbits
 801              		.align	2
 802              		.global	putStringToUSB
 803              		.thumb
 804              		.thumb_func
 805              		.type	putStringToUSB, %function
 806              	putStringToUSB:
 807              	.LFB67:
 201:PSoC_Menu.c   **** 
 202:PSoC_Menu.c   **** ////////////////////////////////////////////////////////////////////////////
 203:PSoC_Menu.c   **** // void putStringToUSB(char *)
 204:PSoC_Menu.c   **** 
 205:PSoC_Menu.c   **** void putStringToUSB(char * stringToPutOutUSB)
 206:PSoC_Menu.c   **** {
 808              		.loc 1 206 0
 809              		.cfi_startproc
 810              		@ args = 0, pretend = 0, frame = 8
 811              		@ frame_needed = 1, uses_anonymous_args = 0
 812 0000 80B5     		push	{r7, lr}
 813              		.cfi_def_cfa_offset 8
 814              		.cfi_offset 7, -8
 815              		.cfi_offset 14, -4
 816 0002 82B0     		sub	sp, sp, #8
 817              		.cfi_def_cfa_offset 16
 818 0004 00AF     		add	r7, sp, #0
 819              		.cfi_def_cfa_register 7
 820 0006 7860     		str	r0, [r7, #4]
 207:PSoC_Menu.c   ****     USBUART_PutData((uint8 *)stringToPutOutUSB, strlen(stringToPutOutUSB));
 821              		.loc 1 207 0
 822 0008 7868     		ldr	r0, [r7, #4]
 823 000a FFF7FEFF 		bl	strlen
 824 000e 0346     		mov	r3, r0
 825 0010 9BB2     		uxth	r3, r3
 826 0012 1946     		mov	r1, r3
 827 0014 7868     		ldr	r0, [r7, #4]
 828 0016 FFF7FEFF 		bl	USBUART_PutData
 208:PSoC_Menu.c   ****     while (0u == USBUART_CDCIsReady());
 829              		.loc 1 208 0
 830 001a 00BF     		nop
 831              	.L46:
ARM GAS  C:\Users\doug_000\AppData\Local\Temp\ccT7HEp7.s 			page 22


 832              		.loc 1 208 0 is_stmt 0 discriminator 1
 833 001c FFF7FEFF 		bl	USBUART_CDCIsReady
 834 0020 0346     		mov	r3, r0
 835 0022 002B     		cmp	r3, #0
 836 0024 FAD0     		beq	.L46
 209:PSoC_Menu.c   **** }
 837              		.loc 1 209 0 is_stmt 1
 838 0026 00BF     		nop
 839 0028 0837     		adds	r7, r7, #8
 840              		.cfi_def_cfa_offset 8
 841 002a BD46     		mov	sp, r7
 842              		.cfi_def_cfa_register 13
 843              		@ sp needed
 844 002c 80BD     		pop	{r7, pc}
 845              		.cfi_endproc
 846              	.LFE67:
 847              		.size	putStringToUSB, .-putStringToUSB
 848              		.section	.text.asciiNibbleToVal,"ax",%progbits
 849              		.align	2
 850              		.global	asciiNibbleToVal
 851              		.thumb
 852              		.thumb_func
 853              		.type	asciiNibbleToVal, %function
 854              	asciiNibbleToVal:
 855              	.LFB68:
 210:PSoC_Menu.c   **** 
 211:PSoC_Menu.c   **** ////////////////////////////////////////////////////////////////////////////
 212:PSoC_Menu.c   **** // asciiNibbleToVal(uint8)
 213:PSoC_Menu.c   **** 
 214:PSoC_Menu.c   **** uint32 asciiNibbleToVal(uint8 charVal)
 215:PSoC_Menu.c   **** {
 856              		.loc 1 215 0
 857              		.cfi_startproc
 858              		@ args = 0, pretend = 0, frame = 8
 859              		@ frame_needed = 1, uses_anonymous_args = 0
 860              		@ link register save eliminated.
 861 0000 80B4     		push	{r7}
 862              		.cfi_def_cfa_offset 4
 863              		.cfi_offset 7, -4
 864 0002 83B0     		sub	sp, sp, #12
 865              		.cfi_def_cfa_offset 16
 866 0004 00AF     		add	r7, sp, #0
 867              		.cfi_def_cfa_register 7
 868 0006 0346     		mov	r3, r0
 869 0008 FB71     		strb	r3, [r7, #7]
 216:PSoC_Menu.c   ****     if ((charVal >= '0') && (charVal <= '9'))
 870              		.loc 1 216 0
 871 000a FB79     		ldrb	r3, [r7, #7]	@ zero_extendqisi2
 872 000c 2F2B     		cmp	r3, #47
 873 000e 05D9     		bls	.L48
 874              		.loc 1 216 0 is_stmt 0 discriminator 1
 875 0010 FB79     		ldrb	r3, [r7, #7]	@ zero_extendqisi2
 876 0012 392B     		cmp	r3, #57
 877 0014 02D8     		bhi	.L48
 217:PSoC_Menu.c   ****         return (charVal-'0');
 878              		.loc 1 217 0 is_stmt 1
 879 0016 FB79     		ldrb	r3, [r7, #7]	@ zero_extendqisi2
ARM GAS  C:\Users\doug_000\AppData\Local\Temp\ccT7HEp7.s 			page 23


 880 0018 303B     		subs	r3, r3, #48
 881 001a 12E0     		b	.L49
 882              	.L48:
 218:PSoC_Menu.c   ****     else if ((charVal >= 'A') && (charVal <= 'F'))
 883              		.loc 1 218 0
 884 001c FB79     		ldrb	r3, [r7, #7]	@ zero_extendqisi2
 885 001e 402B     		cmp	r3, #64
 886 0020 05D9     		bls	.L50
 887              		.loc 1 218 0 is_stmt 0 discriminator 1
 888 0022 FB79     		ldrb	r3, [r7, #7]	@ zero_extendqisi2
 889 0024 462B     		cmp	r3, #70
 890 0026 02D8     		bhi	.L50
 219:PSoC_Menu.c   ****         return (charVal-'A'+10);
 891              		.loc 1 219 0 is_stmt 1
 892 0028 FB79     		ldrb	r3, [r7, #7]	@ zero_extendqisi2
 893 002a 373B     		subs	r3, r3, #55
 894 002c 09E0     		b	.L49
 895              	.L50:
 220:PSoC_Menu.c   ****     else if ((charVal >= 'a') && (charVal <= 'f'))
 896              		.loc 1 220 0
 897 002e FB79     		ldrb	r3, [r7, #7]	@ zero_extendqisi2
 898 0030 602B     		cmp	r3, #96
 899 0032 05D9     		bls	.L51
 900              		.loc 1 220 0 is_stmt 0 discriminator 1
 901 0034 FB79     		ldrb	r3, [r7, #7]	@ zero_extendqisi2
 902 0036 662B     		cmp	r3, #102
 903 0038 02D8     		bhi	.L51
 221:PSoC_Menu.c   ****         return (charVal-'a'+10);
 904              		.loc 1 221 0 is_stmt 1
 905 003a FB79     		ldrb	r3, [r7, #7]	@ zero_extendqisi2
 906 003c 573B     		subs	r3, r3, #87
 907 003e 00E0     		b	.L49
 908              	.L51:
 222:PSoC_Menu.c   ****     return(0);
 909              		.loc 1 222 0
 910 0040 0023     		movs	r3, #0
 911              	.L49:
 223:PSoC_Menu.c   **** }
 912              		.loc 1 223 0
 913 0042 1846     		mov	r0, r3
 914 0044 0C37     		adds	r7, r7, #12
 915              		.cfi_def_cfa_offset 4
 916 0046 BD46     		mov	sp, r7
 917              		.cfi_def_cfa_register 13
 918              		@ sp needed
 919 0048 80BC     		pop	{r7}
 920              		.cfi_restore 7
 921              		.cfi_def_cfa_offset 0
 922 004a 7047     		bx	lr
 923              		.cfi_endproc
 924              	.LFE68:
 925              		.size	asciiNibbleToVal, .-asciiNibbleToVal
 926              		.section	.text.extractLong,"ax",%progbits
 927              		.align	2
 928              		.global	extractLong
 929              		.thumb
 930              		.thumb_func
ARM GAS  C:\Users\doug_000\AppData\Local\Temp\ccT7HEp7.s 			page 24


 931              		.type	extractLong, %function
 932              	extractLong:
 933              	.LFB69:
 224:PSoC_Menu.c   **** 
 225:PSoC_Menu.c   **** ////////////////////////////////////////////////////////////////////////////
 226:PSoC_Menu.c   **** // uint32 extractLong(uint8 *)
 227:PSoC_Menu.c   **** 
 228:PSoC_Menu.c   **** uint32 extractLong(uint8 * commandString)
 229:PSoC_Menu.c   **** {
 934              		.loc 1 229 0
 935              		.cfi_startproc
 936              		@ args = 0, pretend = 0, frame = 16
 937              		@ frame_needed = 1, uses_anonymous_args = 0
 938 0000 80B5     		push	{r7, lr}
 939              		.cfi_def_cfa_offset 8
 940              		.cfi_offset 7, -8
 941              		.cfi_offset 14, -4
 942 0002 84B0     		sub	sp, sp, #16
 943              		.cfi_def_cfa_offset 24
 944 0004 00AF     		add	r7, sp, #0
 945              		.cfi_def_cfa_register 7
 946 0006 7860     		str	r0, [r7, #4]
 230:PSoC_Menu.c   ****     uint8 linePtr = 1;
 947              		.loc 1 230 0
 948 0008 0123     		movs	r3, #1
 949 000a FB73     		strb	r3, [r7, #15]
 231:PSoC_Menu.c   ****     uint32 rVal = 0;
 950              		.loc 1 231 0
 951 000c 0023     		movs	r3, #0
 952 000e BB60     		str	r3, [r7, #8]
 232:PSoC_Menu.c   ****     while ((commandString[linePtr] != 0) && (linePtr < 32) && (commandString[linePtr] != '\n') && (
 953              		.loc 1 232 0
 954 0010 10E0     		b	.L53
 955              	.L55:
 233:PSoC_Menu.c   ****     {
 234:PSoC_Menu.c   ****         rVal <<= 4;
 956              		.loc 1 234 0
 957 0012 BB68     		ldr	r3, [r7, #8]
 958 0014 1B01     		lsls	r3, r3, #4
 959 0016 BB60     		str	r3, [r7, #8]
 235:PSoC_Menu.c   ****         rVal |= asciiNibbleToVal(commandString[linePtr]);
 960              		.loc 1 235 0
 961 0018 FB7B     		ldrb	r3, [r7, #15]	@ zero_extendqisi2
 962 001a 7A68     		ldr	r2, [r7, #4]
 963 001c 1344     		add	r3, r3, r2
 964 001e 1B78     		ldrb	r3, [r3]	@ zero_extendqisi2
 965 0020 1846     		mov	r0, r3
 966 0022 FFF7FEFF 		bl	asciiNibbleToVal
 967 0026 0246     		mov	r2, r0
 968 0028 BB68     		ldr	r3, [r7, #8]
 969 002a 1343     		orrs	r3, r3, r2
 970 002c BB60     		str	r3, [r7, #8]
 236:PSoC_Menu.c   ****         linePtr++;
 971              		.loc 1 236 0
 972 002e FB7B     		ldrb	r3, [r7, #15]	@ zero_extendqisi2
 973 0030 0133     		adds	r3, r3, #1
 974 0032 FB73     		strb	r3, [r7, #15]
ARM GAS  C:\Users\doug_000\AppData\Local\Temp\ccT7HEp7.s 			page 25


 975              	.L53:
 232:PSoC_Menu.c   ****     {
 976              		.loc 1 232 0
 977 0034 FB7B     		ldrb	r3, [r7, #15]	@ zero_extendqisi2
 978 0036 7A68     		ldr	r2, [r7, #4]
 979 0038 1344     		add	r3, r3, r2
 980 003a 1B78     		ldrb	r3, [r3]	@ zero_extendqisi2
 981 003c 002B     		cmp	r3, #0
 982 003e 0ED0     		beq	.L54
 232:PSoC_Menu.c   ****     {
 983              		.loc 1 232 0 is_stmt 0 discriminator 1
 984 0040 FB7B     		ldrb	r3, [r7, #15]	@ zero_extendqisi2
 985 0042 1F2B     		cmp	r3, #31
 986 0044 0BD8     		bhi	.L54
 232:PSoC_Menu.c   ****     {
 987              		.loc 1 232 0 discriminator 2
 988 0046 FB7B     		ldrb	r3, [r7, #15]	@ zero_extendqisi2
 989 0048 7A68     		ldr	r2, [r7, #4]
 990 004a 1344     		add	r3, r3, r2
 991 004c 1B78     		ldrb	r3, [r3]	@ zero_extendqisi2
 992 004e 0A2B     		cmp	r3, #10
 993 0050 05D0     		beq	.L54
 232:PSoC_Menu.c   ****     {
 994              		.loc 1 232 0 discriminator 3
 995 0052 FB7B     		ldrb	r3, [r7, #15]	@ zero_extendqisi2
 996 0054 7A68     		ldr	r2, [r7, #4]
 997 0056 1344     		add	r3, r3, r2
 998 0058 1B78     		ldrb	r3, [r3]	@ zero_extendqisi2
 999 005a 0D2B     		cmp	r3, #13
 1000 005c D9D1     		bne	.L55
 1001              	.L54:
 237:PSoC_Menu.c   ****     }
 238:PSoC_Menu.c   ****     return (rVal);
 1002              		.loc 1 238 0 is_stmt 1
 1003 005e BB68     		ldr	r3, [r7, #8]
 239:PSoC_Menu.c   **** }
 1004              		.loc 1 239 0
 1005 0060 1846     		mov	r0, r3
 1006 0062 1037     		adds	r7, r7, #16
 1007              		.cfi_def_cfa_offset 8
 1008 0064 BD46     		mov	sp, r7
 1009              		.cfi_def_cfa_register 13
 1010              		@ sp needed
 1011 0066 80BD     		pop	{r7, pc}
 1012              		.cfi_endproc
 1013              	.LFE69:
 1014              		.size	extractLong, .-extractLong
 1015              		.text
 1016              	.Letext0:
 1017              		.file 2 "c:\\program files (x86)\\cypress\\psoc creator\\4.3\\psoc creator\\import\\gnu\\arm\\5.4.
 1018              		.file 3 "c:\\program files (x86)\\cypress\\psoc creator\\4.3\\psoc creator\\import\\gnu\\arm\\5.4.
 1019              		.file 4 "Generated_Source\\PSoC5/cytypes.h"
 1020              		.file 5 "Generated_Source\\PSoC5/core_cm3.h"
 1021              		.file 6 "RPI_PSOC5.h"
 1022              		.section	.debug_info,"",%progbits
 1023              	.Ldebug_info0:
 1024 0000 B3020000 		.4byte	0x2b3
ARM GAS  C:\Users\doug_000\AppData\Local\Temp\ccT7HEp7.s 			page 26


 1025 0004 0400     		.2byte	0x4
 1026 0006 00000000 		.4byte	.Ldebug_abbrev0
 1027 000a 04       		.byte	0x4
 1028 000b 01       		.uleb128 0x1
 1029 000c 2E000000 		.4byte	.LASF48
 1030 0010 0C       		.byte	0xc
 1031 0011 22020000 		.4byte	.LASF49
 1032 0015 A4020000 		.4byte	.LASF50
 1033 0019 00000000 		.4byte	.Ldebug_ranges0+0
 1034 001d 00000000 		.4byte	0
 1035 0021 00000000 		.4byte	.Ldebug_line0
 1036 0025 02       		.uleb128 0x2
 1037 0026 01       		.byte	0x1
 1038 0027 06       		.byte	0x6
 1039 0028 16030000 		.4byte	.LASF0
 1040 002c 02       		.uleb128 0x2
 1041 002d 01       		.byte	0x1
 1042 002e 08       		.byte	0x8
 1043 002f 12010000 		.4byte	.LASF1
 1044 0033 02       		.uleb128 0x2
 1045 0034 02       		.byte	0x2
 1046 0035 05       		.byte	0x5
 1047 0036 69020000 		.4byte	.LASF2
 1048 003a 02       		.uleb128 0x2
 1049 003b 02       		.byte	0x2
 1050 003c 07       		.byte	0x7
 1051 003d 3C010000 		.4byte	.LASF3
 1052 0041 03       		.uleb128 0x3
 1053 0042 BC000000 		.4byte	.LASF9
 1054 0046 02       		.byte	0x2
 1055 0047 3F       		.byte	0x3f
 1056 0048 4C000000 		.4byte	0x4c
 1057 004c 02       		.uleb128 0x2
 1058 004d 04       		.byte	0x4
 1059 004e 05       		.byte	0x5
 1060 004f 9B020000 		.4byte	.LASF4
 1061 0053 02       		.uleb128 0x2
 1062 0054 04       		.byte	0x4
 1063 0055 07       		.byte	0x7
 1064 0056 A5010000 		.4byte	.LASF5
 1065 005a 02       		.uleb128 0x2
 1066 005b 08       		.byte	0x8
 1067 005c 05       		.byte	0x5
 1068 005d 37020000 		.4byte	.LASF6
 1069 0061 02       		.uleb128 0x2
 1070 0062 08       		.byte	0x8
 1071 0063 07       		.byte	0x7
 1072 0064 D5010000 		.4byte	.LASF7
 1073 0068 04       		.uleb128 0x4
 1074 0069 04       		.byte	0x4
 1075 006a 05       		.byte	0x5
 1076 006b 696E7400 		.ascii	"int\000"
 1077 006f 02       		.uleb128 0x2
 1078 0070 04       		.byte	0x4
 1079 0071 07       		.byte	0x7
 1080 0072 B7010000 		.4byte	.LASF8
 1081 0076 03       		.uleb128 0x3
ARM GAS  C:\Users\doug_000\AppData\Local\Temp\ccT7HEp7.s 			page 27


 1082 0077 07020000 		.4byte	.LASF10
 1083 007b 03       		.byte	0x3
 1084 007c 2C       		.byte	0x2c
 1085 007d 41000000 		.4byte	0x41
 1086 0081 05       		.uleb128 0x5
 1087 0082 7D020000 		.4byte	.LASF11
 1088 0086 04       		.byte	0x4
 1089 0087 E401     		.2byte	0x1e4
 1090 0089 2C000000 		.4byte	0x2c
 1091 008d 05       		.uleb128 0x5
 1092 008e 97010000 		.4byte	.LASF12
 1093 0092 04       		.byte	0x4
 1094 0093 E501     		.2byte	0x1e5
 1095 0095 3A000000 		.4byte	0x3a
 1096 0099 05       		.uleb128 0x5
 1097 009a 9E010000 		.4byte	.LASF13
 1098 009e 04       		.byte	0x4
 1099 009f E601     		.2byte	0x1e6
 1100 00a1 53000000 		.4byte	0x53
 1101 00a5 02       		.uleb128 0x2
 1102 00a6 04       		.byte	0x4
 1103 00a7 04       		.byte	0x4
 1104 00a8 F6000000 		.4byte	.LASF14
 1105 00ac 02       		.uleb128 0x2
 1106 00ad 08       		.byte	0x8
 1107 00ae 04       		.byte	0x4
 1108 00af DE000000 		.4byte	.LASF15
 1109 00b3 02       		.uleb128 0x2
 1110 00b4 01       		.byte	0x1
 1111 00b5 08       		.byte	0x8
 1112 00b6 52020000 		.4byte	.LASF16
 1113 00ba 02       		.uleb128 0x2
 1114 00bb 08       		.byte	0x8
 1115 00bc 04       		.byte	0x4
 1116 00bd FF020000 		.4byte	.LASF17
 1117 00c1 02       		.uleb128 0x2
 1118 00c2 04       		.byte	0x4
 1119 00c3 07       		.byte	0x7
 1120 00c4 2E020000 		.4byte	.LASF18
 1121 00c8 06       		.uleb128 0x6
 1122 00c9 04       		.byte	0x4
 1123 00ca B3000000 		.4byte	0xb3
 1124 00ce 07       		.uleb128 0x7
 1125 00cf 00000000 		.4byte	.LASF51
 1126 00d3 01       		.byte	0x1
 1127 00d4 2C000000 		.4byte	0x2c
 1128 00d8 06       		.byte	0x6
 1129 00d9 19       		.byte	0x19
 1130 00da 09010000 		.4byte	0x109
 1131 00de 08       		.uleb128 0x8
 1132 00df 10000000 		.4byte	.LASF19
 1133 00e3 00       		.byte	0
 1134 00e4 08       		.uleb128 0x8
 1135 00e5 09010000 		.4byte	.LASF20
 1136 00e9 01       		.byte	0x1
 1137 00ea 08       		.uleb128 0x8
 1138 00eb 32010000 		.4byte	.LASF21
ARM GAS  C:\Users\doug_000\AppData\Local\Temp\ccT7HEp7.s 			page 28


 1139 00ef 02       		.byte	0x2
 1140 00f0 08       		.uleb128 0x8
 1141 00f1 C6000000 		.4byte	.LASF22
 1142 00f5 03       		.byte	0x3
 1143 00f6 08       		.uleb128 0x8
 1144 00f7 60020000 		.4byte	.LASF23
 1145 00fb 04       		.byte	0x4
 1146 00fc 08       		.uleb128 0x8
 1147 00fd FC000000 		.4byte	.LASF24
 1148 0101 05       		.byte	0x5
 1149 0102 08       		.uleb128 0x8
 1150 0103 73020000 		.4byte	.LASF25
 1151 0107 06       		.byte	0x6
 1152 0108 00       		.byte	0
 1153 0109 09       		.uleb128 0x9
 1154 010a CD000000 		.4byte	.LASF26
 1155 010e 01       		.byte	0x1
 1156 010f 18       		.byte	0x18
 1157 0110 00000000 		.4byte	.LFB63
 1158 0114 78000000 		.4byte	.LFE63-.LFB63
 1159 0118 01       		.uleb128 0x1
 1160 0119 9C       		.byte	0x9c
 1161 011a 0A       		.uleb128 0xa
 1162 011b 57020000 		.4byte	.LASF28
 1163 011f 01       		.byte	0x1
 1164 0120 2C       		.byte	0x2c
 1165 0121 00000000 		.4byte	.LFB64
 1166 0125 44020000 		.4byte	.LFE64-.LFB64
 1167 0129 01       		.uleb128 0x1
 1168 012a 9C       		.byte	0x9c
 1169 012b 3F010000 		.4byte	0x13f
 1170 012f 0B       		.uleb128 0xb
 1171 0130 45020000 		.4byte	.LASF32
 1172 0134 01       		.byte	0x1
 1173 0135 2E       		.byte	0x2e
 1174 0136 3F010000 		.4byte	0x13f
 1175 013a 03       		.uleb128 0x3
 1176 013b 91       		.byte	0x91
 1177 013c F87D     		.sleb128 -264
 1178 013e 00       		.byte	0
 1179 013f 0C       		.uleb128 0xc
 1180 0140 81000000 		.4byte	0x81
 1181 0144 4F010000 		.4byte	0x14f
 1182 0148 0D       		.uleb128 0xd
 1183 0149 C1000000 		.4byte	0xc1
 1184 014d FF       		.byte	0xff
 1185 014e 00       		.byte	0
 1186 014f 0E       		.uleb128 0xe
 1187 0150 F4010000 		.4byte	.LASF27
 1188 0154 01       		.byte	0x1
 1189 0155 9D       		.byte	0x9d
 1190 0156 00000000 		.4byte	.LFB65
 1191 015a 2C000000 		.4byte	.LFE65-.LFB65
 1192 015e 01       		.uleb128 0x1
 1193 015f 9C       		.byte	0x9c
 1194 0160 0A       		.uleb128 0xa
 1195 0161 0F020000 		.4byte	.LASF29
ARM GAS  C:\Users\doug_000\AppData\Local\Temp\ccT7HEp7.s 			page 29


 1196 0165 01       		.byte	0x1
 1197 0166 A7       		.byte	0xa7
 1198 0167 00000000 		.4byte	.LFB66
 1199 016b 28010000 		.4byte	.LFE66-.LFB66
 1200 016f 01       		.uleb128 0x1
 1201 0170 9C       		.byte	0x9c
 1202 0171 BB010000 		.4byte	0x1bb
 1203 0175 0F       		.uleb128 0xf
 1204 0176 EC010000 		.4byte	.LASF30
 1205 017a 01       		.byte	0x1
 1206 017b A7       		.byte	0xa7
 1207 017c 8D000000 		.4byte	0x8d
 1208 0180 03       		.uleb128 0x3
 1209 0181 91       		.byte	0x91
 1210 0182 9E7F     		.sleb128 -98
 1211 0184 0F       		.uleb128 0xf
 1212 0185 2A030000 		.4byte	.LASF31
 1213 0189 01       		.byte	0x1
 1214 018a A7       		.byte	0xa7
 1215 018b BB010000 		.4byte	0x1bb
 1216 018f 03       		.uleb128 0x3
 1217 0190 91       		.byte	0x91
 1218 0191 987F     		.sleb128 -104
 1219 0193 0B       		.uleb128 0xb
 1220 0194 0B030000 		.4byte	.LASF33
 1221 0198 01       		.byte	0x1
 1222 0199 A9       		.byte	0xa9
 1223 019a C1010000 		.4byte	0x1c1
 1224 019e 03       		.uleb128 0x3
 1225 019f 91       		.byte	0x91
 1226 01a0 A47F     		.sleb128 -92
 1227 01a2 10       		.uleb128 0x10
 1228 01a3 10000000 		.4byte	.LBB2
 1229 01a7 FE000000 		.4byte	.LBE2-.LBB2
 1230 01ab 0B       		.uleb128 0xb
 1231 01ac 8D010000 		.4byte	.LASF34
 1232 01b0 01       		.byte	0x1
 1233 01b1 AB       		.byte	0xab
 1234 01b2 81000000 		.4byte	0x81
 1235 01b6 02       		.uleb128 0x2
 1236 01b7 91       		.byte	0x91
 1237 01b8 77       		.sleb128 -9
 1238 01b9 00       		.byte	0
 1239 01ba 00       		.byte	0
 1240 01bb 06       		.uleb128 0x6
 1241 01bc 04       		.byte	0x4
 1242 01bd 81000000 		.4byte	0x81
 1243 01c1 0C       		.uleb128 0xc
 1244 01c2 81000000 		.4byte	0x81
 1245 01c6 D1010000 		.4byte	0x1d1
 1246 01ca 0D       		.uleb128 0xd
 1247 01cb C1000000 		.4byte	0xc1
 1248 01cf 4F       		.byte	0x4f
 1249 01d0 00       		.byte	0
 1250 01d1 0A       		.uleb128 0xa
 1251 01d2 54010000 		.4byte	.LASF35
 1252 01d6 01       		.byte	0x1
ARM GAS  C:\Users\doug_000\AppData\Local\Temp\ccT7HEp7.s 			page 30


 1253 01d7 CD       		.byte	0xcd
 1254 01d8 00000000 		.4byte	.LFB67
 1255 01dc 2E000000 		.4byte	.LFE67-.LFB67
 1256 01e0 01       		.uleb128 0x1
 1257 01e1 9C       		.byte	0x9c
 1258 01e2 F5010000 		.4byte	0x1f5
 1259 01e6 0F       		.uleb128 0xf
 1260 01e7 20010000 		.4byte	.LASF36
 1261 01eb 01       		.byte	0x1
 1262 01ec CD       		.byte	0xcd
 1263 01ed C8000000 		.4byte	0xc8
 1264 01f1 02       		.uleb128 0x2
 1265 01f2 91       		.byte	0x91
 1266 01f3 74       		.sleb128 -12
 1267 01f4 00       		.byte	0
 1268 01f5 11       		.uleb128 0x11
 1269 01f6 E5000000 		.4byte	.LASF38
 1270 01fa 01       		.byte	0x1
 1271 01fb D6       		.byte	0xd6
 1272 01fc 99000000 		.4byte	0x99
 1273 0200 00000000 		.4byte	.LFB68
 1274 0204 4C000000 		.4byte	.LFE68-.LFB68
 1275 0208 01       		.uleb128 0x1
 1276 0209 9C       		.byte	0x9c
 1277 020a 1D020000 		.4byte	0x21d
 1278 020e 0F       		.uleb128 0xf
 1279 020f 85010000 		.4byte	.LASF37
 1280 0213 01       		.byte	0x1
 1281 0214 D6       		.byte	0xd6
 1282 0215 81000000 		.4byte	0x81
 1283 0219 02       		.uleb128 0x2
 1284 021a 91       		.byte	0x91
 1285 021b 77       		.sleb128 -9
 1286 021c 00       		.byte	0
 1287 021d 12       		.uleb128 0x12
 1288 021e 70010000 		.4byte	.LASF39
 1289 0222 01       		.byte	0x1
 1290 0223 E4       		.byte	0xe4
 1291 0224 99000000 		.4byte	0x99
 1292 0228 00000000 		.4byte	.LFB69
 1293 022c 68000000 		.4byte	.LFE69-.LFB69
 1294 0230 01       		.uleb128 0x1
 1295 0231 9C       		.byte	0x9c
 1296 0232 61020000 		.4byte	0x261
 1297 0236 0F       		.uleb128 0xf
 1298 0237 83020000 		.4byte	.LASF40
 1299 023b 01       		.byte	0x1
 1300 023c E4       		.byte	0xe4
 1301 023d BB010000 		.4byte	0x1bb
 1302 0241 02       		.uleb128 0x2
 1303 0242 91       		.byte	0x91
 1304 0243 6C       		.sleb128 -20
 1305 0244 0B       		.uleb128 0xb
 1306 0245 22030000 		.4byte	.LASF41
 1307 0249 01       		.byte	0x1
 1308 024a E6       		.byte	0xe6
 1309 024b 81000000 		.4byte	0x81
ARM GAS  C:\Users\doug_000\AppData\Local\Temp\ccT7HEp7.s 			page 31


 1310 024f 02       		.uleb128 0x2
 1311 0250 91       		.byte	0x91
 1312 0251 77       		.sleb128 -9
 1313 0252 0B       		.uleb128 0xb
 1314 0253 4F010000 		.4byte	.LASF42
 1315 0257 01       		.byte	0x1
 1316 0258 E7       		.byte	0xe7
 1317 0259 99000000 		.4byte	0x99
 1318 025d 02       		.uleb128 0x2
 1319 025e 91       		.byte	0x91
 1320 025f 70       		.sleb128 -16
 1321 0260 00       		.byte	0
 1322 0261 13       		.uleb128 0x13
 1323 0262 63010000 		.4byte	.LASF43
 1324 0266 05       		.byte	0x5
 1325 0267 1207     		.2byte	0x712
 1326 0269 6D020000 		.4byte	0x26d
 1327 026d 14       		.uleb128 0x14
 1328 026e 76000000 		.4byte	0x76
 1329 0272 15       		.uleb128 0x15
 1330 0273 7C010000 		.4byte	.LASF44
 1331 0277 01       		.byte	0x1
 1332 0278 13       		.byte	0x13
 1333 0279 8D000000 		.4byte	0x8d
 1334 027d 05       		.uleb128 0x5
 1335 027e 03       		.byte	0x3
 1336 027f 00000000 		.4byte	cardType
 1337 0283 15       		.uleb128 0x15
 1338 0284 20000000 		.4byte	.LASF45
 1339 0288 01       		.byte	0x1
 1340 0289 10       		.byte	0x10
 1341 028a C1010000 		.4byte	0x1c1
 1342 028e 05       		.uleb128 0x5
 1343 028f 03       		.byte	0x3
 1344 0290 00000000 		.4byte	receiveBuffer
 1345 0294 15       		.uleb128 0x15
 1346 0295 C4010000 		.4byte	.LASF46
 1347 0299 01       		.byte	0x1
 1348 029a 11       		.byte	0x11
 1349 029b 81000000 		.4byte	0x81
 1350 029f 05       		.uleb128 0x5
 1351 02a0 03       		.byte	0x3
 1352 02a1 00000000 		.4byte	receiveBufferPtr
 1353 02a5 15       		.uleb128 0x15
 1354 02a6 91020000 		.4byte	.LASF47
 1355 02aa 01       		.byte	0x1
 1356 02ab 12       		.byte	0x12
 1357 02ac 81000000 		.4byte	0x81
 1358 02b0 05       		.uleb128 0x5
 1359 02b1 03       		.byte	0x3
 1360 02b2 00000000 		.4byte	gotCRorLF
 1361 02b6 00       		.byte	0
 1362              		.section	.debug_abbrev,"",%progbits
 1363              	.Ldebug_abbrev0:
 1364 0000 01       		.uleb128 0x1
 1365 0001 11       		.uleb128 0x11
 1366 0002 01       		.byte	0x1
ARM GAS  C:\Users\doug_000\AppData\Local\Temp\ccT7HEp7.s 			page 32


 1367 0003 25       		.uleb128 0x25
 1368 0004 0E       		.uleb128 0xe
 1369 0005 13       		.uleb128 0x13
 1370 0006 0B       		.uleb128 0xb
 1371 0007 03       		.uleb128 0x3
 1372 0008 0E       		.uleb128 0xe
 1373 0009 1B       		.uleb128 0x1b
 1374 000a 0E       		.uleb128 0xe
 1375 000b 55       		.uleb128 0x55
 1376 000c 17       		.uleb128 0x17
 1377 000d 11       		.uleb128 0x11
 1378 000e 01       		.uleb128 0x1
 1379 000f 10       		.uleb128 0x10
 1380 0010 17       		.uleb128 0x17
 1381 0011 00       		.byte	0
 1382 0012 00       		.byte	0
 1383 0013 02       		.uleb128 0x2
 1384 0014 24       		.uleb128 0x24
 1385 0015 00       		.byte	0
 1386 0016 0B       		.uleb128 0xb
 1387 0017 0B       		.uleb128 0xb
 1388 0018 3E       		.uleb128 0x3e
 1389 0019 0B       		.uleb128 0xb
 1390 001a 03       		.uleb128 0x3
 1391 001b 0E       		.uleb128 0xe
 1392 001c 00       		.byte	0
 1393 001d 00       		.byte	0
 1394 001e 03       		.uleb128 0x3
 1395 001f 16       		.uleb128 0x16
 1396 0020 00       		.byte	0
 1397 0021 03       		.uleb128 0x3
 1398 0022 0E       		.uleb128 0xe
 1399 0023 3A       		.uleb128 0x3a
 1400 0024 0B       		.uleb128 0xb
 1401 0025 3B       		.uleb128 0x3b
 1402 0026 0B       		.uleb128 0xb
 1403 0027 49       		.uleb128 0x49
 1404 0028 13       		.uleb128 0x13
 1405 0029 00       		.byte	0
 1406 002a 00       		.byte	0
 1407 002b 04       		.uleb128 0x4
 1408 002c 24       		.uleb128 0x24
 1409 002d 00       		.byte	0
 1410 002e 0B       		.uleb128 0xb
 1411 002f 0B       		.uleb128 0xb
 1412 0030 3E       		.uleb128 0x3e
 1413 0031 0B       		.uleb128 0xb
 1414 0032 03       		.uleb128 0x3
 1415 0033 08       		.uleb128 0x8
 1416 0034 00       		.byte	0
 1417 0035 00       		.byte	0
 1418 0036 05       		.uleb128 0x5
 1419 0037 16       		.uleb128 0x16
 1420 0038 00       		.byte	0
 1421 0039 03       		.uleb128 0x3
 1422 003a 0E       		.uleb128 0xe
 1423 003b 3A       		.uleb128 0x3a
ARM GAS  C:\Users\doug_000\AppData\Local\Temp\ccT7HEp7.s 			page 33


 1424 003c 0B       		.uleb128 0xb
 1425 003d 3B       		.uleb128 0x3b
 1426 003e 05       		.uleb128 0x5
 1427 003f 49       		.uleb128 0x49
 1428 0040 13       		.uleb128 0x13
 1429 0041 00       		.byte	0
 1430 0042 00       		.byte	0
 1431 0043 06       		.uleb128 0x6
 1432 0044 0F       		.uleb128 0xf
 1433 0045 00       		.byte	0
 1434 0046 0B       		.uleb128 0xb
 1435 0047 0B       		.uleb128 0xb
 1436 0048 49       		.uleb128 0x49
 1437 0049 13       		.uleb128 0x13
 1438 004a 00       		.byte	0
 1439 004b 00       		.byte	0
 1440 004c 07       		.uleb128 0x7
 1441 004d 04       		.uleb128 0x4
 1442 004e 01       		.byte	0x1
 1443 004f 03       		.uleb128 0x3
 1444 0050 0E       		.uleb128 0xe
 1445 0051 0B       		.uleb128 0xb
 1446 0052 0B       		.uleb128 0xb
 1447 0053 49       		.uleb128 0x49
 1448 0054 13       		.uleb128 0x13
 1449 0055 3A       		.uleb128 0x3a
 1450 0056 0B       		.uleb128 0xb
 1451 0057 3B       		.uleb128 0x3b
 1452 0058 0B       		.uleb128 0xb
 1453 0059 01       		.uleb128 0x1
 1454 005a 13       		.uleb128 0x13
 1455 005b 00       		.byte	0
 1456 005c 00       		.byte	0
 1457 005d 08       		.uleb128 0x8
 1458 005e 28       		.uleb128 0x28
 1459 005f 00       		.byte	0
 1460 0060 03       		.uleb128 0x3
 1461 0061 0E       		.uleb128 0xe
 1462 0062 1C       		.uleb128 0x1c
 1463 0063 0B       		.uleb128 0xb
 1464 0064 00       		.byte	0
 1465 0065 00       		.byte	0
 1466 0066 09       		.uleb128 0x9
 1467 0067 2E       		.uleb128 0x2e
 1468 0068 00       		.byte	0
 1469 0069 3F       		.uleb128 0x3f
 1470 006a 19       		.uleb128 0x19
 1471 006b 03       		.uleb128 0x3
 1472 006c 0E       		.uleb128 0xe
 1473 006d 3A       		.uleb128 0x3a
 1474 006e 0B       		.uleb128 0xb
 1475 006f 3B       		.uleb128 0x3b
 1476 0070 0B       		.uleb128 0xb
 1477 0071 27       		.uleb128 0x27
 1478 0072 19       		.uleb128 0x19
 1479 0073 11       		.uleb128 0x11
 1480 0074 01       		.uleb128 0x1
ARM GAS  C:\Users\doug_000\AppData\Local\Temp\ccT7HEp7.s 			page 34


 1481 0075 12       		.uleb128 0x12
 1482 0076 06       		.uleb128 0x6
 1483 0077 40       		.uleb128 0x40
 1484 0078 18       		.uleb128 0x18
 1485 0079 9642     		.uleb128 0x2116
 1486 007b 19       		.uleb128 0x19
 1487 007c 00       		.byte	0
 1488 007d 00       		.byte	0
 1489 007e 0A       		.uleb128 0xa
 1490 007f 2E       		.uleb128 0x2e
 1491 0080 01       		.byte	0x1
 1492 0081 3F       		.uleb128 0x3f
 1493 0082 19       		.uleb128 0x19
 1494 0083 03       		.uleb128 0x3
 1495 0084 0E       		.uleb128 0xe
 1496 0085 3A       		.uleb128 0x3a
 1497 0086 0B       		.uleb128 0xb
 1498 0087 3B       		.uleb128 0x3b
 1499 0088 0B       		.uleb128 0xb
 1500 0089 27       		.uleb128 0x27
 1501 008a 19       		.uleb128 0x19
 1502 008b 11       		.uleb128 0x11
 1503 008c 01       		.uleb128 0x1
 1504 008d 12       		.uleb128 0x12
 1505 008e 06       		.uleb128 0x6
 1506 008f 40       		.uleb128 0x40
 1507 0090 18       		.uleb128 0x18
 1508 0091 9642     		.uleb128 0x2116
 1509 0093 19       		.uleb128 0x19
 1510 0094 01       		.uleb128 0x1
 1511 0095 13       		.uleb128 0x13
 1512 0096 00       		.byte	0
 1513 0097 00       		.byte	0
 1514 0098 0B       		.uleb128 0xb
 1515 0099 34       		.uleb128 0x34
 1516 009a 00       		.byte	0
 1517 009b 03       		.uleb128 0x3
 1518 009c 0E       		.uleb128 0xe
 1519 009d 3A       		.uleb128 0x3a
 1520 009e 0B       		.uleb128 0xb
 1521 009f 3B       		.uleb128 0x3b
 1522 00a0 0B       		.uleb128 0xb
 1523 00a1 49       		.uleb128 0x49
 1524 00a2 13       		.uleb128 0x13
 1525 00a3 02       		.uleb128 0x2
 1526 00a4 18       		.uleb128 0x18
 1527 00a5 00       		.byte	0
 1528 00a6 00       		.byte	0
 1529 00a7 0C       		.uleb128 0xc
 1530 00a8 01       		.uleb128 0x1
 1531 00a9 01       		.byte	0x1
 1532 00aa 49       		.uleb128 0x49
 1533 00ab 13       		.uleb128 0x13
 1534 00ac 01       		.uleb128 0x1
 1535 00ad 13       		.uleb128 0x13
 1536 00ae 00       		.byte	0
 1537 00af 00       		.byte	0
ARM GAS  C:\Users\doug_000\AppData\Local\Temp\ccT7HEp7.s 			page 35


 1538 00b0 0D       		.uleb128 0xd
 1539 00b1 21       		.uleb128 0x21
 1540 00b2 00       		.byte	0
 1541 00b3 49       		.uleb128 0x49
 1542 00b4 13       		.uleb128 0x13
 1543 00b5 2F       		.uleb128 0x2f
 1544 00b6 0B       		.uleb128 0xb
 1545 00b7 00       		.byte	0
 1546 00b8 00       		.byte	0
 1547 00b9 0E       		.uleb128 0xe
 1548 00ba 2E       		.uleb128 0x2e
 1549 00bb 00       		.byte	0
 1550 00bc 3F       		.uleb128 0x3f
 1551 00bd 19       		.uleb128 0x19
 1552 00be 03       		.uleb128 0x3
 1553 00bf 0E       		.uleb128 0xe
 1554 00c0 3A       		.uleb128 0x3a
 1555 00c1 0B       		.uleb128 0xb
 1556 00c2 3B       		.uleb128 0x3b
 1557 00c3 0B       		.uleb128 0xb
 1558 00c4 27       		.uleb128 0x27
 1559 00c5 19       		.uleb128 0x19
 1560 00c6 11       		.uleb128 0x11
 1561 00c7 01       		.uleb128 0x1
 1562 00c8 12       		.uleb128 0x12
 1563 00c9 06       		.uleb128 0x6
 1564 00ca 40       		.uleb128 0x40
 1565 00cb 18       		.uleb128 0x18
 1566 00cc 9742     		.uleb128 0x2117
 1567 00ce 19       		.uleb128 0x19
 1568 00cf 00       		.byte	0
 1569 00d0 00       		.byte	0
 1570 00d1 0F       		.uleb128 0xf
 1571 00d2 05       		.uleb128 0x5
 1572 00d3 00       		.byte	0
 1573 00d4 03       		.uleb128 0x3
 1574 00d5 0E       		.uleb128 0xe
 1575 00d6 3A       		.uleb128 0x3a
 1576 00d7 0B       		.uleb128 0xb
 1577 00d8 3B       		.uleb128 0x3b
 1578 00d9 0B       		.uleb128 0xb
 1579 00da 49       		.uleb128 0x49
 1580 00db 13       		.uleb128 0x13
 1581 00dc 02       		.uleb128 0x2
 1582 00dd 18       		.uleb128 0x18
 1583 00de 00       		.byte	0
 1584 00df 00       		.byte	0
 1585 00e0 10       		.uleb128 0x10
 1586 00e1 0B       		.uleb128 0xb
 1587 00e2 01       		.byte	0x1
 1588 00e3 11       		.uleb128 0x11
 1589 00e4 01       		.uleb128 0x1
 1590 00e5 12       		.uleb128 0x12
 1591 00e6 06       		.uleb128 0x6
 1592 00e7 00       		.byte	0
 1593 00e8 00       		.byte	0
 1594 00e9 11       		.uleb128 0x11
ARM GAS  C:\Users\doug_000\AppData\Local\Temp\ccT7HEp7.s 			page 36


 1595 00ea 2E       		.uleb128 0x2e
 1596 00eb 01       		.byte	0x1
 1597 00ec 3F       		.uleb128 0x3f
 1598 00ed 19       		.uleb128 0x19
 1599 00ee 03       		.uleb128 0x3
 1600 00ef 0E       		.uleb128 0xe
 1601 00f0 3A       		.uleb128 0x3a
 1602 00f1 0B       		.uleb128 0xb
 1603 00f2 3B       		.uleb128 0x3b
 1604 00f3 0B       		.uleb128 0xb
 1605 00f4 27       		.uleb128 0x27
 1606 00f5 19       		.uleb128 0x19
 1607 00f6 49       		.uleb128 0x49
 1608 00f7 13       		.uleb128 0x13
 1609 00f8 11       		.uleb128 0x11
 1610 00f9 01       		.uleb128 0x1
 1611 00fa 12       		.uleb128 0x12
 1612 00fb 06       		.uleb128 0x6
 1613 00fc 40       		.uleb128 0x40
 1614 00fd 18       		.uleb128 0x18
 1615 00fe 9742     		.uleb128 0x2117
 1616 0100 19       		.uleb128 0x19
 1617 0101 01       		.uleb128 0x1
 1618 0102 13       		.uleb128 0x13
 1619 0103 00       		.byte	0
 1620 0104 00       		.byte	0
 1621 0105 12       		.uleb128 0x12
 1622 0106 2E       		.uleb128 0x2e
 1623 0107 01       		.byte	0x1
 1624 0108 3F       		.uleb128 0x3f
 1625 0109 19       		.uleb128 0x19
 1626 010a 03       		.uleb128 0x3
 1627 010b 0E       		.uleb128 0xe
 1628 010c 3A       		.uleb128 0x3a
 1629 010d 0B       		.uleb128 0xb
 1630 010e 3B       		.uleb128 0x3b
 1631 010f 0B       		.uleb128 0xb
 1632 0110 27       		.uleb128 0x27
 1633 0111 19       		.uleb128 0x19
 1634 0112 49       		.uleb128 0x49
 1635 0113 13       		.uleb128 0x13
 1636 0114 11       		.uleb128 0x11
 1637 0115 01       		.uleb128 0x1
 1638 0116 12       		.uleb128 0x12
 1639 0117 06       		.uleb128 0x6
 1640 0118 40       		.uleb128 0x40
 1641 0119 18       		.uleb128 0x18
 1642 011a 9642     		.uleb128 0x2116
 1643 011c 19       		.uleb128 0x19
 1644 011d 01       		.uleb128 0x1
 1645 011e 13       		.uleb128 0x13
 1646 011f 00       		.byte	0
 1647 0120 00       		.byte	0
 1648 0121 13       		.uleb128 0x13
 1649 0122 34       		.uleb128 0x34
 1650 0123 00       		.byte	0
 1651 0124 03       		.uleb128 0x3
ARM GAS  C:\Users\doug_000\AppData\Local\Temp\ccT7HEp7.s 			page 37


 1652 0125 0E       		.uleb128 0xe
 1653 0126 3A       		.uleb128 0x3a
 1654 0127 0B       		.uleb128 0xb
 1655 0128 3B       		.uleb128 0x3b
 1656 0129 05       		.uleb128 0x5
 1657 012a 49       		.uleb128 0x49
 1658 012b 13       		.uleb128 0x13
 1659 012c 3F       		.uleb128 0x3f
 1660 012d 19       		.uleb128 0x19
 1661 012e 3C       		.uleb128 0x3c
 1662 012f 19       		.uleb128 0x19
 1663 0130 00       		.byte	0
 1664 0131 00       		.byte	0
 1665 0132 14       		.uleb128 0x14
 1666 0133 35       		.uleb128 0x35
 1667 0134 00       		.byte	0
 1668 0135 49       		.uleb128 0x49
 1669 0136 13       		.uleb128 0x13
 1670 0137 00       		.byte	0
 1671 0138 00       		.byte	0
 1672 0139 15       		.uleb128 0x15
 1673 013a 34       		.uleb128 0x34
 1674 013b 00       		.byte	0
 1675 013c 03       		.uleb128 0x3
 1676 013d 0E       		.uleb128 0xe
 1677 013e 3A       		.uleb128 0x3a
 1678 013f 0B       		.uleb128 0xb
 1679 0140 3B       		.uleb128 0x3b
 1680 0141 0B       		.uleb128 0xb
 1681 0142 49       		.uleb128 0x49
 1682 0143 13       		.uleb128 0x13
 1683 0144 3F       		.uleb128 0x3f
 1684 0145 19       		.uleb128 0x19
 1685 0146 02       		.uleb128 0x2
 1686 0147 18       		.uleb128 0x18
 1687 0148 00       		.byte	0
 1688 0149 00       		.byte	0
 1689 014a 00       		.byte	0
 1690              		.section	.debug_aranges,"",%progbits
 1691 0000 4C000000 		.4byte	0x4c
 1692 0004 0200     		.2byte	0x2
 1693 0006 00000000 		.4byte	.Ldebug_info0
 1694 000a 04       		.byte	0x4
 1695 000b 00       		.byte	0
 1696 000c 0000     		.2byte	0
 1697 000e 0000     		.2byte	0
 1698 0010 00000000 		.4byte	.LFB63
 1699 0014 78000000 		.4byte	.LFE63-.LFB63
 1700 0018 00000000 		.4byte	.LFB64
 1701 001c 44020000 		.4byte	.LFE64-.LFB64
 1702 0020 00000000 		.4byte	.LFB65
 1703 0024 2C000000 		.4byte	.LFE65-.LFB65
 1704 0028 00000000 		.4byte	.LFB66
 1705 002c 28010000 		.4byte	.LFE66-.LFB66
 1706 0030 00000000 		.4byte	.LFB67
 1707 0034 2E000000 		.4byte	.LFE67-.LFB67
 1708 0038 00000000 		.4byte	.LFB68
ARM GAS  C:\Users\doug_000\AppData\Local\Temp\ccT7HEp7.s 			page 38


 1709 003c 4C000000 		.4byte	.LFE68-.LFB68
 1710 0040 00000000 		.4byte	.LFB69
 1711 0044 68000000 		.4byte	.LFE69-.LFB69
 1712 0048 00000000 		.4byte	0
 1713 004c 00000000 		.4byte	0
 1714              		.section	.debug_ranges,"",%progbits
 1715              	.Ldebug_ranges0:
 1716 0000 00000000 		.4byte	.LFB63
 1717 0004 78000000 		.4byte	.LFE63
 1718 0008 00000000 		.4byte	.LFB64
 1719 000c 44020000 		.4byte	.LFE64
 1720 0010 00000000 		.4byte	.LFB65
 1721 0014 2C000000 		.4byte	.LFE65
 1722 0018 00000000 		.4byte	.LFB66
 1723 001c 28010000 		.4byte	.LFE66
 1724 0020 00000000 		.4byte	.LFB67
 1725 0024 2E000000 		.4byte	.LFE67
 1726 0028 00000000 		.4byte	.LFB68
 1727 002c 4C000000 		.4byte	.LFE68
 1728 0030 00000000 		.4byte	.LFB69
 1729 0034 68000000 		.4byte	.LFE69
 1730 0038 00000000 		.4byte	0
 1731 003c 00000000 		.4byte	0
 1732              		.section	.debug_line,"",%progbits
 1733              	.Ldebug_line0:
 1734 0000 E9020000 		.section	.debug_str,"MS",%progbits,1
 1734      02006001 
 1734      00000201 
 1734      FB0E0D00 
 1734      01010101 
 1735              	.LASF51:
 1736 0000 43617264 		.ascii	"Card_Types_Enum\000"
 1736      5F547970 
 1736      65735F45 
 1736      6E756D00 
 1737              	.LASF19:
 1738 0010 554E5345 		.ascii	"UNSELECTED_CARD\000"
 1738      4C454354 
 1738      45445F43 
 1738      41524400 
 1739              	.LASF45:
 1740 0020 72656365 		.ascii	"receiveBuffer\000"
 1740      69766542 
 1740      75666665 
 1740      7200
 1741              	.LASF48:
 1742 002e 474E5520 		.ascii	"GNU C11 5.4.1 20160609 (release) [ARM/embedded-5-br"
 1742      43313120 
 1742      352E342E 
 1742      31203230 
 1742      31363036 
 1743 0061 616E6368 		.ascii	"anch revision 237715] -mcpu=cortex-m3 -mthumb -g -O"
 1743      20726576 
 1743      6973696F 
 1743      6E203233 
 1743      37373135 
 1744 0094 30202D66 		.ascii	"0 -ffunction-sections -ffat-lto-objects\000"
ARM GAS  C:\Users\doug_000\AppData\Local\Temp\ccT7HEp7.s 			page 39


 1744      66756E63 
 1744      74696F6E 
 1744      2D736563 
 1744      74696F6E 
 1745              	.LASF9:
 1746 00bc 5F5F696E 		.ascii	"__int32_t\000"
 1746      7433325F 
 1746      7400
 1747              	.LASF22:
 1748 00c6 52505053 		.ascii	"RPPSOC\000"
 1748      4F4300
 1749              	.LASF26:
 1750 00cd 7072696E 		.ascii	"printMenuOptions\000"
 1750      744D656E 
 1750      754F7074 
 1750      696F6E73 
 1750      00
 1751              	.LASF15:
 1752 00de 646F7562 		.ascii	"double\000"
 1752      6C6500
 1753              	.LASF38:
 1754 00e5 61736369 		.ascii	"asciiNibbleToVal\000"
 1754      694E6962 
 1754      626C6554 
 1754      6F56616C 
 1754      00
 1755              	.LASF14:
 1756 00f6 666C6F61 		.ascii	"float\000"
 1756      7400
 1757              	.LASF24:
 1758 00fc 52415350 		.ascii	"RASPIPLUSGVS\000"
 1758      49504C55 
 1758      53475653 
 1758      00
 1759              	.LASF20:
 1760 0109 52505055 		.ascii	"RPPUIO16\000"
 1760      494F3136 
 1760      00
 1761              	.LASF1:
 1762 0112 756E7369 		.ascii	"unsigned char\000"
 1762      676E6564 
 1762      20636861 
 1762      7200
 1763              	.LASF36:
 1764 0120 73747269 		.ascii	"stringToPutOutUSB\000"
 1764      6E67546F 
 1764      5075744F 
 1764      75745553 
 1764      4200
 1765              	.LASF21:
 1766 0132 52505047 		.ascii	"RPPGVSCFG\000"
 1766      56534346 
 1766      4700
 1767              	.LASF3:
 1768 013c 73686F72 		.ascii	"short unsigned int\000"
 1768      7420756E 
 1768      7369676E 
ARM GAS  C:\Users\doug_000\AppData\Local\Temp\ccT7HEp7.s 			page 40


 1768      65642069 
 1768      6E7400
 1769              	.LASF42:
 1770 014f 7256616C 		.ascii	"rVal\000"
 1770      00
 1771              	.LASF35:
 1772 0154 70757453 		.ascii	"putStringToUSB\000"
 1772      7472696E 
 1772      67546F55 
 1772      534200
 1773              	.LASF43:
 1774 0163 49544D5F 		.ascii	"ITM_RxBuffer\000"
 1774      52784275 
 1774      66666572 
 1774      00
 1775              	.LASF39:
 1776 0170 65787472 		.ascii	"extractLong\000"
 1776      6163744C 
 1776      6F6E6700 
 1777              	.LASF44:
 1778 017c 63617264 		.ascii	"cardType\000"
 1778      54797065 
 1778      00
 1779              	.LASF37:
 1780 0185 63686172 		.ascii	"charVal\000"
 1780      56616C00 
 1781              	.LASF34:
 1782 018d 72656365 		.ascii	"receiveCt\000"
 1782      69766543 
 1782      7400
 1783              	.LASF12:
 1784 0197 75696E74 		.ascii	"uint16\000"
 1784      313600
 1785              	.LASF13:
 1786 019e 75696E74 		.ascii	"uint32\000"
 1786      333200
 1787              	.LASF5:
 1788 01a5 6C6F6E67 		.ascii	"long unsigned int\000"
 1788      20756E73 
 1788      69676E65 
 1788      6420696E 
 1788      7400
 1789              	.LASF8:
 1790 01b7 756E7369 		.ascii	"unsigned int\000"
 1790      676E6564 
 1790      20696E74 
 1790      00
 1791              	.LASF46:
 1792 01c4 72656365 		.ascii	"receiveBufferPtr\000"
 1792      69766542 
 1792      75666665 
 1792      72507472 
 1792      00
 1793              	.LASF7:
 1794 01d5 6C6F6E67 		.ascii	"long long unsigned int\000"
 1794      206C6F6E 
 1794      6720756E 
ARM GAS  C:\Users\doug_000\AppData\Local\Temp\ccT7HEp7.s 			page 41


 1794      7369676E 
 1794      65642069 
 1795              	.LASF30:
 1796 01ec 696E436F 		.ascii	"inCount\000"
 1796      756E7400 
 1797              	.LASF27:
 1798 01f4 636C6561 		.ascii	"clearReceiveBuffer\000"
 1798      72526563 
 1798      65697665 
 1798      42756666 
 1798      657200
 1799              	.LASF10:
 1800 0207 696E7433 		.ascii	"int32_t\000"
 1800      325F7400 
 1801              	.LASF29:
 1802 020f 61646454 		.ascii	"addToReceiveBuffer\000"
 1802      6F526563 
 1802      65697665 
 1802      42756666 
 1802      657200
 1803              	.LASF49:
 1804 0222 50536F43 		.ascii	"PSoC_Menu.c\000"
 1804      5F4D656E 
 1804      752E6300 
 1805              	.LASF18:
 1806 022e 73697A65 		.ascii	"sizetype\000"
 1806      74797065 
 1806      00
 1807              	.LASF6:
 1808 0237 6C6F6E67 		.ascii	"long long int\000"
 1808      206C6F6E 
 1808      6720696E 
 1808      7400
 1809              	.LASF32:
 1810 0245 65657072 		.ascii	"eepromBuffer\000"
 1810      6F6D4275 
 1810      66666572 
 1810      00
 1811              	.LASF16:
 1812 0252 63686172 		.ascii	"char\000"
 1812      00
 1813              	.LASF28:
 1814 0257 70736F63 		.ascii	"psocMenu\000"
 1814      4D656E75 
 1814      00
 1815              	.LASF23:
 1816 0260 52415350 		.ascii	"RASPIGVS\000"
 1816      49475653 
 1816      00
 1817              	.LASF2:
 1818 0269 73686F72 		.ascii	"short int\000"
 1818      7420696E 
 1818      7400
 1819              	.LASF25:
 1820 0273 52504949 		.ascii	"RPII2CHUB\000"
 1820      32434855 
 1820      4200
ARM GAS  C:\Users\doug_000\AppData\Local\Temp\ccT7HEp7.s 			page 42


 1821              	.LASF11:
 1822 027d 75696E74 		.ascii	"uint8\000"
 1822      3800
 1823              	.LASF40:
 1824 0283 636F6D6D 		.ascii	"commandString\000"
 1824      616E6453 
 1824      7472696E 
 1824      6700
 1825              	.LASF47:
 1826 0291 676F7443 		.ascii	"gotCRorLF\000"
 1826      526F724C 
 1826      4600
 1827              	.LASF4:
 1828 029b 6C6F6E67 		.ascii	"long int\000"
 1828      20696E74 
 1828      00
 1829              	.LASF50:
 1830 02a4 433A5C55 		.ascii	"C:\\Users\\doug_000\\Documents\\GitHub\\RPI_PSOC5\\"
 1830      73657273 
 1830      5C646F75 
 1830      675F3030 
 1830      305C446F 
 1831 02d1 5250495F 		.ascii	"RPI_PSOC5_Serial_01\\RPS_PSOC5_Serial_01.cydsn\000"
 1831      50534F43 
 1831      355F5365 
 1831      7269616C 
 1831      5F30315C 
 1832              	.LASF17:
 1833 02ff 6C6F6E67 		.ascii	"long double\000"
 1833      20646F75 
 1833      626C6500 
 1834              	.LASF33:
 1835 030b 6563686F 		.ascii	"echoString\000"
 1835      53747269 
 1835      6E6700
 1836              	.LASF0:
 1837 0316 7369676E 		.ascii	"signed char\000"
 1837      65642063 
 1837      68617200 
 1838              	.LASF41:
 1839 0322 6C696E65 		.ascii	"linePtr\000"
 1839      50747200 
 1840              	.LASF31:
 1841 032a 696E4275 		.ascii	"inBuffer\000"
 1841      66666572 
 1841      00
 1842              		.ident	"GCC: (GNU Tools for ARM Embedded Processors) 5.4.1 20160609 (release) [ARM/embedded-5-bran
