ARM GAS  C:\Users\HPz420\AppData\Local\Temp\ccWW5KDo.s 			page 1


   1              		.syntax unified
   2              		.cpu cortex-m3
   3              		.fpu softvfp
   4              		.eabi_attribute 20, 1
   5              		.eabi_attribute 21, 1
   6              		.eabi_attribute 23, 3
   7              		.eabi_attribute 24, 1
   8              		.eabi_attribute 25, 1
   9              		.eabi_attribute 26, 1
  10              		.eabi_attribute 30, 6
  11              		.eabi_attribute 34, 1
  12              		.eabi_attribute 18, 4
  13              		.thumb
  14              		.syntax unified
  15              		.file	"RasPi_Pins.c"
  16              		.text
  17              	.Ltext0:
  18              		.cfi_sections	.debug_frame
  19              		.section	.text.setRasPiPin,"ax",%progbits
  20              		.align	2
  21              		.global	setRasPiPin
  22              		.thumb
  23              		.thumb_func
  24              		.type	setRasPiPin, %function
  25              	setRasPiPin:
  26              	.LFB63:
  27              		.file 1 "RasPi_Pins.c"
   1:RasPi_Pins.c  **** /* ========================================
   2:RasPi_Pins.c  ****  *
   3:RasPi_Pins.c  ****  * Copyright YOUR COMPANY, THE YEAR
   4:RasPi_Pins.c  ****  * All Rights Reserved
   5:RasPi_Pins.c  ****  * UNPUBLISHED, LICENSED SOFTWARE.
   6:RasPi_Pins.c  ****  *
   7:RasPi_Pins.c  ****  * CONFIDENTIAL AND PROPRIETARY INFORMATION
   8:RasPi_Pins.c  ****  * WHICH IS THE PROPERTY OF your company.
   9:RasPi_Pins.c  ****  *
  10:RasPi_Pins.c  ****  * ========================================
  11:RasPi_Pins.c  **** */
  12:RasPi_Pins.c  **** 
  13:RasPi_Pins.c  **** #include "RasPi_Pins.h"
  14:RasPi_Pins.c  **** 
  15:RasPi_Pins.c  **** void setRasPiPin(uint8 bcmPinNum, uint8 value)
  16:RasPi_Pins.c  **** {
  28              		.loc 1 16 0
  29              		.cfi_startproc
  30              		@ args = 0, pretend = 0, frame = 8
  31              		@ frame_needed = 1, uses_anonymous_args = 0
  32 0000 80B5     		push	{r7, lr}
  33              		.cfi_def_cfa_offset 8
  34              		.cfi_offset 7, -8
  35              		.cfi_offset 14, -4
  36 0002 82B0     		sub	sp, sp, #8
  37              		.cfi_def_cfa_offset 16
  38 0004 00AF     		add	r7, sp, #0
  39              		.cfi_def_cfa_register 7
  40 0006 0346     		mov	r3, r0
  41 0008 0A46     		mov	r2, r1
ARM GAS  C:\Users\HPz420\AppData\Local\Temp\ccWW5KDo.s 			page 2


  42 000a FB71     		strb	r3, [r7, #7]
  43 000c 1346     		mov	r3, r2
  44 000e BB71     		strb	r3, [r7, #6]
  17:RasPi_Pins.c  ****     switch (bcmPinNum)
  45              		.loc 1 17 0
  46 0010 FB79     		ldrb	r3, [r7, #7]	@ zero_extendqisi2
  47 0012 192B     		cmp	r3, #25
  48 0014 00F2A480 		bhi	.L25
  49 0018 01A2     		adr	r2, .L4
  50 001a 52F823F0 		ldr	pc, [r2, r3, lsl #2]
  51 001e 00BF     		.p2align 2
  52              	.L4:
  53 0020 89000000 		.word	.L3+1
  54 0024 99000000 		.word	.L5+1
  55 0028 A3000000 		.word	.L6+1
  56 002c AD000000 		.word	.L7+1
  57 0030 B7000000 		.word	.L8+1
  58 0034 C1000000 		.word	.L9+1
  59 0038 CB000000 		.word	.L10+1
  60 003c D5000000 		.word	.L11+1
  61 0040 DF000000 		.word	.L12+1
  62 0044 E9000000 		.word	.L13+1
  63 0048 F3000000 		.word	.L14+1
  64 004c 61010000 		.word	.L25+1
  65 0050 61010000 		.word	.L25+1
  66 0054 61010000 		.word	.L25+1
  67 0058 61010000 		.word	.L25+1
  68 005c 61010000 		.word	.L25+1
  69 0060 FD000000 		.word	.L15+1
  70 0064 07010000 		.word	.L16+1
  71 0068 11010000 		.word	.L17+1
  72 006c 1B010000 		.word	.L18+1
  73 0070 25010000 		.word	.L19+1
  74 0074 2F010000 		.word	.L20+1
  75 0078 39010000 		.word	.L21+1
  76 007c 43010000 		.word	.L22+1
  77 0080 4D010000 		.word	.L23+1
  78 0084 57010000 		.word	.L24+1
  79              		.p2align 1
  80              	.L3:
  18:RasPi_Pins.c  ****     {
  19:RasPi_Pins.c  ****         case IO_2:
  20:RasPi_Pins.c  ****             IO_2_SetDriveMode(PIN_DM_STRONG);
  81              		.loc 1 20 0
  82 0088 0C20     		movs	r0, #12
  83 008a FFF7FEFF 		bl	IO_2_SetDriveMode
  21:RasPi_Pins.c  ****             IO_2_Write(value);
  84              		.loc 1 21 0
  85 008e BB79     		ldrb	r3, [r7, #6]	@ zero_extendqisi2
  86 0090 1846     		mov	r0, r3
  87 0092 FFF7FEFF 		bl	IO_2_Write
  22:RasPi_Pins.c  ****             break;
  88              		.loc 1 22 0
  89 0096 63E0     		b	.L2
  90              	.L5:
  23:RasPi_Pins.c  ****         case IO_3:
  24:RasPi_Pins.c  ****             IO_3_Write(value);
ARM GAS  C:\Users\HPz420\AppData\Local\Temp\ccWW5KDo.s 			page 3


  91              		.loc 1 24 0
  92 0098 BB79     		ldrb	r3, [r7, #6]	@ zero_extendqisi2
  93 009a 1846     		mov	r0, r3
  94 009c FFF7FEFF 		bl	IO_3_Write
  25:RasPi_Pins.c  ****             break;
  95              		.loc 1 25 0
  96 00a0 5EE0     		b	.L2
  97              	.L6:
  26:RasPi_Pins.c  ****         case IO_4:
  27:RasPi_Pins.c  ****             IO_4_Write(value);
  98              		.loc 1 27 0
  99 00a2 BB79     		ldrb	r3, [r7, #6]	@ zero_extendqisi2
 100 00a4 1846     		mov	r0, r3
 101 00a6 FFF7FEFF 		bl	IO_4_Write
  28:RasPi_Pins.c  ****             break;
 102              		.loc 1 28 0
 103 00aa 59E0     		b	.L2
 104              	.L7:
  29:RasPi_Pins.c  ****         case IO_14:
  30:RasPi_Pins.c  ****             IO_14_Write(value);
 105              		.loc 1 30 0
 106 00ac BB79     		ldrb	r3, [r7, #6]	@ zero_extendqisi2
 107 00ae 1846     		mov	r0, r3
 108 00b0 FFF7FEFF 		bl	IO_14_Write
  31:RasPi_Pins.c  ****             break;
 109              		.loc 1 31 0
 110 00b4 54E0     		b	.L2
 111              	.L8:
  32:RasPi_Pins.c  ****         case IO_15:
  33:RasPi_Pins.c  ****             IO_15_Write(value);
 112              		.loc 1 33 0
 113 00b6 BB79     		ldrb	r3, [r7, #6]	@ zero_extendqisi2
 114 00b8 1846     		mov	r0, r3
 115 00ba FFF7FEFF 		bl	IO_15_Write
  34:RasPi_Pins.c  ****             break;
 116              		.loc 1 34 0
 117 00be 4FE0     		b	.L2
 118              	.L9:
  35:RasPi_Pins.c  ****         case IO_17:
  36:RasPi_Pins.c  ****             IO_17_Write(value);
 119              		.loc 1 36 0
 120 00c0 BB79     		ldrb	r3, [r7, #6]	@ zero_extendqisi2
 121 00c2 1846     		mov	r0, r3
 122 00c4 FFF7FEFF 		bl	IO_17_Write
  37:RasPi_Pins.c  ****             break;
 123              		.loc 1 37 0
 124 00c8 4AE0     		b	.L2
 125              	.L10:
  38:RasPi_Pins.c  ****         case IO_18:
  39:RasPi_Pins.c  ****             IO_18_Write(value);
 126              		.loc 1 39 0
 127 00ca BB79     		ldrb	r3, [r7, #6]	@ zero_extendqisi2
 128 00cc 1846     		mov	r0, r3
 129 00ce FFF7FEFF 		bl	IO_18_Write
  40:RasPi_Pins.c  ****             break;
 130              		.loc 1 40 0
 131 00d2 45E0     		b	.L2
ARM GAS  C:\Users\HPz420\AppData\Local\Temp\ccWW5KDo.s 			page 4


 132              	.L11:
  41:RasPi_Pins.c  ****         case IO_27:
  42:RasPi_Pins.c  ****             IO_27_Write(value);
 133              		.loc 1 42 0
 134 00d4 BB79     		ldrb	r3, [r7, #6]	@ zero_extendqisi2
 135 00d6 1846     		mov	r0, r3
 136 00d8 FFF7FEFF 		bl	IO_27_Write
  43:RasPi_Pins.c  ****             break;
 137              		.loc 1 43 0
 138 00dc 40E0     		b	.L2
 139              	.L12:
  44:RasPi_Pins.c  ****         case IO_22:
  45:RasPi_Pins.c  ****             IO_22_Write(value);
 140              		.loc 1 45 0
 141 00de BB79     		ldrb	r3, [r7, #6]	@ zero_extendqisi2
 142 00e0 1846     		mov	r0, r3
 143 00e2 FFF7FEFF 		bl	IO_22_Write
  46:RasPi_Pins.c  ****             break;
 144              		.loc 1 46 0
 145 00e6 3BE0     		b	.L2
 146              	.L13:
  47:RasPi_Pins.c  ****         case IO_23:
  48:RasPi_Pins.c  ****             IO_23_Write(value);
 147              		.loc 1 48 0
 148 00e8 BB79     		ldrb	r3, [r7, #6]	@ zero_extendqisi2
 149 00ea 1846     		mov	r0, r3
 150 00ec FFF7FEFF 		bl	IO_23_Write
  49:RasPi_Pins.c  ****             break;
 151              		.loc 1 49 0
 152 00f0 36E0     		b	.L2
 153              	.L14:
  50:RasPi_Pins.c  ****         case IO_24:
  51:RasPi_Pins.c  ****             IO_24_Write(value);
 154              		.loc 1 51 0
 155 00f2 BB79     		ldrb	r3, [r7, #6]	@ zero_extendqisi2
 156 00f4 1846     		mov	r0, r3
 157 00f6 FFF7FEFF 		bl	IO_24_Write
  52:RasPi_Pins.c  ****             break;
 158              		.loc 1 52 0
 159 00fa 31E0     		b	.L2
 160              	.L15:
  53:RasPi_Pins.c  ****         case IO_7:
  54:RasPi_Pins.c  ****             IO_7_Write(value);
 161              		.loc 1 54 0
 162 00fc BB79     		ldrb	r3, [r7, #6]	@ zero_extendqisi2
 163 00fe 1846     		mov	r0, r3
 164 0100 FFF7FEFF 		bl	IO_7_Write
  55:RasPi_Pins.c  ****             break;
 165              		.loc 1 55 0
 166 0104 2CE0     		b	.L2
 167              	.L16:
  56:RasPi_Pins.c  ****         case IO_5:
  57:RasPi_Pins.c  ****             IO_5_Write(value);
 168              		.loc 1 57 0
 169 0106 BB79     		ldrb	r3, [r7, #6]	@ zero_extendqisi2
 170 0108 1846     		mov	r0, r3
 171 010a FFF7FEFF 		bl	IO_5_Write
ARM GAS  C:\Users\HPz420\AppData\Local\Temp\ccWW5KDo.s 			page 5


  58:RasPi_Pins.c  ****             break;
 172              		.loc 1 58 0
 173 010e 27E0     		b	.L2
 174              	.L17:
  59:RasPi_Pins.c  ****         case IO_6:
  60:RasPi_Pins.c  ****             IO_6_Write(value);
 175              		.loc 1 60 0
 176 0110 BB79     		ldrb	r3, [r7, #6]	@ zero_extendqisi2
 177 0112 1846     		mov	r0, r3
 178 0114 FFF7FEFF 		bl	IO_6_Write
  61:RasPi_Pins.c  ****             break;
 179              		.loc 1 61 0
 180 0118 22E0     		b	.L2
 181              	.L18:
  62:RasPi_Pins.c  ****         case IO_12:
  63:RasPi_Pins.c  ****             IO_12_Write(value);
 182              		.loc 1 63 0
 183 011a BB79     		ldrb	r3, [r7, #6]	@ zero_extendqisi2
 184 011c 1846     		mov	r0, r3
 185 011e FFF7FEFF 		bl	IO_12_Write
  64:RasPi_Pins.c  ****             break;
 186              		.loc 1 64 0
 187 0122 1DE0     		b	.L2
 188              	.L19:
  65:RasPi_Pins.c  ****         case IO_13:
  66:RasPi_Pins.c  ****             IO_13_Write(value);
 189              		.loc 1 66 0
 190 0124 BB79     		ldrb	r3, [r7, #6]	@ zero_extendqisi2
 191 0126 1846     		mov	r0, r3
 192 0128 FFF7FEFF 		bl	IO_13_Write
  67:RasPi_Pins.c  ****             break;
 193              		.loc 1 67 0
 194 012c 18E0     		b	.L2
 195              	.L20:
  68:RasPi_Pins.c  ****         case IO_19:
  69:RasPi_Pins.c  ****             IO_19_Write(value);
 196              		.loc 1 69 0
 197 012e BB79     		ldrb	r3, [r7, #6]	@ zero_extendqisi2
 198 0130 1846     		mov	r0, r3
 199 0132 FFF7FEFF 		bl	IO_19_Write
  70:RasPi_Pins.c  ****             break;
 200              		.loc 1 70 0
 201 0136 13E0     		b	.L2
 202              	.L21:
  71:RasPi_Pins.c  ****         case IO_16:
  72:RasPi_Pins.c  ****             IO_16_Write(value);
 203              		.loc 1 72 0
 204 0138 BB79     		ldrb	r3, [r7, #6]	@ zero_extendqisi2
 205 013a 1846     		mov	r0, r3
 206 013c FFF7FEFF 		bl	IO_16_Write
  73:RasPi_Pins.c  ****             break;
 207              		.loc 1 73 0
 208 0140 0EE0     		b	.L2
 209              	.L22:
  74:RasPi_Pins.c  ****         case IO_26:
  75:RasPi_Pins.c  ****             IO_26_Write(value);
 210              		.loc 1 75 0
ARM GAS  C:\Users\HPz420\AppData\Local\Temp\ccWW5KDo.s 			page 6


 211 0142 BB79     		ldrb	r3, [r7, #6]	@ zero_extendqisi2
 212 0144 1846     		mov	r0, r3
 213 0146 FFF7FEFF 		bl	IO_26_Write
  76:RasPi_Pins.c  ****             break;
 214              		.loc 1 76 0
 215 014a 09E0     		b	.L2
 216              	.L23:
  77:RasPi_Pins.c  ****         case IO_20:
  78:RasPi_Pins.c  ****             IO_20_Write(value);
 217              		.loc 1 78 0
 218 014c BB79     		ldrb	r3, [r7, #6]	@ zero_extendqisi2
 219 014e 1846     		mov	r0, r3
 220 0150 FFF7FEFF 		bl	IO_20_Write
  79:RasPi_Pins.c  ****             break;
 221              		.loc 1 79 0
 222 0154 04E0     		b	.L2
 223              	.L24:
  80:RasPi_Pins.c  ****         case IO_21:
  81:RasPi_Pins.c  ****             IO_21_Write(value);
 224              		.loc 1 81 0
 225 0156 BB79     		ldrb	r3, [r7, #6]	@ zero_extendqisi2
 226 0158 1846     		mov	r0, r3
 227 015a FFF7FEFF 		bl	IO_21_Write
  82:RasPi_Pins.c  ****             break;
 228              		.loc 1 82 0
 229 015e 00BF     		nop
 230              	.L2:
 231              	.L25:
  83:RasPi_Pins.c  ****         }
  84:RasPi_Pins.c  **** }
 232              		.loc 1 84 0
 233 0160 00BF     		nop
 234 0162 0837     		adds	r7, r7, #8
 235              		.cfi_def_cfa_offset 8
 236 0164 BD46     		mov	sp, r7
 237              		.cfi_def_cfa_register 13
 238              		@ sp needed
 239 0166 80BD     		pop	{r7, pc}
 240              		.cfi_endproc
 241              	.LFE63:
 242              		.size	setRasPiPin, .-setRasPiPin
 243              		.text
 244              	.Letext0:
 245              		.file 2 "c:\\program files (x86)\\cypress\\psoc creator\\4.2\\psoc creator\\import\\gnu\\arm\\5.4.
 246              		.file 3 "c:\\program files (x86)\\cypress\\psoc creator\\4.2\\psoc creator\\import\\gnu\\arm\\5.4.
 247              		.file 4 "Generated_Source\\PSoC5/cytypes.h"
 248              		.file 5 "RasPi_Pins.h"
 249              		.file 6 "Generated_Source\\PSoC5/core_cm3.h"
 250              		.section	.debug_info,"",%progbits
 251              	.Ldebug_info0:
 252 0000 9D010000 		.4byte	0x19d
 253 0004 0400     		.2byte	0x4
 254 0006 00000000 		.4byte	.Ldebug_abbrev0
 255 000a 04       		.byte	0x4
 256 000b 01       		.uleb128 0x1
 257 000c 00000000 		.4byte	.LASF45
 258 0010 0C       		.byte	0xc
ARM GAS  C:\Users\HPz420\AppData\Local\Temp\ccWW5KDo.s 			page 7


 259 0011 85010000 		.4byte	.LASF46
 260 0015 25010000 		.4byte	.LASF47
 261 0019 00000000 		.4byte	.Ldebug_ranges0+0
 262 001d 00000000 		.4byte	0
 263 0021 00000000 		.4byte	.Ldebug_line0
 264 0025 02       		.uleb128 0x2
 265 0026 01       		.byte	0x1
 266 0027 06       		.byte	0x6
 267 0028 65020000 		.4byte	.LASF0
 268 002c 02       		.uleb128 0x2
 269 002d 01       		.byte	0x1
 270 002e 08       		.byte	0x8
 271 002f E5000000 		.4byte	.LASF1
 272 0033 02       		.uleb128 0x2
 273 0034 02       		.byte	0x2
 274 0035 05       		.byte	0x5
 275 0036 2D020000 		.4byte	.LASF2
 276 003a 02       		.uleb128 0x2
 277 003b 02       		.byte	0x2
 278 003c 07       		.byte	0x7
 279 003d 05010000 		.4byte	.LASF3
 280 0041 03       		.uleb128 0x3
 281 0042 94000000 		.4byte	.LASF9
 282 0046 02       		.byte	0x2
 283 0047 3F       		.byte	0x3f
 284 0048 4C000000 		.4byte	0x4c
 285 004c 02       		.uleb128 0x2
 286 004d 04       		.byte	0x4
 287 004e 05       		.byte	0x5
 288 004f 9E000000 		.4byte	.LASF4
 289 0053 02       		.uleb128 0x2
 290 0054 04       		.byte	0x4
 291 0055 07       		.byte	0x7
 292 0056 F3000000 		.4byte	.LASF5
 293 005a 02       		.uleb128 0x2
 294 005b 08       		.byte	0x8
 295 005c 05       		.byte	0x5
 296 005d 1A020000 		.4byte	.LASF6
 297 0061 02       		.uleb128 0x2
 298 0062 08       		.byte	0x8
 299 0063 07       		.byte	0x7
 300 0064 BE010000 		.4byte	.LASF7
 301 0068 04       		.uleb128 0x4
 302 0069 04       		.byte	0x4
 303 006a 05       		.byte	0x5
 304 006b 696E7400 		.ascii	"int\000"
 305 006f 02       		.uleb128 0x2
 306 0070 04       		.byte	0x4
 307 0071 07       		.byte	0x7
 308 0072 A8010000 		.4byte	.LASF8
 309 0076 03       		.uleb128 0x3
 310 0077 D7000000 		.4byte	.LASF10
 311 007b 03       		.byte	0x3
 312 007c 2C       		.byte	0x2c
 313 007d 41000000 		.4byte	0x41
 314 0081 05       		.uleb128 0x5
 315 0082 37020000 		.4byte	.LASF11
ARM GAS  C:\Users\HPz420\AppData\Local\Temp\ccWW5KDo.s 			page 8


 316 0086 04       		.byte	0x4
 317 0087 E401     		.2byte	0x1e4
 318 0089 2C000000 		.4byte	0x2c
 319 008d 02       		.uleb128 0x2
 320 008e 04       		.byte	0x4
 321 008f 04       		.byte	0x4
 322 0090 DF000000 		.4byte	.LASF12
 323 0094 02       		.uleb128 0x2
 324 0095 08       		.byte	0x8
 325 0096 04       		.byte	0x4
 326 0097 7E010000 		.4byte	.LASF13
 327 009b 02       		.uleb128 0x2
 328 009c 01       		.byte	0x1
 329 009d 08       		.byte	0x8
 330 009e 28020000 		.4byte	.LASF14
 331 00a2 02       		.uleb128 0x2
 332 00a3 08       		.byte	0x8
 333 00a4 04       		.byte	0x4
 334 00a5 92010000 		.4byte	.LASF15
 335 00a9 02       		.uleb128 0x2
 336 00aa 04       		.byte	0x4
 337 00ab 07       		.byte	0x7
 338 00ac 11020000 		.4byte	.LASF16
 339 00b0 06       		.uleb128 0x6
 340 00b1 B5010000 		.4byte	.LASF48
 341 00b5 01       		.byte	0x1
 342 00b6 2C000000 		.4byte	0x2c
 343 00ba 05       		.byte	0x5
 344 00bb 11       		.byte	0x11
 345 00bc 5D010000 		.4byte	0x15d
 346 00c0 07       		.uleb128 0x7
 347 00c1 3D020000 		.4byte	.LASF17
 348 00c5 00       		.byte	0
 349 00c6 07       		.uleb128 0x7
 350 00c7 42020000 		.4byte	.LASF18
 351 00cb 01       		.byte	0x1
 352 00cc 07       		.uleb128 0x7
 353 00cd 47020000 		.4byte	.LASF19
 354 00d1 02       		.byte	0x2
 355 00d2 07       		.uleb128 0x7
 356 00d3 ED010000 		.4byte	.LASF20
 357 00d7 03       		.byte	0x3
 358 00d8 07       		.uleb128 0x7
 359 00d9 F3010000 		.4byte	.LASF21
 360 00dd 04       		.byte	0x4
 361 00de 07       		.uleb128 0x7
 362 00df FF010000 		.4byte	.LASF22
 363 00e3 05       		.byte	0x5
 364 00e4 07       		.uleb128 0x7
 365 00e5 05020000 		.4byte	.LASF23
 366 00e9 06       		.byte	0x6
 367 00ea 07       		.uleb128 0x7
 368 00eb D1000000 		.4byte	.LASF24
 369 00ef 07       		.byte	0x7
 370 00f0 07       		.uleb128 0x7
 371 00f1 B3000000 		.4byte	.LASF25
 372 00f5 08       		.byte	0x8
ARM GAS  C:\Users\HPz420\AppData\Local\Temp\ccWW5KDo.s 			page 9


 373 00f6 07       		.uleb128 0x7
 374 00f7 B9000000 		.4byte	.LASF26
 375 00fb 09       		.byte	0x9
 376 00fc 07       		.uleb128 0x7
 377 00fd BF000000 		.4byte	.LASF27
 378 0101 0A       		.byte	0xa
 379 0102 07       		.uleb128 0x7
 380 0103 D5010000 		.4byte	.LASF28
 381 0107 0B       		.byte	0xb
 382 0108 07       		.uleb128 0x7
 383 0109 60020000 		.4byte	.LASF29
 384 010d 0C       		.byte	0xc
 385 010e 07       		.uleb128 0x7
 386 010f C5000000 		.4byte	.LASF30
 387 0113 0D       		.byte	0xd
 388 0114 07       		.uleb128 0x7
 389 0115 DB010000 		.4byte	.LASF31
 390 0119 0E       		.byte	0xe
 391 011a 07       		.uleb128 0x7
 392 011b 5B020000 		.4byte	.LASF32
 393 011f 0F       		.byte	0xf
 394 0120 07       		.uleb128 0x7
 395 0121 56020000 		.4byte	.LASF33
 396 0125 10       		.byte	0x10
 397 0126 07       		.uleb128 0x7
 398 0127 4C020000 		.4byte	.LASF34
 399 012b 11       		.byte	0x11
 400 012c 07       		.uleb128 0x7
 401 012d 51020000 		.4byte	.LASF35
 402 0131 12       		.byte	0x12
 403 0132 07       		.uleb128 0x7
 404 0133 E1010000 		.4byte	.LASF36
 405 0137 13       		.byte	0x13
 406 0138 07       		.uleb128 0x7
 407 0139 E7010000 		.4byte	.LASF37
 408 013d 14       		.byte	0x14
 409 013e 07       		.uleb128 0x7
 410 013f 0B020000 		.4byte	.LASF38
 411 0143 15       		.byte	0x15
 412 0144 07       		.uleb128 0x7
 413 0145 F9010000 		.4byte	.LASF39
 414 0149 16       		.byte	0x16
 415 014a 07       		.uleb128 0x7
 416 014b CB000000 		.4byte	.LASF40
 417 014f 17       		.byte	0x17
 418 0150 07       		.uleb128 0x7
 419 0151 A7000000 		.4byte	.LASF41
 420 0155 18       		.byte	0x18
 421 0156 07       		.uleb128 0x7
 422 0157 AD000000 		.4byte	.LASF42
 423 015b 19       		.byte	0x19
 424 015c 00       		.byte	0
 425 015d 08       		.uleb128 0x8
 426 015e 71020000 		.4byte	.LASF49
 427 0162 01       		.byte	0x1
 428 0163 0F       		.byte	0xf
 429 0164 00000000 		.4byte	.LFB63
ARM GAS  C:\Users\HPz420\AppData\Local\Temp\ccWW5KDo.s 			page 10


 430 0168 68010000 		.4byte	.LFE63-.LFB63
 431 016c 01       		.uleb128 0x1
 432 016d 9C       		.byte	0x9c
 433 016e 8F010000 		.4byte	0x18f
 434 0172 09       		.uleb128 0x9
 435 0173 9E010000 		.4byte	.LASF43
 436 0177 01       		.byte	0x1
 437 0178 0F       		.byte	0xf
 438 0179 81000000 		.4byte	0x81
 439 017d 02       		.uleb128 0x2
 440 017e 91       		.byte	0x91
 441 017f 77       		.sleb128 -9
 442 0180 09       		.uleb128 0x9
 443 0181 8E000000 		.4byte	.LASF44
 444 0185 01       		.byte	0x1
 445 0186 0F       		.byte	0xf
 446 0187 81000000 		.4byte	0x81
 447 018b 02       		.uleb128 0x2
 448 018c 91       		.byte	0x91
 449 018d 76       		.sleb128 -10
 450 018e 00       		.byte	0
 451 018f 0A       		.uleb128 0xa
 452 0190 18010000 		.4byte	.LASF50
 453 0194 06       		.byte	0x6
 454 0195 1207     		.2byte	0x712
 455 0197 9B010000 		.4byte	0x19b
 456 019b 0B       		.uleb128 0xb
 457 019c 76000000 		.4byte	0x76
 458 01a0 00       		.byte	0
 459              		.section	.debug_abbrev,"",%progbits
 460              	.Ldebug_abbrev0:
 461 0000 01       		.uleb128 0x1
 462 0001 11       		.uleb128 0x11
 463 0002 01       		.byte	0x1
 464 0003 25       		.uleb128 0x25
 465 0004 0E       		.uleb128 0xe
 466 0005 13       		.uleb128 0x13
 467 0006 0B       		.uleb128 0xb
 468 0007 03       		.uleb128 0x3
 469 0008 0E       		.uleb128 0xe
 470 0009 1B       		.uleb128 0x1b
 471 000a 0E       		.uleb128 0xe
 472 000b 55       		.uleb128 0x55
 473 000c 17       		.uleb128 0x17
 474 000d 11       		.uleb128 0x11
 475 000e 01       		.uleb128 0x1
 476 000f 10       		.uleb128 0x10
 477 0010 17       		.uleb128 0x17
 478 0011 00       		.byte	0
 479 0012 00       		.byte	0
 480 0013 02       		.uleb128 0x2
 481 0014 24       		.uleb128 0x24
 482 0015 00       		.byte	0
 483 0016 0B       		.uleb128 0xb
 484 0017 0B       		.uleb128 0xb
 485 0018 3E       		.uleb128 0x3e
 486 0019 0B       		.uleb128 0xb
ARM GAS  C:\Users\HPz420\AppData\Local\Temp\ccWW5KDo.s 			page 11


 487 001a 03       		.uleb128 0x3
 488 001b 0E       		.uleb128 0xe
 489 001c 00       		.byte	0
 490 001d 00       		.byte	0
 491 001e 03       		.uleb128 0x3
 492 001f 16       		.uleb128 0x16
 493 0020 00       		.byte	0
 494 0021 03       		.uleb128 0x3
 495 0022 0E       		.uleb128 0xe
 496 0023 3A       		.uleb128 0x3a
 497 0024 0B       		.uleb128 0xb
 498 0025 3B       		.uleb128 0x3b
 499 0026 0B       		.uleb128 0xb
 500 0027 49       		.uleb128 0x49
 501 0028 13       		.uleb128 0x13
 502 0029 00       		.byte	0
 503 002a 00       		.byte	0
 504 002b 04       		.uleb128 0x4
 505 002c 24       		.uleb128 0x24
 506 002d 00       		.byte	0
 507 002e 0B       		.uleb128 0xb
 508 002f 0B       		.uleb128 0xb
 509 0030 3E       		.uleb128 0x3e
 510 0031 0B       		.uleb128 0xb
 511 0032 03       		.uleb128 0x3
 512 0033 08       		.uleb128 0x8
 513 0034 00       		.byte	0
 514 0035 00       		.byte	0
 515 0036 05       		.uleb128 0x5
 516 0037 16       		.uleb128 0x16
 517 0038 00       		.byte	0
 518 0039 03       		.uleb128 0x3
 519 003a 0E       		.uleb128 0xe
 520 003b 3A       		.uleb128 0x3a
 521 003c 0B       		.uleb128 0xb
 522 003d 3B       		.uleb128 0x3b
 523 003e 05       		.uleb128 0x5
 524 003f 49       		.uleb128 0x49
 525 0040 13       		.uleb128 0x13
 526 0041 00       		.byte	0
 527 0042 00       		.byte	0
 528 0043 06       		.uleb128 0x6
 529 0044 04       		.uleb128 0x4
 530 0045 01       		.byte	0x1
 531 0046 03       		.uleb128 0x3
 532 0047 0E       		.uleb128 0xe
 533 0048 0B       		.uleb128 0xb
 534 0049 0B       		.uleb128 0xb
 535 004a 49       		.uleb128 0x49
 536 004b 13       		.uleb128 0x13
 537 004c 3A       		.uleb128 0x3a
 538 004d 0B       		.uleb128 0xb
 539 004e 3B       		.uleb128 0x3b
 540 004f 0B       		.uleb128 0xb
 541 0050 01       		.uleb128 0x1
 542 0051 13       		.uleb128 0x13
 543 0052 00       		.byte	0
ARM GAS  C:\Users\HPz420\AppData\Local\Temp\ccWW5KDo.s 			page 12


 544 0053 00       		.byte	0
 545 0054 07       		.uleb128 0x7
 546 0055 28       		.uleb128 0x28
 547 0056 00       		.byte	0
 548 0057 03       		.uleb128 0x3
 549 0058 0E       		.uleb128 0xe
 550 0059 1C       		.uleb128 0x1c
 551 005a 0B       		.uleb128 0xb
 552 005b 00       		.byte	0
 553 005c 00       		.byte	0
 554 005d 08       		.uleb128 0x8
 555 005e 2E       		.uleb128 0x2e
 556 005f 01       		.byte	0x1
 557 0060 3F       		.uleb128 0x3f
 558 0061 19       		.uleb128 0x19
 559 0062 03       		.uleb128 0x3
 560 0063 0E       		.uleb128 0xe
 561 0064 3A       		.uleb128 0x3a
 562 0065 0B       		.uleb128 0xb
 563 0066 3B       		.uleb128 0x3b
 564 0067 0B       		.uleb128 0xb
 565 0068 27       		.uleb128 0x27
 566 0069 19       		.uleb128 0x19
 567 006a 11       		.uleb128 0x11
 568 006b 01       		.uleb128 0x1
 569 006c 12       		.uleb128 0x12
 570 006d 06       		.uleb128 0x6
 571 006e 40       		.uleb128 0x40
 572 006f 18       		.uleb128 0x18
 573 0070 9642     		.uleb128 0x2116
 574 0072 19       		.uleb128 0x19
 575 0073 01       		.uleb128 0x1
 576 0074 13       		.uleb128 0x13
 577 0075 00       		.byte	0
 578 0076 00       		.byte	0
 579 0077 09       		.uleb128 0x9
 580 0078 05       		.uleb128 0x5
 581 0079 00       		.byte	0
 582 007a 03       		.uleb128 0x3
 583 007b 0E       		.uleb128 0xe
 584 007c 3A       		.uleb128 0x3a
 585 007d 0B       		.uleb128 0xb
 586 007e 3B       		.uleb128 0x3b
 587 007f 0B       		.uleb128 0xb
 588 0080 49       		.uleb128 0x49
 589 0081 13       		.uleb128 0x13
 590 0082 02       		.uleb128 0x2
 591 0083 18       		.uleb128 0x18
 592 0084 00       		.byte	0
 593 0085 00       		.byte	0
 594 0086 0A       		.uleb128 0xa
 595 0087 34       		.uleb128 0x34
 596 0088 00       		.byte	0
 597 0089 03       		.uleb128 0x3
 598 008a 0E       		.uleb128 0xe
 599 008b 3A       		.uleb128 0x3a
 600 008c 0B       		.uleb128 0xb
ARM GAS  C:\Users\HPz420\AppData\Local\Temp\ccWW5KDo.s 			page 13


 601 008d 3B       		.uleb128 0x3b
 602 008e 05       		.uleb128 0x5
 603 008f 49       		.uleb128 0x49
 604 0090 13       		.uleb128 0x13
 605 0091 3F       		.uleb128 0x3f
 606 0092 19       		.uleb128 0x19
 607 0093 3C       		.uleb128 0x3c
 608 0094 19       		.uleb128 0x19
 609 0095 00       		.byte	0
 610 0096 00       		.byte	0
 611 0097 0B       		.uleb128 0xb
 612 0098 35       		.uleb128 0x35
 613 0099 00       		.byte	0
 614 009a 49       		.uleb128 0x49
 615 009b 13       		.uleb128 0x13
 616 009c 00       		.byte	0
 617 009d 00       		.byte	0
 618 009e 00       		.byte	0
 619              		.section	.debug_aranges,"",%progbits
 620 0000 1C000000 		.4byte	0x1c
 621 0004 0200     		.2byte	0x2
 622 0006 00000000 		.4byte	.Ldebug_info0
 623 000a 04       		.byte	0x4
 624 000b 00       		.byte	0
 625 000c 0000     		.2byte	0
 626 000e 0000     		.2byte	0
 627 0010 00000000 		.4byte	.LFB63
 628 0014 68010000 		.4byte	.LFE63-.LFB63
 629 0018 00000000 		.4byte	0
 630 001c 00000000 		.4byte	0
 631              		.section	.debug_ranges,"",%progbits
 632              	.Ldebug_ranges0:
 633 0000 00000000 		.4byte	.LFB63
 634 0004 68010000 		.4byte	.LFE63
 635 0008 00000000 		.4byte	0
 636 000c 00000000 		.4byte	0
 637              		.section	.debug_line,"",%progbits
 638              	.Ldebug_line0:
 639 0000 A6010000 		.section	.debug_str,"MS",%progbits,1
 639      02006201 
 639      00000201 
 639      FB0E0D00 
 639      01010101 
 640              	.LASF45:
 641 0000 474E5520 		.ascii	"GNU C11 5.4.1 20160609 (release) [ARM/embedded-5-br"
 641      43313120 
 641      352E342E 
 641      31203230 
 641      31363036 
 642 0033 616E6368 		.ascii	"anch revision 237715] -mcpu=cortex-m3 -mthumb -g -O"
 642      20726576 
 642      6973696F 
 642      6E203233 
 642      37373135 
 643 0066 30202D66 		.ascii	"0 -ffunction-sections -ffat-lto-objects\000"
 643      66756E63 
 643      74696F6E 
ARM GAS  C:\Users\HPz420\AppData\Local\Temp\ccWW5KDo.s 			page 14


 643      2D736563 
 643      74696F6E 
 644              	.LASF44:
 645 008e 76616C75 		.ascii	"value\000"
 645      6500
 646              	.LASF9:
 647 0094 5F5F696E 		.ascii	"__int32_t\000"
 647      7433325F 
 647      7400
 648              	.LASF4:
 649 009e 6C6F6E67 		.ascii	"long int\000"
 649      20696E74 
 649      00
 650              	.LASF41:
 651 00a7 494F5F32 		.ascii	"IO_20\000"
 651      3000
 652              	.LASF42:
 653 00ad 494F5F32 		.ascii	"IO_21\000"
 653      3100
 654              	.LASF25:
 655 00b3 494F5F32 		.ascii	"IO_22\000"
 655      3200
 656              	.LASF26:
 657 00b9 494F5F32 		.ascii	"IO_23\000"
 657      3300
 658              	.LASF27:
 659 00bf 494F5F32 		.ascii	"IO_24\000"
 659      3400
 660              	.LASF30:
 661 00c5 494F5F32 		.ascii	"IO_25\000"
 661      3500
 662              	.LASF40:
 663 00cb 494F5F32 		.ascii	"IO_26\000"
 663      3600
 664              	.LASF24:
 665 00d1 494F5F32 		.ascii	"IO_27\000"
 665      3700
 666              	.LASF10:
 667 00d7 696E7433 		.ascii	"int32_t\000"
 667      325F7400 
 668              	.LASF12:
 669 00df 666C6F61 		.ascii	"float\000"
 669      7400
 670              	.LASF1:
 671 00e5 756E7369 		.ascii	"unsigned char\000"
 671      676E6564 
 671      20636861 
 671      7200
 672              	.LASF5:
 673 00f3 6C6F6E67 		.ascii	"long unsigned int\000"
 673      20756E73 
 673      69676E65 
 673      6420696E 
 673      7400
 674              	.LASF3:
 675 0105 73686F72 		.ascii	"short unsigned int\000"
 675      7420756E 
ARM GAS  C:\Users\HPz420\AppData\Local\Temp\ccWW5KDo.s 			page 15


 675      7369676E 
 675      65642069 
 675      6E7400
 676              	.LASF50:
 677 0118 49544D5F 		.ascii	"ITM_RxBuffer\000"
 677      52784275 
 677      66666572 
 677      00
 678              	.LASF47:
 679 0125 433A5C55 		.ascii	"C:\\Users\\HPz420\\Documents\\GitHub\\RPI_PSOC5\\RP"
 679      73657273 
 679      5C48507A 
 679      3432305C 
 679      446F6375 
 680 0152 495F5053 		.ascii	"I_PSOC5_Serial_01\\RPS_PSOC5_Serial_01.cydsn\000"
 680      4F43355F 
 680      53657269 
 680      616C5F30 
 680      315C5250 
 681              	.LASF13:
 682 017e 646F7562 		.ascii	"double\000"
 682      6C6500
 683              	.LASF46:
 684 0185 52617350 		.ascii	"RasPi_Pins.c\000"
 684      695F5069 
 684      6E732E63 
 684      00
 685              	.LASF15:
 686 0192 6C6F6E67 		.ascii	"long double\000"
 686      20646F75 
 686      626C6500 
 687              	.LASF43:
 688 019e 62636D50 		.ascii	"bcmPinNum\000"
 688      696E4E75 
 688      6D00
 689              	.LASF8:
 690 01a8 756E7369 		.ascii	"unsigned int\000"
 690      676E6564 
 690      20696E74 
 690      00
 691              	.LASF48:
 692 01b5 42434D5F 		.ascii	"BCM_PINS\000"
 692      50494E53 
 692      00
 693              	.LASF7:
 694 01be 6C6F6E67 		.ascii	"long long unsigned int\000"
 694      206C6F6E 
 694      6720756E 
 694      7369676E 
 694      65642069 
 695              	.LASF28:
 696 01d5 494F5F31 		.ascii	"IO_10\000"
 696      3000
 697              	.LASF31:
 698 01db 494F5F31 		.ascii	"IO_11\000"
 698      3100
 699              	.LASF36:
ARM GAS  C:\Users\HPz420\AppData\Local\Temp\ccWW5KDo.s 			page 16


 700 01e1 494F5F31 		.ascii	"IO_12\000"
 700      3200
 701              	.LASF37:
 702 01e7 494F5F31 		.ascii	"IO_13\000"
 702      3300
 703              	.LASF20:
 704 01ed 494F5F31 		.ascii	"IO_14\000"
 704      3400
 705              	.LASF21:
 706 01f3 494F5F31 		.ascii	"IO_15\000"
 706      3500
 707              	.LASF39:
 708 01f9 494F5F31 		.ascii	"IO_16\000"
 708      3600
 709              	.LASF22:
 710 01ff 494F5F31 		.ascii	"IO_17\000"
 710      3700
 711              	.LASF23:
 712 0205 494F5F31 		.ascii	"IO_18\000"
 712      3800
 713              	.LASF38:
 714 020b 494F5F31 		.ascii	"IO_19\000"
 714      3900
 715              	.LASF16:
 716 0211 73697A65 		.ascii	"sizetype\000"
 716      74797065 
 716      00
 717              	.LASF6:
 718 021a 6C6F6E67 		.ascii	"long long int\000"
 718      206C6F6E 
 718      6720696E 
 718      7400
 719              	.LASF14:
 720 0228 63686172 		.ascii	"char\000"
 720      00
 721              	.LASF2:
 722 022d 73686F72 		.ascii	"short int\000"
 722      7420696E 
 722      7400
 723              	.LASF11:
 724 0237 75696E74 		.ascii	"uint8\000"
 724      3800
 725              	.LASF17:
 726 023d 494F5F32 		.ascii	"IO_2\000"
 726      00
 727              	.LASF18:
 728 0242 494F5F33 		.ascii	"IO_3\000"
 728      00
 729              	.LASF19:
 730 0247 494F5F34 		.ascii	"IO_4\000"
 730      00
 731              	.LASF34:
 732 024c 494F5F35 		.ascii	"IO_5\000"
 732      00
 733              	.LASF35:
 734 0251 494F5F36 		.ascii	"IO_6\000"
 734      00
ARM GAS  C:\Users\HPz420\AppData\Local\Temp\ccWW5KDo.s 			page 17


 735              	.LASF33:
 736 0256 494F5F37 		.ascii	"IO_7\000"
 736      00
 737              	.LASF32:
 738 025b 494F5F38 		.ascii	"IO_8\000"
 738      00
 739              	.LASF29:
 740 0260 494F5F39 		.ascii	"IO_9\000"
 740      00
 741              	.LASF0:
 742 0265 7369676E 		.ascii	"signed char\000"
 742      65642063 
 742      68617200 
 743              	.LASF49:
 744 0271 73657452 		.ascii	"setRasPiPin\000"
 744      61735069 
 744      50696E00 
 745              		.ident	"GCC: (GNU Tools for ARM Embedded Processors) 5.4.1 20160609 (release) [ARM/embedded-5-bran
