--------------- Build Started: 10/07/2019 18:16:36 Project: RPS_PSOC5_01, Configuration: ARM GCC 5.4-2016-q2-update Debug ---------------
cydsfit.exe -.appdatapath "C:\Users\HPz420\AppData\Local\Cypress Semiconductor\PSoC Creator\4.2" -.fdsnotice -.fdswarpdepfile=warp_dependencies.txt -.fdselabdepfile=elab_dependencies.txt -.fdsbldfile=generated_files.txt -.fdsreffile=referenced_files.txt -p C:\Users\HPz420\Documents\GitHub\RPI_PSOC5\RPS_PSOC5_PIO\RPS_PSOC5_01.cydsn\RPS_PSOC5_01.cyprj -d CY8C5267AXI-LP051 -s C:\Users\HPz420\Documents\GitHub\RPI_PSOC5\RPS_PSOC5_PIO\RPS_PSOC5_01.cydsn\Generated_Source\PSoC5 -- -yv2 -q10 -ygs -o2 -v3 -.fftcfgtype=LE
Elaborating Design...
HDL Generation...
Synthesis...
Tech Mapping...
Info: plm.M0038: The pin named PORT12D0(0) at location P12[0] prevents usage of special purposes: I2C:SCL. (App=cydsfit)
Analog Placement...
Analog Routing...
Analog Code Generation...
Digital Placement...
Digital Routing...
Bitstream Generation...
Bitstream Verification...
Static timing analysis...
API Generation...
Dependency Generation...
Cleanup...
arm-none-eabi-gcc.exe -mcpu=cortex-m3 -mthumb -I. -IGenerated_Source\PSoC5 -Wa,-alh=.\ARM_GCC_541\Debug/cyfitter_cfg.lst -g -Wall -ffunction-sections -ffat-lto-objects -O0 -c Generated_Source\PSoC5\cyfitter_cfg.c -o .\ARM_GCC_541\Debug\cyfitter_cfg.o
arm-none-eabi-ar.exe -rs .\ARM_GCC_541\Debug\RPS_PSOC5_01.a .\ARM_GCC_541\Debug\CyScBoostClk.o .\ARM_GCC_541\Debug\USBUART.o .\ARM_GCC_541\Debug\USBUART_audio.o .\ARM_GCC_541\Debug\USBUART_boot.o .\ARM_GCC_541\Debug\USBUART_cdc.o .\ARM_GCC_541\Debug\USBUART_cls.o .\ARM_GCC_541\Debug\USBUART_descr.o .\ARM_GCC_541\Debug\USBUART_drv.o .\ARM_GCC_541\Debug\USBUART_episr.o .\ARM_GCC_541\Debug\USBUART_hid.o .\ARM_GCC_541\Debug\USBUART_pm.o .\ARM_GCC_541\Debug\USBUART_std.o .\ARM_GCC_541\Debug\USBUART_vnd.o .\ARM_GCC_541\Debug\USBUART_midi.o .\ARM_GCC_541\Debug\USBUART_msc.o .\ARM_GCC_541\Debug\SDA_1.o .\ARM_GCC_541\Debug\SCL_1.o .\ARM_GCC_541\Debug\I2C_EEPROM.o .\ARM_GCC_541\Debug\I2C_EEPROM_BOOT.o .\ARM_GCC_541\Debug\I2C_EEPROM_INT.o .\ARM_GCC_541\Debug\I2C_EEPROM_PM.o .\ARM_GCC_541\Debug\I2C_EEPROM_SLAVE.o .\ARM_GCC_541\Debug\I2C_EEPROM_MASTER.o .\ARM_GCC_541\Debug\USBUART_Dm.o .\ARM_GCC_541\Debug\USBUART_Dp.o .\ARM_GCC_541\Debug\cy_em_eeprom.o .\ARM_GCC_541\Debug\CyDmac.o .\ARM_GCC_541\Debug\CyFlash.o .\ARM_GCC_541\Debug\CyLib.o .\ARM_GCC_541\Debug\cyPm.o .\ARM_GCC_541\Debug\CySpc.o .\ARM_GCC_541\Debug\cyutils.o .\ARM_GCC_541\Debug\DataOut_Port0.o .\ARM_GCC_541\Debug\DataOut_Port0_PM.o .\ARM_GCC_541\Debug\DataIn_Port0.o .\ARM_GCC_541\Debug\PORT0D0.o .\ARM_GCC_541\Debug\PORT0D1.o .\ARM_GCC_541\Debug\PORT0D2.o .\ARM_GCC_541\Debug\PORT0D3.o .\ARM_GCC_541\Debug\PORT0D4.o .\ARM_GCC_541\Debug\PORT0D5.o .\ARM_GCC_541\Debug\PORT0D6.o .\ARM_GCC_541\Debug\PORT0D7.o .\ARM_GCC_541\Debug\Clock_1.o .\ARM_GCC_541\Debug\Dir_Ctl.o .\ARM_GCC_541\Debug\Dir_Ctl_PM.o .\ARM_GCC_541\Debug\DataIn_Port2.o .\ARM_GCC_541\Debug\DataOut_Port2.o .\ARM_GCC_541\Debug\DataOut_Port2_PM.o .\ARM_GCC_541\Debug\PORT2D0.o .\ARM_GCC_541\Debug\PORT2D1.o .\ARM_GCC_541\Debug\PORT2D2.o .\ARM_GCC_541\Debug\PORT2D3.o .\ARM_GCC_541\Debug\PORT2D4.o .\ARM_GCC_541\Debug\PORT2D5.o .\ARM_GCC_541\Debug\PORT2D6.o .\ARM_GCC_541\Debug\PORT2D7.o .\ARM_GCC_541\Debug\DataIn_Port3.o .\ARM_GCC_541\Debug\PORT3D0.o .\ARM_GCC_541\Debug\PORT3D1.o .\ARM_GCC_541\Debug\PORT3D2.o .\ARM_GCC_541\Debug\PORT3D3.o .\ARM_GCC_541\Debug\PORT3D4.o .\ARM_GCC_541\Debug\PORT3D5.o .\ARM_GCC_541\Debug\PORT3D6.o .\ARM_GCC_541\Debug\PORT3D7.o .\ARM_GCC_541\Debug\DataOut_Port3.o .\ARM_GCC_541\Debug\DataOut_Port3_PM.o .\ARM_GCC_541\Debug\DataIn_Port4.o .\ARM_GCC_541\Debug\DataOut_Port4.o .\ARM_GCC_541\Debug\DataOut_Port4_PM.o .\ARM_GCC_541\Debug\PORT4D0.o .\ARM_GCC_541\Debug\PORT4D1.o .\ARM_GCC_541\Debug\PORT4D2.o .\ARM_GCC_541\Debug\PORT4D3.o .\ARM_GCC_541\Debug\PORT4D4.o .\ARM_GCC_541\Debug\PORT4D5.o .\ARM_GCC_541\Debug\DataIn_Port1.o .\ARM_GCC_541\Debug\PORT1D0.o .\ARM_GCC_541\Debug\PORT1D1.o .\ARM_GCC_541\Debug\PORT1D2.o .\ARM_GCC_541\Debug\PORT1D3.o .\ARM_GCC_541\Debug\PORT1D4.o .\ARM_GCC_541\Debug\DataOut_Port1.o .\ARM_GCC_541\Debug\DataOut_Port1_PM.o .\ARM_GCC_541\Debug\DataIn_Port5.o .\ARM_GCC_541\Debug\PORT5D0.o .\ARM_GCC_541\Debug\PORT5D1.o .\ARM_GCC_541\Debug\PORT5D2.o .\ARM_GCC_541\Debug\PORT5D3.o .\ARM_GCC_541\Debug\PORT5D4.o .\ARM_GCC_541\Debug\DataOut_Port5.o .\ARM_GCC_541\Debug\DataOut_Port5_PM.o .\ARM_GCC_541\Debug\DataIn_Port6.o .\ARM_GCC_541\Debug\PORT6D0.o .\ARM_GCC_541\Debug\PORT6D1.o .\ARM_GCC_541\Debug\PORT6D2.o .\ARM_GCC_541\Debug\PORT6D3.o .\ARM_GCC_541\Debug\DataOut_Port6.o .\ARM_GCC_541\Debug\DataOut_Port6_PM.o .\ARM_GCC_541\Debug\DataIn_Port12.o .\ARM_GCC_541\Debug\PORT12D0.o .\ARM_GCC_541\Debug\PORT12D1.o .\ARM_GCC_541\Debug\PORT12D2.o .\ARM_GCC_541\Debug\PORT12D3.o .\ARM_GCC_541\Debug\PORT12D4.o .\ARM_GCC_541\Debug\PORT12D5.o .\ARM_GCC_541\Debug\DataOut_Port12.o .\ARM_GCC_541\Debug\DataOut_Port12_PM.o .\ARM_GCC_541\Debug\DataIn_Port15.o .\ARM_GCC_541\Debug\PORT15D0.o .\ARM_GCC_541\Debug\PORT15D1.o .\ARM_GCC_541\Debug\PORT15D2.o .\ARM_GCC_541\Debug\PORT15D3.o .\ARM_GCC_541\Debug\DataOut_Port15.o .\ARM_GCC_541\Debug\DataOut_Port15_PM.o .\ARM_GCC_541\Debug\CyBootAsmGnu.o
arm-none-eabi-ar.exe: creating .\ARM_GCC_541\Debug\RPS_PSOC5_01.a
arm-none-eabi-gcc.exe -Wl,--start-group -o C:\Users\HPz420\Documents\GitHub\RPI_PSOC5\RPS_PSOC5_PIO\RPS_PSOC5_01.cydsn\ARM_GCC_541\Debug\RPS_PSOC5_01.elf .\ARM_GCC_541\Debug\main.o .\ARM_GCC_541\Debug\cyfitter_cfg.o .\ARM_GCC_541\Debug\cymetadata.o .\ARM_GCC_541\Debug\Cm3Start.o .\ARM_GCC_541\Debug\RPS_PSOC5_01.a "C:\Program Files (x86)\Cypress\PSoC Creator\4.2\PSoC Creator\psoc\content\cycomponentlibrary\CyComponentLibrary.cylib\CortexM3\ARM_GCC_541\Debug\CyComponentLibrary.a" -mcpu=cortex-m3 -mthumb -L Generated_Source\PSoC5 -Wl,-Map,.\ARM_GCC_541\Debug/RPS_PSOC5_01.map -T Generated_Source\PSoC5\cm3gcc.ld -specs=nano.specs -Wl,--gc-sections -g -ffunction-sections -O0 -ffat-lto-objects -Wl,--end-group
cyelftool.exe -C C:\Users\HPz420\Documents\GitHub\RPI_PSOC5\RPS_PSOC5_PIO\RPS_PSOC5_01.cydsn\ARM_GCC_541\Debug\RPS_PSOC5_01.elf --flash_row_size 256 --flash_size 131072 --flash_offset 0x00000000
No ELF section .cychecksum found, creating one
Application checksum calculated and stored in ELF section .cychecksum
Checksum calculated and stored in ELF section .cymeta
cyelftool.exe -S C:\Users\HPz420\Documents\GitHub\RPI_PSOC5\RPS_PSOC5_PIO\RPS_PSOC5_01.cydsn\ARM_GCC_541\Debug\RPS_PSOC5_01.elf
Flash used: 26124 of 131072 bytes (19.9%).
SRAM used: 2893 of 32768 bytes (8.8%). Stack: 2048 bytes. Heap: 128 bytes.
--------------- Build Succeeded: 10/07/2019 18:16:57 ---------------
