--------------- Rebuild Started: 10/07/2019 08:23:19 Project: RPS_PSOC5_01, Configuration: ARM GCC 5.4-2016-q2-update Debug ---------------
Deleting file ".\ARM_GCC_541\Debug\main.o"
Deleting file ".\ARM_GCC_541\Debug\cyfitter_cfg.o"
Deleting file ".\ARM_GCC_541\Debug\cymetadata.o"
Deleting file ".\ARM_GCC_541\Debug\CyScBoostClk.o"
Deleting file ".\ARM_GCC_541\Debug\USBUART.o"
Deleting file ".\ARM_GCC_541\Debug\USBUART_audio.o"
Deleting file ".\ARM_GCC_541\Debug\USBUART_boot.o"
Deleting file ".\ARM_GCC_541\Debug\USBUART_cdc.o"
Deleting file ".\ARM_GCC_541\Debug\USBUART_cls.o"
Deleting file ".\ARM_GCC_541\Debug\USBUART_descr.o"
Deleting file ".\ARM_GCC_541\Debug\USBUART_drv.o"
Deleting file ".\ARM_GCC_541\Debug\USBUART_episr.o"
Deleting file ".\ARM_GCC_541\Debug\USBUART_hid.o"
Deleting file ".\ARM_GCC_541\Debug\USBUART_pm.o"
Deleting file ".\ARM_GCC_541\Debug\USBUART_std.o"
Deleting file ".\ARM_GCC_541\Debug\USBUART_vnd.o"
Deleting file ".\ARM_GCC_541\Debug\USBUART_midi.o"
Deleting file ".\ARM_GCC_541\Debug\USBUART_msc.o"
Deleting file ".\ARM_GCC_541\Debug\LCD.o"
Deleting file ".\ARM_GCC_541\Debug\LCD_PM.o"
Deleting file ".\ARM_GCC_541\Debug\SDA_1.o"
Deleting file ".\ARM_GCC_541\Debug\SCL_1.o"
Deleting file ".\ARM_GCC_541\Debug\I2C_EEPROM.o"
Deleting file ".\ARM_GCC_541\Debug\I2C_EEPROM_BOOT.o"
Deleting file ".\ARM_GCC_541\Debug\I2C_EEPROM_INT.o"
Deleting file ".\ARM_GCC_541\Debug\I2C_EEPROM_PM.o"
Deleting file ".\ARM_GCC_541\Debug\I2C_EEPROM_SLAVE.o"
Deleting file ".\ARM_GCC_541\Debug\I2C_EEPROM_MASTER.o"
Deleting file ".\ARM_GCC_541\Debug\USBUART_Dm.o"
Deleting file ".\ARM_GCC_541\Debug\USBUART_Dp.o"
Deleting file ".\ARM_GCC_541\Debug\LCD_LCDPort.o"
Deleting file ".\ARM_GCC_541\Debug\cy_em_eeprom.o"
Deleting file ".\ARM_GCC_541\Debug\Cm3Start.o"
Deleting file ".\ARM_GCC_541\Debug\CyBootAsmGnu.o"
Deleting file ".\ARM_GCC_541\Debug\CyDmac.o"
Deleting file ".\ARM_GCC_541\Debug\CyFlash.o"
Deleting file ".\ARM_GCC_541\Debug\CyLib.o"
Deleting file ".\ARM_GCC_541\Debug\cyPm.o"
Deleting file ".\ARM_GCC_541\Debug\CySpc.o"
Deleting file ".\ARM_GCC_541\Debug\cyutils.o"
Deleting file ".\ARM_GCC_541\Debug\RPS_PSOC5_01.hex"
Deleting file ".\ARM_GCC_541\Debug\RPS_PSOC5_01.elf"
Deleting file ".\ARM_GCC_541\Debug\RPS_PSOC5_01.map"
Deleting file ".\RPS_PSOC5_01.rpt"
Deleting file ".\RPS_PSOC5_01_timing.html"
Deleting file ".\ARM_GCC_541\Debug\.deps\SOURCE_C__ARM_GCC_GENERIC.P"
Deleting file ".\ARM_GCC_541\Debug\.deps\SOURCE_ASM__ARM_GCC_GENERIC.P"
cydsfit.exe -.appdatapath "C:\Users\dgilliland\AppData\Local\Cypress Semiconductor\PSoC Creator\4.2" -.fdsnotice -.fdswarpdepfile=warp_dependencies.txt -.fdselabdepfile=elab_dependencies.txt -.fdsbldfile=generated_files.txt -.fdsreffile=referenced_files.txt -p C:\Users\dgilliland\Documents\GitHub\RPI_PSOC5\RPS_PSOC5_01\RPS_PSOC5_01.cydsn\RPS_PSOC5_01.cyprj -d CY8C5287AXI-LP095 -s C:\Users\dgilliland\Documents\GitHub\RPI_PSOC5\RPS_PSOC5_01\RPS_PSOC5_01.cydsn\Generated_Source\PSoC5 -- -yv2 -q10 -ygs -o2 -v3 -.fftcfgtype=LE
Elaborating Design...
HDL Generation...
Synthesis...
Tech Mapping...
ADD: pft.M0040: information: The following 6 pin(s) will be assigned a location by the fitter: \LCD:LCDPort(1)\, \LCD:LCDPort(2)\, \LCD:LCDPort(3)\, \LCD:LCDPort(4)\, \LCD:LCDPort(5)\, \LCD:LCDPort(6)\
Analog Placement...
Error: apr.M0039: IO "PORT0D4(0)" cannot be placed into "P0[4]" because it would require more output enable signals than the port has.  Pick a different place for this IO. (App=cydsfit)
Error: apr.M0039: IO "PORT0D5(0)" cannot be placed into "P0[5]" because it would require more output enable signals than the port has.  Pick a different place for this IO. (App=cydsfit)
Error: apr.M0039: IO "PORT0D6(0)" cannot be placed into "P0[6]" because it would require more output enable signals than the port has.  Pick a different place for this IO. (App=cydsfit)
Error: apr.M0039: IO "PORT0D7(0)" cannot be placed into "P0[7]" because it would require more output enable signals than the port has.  Pick a different place for this IO. (App=cydsfit)
Dependency Generation...
Cleanup...
Error: fit.M0050: The fitter aborted due to errors, please address all errors and rebuild. (App=cydsfit)
--------------- Rebuild Failed: 10/07/2019 08:23:22 ---------------
