C51 COMPILER V8.16   LCD_PM                                                                12/13/2010 22:57:37 PAGE 1   


C51 COMPILER V8.16, COMPILATION OF MODULE LCD_PM
OBJECT MODULE PLACED IN C:/Documents and Settings/akay/My Documents/Example Projects/PSoC3 I2C EEPROM/Example_I2C_EEPROM/Example_I2C_EEPROM.cydsn/DP8051_Keil_816/Debug/LCD_PM.OBJ
COMPILER INVOKED BY: C:\Program Files\Cypress\PSoC Creator\1.0\PSoC Creator\import\keil\pk51\8.16\C51\BIN\c51.exe C:\Doc
                    -uments and Settings\akay\My Documents\Example Projects\PSoC3 I2C EEPROM\Example_I2C_EEPROM\Example_I2C_EEPROM.cydsn\Gene
                    -rated_Source\PSoC3\LCD_PM.c NOIV LARGE MODDP2 OMF2 VB(1) PR(C:/Documents and Settings/akay/My Documents/Example Projects
                    -/PSoC3 I2C EEPROM/Example_I2C_EEPROM/Example_I2C_EEPROM.cydsn/DP8051_Keil_816/Debug/LCD_PM.lst) DB NOIP OT(0) INCDIR(Gen
                    -erated_Source/PSoC3) OJ(C:/Documents and Settings/akay/My Documents/Example Projects/PSoC3 I2C EEPROM/Example_I2C_EEPROM
                    -/Example_I2C_EEPROM.cydsn/DP8051_Keil_816/Debug/LCD_PM.OBJ)

line level    source

   1          /*******************************************************************************
   2          * File Name: LCD_PM.c
   3          * Version 1.50
   4          *
   5          * Description:
   6          *  This file provides the API source code for the Static Segment LCD component.
   7          *
   8          * Note:
   9          *
  10          ********************************************************************************
  11          * Copyright 2008-2010, Cypress Semiconductor Corporation.  All rights reserved.
  12          * You may use this file only in accordance with the license, terms, conditions,
  13          * disclaimers, and limitations in the end user license agreement accompanying
  14          * the software package with which this file was provided.
  15          *******************************************************************************/
  16          
  17          #include "LCD.h"
  18          
  19          
  20          void LCD_SaveConfig(void) ;
  21          void LCD_RestoreConfig(void) ;
  22          extern void LCD_Enable(void);
  23          
  24          static LCD_BACKUP_STRUCT LCD_backup;
  25          
  26          extern uint8 LCD_enableState;
  27          
  28          
  29          /*******************************************************************************
  30          * Function Name: LCD_SaveConfig
  31          ********************************************************************************
  32          *
  33          * Summary:
  34          *  Does nothing, provided for consistency.
  35          *
  36          * Parameters:
  37          *  None.
  38          *
  39          * Return:
  40          *  None.
  41          *
  42          *******************************************************************************/
  43          void LCD_SaveConfig(void)
  44          {
  45   1      }
  46          
  47          
  48          /*******************************************************************************
  49          * Function Name: LCD_RestoreConfig
  50          ********************************************************************************
C51 COMPILER V8.16   LCD_PM                                                                12/13/2010 22:57:37 PAGE 2   

  51          *
  52          * Summary:
  53          *  Does nothing, provided for consistency.
  54          *  
  55          * Parameters:
  56          *  None.
  57          *
  58          * Return:
  59          *  None.
  60          *
  61          *******************************************************************************/
  62          void LCD_RestoreConfig(void) 
  63          {
  64   1      }
  65          
  66          
  67          /*******************************************************************************
  68          * Function Name: LCD_Sleep
  69          ********************************************************************************
  70          *
  71          * Summary:
  72          *  Prepares component for entering the sleep mode.
  73          *
  74          * Parameters:
  75          *  None.
  76          *
  77          * Return:
  78          *  None.
  79          *
  80          * Reentrant:
  81          *  No.
  82          *
  83          *******************************************************************************/
  84          void LCD_Sleep(void)
  85          {
  86   1          LCD_backup.enableState = LCD_enableState;
  87   1          LCD_SaveConfig();
  88   1          LCD_Stop();
  89   1      }
  90          
  91          
  92          /*******************************************************************************
  93          * Function Name: LCD_Wakeup
  94          ********************************************************************************
  95          *
  96          * Summary:
  97          *  Wakes component from sleep mode. Configures DMA and enables the component for
  98          *  normal operation.
  99          *
 100          * Parameters:
 101          *  LCD_enableState - Global variable.
 102          *
 103          * Return:
 104          *  Status one of standard status for PSoC3 Component
 105          *       CYRET_SUCCESS - Function completed successfully.
 106          *       CYRET_LOCKED - The object was locked, already in use. Some of TDs or
 107          *                      a channel already in use.
 108          *
 109          * Reentrant:
 110          *  No.
 111          *
 112          *******************************************************************************/
C51 COMPILER V8.16   LCD_PM                                                                12/13/2010 22:57:37 PAGE 3   

 113          void LCD_Wakeup(void)
 114          {
 115   1          LCD_RestoreConfig();
 116   1          
 117   1          if(LCD_backup.enableState == 1u)
 118   1          {
 119   2              LCD_Enable();
 120   2          }
 121   1      }
 122          
 123          
 124          /* [] END OF FILE */


MODULE INFORMATION:   STATIC OVERLAYABLE
   CODE SIZE        =     35    ----
   CONSTANT SIZE    =   ----    ----
   XDATA SIZE       =      1    ----
   PDATA SIZE       =   ----    ----
   DATA SIZE        =   ----    ----
   IDATA SIZE       =   ----    ----
   BIT SIZE         =   ----    ----
   EDATA SIZE       =   ----    ----
   HDATA SIZE       =   ----    ----
   XDATA CONST SIZE =   ----    ----
   FAR CONST SIZE   =   ----    ----
END OF MODULE INFORMATION.


C51 COMPILATION COMPLETE.  0 WARNING(S),  0 ERROR(S)
