ARM GAS  C:\DOCUME~1\akay\LOCALS~1\Temp\ccFaUrqt.s 			page 1


   1              		.syntax unified
   2              		.cpu cortex-m3
   3              		.fpu softvfp
   4              		.eabi_attribute 20, 1
   5              		.eabi_attribute 21, 1
   6              		.eabi_attribute 23, 3
   7              		.eabi_attribute 24, 1
   8              		.eabi_attribute 25, 1
   9              		.eabi_attribute 26, 1
  10              		.eabi_attribute 30, 6
  11              		.eabi_attribute 18, 4
  12              		.thumb
  13              		.file	"cyutils.c"
  14              		.section	.debug_abbrev,"",%progbits
  15              	.Ldebug_abbrev0:
  16              		.section	.debug_info,"",%progbits
  17              	.Ldebug_info0:
  18              		.section	.debug_line,"",%progbits
  19              	.Ldebug_line0:
  20 0000 63000000 		.text
  20      02004600 
  20      00000201 
  20      FB0E0D00 
  20      01010101 
  21              	.Ltext0:
  22              		.cfi_sections	.debug_frame
  23              		.section	.text.CySetReg24,"ax",%progbits
  24              		.align	2
  25              		.global	CySetReg24
  26              		.thumb
  27              		.thumb_func
  28              		.type	CySetReg24, %function
  29              	CySetReg24:
  30              	.LFB0:
  31              		.file 1 "./Generated_Source/PSoC5/cyutils.c"
   1:./Generated_Source/PSoC5/cyutils.c **** /*******************************************************************************
   2:./Generated_Source/PSoC5/cyutils.c **** * FILENAME: cyutils.c
   3:./Generated_Source/PSoC5/cyutils.c **** * Version 2.0
   4:./Generated_Source/PSoC5/cyutils.c **** *  
   5:./Generated_Source/PSoC5/cyutils.c **** *  Description:
   6:./Generated_Source/PSoC5/cyutils.c **** *   CyUtils provides functions to handles endian issues for 16 and 32-bit 
   7:./Generated_Source/PSoC5/cyutils.c **** *   registers.
   8:./Generated_Source/PSoC5/cyutils.c **** * 
   9:./Generated_Source/PSoC5/cyutils.c **** *  Note:
  10:./Generated_Source/PSoC5/cyutils.c **** *
  11:./Generated_Source/PSoC5/cyutils.c **** *******************************************************************************
  12:./Generated_Source/PSoC5/cyutils.c **** * Copyright 2008-2010, Cypress Semiconductor Corporation.  All rights reserved.
  13:./Generated_Source/PSoC5/cyutils.c **** * You may use this file only in accordance with the license, terms, conditions, 
  14:./Generated_Source/PSoC5/cyutils.c **** * disclaimers, and limitations in the end user license agreement accompanying 
  15:./Generated_Source/PSoC5/cyutils.c **** * the software package with which this file was provided.
  16:./Generated_Source/PSoC5/cyutils.c **** ********************************************************************************/
  17:./Generated_Source/PSoC5/cyutils.c **** 
  18:./Generated_Source/PSoC5/cyutils.c **** #include <cytypes.h>
  19:./Generated_Source/PSoC5/cyutils.c **** 
  20:./Generated_Source/PSoC5/cyutils.c **** #if defined(__GNUC__) || defined(__ARMCC_VERSION)
  21:./Generated_Source/PSoC5/cyutils.c **** void CySetReg24(uint8 volatile *addr, uint32 value)
  22:./Generated_Source/PSoC5/cyutils.c **** {
ARM GAS  C:\DOCUME~1\akay\LOCALS~1\Temp\ccFaUrqt.s 			page 2


  32              		.loc 1 22 0
  33              		.cfi_startproc
  34              		@ args = 0, pretend = 0, frame = 8
  35              		@ frame_needed = 1, uses_anonymous_args = 0
  36              		@ link register save eliminated.
  37 0000 80B4     		push	{r7}
  38              	.LCFI0:
  39              		.cfi_def_cfa_offset 4
  40 0002 83B0     		sub	sp, sp, #12
  41              	.LCFI1:
  42              		.cfi_def_cfa_offset 16
  43 0004 00AF     		add	r7, sp, #0
  44              		.cfi_offset 7, -4
  45              	.LCFI2:
  46              		.cfi_def_cfa_register 7
  47 0006 7860     		str	r0, [r7, #4]
  48 0008 3960     		str	r1, [r7, #0]
  23:./Generated_Source/PSoC5/cyutils.c **** 	*addr = (uint8)value;
  49              		.loc 1 23 0
  50 000a 3B68     		ldr	r3, [r7, #0]
  51 000c DAB2     		uxtb	r2, r3
  52 000e 7B68     		ldr	r3, [r7, #4]
  53 0010 1A70     		strb	r2, [r3, #0]
  24:./Generated_Source/PSoC5/cyutils.c **** 	addr++;
  54              		.loc 1 24 0
  55 0012 7B68     		ldr	r3, [r7, #4]
  56 0014 03F10103 		add	r3, r3, #1
  57 0018 7B60     		str	r3, [r7, #4]
  25:./Generated_Source/PSoC5/cyutils.c **** 	value >>= 8;
  58              		.loc 1 25 0
  59 001a 3B68     		ldr	r3, [r7, #0]
  60 001c 4FEA1323 		lsr	r3, r3, #8
  61 0020 3B60     		str	r3, [r7, #0]
  26:./Generated_Source/PSoC5/cyutils.c **** 	*addr = (uint8)value;
  62              		.loc 1 26 0
  63 0022 3B68     		ldr	r3, [r7, #0]
  64 0024 DAB2     		uxtb	r2, r3
  65 0026 7B68     		ldr	r3, [r7, #4]
  66 0028 1A70     		strb	r2, [r3, #0]
  27:./Generated_Source/PSoC5/cyutils.c **** 	addr++;
  67              		.loc 1 27 0
  68 002a 7B68     		ldr	r3, [r7, #4]
  69 002c 03F10103 		add	r3, r3, #1
  70 0030 7B60     		str	r3, [r7, #4]
  28:./Generated_Source/PSoC5/cyutils.c **** 	value >>= 8;
  71              		.loc 1 28 0
  72 0032 3B68     		ldr	r3, [r7, #0]
  73 0034 4FEA1323 		lsr	r3, r3, #8
  74 0038 3B60     		str	r3, [r7, #0]
  29:./Generated_Source/PSoC5/cyutils.c **** 	*addr = (uint8)value;
  75              		.loc 1 29 0
  76 003a 3B68     		ldr	r3, [r7, #0]
  77 003c DAB2     		uxtb	r2, r3
  78 003e 7B68     		ldr	r3, [r7, #4]
  79 0040 1A70     		strb	r2, [r3, #0]
  30:./Generated_Source/PSoC5/cyutils.c **** }
  80              		.loc 1 30 0
ARM GAS  C:\DOCUME~1\akay\LOCALS~1\Temp\ccFaUrqt.s 			page 3


  81 0042 07F10C07 		add	r7, r7, #12
  82 0046 BD46     		mov	sp, r7
  83 0048 80BC     		pop	{r7}
  84 004a 7047     		bx	lr
  85              		.cfi_endproc
  86              	.LFE0:
  87              		.size	CySetReg24, .-CySetReg24
  88              		.text
  89              	.Letext0:
  90              		.section	.debug_loc,"",%progbits
  91              	.Ldebug_loc0:
  92              	.LLST0:
  93 0000 00000000 		.4byte	.LFB0
  94 0004 02000000 		.4byte	.LCFI0
  95 0008 0100     		.2byte	0x1
  96 000a 5D       		.byte	0x5d
  97 000b 02000000 		.4byte	.LCFI0
  98 000f 04000000 		.4byte	.LCFI1
  99 0013 0200     		.2byte	0x2
 100 0015 7D       		.byte	0x7d
 101 0016 04       		.sleb128 4
 102 0017 04000000 		.4byte	.LCFI1
 103 001b 06000000 		.4byte	.LCFI2
 104 001f 0200     		.2byte	0x2
 105 0021 7D       		.byte	0x7d
 106 0022 10       		.sleb128 16
 107 0023 06000000 		.4byte	.LCFI2
 108 0027 4C000000 		.4byte	.LFE0
 109 002b 0200     		.2byte	0x2
 110 002d 77       		.byte	0x77
 111 002e 10       		.sleb128 16
 112 002f 00000000 		.4byte	0x0
 113 0033 00000000 		.4byte	0x0
 114              		.file 2 "./Generated_Source/PSoC5/cytypes.h"
 115              		.section	.debug_info
 116 0000 CA000000 		.4byte	0xca
 117 0004 0200     		.2byte	0x2
 118 0006 00000000 		.4byte	.Ldebug_abbrev0
 119 000a 04       		.byte	0x4
 120 000b 01       		.uleb128 0x1
 121 000c 1F010000 		.4byte	.LASF14
 122 0010 01       		.byte	0x1
 123 0011 FC000000 		.4byte	.LASF15
 124 0015 0E000000 		.4byte	.LASF16
 125 0019 00000000 		.4byte	0x0
 126 001d 00000000 		.4byte	0x0
 127 0021 00000000 		.4byte	.Ldebug_ranges0+0x0
 128 0025 00000000 		.4byte	.Ldebug_line0
 129 0029 02       		.uleb128 0x2
 130 002a 01       		.byte	0x1
 131 002b 06       		.byte	0x6
 132 002c 49010000 		.4byte	.LASF0
 133 0030 02       		.uleb128 0x2
 134 0031 01       		.byte	0x1
 135 0032 08       		.byte	0x8
 136 0033 9E000000 		.4byte	.LASF1
 137 0037 02       		.uleb128 0x2
ARM GAS  C:\DOCUME~1\akay\LOCALS~1\Temp\ccFaUrqt.s 			page 4


 138 0038 02       		.byte	0x2
 139 0039 05       		.byte	0x5
 140 003a 30010000 		.4byte	.LASF2
 141 003e 02       		.uleb128 0x2
 142 003f 02       		.byte	0x2
 143 0040 07       		.byte	0x7
 144 0041 BE000000 		.4byte	.LASF3
 145 0045 02       		.uleb128 0x2
 146 0046 04       		.byte	0x4
 147 0047 05       		.byte	0x5
 148 0048 40010000 		.4byte	.LASF4
 149 004c 02       		.uleb128 0x2
 150 004d 04       		.byte	0x4
 151 004e 07       		.byte	0x7
 152 004f AC000000 		.4byte	.LASF5
 153 0053 02       		.uleb128 0x2
 154 0054 08       		.byte	0x8
 155 0055 05       		.byte	0x5
 156 0056 00000000 		.4byte	.LASF6
 157 005a 02       		.uleb128 0x2
 158 005b 08       		.byte	0x8
 159 005c 07       		.byte	0x7
 160 005d E5000000 		.4byte	.LASF7
 161 0061 03       		.uleb128 0x3
 162 0062 04       		.byte	0x4
 163 0063 05       		.byte	0x5
 164 0064 696E7400 		.ascii	"int\000"
 165 0068 02       		.uleb128 0x2
 166 0069 04       		.byte	0x4
 167 006a 07       		.byte	0x7
 168 006b D8000000 		.4byte	.LASF8
 169 006f 02       		.uleb128 0x2
 170 0070 01       		.byte	0x1
 171 0071 08       		.byte	0x8
 172 0072 2B010000 		.4byte	.LASF9
 173 0076 04       		.uleb128 0x4
 174 0077 3A010000 		.4byte	.LASF10
 175 007b 02       		.byte	0x2
 176 007c 2A       		.byte	0x2a
 177 007d 30000000 		.4byte	0x30
 178 0081 04       		.uleb128 0x4
 179 0082 D1000000 		.4byte	.LASF11
 180 0086 02       		.byte	0x2
 181 0087 2C       		.byte	0x2c
 182 0088 4C000000 		.4byte	0x4c
 183 008c 05       		.uleb128 0x5
 184 008d 76000000 		.4byte	0x76
 185 0091 06       		.uleb128 0x6
 186 0092 01       		.byte	0x1
 187 0093 8E000000 		.4byte	.LASF17
 188 0097 01       		.byte	0x1
 189 0098 15       		.byte	0x15
 190 0099 01       		.byte	0x1
 191 009a 00000000 		.4byte	.LFB0
 192 009e 4C000000 		.4byte	.LFE0
 193 00a2 00000000 		.4byte	.LLST0
 194 00a6 C7000000 		.4byte	0xc7
ARM GAS  C:\DOCUME~1\akay\LOCALS~1\Temp\ccFaUrqt.s 			page 5


 195 00aa 07       		.uleb128 0x7
 196 00ab 99000000 		.4byte	.LASF12
 197 00af 01       		.byte	0x1
 198 00b0 15       		.byte	0x15
 199 00b1 C7000000 		.4byte	0xc7
 200 00b5 02       		.byte	0x2
 201 00b6 91       		.byte	0x91
 202 00b7 74       		.sleb128 -12
 203 00b8 07       		.uleb128 0x7
 204 00b9 88000000 		.4byte	.LASF13
 205 00bd 01       		.byte	0x1
 206 00be 15       		.byte	0x15
 207 00bf 81000000 		.4byte	0x81
 208 00c3 02       		.byte	0x2
 209 00c4 91       		.byte	0x91
 210 00c5 70       		.sleb128 -16
 211 00c6 00       		.byte	0x0
 212 00c7 08       		.uleb128 0x8
 213 00c8 04       		.byte	0x4
 214 00c9 8C000000 		.4byte	0x8c
 215 00cd 00       		.byte	0x0
 216              		.section	.debug_abbrev
 217 0000 01       		.uleb128 0x1
 218 0001 11       		.uleb128 0x11
 219 0002 01       		.byte	0x1
 220 0003 25       		.uleb128 0x25
 221 0004 0E       		.uleb128 0xe
 222 0005 13       		.uleb128 0x13
 223 0006 0B       		.uleb128 0xb
 224 0007 03       		.uleb128 0x3
 225 0008 0E       		.uleb128 0xe
 226 0009 1B       		.uleb128 0x1b
 227 000a 0E       		.uleb128 0xe
 228 000b 11       		.uleb128 0x11
 229 000c 01       		.uleb128 0x1
 230 000d 52       		.uleb128 0x52
 231 000e 01       		.uleb128 0x1
 232 000f 55       		.uleb128 0x55
 233 0010 06       		.uleb128 0x6
 234 0011 10       		.uleb128 0x10
 235 0012 06       		.uleb128 0x6
 236 0013 00       		.byte	0x0
 237 0014 00       		.byte	0x0
 238 0015 02       		.uleb128 0x2
 239 0016 24       		.uleb128 0x24
 240 0017 00       		.byte	0x0
 241 0018 0B       		.uleb128 0xb
 242 0019 0B       		.uleb128 0xb
 243 001a 3E       		.uleb128 0x3e
 244 001b 0B       		.uleb128 0xb
 245 001c 03       		.uleb128 0x3
 246 001d 0E       		.uleb128 0xe
 247 001e 00       		.byte	0x0
 248 001f 00       		.byte	0x0
 249 0020 03       		.uleb128 0x3
 250 0021 24       		.uleb128 0x24
 251 0022 00       		.byte	0x0
ARM GAS  C:\DOCUME~1\akay\LOCALS~1\Temp\ccFaUrqt.s 			page 6


 252 0023 0B       		.uleb128 0xb
 253 0024 0B       		.uleb128 0xb
 254 0025 3E       		.uleb128 0x3e
 255 0026 0B       		.uleb128 0xb
 256 0027 03       		.uleb128 0x3
 257 0028 08       		.uleb128 0x8
 258 0029 00       		.byte	0x0
 259 002a 00       		.byte	0x0
 260 002b 04       		.uleb128 0x4
 261 002c 16       		.uleb128 0x16
 262 002d 00       		.byte	0x0
 263 002e 03       		.uleb128 0x3
 264 002f 0E       		.uleb128 0xe
 265 0030 3A       		.uleb128 0x3a
 266 0031 0B       		.uleb128 0xb
 267 0032 3B       		.uleb128 0x3b
 268 0033 0B       		.uleb128 0xb
 269 0034 49       		.uleb128 0x49
 270 0035 13       		.uleb128 0x13
 271 0036 00       		.byte	0x0
 272 0037 00       		.byte	0x0
 273 0038 05       		.uleb128 0x5
 274 0039 35       		.uleb128 0x35
 275 003a 00       		.byte	0x0
 276 003b 49       		.uleb128 0x49
 277 003c 13       		.uleb128 0x13
 278 003d 00       		.byte	0x0
 279 003e 00       		.byte	0x0
 280 003f 06       		.uleb128 0x6
 281 0040 2E       		.uleb128 0x2e
 282 0041 01       		.byte	0x1
 283 0042 3F       		.uleb128 0x3f
 284 0043 0C       		.uleb128 0xc
 285 0044 03       		.uleb128 0x3
 286 0045 0E       		.uleb128 0xe
 287 0046 3A       		.uleb128 0x3a
 288 0047 0B       		.uleb128 0xb
 289 0048 3B       		.uleb128 0x3b
 290 0049 0B       		.uleb128 0xb
 291 004a 27       		.uleb128 0x27
 292 004b 0C       		.uleb128 0xc
 293 004c 11       		.uleb128 0x11
 294 004d 01       		.uleb128 0x1
 295 004e 12       		.uleb128 0x12
 296 004f 01       		.uleb128 0x1
 297 0050 40       		.uleb128 0x40
 298 0051 06       		.uleb128 0x6
 299 0052 01       		.uleb128 0x1
 300 0053 13       		.uleb128 0x13
 301 0054 00       		.byte	0x0
 302 0055 00       		.byte	0x0
 303 0056 07       		.uleb128 0x7
 304 0057 05       		.uleb128 0x5
 305 0058 00       		.byte	0x0
 306 0059 03       		.uleb128 0x3
 307 005a 0E       		.uleb128 0xe
 308 005b 3A       		.uleb128 0x3a
ARM GAS  C:\DOCUME~1\akay\LOCALS~1\Temp\ccFaUrqt.s 			page 7


 309 005c 0B       		.uleb128 0xb
 310 005d 3B       		.uleb128 0x3b
 311 005e 0B       		.uleb128 0xb
 312 005f 49       		.uleb128 0x49
 313 0060 13       		.uleb128 0x13
 314 0061 02       		.uleb128 0x2
 315 0062 0A       		.uleb128 0xa
 316 0063 00       		.byte	0x0
 317 0064 00       		.byte	0x0
 318 0065 08       		.uleb128 0x8
 319 0066 0F       		.uleb128 0xf
 320 0067 00       		.byte	0x0
 321 0068 0B       		.uleb128 0xb
 322 0069 0B       		.uleb128 0xb
 323 006a 49       		.uleb128 0x49
 324 006b 13       		.uleb128 0x13
 325 006c 00       		.byte	0x0
 326 006d 00       		.byte	0x0
 327 006e 00       		.byte	0x0
 328              		.section	.debug_pubnames,"",%progbits
 329 0000 1D000000 		.4byte	0x1d
 330 0004 0200     		.2byte	0x2
 331 0006 00000000 		.4byte	.Ldebug_info0
 332 000a CE000000 		.4byte	0xce
 333 000e 91000000 		.4byte	0x91
 334 0012 43795365 		.ascii	"CySetReg24\000"
 334      74526567 
 334      323400
 335 001d 00000000 		.4byte	0x0
 336              		.section	.debug_aranges,"",%progbits
 337 0000 1C000000 		.4byte	0x1c
 338 0004 0200     		.2byte	0x2
 339 0006 00000000 		.4byte	.Ldebug_info0
 340 000a 04       		.byte	0x4
 341 000b 00       		.byte	0x0
 342 000c 0000     		.2byte	0x0
 343 000e 0000     		.2byte	0x0
 344 0010 00000000 		.4byte	.LFB0
 345 0014 4C000000 		.4byte	.LFE0-.LFB0
 346 0018 00000000 		.4byte	0x0
 347 001c 00000000 		.4byte	0x0
 348              		.section	.debug_ranges,"",%progbits
 349              	.Ldebug_ranges0:
 350 0000 00000000 		.4byte	.Ltext0
 351 0004 00000000 		.4byte	.Letext0
 352 0008 00000000 		.4byte	.LFB0
 353 000c 4C000000 		.4byte	.LFE0
 354 0010 00000000 		.4byte	0x0
 355 0014 00000000 		.4byte	0x0
 356              		.section	.debug_str,"MS",%progbits,1
 357              	.LASF6:
 358 0000 6C6F6E67 		.ascii	"long long int\000"
 358      206C6F6E 
 358      6720696E 
 358      7400
 359              	.LASF16:
 360 000e 433A5C44 		.ascii	"C:\\Documents and Settings\\akay\\My Documents\\Exa"
ARM GAS  C:\DOCUME~1\akay\LOCALS~1\Temp\ccFaUrqt.s 			page 8


 360      6F63756D 
 360      656E7473 
 360      20616E64 
 360      20536574 
 361 003d 6D706C65 		.ascii	"mple Projects\\PSoC3 I2C EEPROM\\Example_I2C_EEPROM"
 361      2050726F 
 361      6A656374 
 361      735C5053 
 361      6F433320 
 362 006e 5C457861 		.ascii	"\\Example_I2C_EEPROM.cydsn\000"
 362      6D706C65 
 362      5F493243 
 362      5F454550 
 362      524F4D2E 
 363              	.LASF13:
 364 0088 76616C75 		.ascii	"value\000"
 364      6500
 365              	.LASF17:
 366 008e 43795365 		.ascii	"CySetReg24\000"
 366      74526567 
 366      323400
 367              	.LASF12:
 368 0099 61646472 		.ascii	"addr\000"
 368      00
 369              	.LASF1:
 370 009e 756E7369 		.ascii	"unsigned char\000"
 370      676E6564 
 370      20636861 
 370      7200
 371              	.LASF5:
 372 00ac 6C6F6E67 		.ascii	"long unsigned int\000"
 372      20756E73 
 372      69676E65 
 372      6420696E 
 372      7400
 373              	.LASF3:
 374 00be 73686F72 		.ascii	"short unsigned int\000"
 374      7420756E 
 374      7369676E 
 374      65642069 
 374      6E7400
 375              	.LASF11:
 376 00d1 75696E74 		.ascii	"uint32\000"
 376      333200
 377              	.LASF8:
 378 00d8 756E7369 		.ascii	"unsigned int\000"
 378      676E6564 
 378      20696E74 
 378      00
 379              	.LASF7:
 380 00e5 6C6F6E67 		.ascii	"long long unsigned int\000"
 380      206C6F6E 
 380      6720756E 
 380      7369676E 
 380      65642069 
 381              	.LASF15:
 382 00fc 2E2F4765 		.ascii	"./Generated_Source/PSoC5/cyutils.c\000"
ARM GAS  C:\DOCUME~1\akay\LOCALS~1\Temp\ccFaUrqt.s 			page 9


 382      6E657261 
 382      7465645F 
 382      536F7572 
 382      63652F50 
 383              	.LASF14:
 384 011f 474E5520 		.ascii	"GNU C 4.4.1\000"
 384      4320342E 
 384      342E3100 
 385              	.LASF9:
 386 012b 63686172 		.ascii	"char\000"
 386      00
 387              	.LASF2:
 388 0130 73686F72 		.ascii	"short int\000"
 388      7420696E 
 388      7400
 389              	.LASF10:
 390 013a 75696E74 		.ascii	"uint8\000"
 390      3800
 391              	.LASF4:
 392 0140 6C6F6E67 		.ascii	"long int\000"
 392      20696E74 
 392      00
 393              	.LASF0:
 394 0149 7369676E 		.ascii	"signed char\000"
 394      65642063 
 394      68617200 
 395              		.ident	"GCC: (Sourcery G++ Lite 2010q1-188) 4.4.1"
