ARM GAS  C:\DOCUME~1\akay\LOCALS~1\Temp\ccUfU0JD.s 			page 1


   1              		.syntax unified
   2              		.cpu cortex-m3
   3              		.fpu softvfp
   4              		.eabi_attribute 20, 1
   5              		.eabi_attribute 21, 1
   6              		.eabi_attribute 23, 3
   7              		.eabi_attribute 24, 1
   8              		.eabi_attribute 25, 1
   9              		.eabi_attribute 26, 1
  10              		.eabi_attribute 30, 6
  11              		.eabi_attribute 18, 4
  12              		.thumb
  13              		.file	"I2C_PM.c"
  14              		.section	.debug_abbrev,"",%progbits
  15              	.Ldebug_abbrev0:
  16              		.section	.debug_info,"",%progbits
  17              	.Ldebug_info0:
  18              		.section	.debug_line,"",%progbits
  19              	.Ldebug_line0:
  20 0000 AD000000 		.text
  20      02004E00 
  20      00000201 
  20      FB0E0D00 
  20      01010101 
  21              	.Ltext0:
  22              		.cfi_sections	.debug_frame
  23              		.global	I2C_backup
  24              		.data
  25              		.align	2
  26              		.type	I2C_backup, %object
  27              		.size	I2C_backup, 2
  28              	I2C_backup:
  29 0000 00       		.byte	0
  30 0001 10       		.byte	16
  31 0002 0000     		.section	.text.I2C_SaveConfig,"ax",%progbits
  32              		.align	2
  33              		.global	I2C_SaveConfig
  34              		.thumb
  35              		.thumb_func
  36              		.type	I2C_SaveConfig, %function
  37              	I2C_SaveConfig:
  38              	.LFB0:
  39              		.file 1 "./Generated_Source/PSoC5/I2C_PM.c"
   1:./Generated_Source/PSoC5/I2C_PM.c **** /*******************************************************************************
   2:./Generated_Source/PSoC5/I2C_PM.c **** * File Name: I2C_PM.c
   3:./Generated_Source/PSoC5/I2C_PM.c **** * Version 2.0
   4:./Generated_Source/PSoC5/I2C_PM.c **** *
   5:./Generated_Source/PSoC5/I2C_PM.c **** * Description:
   6:./Generated_Source/PSoC5/I2C_PM.c **** *  This file provides Sleep APIs for I2C component.
   7:./Generated_Source/PSoC5/I2C_PM.c **** *
   8:./Generated_Source/PSoC5/I2C_PM.c **** * Note:
   9:./Generated_Source/PSoC5/I2C_PM.c **** *  None
  10:./Generated_Source/PSoC5/I2C_PM.c **** *
  11:./Generated_Source/PSoC5/I2C_PM.c **** ********************************************************************************
  12:./Generated_Source/PSoC5/I2C_PM.c **** * Copyright 2008-2010, Cypress Semiconductor Corporation.  All rights reserved.
  13:./Generated_Source/PSoC5/I2C_PM.c **** * You may use this file only in accordance with the license, terms, conditions, 
  14:./Generated_Source/PSoC5/I2C_PM.c **** * disclaimers, and limitations in the end user license agreement accompanying 
ARM GAS  C:\DOCUME~1\akay\LOCALS~1\Temp\ccUfU0JD.s 			page 2


  15:./Generated_Source/PSoC5/I2C_PM.c **** * the software package with which this file was provided.
  16:./Generated_Source/PSoC5/I2C_PM.c **** *******************************************************************************/
  17:./Generated_Source/PSoC5/I2C_PM.c **** 
  18:./Generated_Source/PSoC5/I2C_PM.c **** #include "I2C.h"
  19:./Generated_Source/PSoC5/I2C_PM.c **** 
  20:./Generated_Source/PSoC5/I2C_PM.c **** #if (I2C_ADDR_DECODE == I2C_HDWR_DECODE)
  21:./Generated_Source/PSoC5/I2C_PM.c ****     #define  I2C_DEFAULT_XCFG      (I2C_XCFG_HDWR_ADDR_EN | I2C_XCFG_CLK_EN)
  22:./Generated_Source/PSoC5/I2C_PM.c **** #else
  23:./Generated_Source/PSoC5/I2C_PM.c ****     #define  I2C_DEFAULT_XCFG      I2C_XCFG_CLK_EN
  24:./Generated_Source/PSoC5/I2C_PM.c **** #endif  /* End (I2C_ADDR_DECODE == I2C_HDWR_DECODE) */
  25:./Generated_Source/PSoC5/I2C_PM.c **** 
  26:./Generated_Source/PSoC5/I2C_PM.c **** #define I2C_DEFAULT_CFG     (I2C_ENABLE_SLAVE | I2C_ENABLE_MASTER | \
  27:./Generated_Source/PSoC5/I2C_PM.c ****                                           I2C_DEFAULT_CLK_RATE)
  28:./Generated_Source/PSoC5/I2C_PM.c ****                                                                                     
  29:./Generated_Source/PSoC5/I2C_PM.c **** /* Define active state */
  30:./Generated_Source/PSoC5/I2C_PM.c **** #if(I2C_IMPLEMENTATION == I2C_FF)
  31:./Generated_Source/PSoC5/I2C_PM.c ****     #define I2C_I2C_ENABLE_REG     I2C_ACT_PWRMGR_REG
  32:./Generated_Source/PSoC5/I2C_PM.c ****     #define I2C_IS_I2C_ENABLE(reg) ( ((reg) & I2C_ACT_PWR_EN) != 0u )
  33:./Generated_Source/PSoC5/I2C_PM.c **** #else
  34:./Generated_Source/PSoC5/I2C_PM.c ****     #define I2C_I2C_ENABLE_REG     I2C_CFG_REG
  35:./Generated_Source/PSoC5/I2C_PM.c ****     #define I2C_IS_I2C_ENABLE(reg) ( (((reg) & I2C_ENABLE_MASTER) != 0u) ? 1u : \
  36:./Generated_Source/PSoC5/I2C_PM.c ****                                                   (((reg)  & I2C_ENABLE_SLAVE) != 0u) ? 1u : 0u )
  37:./Generated_Source/PSoC5/I2C_PM.c **** #endif  /* End (I2C_IMPLEMENTATION == I2C_FF)*/
  38:./Generated_Source/PSoC5/I2C_PM.c **** 
  39:./Generated_Source/PSoC5/I2C_PM.c **** I2C_BACKUP_STRUCT I2C_backup =
  40:./Generated_Source/PSoC5/I2C_PM.c **** {   
  41:./Generated_Source/PSoC5/I2C_PM.c ****     0x00u, /* enableState; */
  42:./Generated_Source/PSoC5/I2C_PM.c ****         
  43:./Generated_Source/PSoC5/I2C_PM.c ****     #if ((I2C_IMPLEMENTATION == I2C_FF) && (I2C_ENABLE_WAKEUP == 0u))
  44:./Generated_Source/PSoC5/I2C_PM.c ****         I2C_DEFAULT_XCFG, /* xcfg */
  45:./Generated_Source/PSoC5/I2C_PM.c ****         I2C_DEFAULT_CFG,  /* cfg */
  46:./Generated_Source/PSoC5/I2C_PM.c **** 
  47:./Generated_Source/PSoC5/I2C_PM.c ****         #if (I2C_MODE & I2C_MODE_SLAVE)
  48:./Generated_Source/PSoC5/I2C_PM.c ****             (I2C_DEFAULT_ADDR & I2C_SADDR_MASK), /* addr */
  49:./Generated_Source/PSoC5/I2C_PM.c ****         #endif  /* End (I2C_MODE & I2C_MODE_SLAVE) */
  50:./Generated_Source/PSoC5/I2C_PM.c ****         
  51:./Generated_Source/PSoC5/I2C_PM.c ****         #if (I2C_PSOC3_ES2 || I2C_PSOC5_ES1)
  52:./Generated_Source/PSoC5/I2C_PM.c ****            I2C_DEFAULT_DIVIDE_FACTOR,
  53:./Generated_Source/PSoC5/I2C_PM.c ****         #else
  54:./Generated_Source/PSoC5/I2C_PM.c ****             LO8(I2C_DEFAULT_DIVIDE_FACTOR), /*  clk_div1 */
  55:./Generated_Source/PSoC5/I2C_PM.c ****             HI8(I2C_DEFAULT_DIVIDE_FACTOR), /*  clk_div2 */
  56:./Generated_Source/PSoC5/I2C_PM.c ****         #endif  /* End  (I2C_PSOC3_ES2 || I2C_PSOC5_ES1) */
  57:./Generated_Source/PSoC5/I2C_PM.c ****         
  58:./Generated_Source/PSoC5/I2C_PM.c ****     #else
  59:./Generated_Source/PSoC5/I2C_PM.c ****         #if (I2C_PSOC3_ES2 || I2C_PSOC5_ES1)
  60:./Generated_Source/PSoC5/I2C_PM.c ****             I2C_INT_ENABLE_MASK, /* int_mask */
  61:./Generated_Source/PSoC5/I2C_PM.c ****             
  62:./Generated_Source/PSoC5/I2C_PM.c ****             #if (I2C_MODE & I2C_MODE_SLAVE)
  63:./Generated_Source/PSoC5/I2C_PM.c ****                 (I2C_DEFAULT_ADDR & I2C_SADDR_MASK), /* addr */
  64:./Generated_Source/PSoC5/I2C_PM.c ****             #endif  /* End (I2C_MODE & I2C_MODE_SLAVE) */
  65:./Generated_Source/PSoC5/I2C_PM.c ****         #else
  66:./Generated_Source/PSoC5/I2C_PM.c ****             /* ES3 Saves: 
  67:./Generated_Source/PSoC5/I2C_PM.c ****                 - Status Int mask: int_mask;
  68:./Generated_Source/PSoC5/I2C_PM.c ****                 - D0 register: addr;
  69:./Generated_Source/PSoC5/I2C_PM.c ****                 - Auxiliary Control: aux_ctl;
  70:./Generated_Source/PSoC5/I2C_PM.c ****                 - Period Register;
  71:./Generated_Source/PSoC5/I2C_PM.c ****             */
ARM GAS  C:\DOCUME~1\akay\LOCALS~1\Temp\ccUfU0JD.s 			page 3


  72:./Generated_Source/PSoC5/I2C_PM.c ****         #endif  /* End (I2C_PSOC3_ES2 || I2C_PSOC5_ES1)*/
  73:./Generated_Source/PSoC5/I2C_PM.c ****         
  74:./Generated_Source/PSoC5/I2C_PM.c ****     #endif  /* End (I2C_IMPLEMENTATION == I2C_FF)*/
  75:./Generated_Source/PSoC5/I2C_PM.c **** };
  76:./Generated_Source/PSoC5/I2C_PM.c **** 
  77:./Generated_Source/PSoC5/I2C_PM.c **** 
  78:./Generated_Source/PSoC5/I2C_PM.c **** /*******************************************************************************
  79:./Generated_Source/PSoC5/I2C_PM.c **** * Function Name: I2C_SaveConfig
  80:./Generated_Source/PSoC5/I2C_PM.c **** ********************************************************************************
  81:./Generated_Source/PSoC5/I2C_PM.c **** *
  82:./Generated_Source/PSoC5/I2C_PM.c **** * Summary:
  83:./Generated_Source/PSoC5/I2C_PM.c **** *  Save I2C configuration.
  84:./Generated_Source/PSoC5/I2C_PM.c **** *
  85:./Generated_Source/PSoC5/I2C_PM.c **** * Parameters:
  86:./Generated_Source/PSoC5/I2C_PM.c **** *  void
  87:./Generated_Source/PSoC5/I2C_PM.c **** *
  88:./Generated_Source/PSoC5/I2C_PM.c **** * Return:
  89:./Generated_Source/PSoC5/I2C_PM.c **** *  void
  90:./Generated_Source/PSoC5/I2C_PM.c **** *
  91:./Generated_Source/PSoC5/I2C_PM.c **** * Reentrant:
  92:./Generated_Source/PSoC5/I2C_PM.c **** *  No
  93:./Generated_Source/PSoC5/I2C_PM.c **** *
  94:./Generated_Source/PSoC5/I2C_PM.c **** *******************************************************************************/
  95:./Generated_Source/PSoC5/I2C_PM.c **** void I2C_SaveConfig(void)
  96:./Generated_Source/PSoC5/I2C_PM.c **** {     
  40              		.loc 1 96 0
  41              		.cfi_startproc
  42              		@ args = 0, pretend = 0, frame = 0
  43              		@ frame_needed = 1, uses_anonymous_args = 0
  44              		@ link register save eliminated.
  45 0000 80B4     		push	{r7}
  46              	.LCFI0:
  47              		.cfi_def_cfa_offset 4
  48 0002 00AF     		add	r7, sp, #0
  49              		.cfi_offset 7, -4
  50              	.LCFI1:
  51              		.cfi_def_cfa_register 7
  97:./Generated_Source/PSoC5/I2C_PM.c ****     #if (I2C_IMPLEMENTATION == I2C_FF)
  98:./Generated_Source/PSoC5/I2C_PM.c ****        
  99:./Generated_Source/PSoC5/I2C_PM.c ****         #if (I2C_ENABLE_WAKEUP)
 100:./Generated_Source/PSoC5/I2C_PM.c ****             uint8 enableInterrupts;
 101:./Generated_Source/PSoC5/I2C_PM.c ****     
 102:./Generated_Source/PSoC5/I2C_PM.c ****             /* Need to disable Master */
 103:./Generated_Source/PSoC5/I2C_PM.c ****             #if (I2C_MODE & I2C_MODE_MASTER)
 104:./Generated_Source/PSoC5/I2C_PM.c ****                 I2C_CFG_REG &= ~I2C_CFG_EN_MSTR;
 105:./Generated_Source/PSoC5/I2C_PM.c ****             #endif  /* End (I2C_MODE & I2C_MODE_MASTER)*/
 106:./Generated_Source/PSoC5/I2C_PM.c ****             
 107:./Generated_Source/PSoC5/I2C_PM.c ****             enableInterrupts = CyEnterCriticalSection();
 108:./Generated_Source/PSoC5/I2C_PM.c ****             /* Enable the I2C regulator backup */
 109:./Generated_Source/PSoC5/I2C_PM.c ****             I2C_PWRSYS_CR1_REG |= I2C_PWRSYS_CR1_I2C_REG_BACKUP;
 110:./Generated_Source/PSoC5/I2C_PM.c ****             CyExitCriticalSection(enableInterrupts);
 111:./Generated_Source/PSoC5/I2C_PM.c ****             
 112:./Generated_Source/PSoC5/I2C_PM.c ****             /* 1) Set force NACK to ignore I2C transactions 
 113:./Generated_Source/PSoC5/I2C_PM.c ****                2) Wait while I2C will be ready to go Sleep 
 114:./Generated_Source/PSoC5/I2C_PM.c ****                3) This bits clears on wake up */
 115:./Generated_Source/PSoC5/I2C_PM.c ****             I2C_XCFG_REG  |= I2C_XCFG_FORCE_NACK;
 116:./Generated_Source/PSoC5/I2C_PM.c ****             while ((I2C_XCFG_REG  & I2C_XCFG_RDY_TO_SLEEP) == 0u);
ARM GAS  C:\DOCUME~1\akay\LOCALS~1\Temp\ccUfU0JD.s 			page 4


 117:./Generated_Source/PSoC5/I2C_PM.c ****                         
 118:./Generated_Source/PSoC5/I2C_PM.c ****         #else
 119:./Generated_Source/PSoC5/I2C_PM.c ****             I2C_backup.xcfg = I2C_XCFG_REG ;
 120:./Generated_Source/PSoC5/I2C_PM.c ****             I2C_backup.cfg  = I2C_CFG_REG;
 121:./Generated_Source/PSoC5/I2C_PM.c ****             
 122:./Generated_Source/PSoC5/I2C_PM.c ****             #if (I2C_MODE & I2C_MODE_SLAVE)
 123:./Generated_Source/PSoC5/I2C_PM.c ****                 I2C_backup.addr = I2C_ADDR_REG;
 124:./Generated_Source/PSoC5/I2C_PM.c ****             #endif  /* End (I2C_MODE & I2C_MODE_SLAVE) */
 125:./Generated_Source/PSoC5/I2C_PM.c ****             
 126:./Generated_Source/PSoC5/I2C_PM.c ****             #if (I2C_PSOC3_ES2 || I2C_PSOC5_ES1)
 127:./Generated_Source/PSoC5/I2C_PM.c ****                 I2C_backup.clk_div  = I2C_CLKDIV_REG;
 128:./Generated_Source/PSoC5/I2C_PM.c ****             
 129:./Generated_Source/PSoC5/I2C_PM.c ****             #else
 130:./Generated_Source/PSoC5/I2C_PM.c ****                 I2C_backup.clk_div1  = I2C_CLKDIV1_REG;
 131:./Generated_Source/PSoC5/I2C_PM.c ****                 I2C_backup.clk_div2  = I2C_CLKDIV2_REG;
 132:./Generated_Source/PSoC5/I2C_PM.c ****                     
 133:./Generated_Source/PSoC5/I2C_PM.c ****             #endif  /* End (I2C_PSOC3_ES2 || I2C_PSOC5_ES1) */
 134:./Generated_Source/PSoC5/I2C_PM.c ****             
 135:./Generated_Source/PSoC5/I2C_PM.c ****         #endif  /* End ((I2C_ENABLE_WAKEUP) && (I2C_I2C_PAIR_SELECTED)) */
 136:./Generated_Source/PSoC5/I2C_PM.c ****         
 137:./Generated_Source/PSoC5/I2C_PM.c ****     #else        
 138:./Generated_Source/PSoC5/I2C_PM.c ****         #if (I2C_PSOC3_ES2 || I2C_PSOC5_ES1)
 139:./Generated_Source/PSoC5/I2C_PM.c **** 
 140:./Generated_Source/PSoC5/I2C_PM.c ****             I2C_backup.int_mask = I2C_INT_MASK_REG;
  52              		.loc 1 140 0
  53 0004 46F28B43 		movw	r3, #:lower16:1073767563
  54 0008 C4F20003 		movt	r3, #:upper16:1073767563
  55 000c 1B78     		ldrb	r3, [r3, #0]
  56 000e DAB2     		uxtb	r2, r3
  57 0010 40F20003 		movw	r3, #:lower16:I2C_backup
  58 0014 C0F20003 		movt	r3, #:upper16:I2C_backup
  59 0018 5A70     		strb	r2, [r3, #1]
 141:./Generated_Source/PSoC5/I2C_PM.c ****         
 142:./Generated_Source/PSoC5/I2C_PM.c ****             #if (I2C_MODE & I2C_MODE_SLAVE)
 143:./Generated_Source/PSoC5/I2C_PM.c ****                 I2C_backup.addr = I2C_ADDR_REG;
 144:./Generated_Source/PSoC5/I2C_PM.c ****             
 145:./Generated_Source/PSoC5/I2C_PM.c ****             #endif  /* End (I2C_MODE & I2C_MODE_SLAVE) */
 146:./Generated_Source/PSoC5/I2C_PM.c ****             
 147:./Generated_Source/PSoC5/I2C_PM.c ****         #else
 148:./Generated_Source/PSoC5/I2C_PM.c ****         
 149:./Generated_Source/PSoC5/I2C_PM.c ****             /* Saves: 
 150:./Generated_Source/PSoC5/I2C_PM.c ****                 - Status Int mask: int_mask;
 151:./Generated_Source/PSoC5/I2C_PM.c ****                 - D0 register: addr;
 152:./Generated_Source/PSoC5/I2C_PM.c ****                 - Auxiliary Control: aux_ctl;
 153:./Generated_Source/PSoC5/I2C_PM.c ****                 - Period Register;
 154:./Generated_Source/PSoC5/I2C_PM.c ****                 - D0, D1 register: mclk_gen;  
 155:./Generated_Source/PSoC5/I2C_PM.c ****             */
 156:./Generated_Source/PSoC5/I2C_PM.c ****         #endif  /* End (I2C_PSOC3_ES2 || I2C_PSOC5_ES1) */
 157:./Generated_Source/PSoC5/I2C_PM.c ****         
 158:./Generated_Source/PSoC5/I2C_PM.c ****     #endif  /* End (I2C_IMPLEMENTATION == I2C_FF) */
 159:./Generated_Source/PSoC5/I2C_PM.c **** }
  60              		.loc 1 159 0
  61 001a BD46     		mov	sp, r7
  62 001c 80BC     		pop	{r7}
  63 001e 7047     		bx	lr
  64              		.cfi_endproc
  65              	.LFE0:
ARM GAS  C:\DOCUME~1\akay\LOCALS~1\Temp\ccUfU0JD.s 			page 5


  66              		.size	I2C_SaveConfig, .-I2C_SaveConfig
  67              		.section	.text.I2C_Sleep,"ax",%progbits
  68              		.align	2
  69              		.global	I2C_Sleep
  70              		.thumb
  71              		.thumb_func
  72              		.type	I2C_Sleep, %function
  73              	I2C_Sleep:
  74              	.LFB1:
 160:./Generated_Source/PSoC5/I2C_PM.c **** 
 161:./Generated_Source/PSoC5/I2C_PM.c **** 
 162:./Generated_Source/PSoC5/I2C_PM.c **** /*******************************************************************************
 163:./Generated_Source/PSoC5/I2C_PM.c **** * Function Name: I2C_Sleep
 164:./Generated_Source/PSoC5/I2C_PM.c **** ********************************************************************************
 165:./Generated_Source/PSoC5/I2C_PM.c **** *
 166:./Generated_Source/PSoC5/I2C_PM.c **** * Summary:
 167:./Generated_Source/PSoC5/I2C_PM.c **** *  Stops I2C computation and saves CRC configuration.
 168:./Generated_Source/PSoC5/I2C_PM.c **** *
 169:./Generated_Source/PSoC5/I2C_PM.c **** * Parameters:
 170:./Generated_Source/PSoC5/I2C_PM.c **** *  void
 171:./Generated_Source/PSoC5/I2C_PM.c **** *
 172:./Generated_Source/PSoC5/I2C_PM.c **** * Return:
 173:./Generated_Source/PSoC5/I2C_PM.c **** *  void
 174:./Generated_Source/PSoC5/I2C_PM.c **** *
 175:./Generated_Source/PSoC5/I2C_PM.c **** * Reentrant:
 176:./Generated_Source/PSoC5/I2C_PM.c **** *  No
 177:./Generated_Source/PSoC5/I2C_PM.c **** *
 178:./Generated_Source/PSoC5/I2C_PM.c **** *******************************************************************************/
 179:./Generated_Source/PSoC5/I2C_PM.c **** void I2C_Sleep(void)
 180:./Generated_Source/PSoC5/I2C_PM.c **** {
  75              		.loc 1 180 0
  76              		.cfi_startproc
  77              		@ args = 0, pretend = 0, frame = 0
  78              		@ frame_needed = 1, uses_anonymous_args = 0
  79 0000 80B5     		push	{r7, lr}
  80              	.LCFI2:
  81              		.cfi_def_cfa_offset 8
  82 0002 00AF     		add	r7, sp, #0
  83              		.cfi_offset 14, -4
  84              		.cfi_offset 7, -8
  85              	.LCFI3:
  86              		.cfi_def_cfa_register 7
 181:./Generated_Source/PSoC5/I2C_PM.c ****     #if (I2C_ENABLE_WAKEUP)
 182:./Generated_Source/PSoC5/I2C_PM.c ****         /* The I2C block should be always enabled if used as 
 183:./Generated_Source/PSoC5/I2C_PM.c ****            wakeup source. */
 184:./Generated_Source/PSoC5/I2C_PM.c ****     
 185:./Generated_Source/PSoC5/I2C_PM.c ****     #else
 186:./Generated_Source/PSoC5/I2C_PM.c ****         /* Store PRS enable state */
 187:./Generated_Source/PSoC5/I2C_PM.c ****         if(I2C_IS_I2C_ENABLE(I2C_I2C_ENABLE_REG))
  87              		.loc 1 187 0
  88 0004 46F27843 		movw	r3, #:lower16:1073767544
  89 0008 C4F20003 		movt	r3, #:upper16:1073767544
  90 000c 1B78     		ldrb	r3, [r3, #0]
  91 000e DBB2     		uxtb	r3, r3
  92 0010 03F00203 		and	r3, r3, #2
  93 0014 002B     		cmp	r3, #0
  94 0016 07D1     		bne	.L4
ARM GAS  C:\DOCUME~1\akay\LOCALS~1\Temp\ccUfU0JD.s 			page 6


  95 0018 46F27843 		movw	r3, #:lower16:1073767544
  96 001c C4F20003 		movt	r3, #:upper16:1073767544
  97 0020 1B78     		ldrb	r3, [r3, #0]
  98 0022 4FF00003 		mov	r3, #0
  99 0026 01E0     		b	.L5
 100              	.L4:
 101 0028 4FF00103 		mov	r3, #1
 102              	.L5:
 103 002c 002B     		cmp	r3, #0
 104 002e 09D0     		beq	.L6
 188:./Generated_Source/PSoC5/I2C_PM.c ****         {
 189:./Generated_Source/PSoC5/I2C_PM.c ****             I2C_backup.enableState = 1u;
 105              		.loc 1 189 0
 106 0030 40F20003 		movw	r3, #:lower16:I2C_backup
 107 0034 C0F20003 		movt	r3, #:upper16:I2C_backup
 108 0038 4FF00102 		mov	r2, #1
 109 003c 1A70     		strb	r2, [r3, #0]
 190:./Generated_Source/PSoC5/I2C_PM.c ****             I2C_Stop();
 110              		.loc 1 190 0
 111 003e FFF7FEFF 		bl	I2C_Stop
 112 0042 06E0     		b	.L7
 113              	.L6:
 191:./Generated_Source/PSoC5/I2C_PM.c ****         }
 192:./Generated_Source/PSoC5/I2C_PM.c ****         else
 193:./Generated_Source/PSoC5/I2C_PM.c ****         {
 194:./Generated_Source/PSoC5/I2C_PM.c ****             I2C_backup.enableState = 0u;
 114              		.loc 1 194 0
 115 0044 40F20003 		movw	r3, #:lower16:I2C_backup
 116 0048 C0F20003 		movt	r3, #:upper16:I2C_backup
 117 004c 4FF00002 		mov	r2, #0
 118 0050 1A70     		strb	r2, [r3, #0]
 119              	.L7:
 195:./Generated_Source/PSoC5/I2C_PM.c ****         }
 196:./Generated_Source/PSoC5/I2C_PM.c ****     #endif  /* End  (I2C_ENABLE_WAKEUP) */
 197:./Generated_Source/PSoC5/I2C_PM.c ****     
 198:./Generated_Source/PSoC5/I2C_PM.c ****     I2C_SaveConfig();
 120              		.loc 1 198 0
 121 0052 FFF7FEFF 		bl	I2C_SaveConfig
 199:./Generated_Source/PSoC5/I2C_PM.c **** }
 122              		.loc 1 199 0
 123 0056 80BD     		pop	{r7, pc}
 124              		.cfi_endproc
 125              	.LFE1:
 126              		.size	I2C_Sleep, .-I2C_Sleep
 127              		.section	.text.I2C_RestoreConfig,"ax",%progbits
 128              		.align	2
 129              		.global	I2C_RestoreConfig
 130              		.thumb
 131              		.thumb_func
 132              		.type	I2C_RestoreConfig, %function
 133              	I2C_RestoreConfig:
 134              	.LFB2:
 200:./Generated_Source/PSoC5/I2C_PM.c **** 
 201:./Generated_Source/PSoC5/I2C_PM.c **** 
 202:./Generated_Source/PSoC5/I2C_PM.c **** /*******************************************************************************
 203:./Generated_Source/PSoC5/I2C_PM.c **** * Function Name: I2C_RestoreConfig
 204:./Generated_Source/PSoC5/I2C_PM.c **** ********************************************************************************
ARM GAS  C:\DOCUME~1\akay\LOCALS~1\Temp\ccUfU0JD.s 			page 7


 205:./Generated_Source/PSoC5/I2C_PM.c **** *
 206:./Generated_Source/PSoC5/I2C_PM.c **** * Summary:
 207:./Generated_Source/PSoC5/I2C_PM.c **** *  Restore I2C computation.
 208:./Generated_Source/PSoC5/I2C_PM.c **** *
 209:./Generated_Source/PSoC5/I2C_PM.c **** * Parameters:
 210:./Generated_Source/PSoC5/I2C_PM.c **** *  void
 211:./Generated_Source/PSoC5/I2C_PM.c **** *
 212:./Generated_Source/PSoC5/I2C_PM.c **** * Return:
 213:./Generated_Source/PSoC5/I2C_PM.c **** *  void
 214:./Generated_Source/PSoC5/I2C_PM.c **** *
 215:./Generated_Source/PSoC5/I2C_PM.c **** *******************************************************************************/
 216:./Generated_Source/PSoC5/I2C_PM.c **** void I2C_RestoreConfig(void) 
 217:./Generated_Source/PSoC5/I2C_PM.c **** {
 135              		.loc 1 217 0
 136              		.cfi_startproc
 137              		@ args = 0, pretend = 0, frame = 0
 138              		@ frame_needed = 1, uses_anonymous_args = 0
 139              		@ link register save eliminated.
 140 0000 80B4     		push	{r7}
 141              	.LCFI4:
 142              		.cfi_def_cfa_offset 4
 143 0002 00AF     		add	r7, sp, #0
 144              		.cfi_offset 7, -4
 145              	.LCFI5:
 146              		.cfi_def_cfa_register 7
 218:./Generated_Source/PSoC5/I2C_PM.c ****     #if (I2C_IMPLEMENTATION == I2C_FF)
 219:./Generated_Source/PSoC5/I2C_PM.c ****     
 220:./Generated_Source/PSoC5/I2C_PM.c ****         #if ((I2C_ENABLE_WAKEUP) && (I2C_I2C_PAIR_SELECTED))
 221:./Generated_Source/PSoC5/I2C_PM.c ****             uint8 enableInterrupts;
 222:./Generated_Source/PSoC5/I2C_PM.c ****             
 223:./Generated_Source/PSoC5/I2C_PM.c ****             enableInterrupts = CyEnterCriticalSection();
 224:./Generated_Source/PSoC5/I2C_PM.c ****             /* Disable the I2C regulator backup */
 225:./Generated_Source/PSoC5/I2C_PM.c ****             I2C_PWRSYS_CR1_REG &= ~I2C_PWRSYS_CR1_I2C_REG_BACKUP;
 226:./Generated_Source/PSoC5/I2C_PM.c ****             CyExitCriticalSection(enableInterrupts);
 227:./Generated_Source/PSoC5/I2C_PM.c ****             
 228:./Generated_Source/PSoC5/I2C_PM.c ****             /* Need to re-enable Master */
 229:./Generated_Source/PSoC5/I2C_PM.c ****             #if (I2C_MODE & I2C_MODE_MASTER)
 230:./Generated_Source/PSoC5/I2C_PM.c ****                 I2C_CFG_REG |= I2C_CFG_EN_MSTR;
 231:./Generated_Source/PSoC5/I2C_PM.c ****             #endif  /* End (I2C_MODE & I2C_MODE_MASTER)*/
 232:./Generated_Source/PSoC5/I2C_PM.c ****             
 233:./Generated_Source/PSoC5/I2C_PM.c ****         #else
 234:./Generated_Source/PSoC5/I2C_PM.c ****             I2C_XCFG_REG = I2C_backup.xcfg;
 235:./Generated_Source/PSoC5/I2C_PM.c ****             I2C_CFG_REG = I2C_backup.cfg;
 236:./Generated_Source/PSoC5/I2C_PM.c ****         
 237:./Generated_Source/PSoC5/I2C_PM.c ****             #if (I2C_MODE & I2C_MODE_SLAVE)
 238:./Generated_Source/PSoC5/I2C_PM.c ****                 I2C_ADDR_REG = I2C_backup.addr;
 239:./Generated_Source/PSoC5/I2C_PM.c ****             #endif  /* End (I2C_MODE & I2C_MODE_SLAVE) */ 
 240:./Generated_Source/PSoC5/I2C_PM.c ****                 
 241:./Generated_Source/PSoC5/I2C_PM.c ****             #if (I2C_PSOC3_ES2 || I2C_PSOC5_ES1)
 242:./Generated_Source/PSoC5/I2C_PM.c ****                 I2C_CLKDIV_REG =I2C_backup.clk_div;
 243:./Generated_Source/PSoC5/I2C_PM.c ****             
 244:./Generated_Source/PSoC5/I2C_PM.c ****             #else   
 245:./Generated_Source/PSoC5/I2C_PM.c ****                 I2C_CLKDIV1_REG = I2C_backup.clk_div1;
 246:./Generated_Source/PSoC5/I2C_PM.c ****                 I2C_CLKDIV2_REG = I2C_backup.clk_div2;
 247:./Generated_Source/PSoC5/I2C_PM.c ****                     
 248:./Generated_Source/PSoC5/I2C_PM.c ****             #endif  /* End (I2C_PSOC3_ES2 || I2C_PSOC5_ES1) */
 249:./Generated_Source/PSoC5/I2C_PM.c ****         
ARM GAS  C:\DOCUME~1\akay\LOCALS~1\Temp\ccUfU0JD.s 			page 8


 250:./Generated_Source/PSoC5/I2C_PM.c ****         #endif  /* End (I2C_ENABLE_WAKEUP == 0u) */
 251:./Generated_Source/PSoC5/I2C_PM.c ****         
 252:./Generated_Source/PSoC5/I2C_PM.c ****     #else
 253:./Generated_Source/PSoC5/I2C_PM.c ****         
 254:./Generated_Source/PSoC5/I2C_PM.c ****         #if (I2C_PSOC3_ES2 || I2C_PSOC5_ES1)
 255:./Generated_Source/PSoC5/I2C_PM.c ****             I2C_INT_MASK_REG = I2C_backup.int_mask;
 147              		.loc 1 255 0
 148 0004 46F28B43 		movw	r3, #:lower16:1073767563
 149 0008 C4F20003 		movt	r3, #:upper16:1073767563
 150 000c 40F20002 		movw	r2, #:lower16:I2C_backup
 151 0010 C0F20002 		movt	r2, #:upper16:I2C_backup
 152 0014 5278     		ldrb	r2, [r2, #1]	@ zero_extendqisi2
 153 0016 1A70     		strb	r2, [r3, #0]
 256:./Generated_Source/PSoC5/I2C_PM.c ****         
 257:./Generated_Source/PSoC5/I2C_PM.c ****             #if (I2C_MODE & I2C_MODE_MASTER)
 258:./Generated_Source/PSoC5/I2C_PM.c ****             
 259:./Generated_Source/PSoC5/I2C_PM.c ****                 /* Restore Master Clock generator */
 260:./Generated_Source/PSoC5/I2C_PM.c ****                 I2C_MCLK_PRD_REG = I2C_MCLK_PERIOD_VALUE;
 154              		.loc 1 260 0
 155 0018 46F22C43 		movw	r3, #:lower16:1073767468
 156 001c C4F20003 		movt	r3, #:upper16:1073767468
 157 0020 4FF00F02 		mov	r2, #15
 158 0024 1A70     		strb	r2, [r3, #0]
 261:./Generated_Source/PSoC5/I2C_PM.c ****                 I2C_MCLK_CMP_REG = I2C_MCLK_COMPARE_VALUE;
 159              		.loc 1 261 0
 160 0026 46F23C43 		movw	r3, #:lower16:1073767484
 161 002a C4F20003 		movt	r3, #:upper16:1073767484
 162 002e 4FF00802 		mov	r2, #8
 163 0032 1A70     		strb	r2, [r3, #0]
 262:./Generated_Source/PSoC5/I2C_PM.c ****            
 263:./Generated_Source/PSoC5/I2C_PM.c ****             #endif /* End (I2C_MODE & I2C_MODE_MASTER) */
 264:./Generated_Source/PSoC5/I2C_PM.c **** 
 265:./Generated_Source/PSoC5/I2C_PM.c ****             #if (I2C_MODE & I2C_MODE_SLAVE)
 266:./Generated_Source/PSoC5/I2C_PM.c ****                 I2C_ADDR_REG = I2C_backup.addr;
 267:./Generated_Source/PSoC5/I2C_PM.c ****                 
 268:./Generated_Source/PSoC5/I2C_PM.c ****                 /* Restore Slave bit counter */
 269:./Generated_Source/PSoC5/I2C_PM.c ****                 I2C_PERIOD_REG = I2C_PERIOD_VALUE;
 270:./Generated_Source/PSoC5/I2C_PM.c ****             
 271:./Generated_Source/PSoC5/I2C_PM.c ****             #endif  /* End (I2C_MODE & I2C_MODE_SLAVE) */
 272:./Generated_Source/PSoC5/I2C_PM.c ****             
 273:./Generated_Source/PSoC5/I2C_PM.c ****         #else
 274:./Generated_Source/PSoC5/I2C_PM.c ****             /* Saves: 
 275:./Generated_Source/PSoC5/I2C_PM.c ****                 - Status Int mask: int_mask;
 276:./Generated_Source/PSoC5/I2C_PM.c ****                 - D0 register: addr;
 277:./Generated_Source/PSoC5/I2C_PM.c ****                 - Auxiliary Control: aux_ctl;
 278:./Generated_Source/PSoC5/I2C_PM.c ****                 - Period Register: always 7;
 279:./Generated_Source/PSoC5/I2C_PM.c ****             */
 280:./Generated_Source/PSoC5/I2C_PM.c ****         #endif  /* End (I2C_PSOC3_ES2 || I2C_PSOC5_ES1) */
 281:./Generated_Source/PSoC5/I2C_PM.c ****         
 282:./Generated_Source/PSoC5/I2C_PM.c ****         /* Restore Control register */
 283:./Generated_Source/PSoC5/I2C_PM.c ****         #if (I2C_MODE & I2C_MODE_SLAVE)
 284:./Generated_Source/PSoC5/I2C_PM.c ****             #if (I2C_ADDR_DECODE == I2C_HDWR_DECODE)
 285:./Generated_Source/PSoC5/I2C_PM.c ****                 /* Turn off any address match */
 286:./Generated_Source/PSoC5/I2C_PM.c ****                 I2C_CFG_REG &= ~(I2C_CTRL_ANY_ADDRESS_MASK);
 287:./Generated_Source/PSoC5/I2C_PM.c ****                 
 288:./Generated_Source/PSoC5/I2C_PM.c ****             #else
 289:./Generated_Source/PSoC5/I2C_PM.c ****                 /* Turn on any address match */
ARM GAS  C:\DOCUME~1\akay\LOCALS~1\Temp\ccUfU0JD.s 			page 9


 290:./Generated_Source/PSoC5/I2C_PM.c ****                 I2C_CFG_REG |= I2C_CTRL_ANY_ADDRESS_MASK;
 291:./Generated_Source/PSoC5/I2C_PM.c ****                 
 292:./Generated_Source/PSoC5/I2C_PM.c ****             #endif  /* End (I2C_ADDR_DECODE == I2C_HDWR_DECODE) */
 293:./Generated_Source/PSoC5/I2C_PM.c **** 
 294:./Generated_Source/PSoC5/I2C_PM.c ****         #endif  /* End (I2C_MODE & I2C_MODE_SLAVE) */
 295:./Generated_Source/PSoC5/I2C_PM.c ****         
 296:./Generated_Source/PSoC5/I2C_PM.c ****     #endif  /* End (I2C_IMPLEMENTATION == I2C_FF) */
 297:./Generated_Source/PSoC5/I2C_PM.c **** }
 164              		.loc 1 297 0
 165 0034 BD46     		mov	sp, r7
 166 0036 80BC     		pop	{r7}
 167 0038 7047     		bx	lr
 168              		.cfi_endproc
 169              	.LFE2:
 170              		.size	I2C_RestoreConfig, .-I2C_RestoreConfig
 171 003a 00BF     		.section	.text.I2C_Wakeup,"ax",%progbits
 172              		.align	2
 173              		.global	I2C_Wakeup
 174              		.thumb
 175              		.thumb_func
 176              		.type	I2C_Wakeup, %function
 177              	I2C_Wakeup:
 178              	.LFB3:
 298:./Generated_Source/PSoC5/I2C_PM.c **** 
 299:./Generated_Source/PSoC5/I2C_PM.c **** 
 300:./Generated_Source/PSoC5/I2C_PM.c **** /*******************************************************************************
 301:./Generated_Source/PSoC5/I2C_PM.c **** * Function Name: I2C_Wakeup
 302:./Generated_Source/PSoC5/I2C_PM.c **** ********************************************************************************
 303:./Generated_Source/PSoC5/I2C_PM.c **** *
 304:./Generated_Source/PSoC5/I2C_PM.c **** * Summary:
 305:./Generated_Source/PSoC5/I2C_PM.c **** *  Restores I2C configuration and starts CRC computation on rising edge of 
 306:./Generated_Source/PSoC5/I2C_PM.c **** *  input clock.
 307:./Generated_Source/PSoC5/I2C_PM.c **** *
 308:./Generated_Source/PSoC5/I2C_PM.c **** * Parameters:
 309:./Generated_Source/PSoC5/I2C_PM.c **** *  void
 310:./Generated_Source/PSoC5/I2C_PM.c **** *
 311:./Generated_Source/PSoC5/I2C_PM.c **** * Return:
 312:./Generated_Source/PSoC5/I2C_PM.c **** *  void
 313:./Generated_Source/PSoC5/I2C_PM.c **** *
 314:./Generated_Source/PSoC5/I2C_PM.c **** * Reentrant:
 315:./Generated_Source/PSoC5/I2C_PM.c **** *  No/YES
 316:./Generated_Source/PSoC5/I2C_PM.c **** *
 317:./Generated_Source/PSoC5/I2C_PM.c **** *******************************************************************************/
 318:./Generated_Source/PSoC5/I2C_PM.c **** void I2C_Wakeup(void) 
 319:./Generated_Source/PSoC5/I2C_PM.c **** {
 179              		.loc 1 319 0
 180              		.cfi_startproc
 181              		@ args = 0, pretend = 0, frame = 0
 182              		@ frame_needed = 1, uses_anonymous_args = 0
 183 0000 80B5     		push	{r7, lr}
 184              	.LCFI6:
 185              		.cfi_def_cfa_offset 8
 186 0002 00AF     		add	r7, sp, #0
 187              		.cfi_offset 14, -4
 188              		.cfi_offset 7, -8
 189              	.LCFI7:
 190              		.cfi_def_cfa_register 7
ARM GAS  C:\DOCUME~1\akay\LOCALS~1\Temp\ccUfU0JD.s 			page 10


 320:./Generated_Source/PSoC5/I2C_PM.c ****     I2C_RestoreConfig();
 191              		.loc 1 320 0
 192 0004 FFF7FEFF 		bl	I2C_RestoreConfig
 321:./Generated_Source/PSoC5/I2C_PM.c ****     
 322:./Generated_Source/PSoC5/I2C_PM.c ****     /* Restore I2C Enable state */
 323:./Generated_Source/PSoC5/I2C_PM.c ****     if (I2C_backup.enableState != 0u)
 193              		.loc 1 323 0
 194 0008 40F20003 		movw	r3, #:lower16:I2C_backup
 195 000c C0F20003 		movt	r3, #:upper16:I2C_backup
 196 0010 1B78     		ldrb	r3, [r3, #0]	@ zero_extendqisi2
 197 0012 002B     		cmp	r3, #0
 198 0014 01D0     		beq	.L13
 324:./Generated_Source/PSoC5/I2C_PM.c ****     {
 325:./Generated_Source/PSoC5/I2C_PM.c ****         I2C_Enable();
 199              		.loc 1 325 0
 200 0016 FFF7FEFF 		bl	I2C_Enable
 201              	.L13:
 326:./Generated_Source/PSoC5/I2C_PM.c ****     }
 327:./Generated_Source/PSoC5/I2C_PM.c **** }
 202              		.loc 1 327 0
 203 001a 80BD     		pop	{r7, pc}
 204              		.cfi_endproc
 205              	.LFE3:
 206              		.size	I2C_Wakeup, .-I2C_Wakeup
 207              		.text
 208              	.Letext0:
 209              		.section	.debug_loc,"",%progbits
 210              	.Ldebug_loc0:
 211              	.LLST0:
 212 0000 00000000 		.4byte	.LFB0
 213 0004 02000000 		.4byte	.LCFI0
 214 0008 0100     		.2byte	0x1
 215 000a 5D       		.byte	0x5d
 216 000b 02000000 		.4byte	.LCFI0
 217 000f 04000000 		.4byte	.LCFI1
 218 0013 0200     		.2byte	0x2
 219 0015 7D       		.byte	0x7d
 220 0016 04       		.sleb128 4
 221 0017 04000000 		.4byte	.LCFI1
 222 001b 20000000 		.4byte	.LFE0
 223 001f 0200     		.2byte	0x2
 224 0021 77       		.byte	0x77
 225 0022 04       		.sleb128 4
 226 0023 00000000 		.4byte	0x0
 227 0027 00000000 		.4byte	0x0
 228              	.LLST1:
 229 002b 00000000 		.4byte	.LFB1
 230 002f 02000000 		.4byte	.LCFI2
 231 0033 0100     		.2byte	0x1
 232 0035 5D       		.byte	0x5d
 233 0036 02000000 		.4byte	.LCFI2
 234 003a 04000000 		.4byte	.LCFI3
 235 003e 0200     		.2byte	0x2
 236 0040 7D       		.byte	0x7d
 237 0041 08       		.sleb128 8
 238 0042 04000000 		.4byte	.LCFI3
 239 0046 58000000 		.4byte	.LFE1
ARM GAS  C:\DOCUME~1\akay\LOCALS~1\Temp\ccUfU0JD.s 			page 11


 240 004a 0200     		.2byte	0x2
 241 004c 77       		.byte	0x77
 242 004d 08       		.sleb128 8
 243 004e 00000000 		.4byte	0x0
 244 0052 00000000 		.4byte	0x0
 245              	.LLST2:
 246 0056 00000000 		.4byte	.LFB2
 247 005a 02000000 		.4byte	.LCFI4
 248 005e 0100     		.2byte	0x1
 249 0060 5D       		.byte	0x5d
 250 0061 02000000 		.4byte	.LCFI4
 251 0065 04000000 		.4byte	.LCFI5
 252 0069 0200     		.2byte	0x2
 253 006b 7D       		.byte	0x7d
 254 006c 04       		.sleb128 4
 255 006d 04000000 		.4byte	.LCFI5
 256 0071 3A000000 		.4byte	.LFE2
 257 0075 0200     		.2byte	0x2
 258 0077 77       		.byte	0x77
 259 0078 04       		.sleb128 4
 260 0079 00000000 		.4byte	0x0
 261 007d 00000000 		.4byte	0x0
 262              	.LLST3:
 263 0081 00000000 		.4byte	.LFB3
 264 0085 02000000 		.4byte	.LCFI6
 265 0089 0100     		.2byte	0x1
 266 008b 5D       		.byte	0x5d
 267 008c 02000000 		.4byte	.LCFI6
 268 0090 04000000 		.4byte	.LCFI7
 269 0094 0200     		.2byte	0x2
 270 0096 7D       		.byte	0x7d
 271 0097 08       		.sleb128 8
 272 0098 04000000 		.4byte	.LCFI7
 273 009c 1C000000 		.4byte	.LFE3
 274 00a0 0200     		.2byte	0x2
 275 00a2 77       		.byte	0x77
 276 00a3 08       		.sleb128 8
 277 00a4 00000000 		.4byte	0x0
 278 00a8 00000000 		.4byte	0x0
 279              		.file 2 "./Generated_Source/PSoC5/I2C.h"
 280              		.file 3 "./Generated_Source/PSoC5/cytypes.h"
 281              		.section	.debug_info
 282 0000 1C010000 		.4byte	0x11c
 283 0004 0200     		.2byte	0x2
 284 0006 00000000 		.4byte	.Ldebug_abbrev0
 285 000a 04       		.byte	0x4
 286 000b 01       		.uleb128 0x1
 287 000c 83000000 		.4byte	.LASF18
 288 0010 01       		.byte	0x1
 289 0011 CF000000 		.4byte	.LASF19
 290 0015 38010000 		.4byte	.LASF20
 291 0019 00000000 		.4byte	0x0
 292 001d 00000000 		.4byte	0x0
 293 0021 00000000 		.4byte	.Ldebug_ranges0+0x0
 294 0025 00000000 		.4byte	.Ldebug_line0
 295 0029 02       		.uleb128 0x2
 296 002a 01       		.byte	0x1
ARM GAS  C:\DOCUME~1\akay\LOCALS~1\Temp\ccUfU0JD.s 			page 12


 297 002b 06       		.byte	0x6
 298 002c 0D010000 		.4byte	.LASF0
 299 0030 02       		.uleb128 0x2
 300 0031 01       		.byte	0x1
 301 0032 08       		.byte	0x8
 302 0033 A1000000 		.4byte	.LASF1
 303 0037 02       		.uleb128 0x2
 304 0038 02       		.byte	0x2
 305 0039 05       		.byte	0x5
 306 003a 24010000 		.4byte	.LASF2
 307 003e 02       		.uleb128 0x2
 308 003f 02       		.byte	0x2
 309 0040 07       		.byte	0x7
 310 0041 FA000000 		.4byte	.LASF3
 311 0045 02       		.uleb128 0x2
 312 0046 04       		.byte	0x4
 313 0047 05       		.byte	0x5
 314 0048 B4000000 		.4byte	.LASF4
 315 004c 02       		.uleb128 0x2
 316 004d 04       		.byte	0x4
 317 004e 07       		.byte	0x7
 318 004f 47000000 		.4byte	.LASF5
 319 0053 02       		.uleb128 0x2
 320 0054 08       		.byte	0x8
 321 0055 05       		.byte	0x5
 322 0056 00000000 		.4byte	.LASF6
 323 005a 02       		.uleb128 0x2
 324 005b 08       		.byte	0x8
 325 005c 07       		.byte	0x7
 326 005d 59000000 		.4byte	.LASF7
 327 0061 03       		.uleb128 0x3
 328 0062 04       		.byte	0x4
 329 0063 05       		.byte	0x5
 330 0064 696E7400 		.ascii	"int\000"
 331 0068 02       		.uleb128 0x2
 332 0069 04       		.byte	0x4
 333 006a 07       		.byte	0x7
 334 006b 1A000000 		.4byte	.LASF8
 335 006f 02       		.uleb128 0x2
 336 0070 01       		.byte	0x1
 337 0071 08       		.byte	0x8
 338 0072 AF000000 		.4byte	.LASF9
 339 0076 04       		.uleb128 0x4
 340 0077 41000000 		.4byte	.LASF12
 341 007b 03       		.byte	0x3
 342 007c 2A       		.byte	0x2a
 343 007d 30000000 		.4byte	0x30
 344 0081 05       		.uleb128 0x5
 345 0082 04       		.byte	0x4
 346 0083 07       		.byte	0x7
 347 0084 06       		.uleb128 0x6
 348 0085 70000000 		.4byte	.LASF21
 349 0089 02       		.byte	0x2
 350 008a 02       		.byte	0x2
 351 008b 4C       		.byte	0x4c
 352 008c AD000000 		.4byte	0xad
 353 0090 07       		.uleb128 0x7
ARM GAS  C:\DOCUME~1\akay\LOCALS~1\Temp\ccUfU0JD.s 			page 13


 354 0091 0E000000 		.4byte	.LASF10
 355 0095 02       		.byte	0x2
 356 0096 4D       		.byte	0x4d
 357 0097 76000000 		.4byte	0x76
 358 009b 02       		.byte	0x2
 359 009c 23       		.byte	0x23
 360 009d 00       		.uleb128 0x0
 361 009e 07       		.uleb128 0x7
 362 009f F1000000 		.4byte	.LASF11
 363 00a3 02       		.byte	0x2
 364 00a4 60       		.byte	0x60
 365 00a5 76000000 		.4byte	0x76
 366 00a9 02       		.byte	0x2
 367 00aa 23       		.byte	0x23
 368 00ab 01       		.uleb128 0x1
 369 00ac 00       		.byte	0x0
 370 00ad 04       		.uleb128 0x4
 371 00ae 8F000000 		.4byte	.LASF13
 372 00b2 02       		.byte	0x2
 373 00b3 73       		.byte	0x73
 374 00b4 84000000 		.4byte	0x84
 375 00b8 08       		.uleb128 0x8
 376 00b9 01       		.byte	0x1
 377 00ba 32000000 		.4byte	.LASF14
 378 00be 01       		.byte	0x1
 379 00bf 5F       		.byte	0x5f
 380 00c0 01       		.byte	0x1
 381 00c1 00000000 		.4byte	.LFB0
 382 00c5 20000000 		.4byte	.LFE0
 383 00c9 00000000 		.4byte	.LLST0
 384 00cd 08       		.uleb128 0x8
 385 00ce 01       		.byte	0x1
 386 00cf 2E010000 		.4byte	.LASF15
 387 00d3 01       		.byte	0x1
 388 00d4 B3       		.byte	0xb3
 389 00d5 01       		.byte	0x1
 390 00d6 00000000 		.4byte	.LFB1
 391 00da 58000000 		.4byte	.LFE1
 392 00de 2B000000 		.4byte	.LLST1
 393 00e2 08       		.uleb128 0x8
 394 00e3 01       		.byte	0x1
 395 00e4 BD000000 		.4byte	.LASF16
 396 00e8 01       		.byte	0x1
 397 00e9 D8       		.byte	0xd8
 398 00ea 01       		.byte	0x1
 399 00eb 00000000 		.4byte	.LFB2
 400 00ef 3A000000 		.4byte	.LFE2
 401 00f3 56000000 		.4byte	.LLST2
 402 00f7 09       		.uleb128 0x9
 403 00f8 01       		.byte	0x1
 404 00f9 27000000 		.4byte	.LASF17
 405 00fd 01       		.byte	0x1
 406 00fe 3E01     		.2byte	0x13e
 407 0100 01       		.byte	0x1
 408 0101 00000000 		.4byte	.LFB3
 409 0105 1C000000 		.4byte	.LFE3
 410 0109 81000000 		.4byte	.LLST3
ARM GAS  C:\DOCUME~1\akay\LOCALS~1\Temp\ccUfU0JD.s 			page 14


 411 010d 0A       		.uleb128 0xa
 412 010e 19010000 		.4byte	.LASF22
 413 0112 01       		.byte	0x1
 414 0113 27       		.byte	0x27
 415 0114 AD000000 		.4byte	0xad
 416 0118 01       		.byte	0x1
 417 0119 05       		.byte	0x5
 418 011a 03       		.byte	0x3
 419 011b 00000000 		.4byte	I2C_backup
 420 011f 00       		.byte	0x0
 421              		.section	.debug_abbrev
 422 0000 01       		.uleb128 0x1
 423 0001 11       		.uleb128 0x11
 424 0002 01       		.byte	0x1
 425 0003 25       		.uleb128 0x25
 426 0004 0E       		.uleb128 0xe
 427 0005 13       		.uleb128 0x13
 428 0006 0B       		.uleb128 0xb
 429 0007 03       		.uleb128 0x3
 430 0008 0E       		.uleb128 0xe
 431 0009 1B       		.uleb128 0x1b
 432 000a 0E       		.uleb128 0xe
 433 000b 11       		.uleb128 0x11
 434 000c 01       		.uleb128 0x1
 435 000d 52       		.uleb128 0x52
 436 000e 01       		.uleb128 0x1
 437 000f 55       		.uleb128 0x55
 438 0010 06       		.uleb128 0x6
 439 0011 10       		.uleb128 0x10
 440 0012 06       		.uleb128 0x6
 441 0013 00       		.byte	0x0
 442 0014 00       		.byte	0x0
 443 0015 02       		.uleb128 0x2
 444 0016 24       		.uleb128 0x24
 445 0017 00       		.byte	0x0
 446 0018 0B       		.uleb128 0xb
 447 0019 0B       		.uleb128 0xb
 448 001a 3E       		.uleb128 0x3e
 449 001b 0B       		.uleb128 0xb
 450 001c 03       		.uleb128 0x3
 451 001d 0E       		.uleb128 0xe
 452 001e 00       		.byte	0x0
 453 001f 00       		.byte	0x0
 454 0020 03       		.uleb128 0x3
 455 0021 24       		.uleb128 0x24
 456 0022 00       		.byte	0x0
 457 0023 0B       		.uleb128 0xb
 458 0024 0B       		.uleb128 0xb
 459 0025 3E       		.uleb128 0x3e
 460 0026 0B       		.uleb128 0xb
 461 0027 03       		.uleb128 0x3
 462 0028 08       		.uleb128 0x8
 463 0029 00       		.byte	0x0
 464 002a 00       		.byte	0x0
 465 002b 04       		.uleb128 0x4
 466 002c 16       		.uleb128 0x16
 467 002d 00       		.byte	0x0
ARM GAS  C:\DOCUME~1\akay\LOCALS~1\Temp\ccUfU0JD.s 			page 15


 468 002e 03       		.uleb128 0x3
 469 002f 0E       		.uleb128 0xe
 470 0030 3A       		.uleb128 0x3a
 471 0031 0B       		.uleb128 0xb
 472 0032 3B       		.uleb128 0x3b
 473 0033 0B       		.uleb128 0xb
 474 0034 49       		.uleb128 0x49
 475 0035 13       		.uleb128 0x13
 476 0036 00       		.byte	0x0
 477 0037 00       		.byte	0x0
 478 0038 05       		.uleb128 0x5
 479 0039 24       		.uleb128 0x24
 480 003a 00       		.byte	0x0
 481 003b 0B       		.uleb128 0xb
 482 003c 0B       		.uleb128 0xb
 483 003d 3E       		.uleb128 0x3e
 484 003e 0B       		.uleb128 0xb
 485 003f 00       		.byte	0x0
 486 0040 00       		.byte	0x0
 487 0041 06       		.uleb128 0x6
 488 0042 13       		.uleb128 0x13
 489 0043 01       		.byte	0x1
 490 0044 03       		.uleb128 0x3
 491 0045 0E       		.uleb128 0xe
 492 0046 0B       		.uleb128 0xb
 493 0047 0B       		.uleb128 0xb
 494 0048 3A       		.uleb128 0x3a
 495 0049 0B       		.uleb128 0xb
 496 004a 3B       		.uleb128 0x3b
 497 004b 0B       		.uleb128 0xb
 498 004c 01       		.uleb128 0x1
 499 004d 13       		.uleb128 0x13
 500 004e 00       		.byte	0x0
 501 004f 00       		.byte	0x0
 502 0050 07       		.uleb128 0x7
 503 0051 0D       		.uleb128 0xd
 504 0052 00       		.byte	0x0
 505 0053 03       		.uleb128 0x3
 506 0054 0E       		.uleb128 0xe
 507 0055 3A       		.uleb128 0x3a
 508 0056 0B       		.uleb128 0xb
 509 0057 3B       		.uleb128 0x3b
 510 0058 0B       		.uleb128 0xb
 511 0059 49       		.uleb128 0x49
 512 005a 13       		.uleb128 0x13
 513 005b 38       		.uleb128 0x38
 514 005c 0A       		.uleb128 0xa
 515 005d 00       		.byte	0x0
 516 005e 00       		.byte	0x0
 517 005f 08       		.uleb128 0x8
 518 0060 2E       		.uleb128 0x2e
 519 0061 00       		.byte	0x0
 520 0062 3F       		.uleb128 0x3f
 521 0063 0C       		.uleb128 0xc
 522 0064 03       		.uleb128 0x3
 523 0065 0E       		.uleb128 0xe
 524 0066 3A       		.uleb128 0x3a
ARM GAS  C:\DOCUME~1\akay\LOCALS~1\Temp\ccUfU0JD.s 			page 16


 525 0067 0B       		.uleb128 0xb
 526 0068 3B       		.uleb128 0x3b
 527 0069 0B       		.uleb128 0xb
 528 006a 27       		.uleb128 0x27
 529 006b 0C       		.uleb128 0xc
 530 006c 11       		.uleb128 0x11
 531 006d 01       		.uleb128 0x1
 532 006e 12       		.uleb128 0x12
 533 006f 01       		.uleb128 0x1
 534 0070 40       		.uleb128 0x40
 535 0071 06       		.uleb128 0x6
 536 0072 00       		.byte	0x0
 537 0073 00       		.byte	0x0
 538 0074 09       		.uleb128 0x9
 539 0075 2E       		.uleb128 0x2e
 540 0076 00       		.byte	0x0
 541 0077 3F       		.uleb128 0x3f
 542 0078 0C       		.uleb128 0xc
 543 0079 03       		.uleb128 0x3
 544 007a 0E       		.uleb128 0xe
 545 007b 3A       		.uleb128 0x3a
 546 007c 0B       		.uleb128 0xb
 547 007d 3B       		.uleb128 0x3b
 548 007e 05       		.uleb128 0x5
 549 007f 27       		.uleb128 0x27
 550 0080 0C       		.uleb128 0xc
 551 0081 11       		.uleb128 0x11
 552 0082 01       		.uleb128 0x1
 553 0083 12       		.uleb128 0x12
 554 0084 01       		.uleb128 0x1
 555 0085 40       		.uleb128 0x40
 556 0086 06       		.uleb128 0x6
 557 0087 00       		.byte	0x0
 558 0088 00       		.byte	0x0
 559 0089 0A       		.uleb128 0xa
 560 008a 34       		.uleb128 0x34
 561 008b 00       		.byte	0x0
 562 008c 03       		.uleb128 0x3
 563 008d 0E       		.uleb128 0xe
 564 008e 3A       		.uleb128 0x3a
 565 008f 0B       		.uleb128 0xb
 566 0090 3B       		.uleb128 0x3b
 567 0091 0B       		.uleb128 0xb
 568 0092 49       		.uleb128 0x49
 569 0093 13       		.uleb128 0x13
 570 0094 3F       		.uleb128 0x3f
 571 0095 0C       		.uleb128 0xc
 572 0096 02       		.uleb128 0x2
 573 0097 0A       		.uleb128 0xa
 574 0098 00       		.byte	0x0
 575 0099 00       		.byte	0x0
 576 009a 00       		.byte	0x0
 577              		.section	.debug_pubnames,"",%progbits
 578 0000 63000000 		.4byte	0x63
 579 0004 0200     		.2byte	0x2
 580 0006 00000000 		.4byte	.Ldebug_info0
 581 000a 20010000 		.4byte	0x120
ARM GAS  C:\DOCUME~1\akay\LOCALS~1\Temp\ccUfU0JD.s 			page 17


 582 000e B8000000 		.4byte	0xb8
 583 0012 4932435F 		.ascii	"I2C_SaveConfig\000"
 583      53617665 
 583      436F6E66 
 583      696700
 584 0021 CD000000 		.4byte	0xcd
 585 0025 4932435F 		.ascii	"I2C_Sleep\000"
 585      536C6565 
 585      7000
 586 002f E2000000 		.4byte	0xe2
 587 0033 4932435F 		.ascii	"I2C_RestoreConfig\000"
 587      52657374 
 587      6F726543 
 587      6F6E6669 
 587      6700
 588 0045 F7000000 		.4byte	0xf7
 589 0049 4932435F 		.ascii	"I2C_Wakeup\000"
 589      57616B65 
 589      757000
 590 0054 0D010000 		.4byte	0x10d
 591 0058 4932435F 		.ascii	"I2C_backup\000"
 591      6261636B 
 591      757000
 592 0063 00000000 		.4byte	0x0
 593              		.section	.debug_aranges,"",%progbits
 594 0000 34000000 		.4byte	0x34
 595 0004 0200     		.2byte	0x2
 596 0006 00000000 		.4byte	.Ldebug_info0
 597 000a 04       		.byte	0x4
 598 000b 00       		.byte	0x0
 599 000c 0000     		.2byte	0x0
 600 000e 0000     		.2byte	0x0
 601 0010 00000000 		.4byte	.LFB0
 602 0014 20000000 		.4byte	.LFE0-.LFB0
 603 0018 00000000 		.4byte	.LFB1
 604 001c 58000000 		.4byte	.LFE1-.LFB1
 605 0020 00000000 		.4byte	.LFB2
 606 0024 3A000000 		.4byte	.LFE2-.LFB2
 607 0028 00000000 		.4byte	.LFB3
 608 002c 1C000000 		.4byte	.LFE3-.LFB3
 609 0030 00000000 		.4byte	0x0
 610 0034 00000000 		.4byte	0x0
 611              		.section	.debug_ranges,"",%progbits
 612              	.Ldebug_ranges0:
 613 0000 00000000 		.4byte	.Ltext0
 614 0004 00000000 		.4byte	.Letext0
 615 0008 00000000 		.4byte	.LFB0
 616 000c 20000000 		.4byte	.LFE0
 617 0010 00000000 		.4byte	.LFB1
 618 0014 58000000 		.4byte	.LFE1
 619 0018 00000000 		.4byte	.LFB2
 620 001c 3A000000 		.4byte	.LFE2
 621 0020 00000000 		.4byte	.LFB3
 622 0024 1C000000 		.4byte	.LFE3
 623 0028 00000000 		.4byte	0x0
 624 002c 00000000 		.4byte	0x0
 625              		.section	.debug_str,"MS",%progbits,1
ARM GAS  C:\DOCUME~1\akay\LOCALS~1\Temp\ccUfU0JD.s 			page 18


 626              	.LASF6:
 627 0000 6C6F6E67 		.ascii	"long long int\000"
 627      206C6F6E 
 627      6720696E 
 627      7400
 628              	.LASF10:
 629 000e 656E6162 		.ascii	"enableState\000"
 629      6C655374 
 629      61746500 
 630              	.LASF8:
 631 001a 756E7369 		.ascii	"unsigned int\000"
 631      676E6564 
 631      20696E74 
 631      00
 632              	.LASF17:
 633 0027 4932435F 		.ascii	"I2C_Wakeup\000"
 633      57616B65 
 633      757000
 634              	.LASF14:
 635 0032 4932435F 		.ascii	"I2C_SaveConfig\000"
 635      53617665 
 635      436F6E66 
 635      696700
 636              	.LASF12:
 637 0041 75696E74 		.ascii	"uint8\000"
 637      3800
 638              	.LASF5:
 639 0047 6C6F6E67 		.ascii	"long unsigned int\000"
 639      20756E73 
 639      69676E65 
 639      6420696E 
 639      7400
 640              	.LASF7:
 641 0059 6C6F6E67 		.ascii	"long long unsigned int\000"
 641      206C6F6E 
 641      6720756E 
 641      7369676E 
 641      65642069 
 642              	.LASF21:
 643 0070 5F493243 		.ascii	"_I2C_BACKUP_STRUCT\000"
 643      5F424143 
 643      4B55505F 
 643      53545255 
 643      435400
 644              	.LASF18:
 645 0083 474E5520 		.ascii	"GNU C 4.4.1\000"
 645      4320342E 
 645      342E3100 
 646              	.LASF13:
 647 008f 4932435F 		.ascii	"I2C_BACKUP_STRUCT\000"
 647      4241434B 
 647      55505F53 
 647      54525543 
 647      5400
 648              	.LASF1:
 649 00a1 756E7369 		.ascii	"unsigned char\000"
 649      676E6564 
ARM GAS  C:\DOCUME~1\akay\LOCALS~1\Temp\ccUfU0JD.s 			page 19


 649      20636861 
 649      7200
 650              	.LASF9:
 651 00af 63686172 		.ascii	"char\000"
 651      00
 652              	.LASF4:
 653 00b4 6C6F6E67 		.ascii	"long int\000"
 653      20696E74 
 653      00
 654              	.LASF16:
 655 00bd 4932435F 		.ascii	"I2C_RestoreConfig\000"
 655      52657374 
 655      6F726543 
 655      6F6E6669 
 655      6700
 656              	.LASF19:
 657 00cf 2E2F4765 		.ascii	"./Generated_Source/PSoC5/I2C_PM.c\000"
 657      6E657261 
 657      7465645F 
 657      536F7572 
 657      63652F50 
 658              	.LASF11:
 659 00f1 696E745F 		.ascii	"int_mask\000"
 659      6D61736B 
 659      00
 660              	.LASF3:
 661 00fa 73686F72 		.ascii	"short unsigned int\000"
 661      7420756E 
 661      7369676E 
 661      65642069 
 661      6E7400
 662              	.LASF0:
 663 010d 7369676E 		.ascii	"signed char\000"
 663      65642063 
 663      68617200 
 664              	.LASF22:
 665 0119 4932435F 		.ascii	"I2C_backup\000"
 665      6261636B 
 665      757000
 666              	.LASF2:
 667 0124 73686F72 		.ascii	"short int\000"
 667      7420696E 
 667      7400
 668              	.LASF15:
 669 012e 4932435F 		.ascii	"I2C_Sleep\000"
 669      536C6565 
 669      7000
 670              	.LASF20:
 671 0138 433A5C44 		.ascii	"C:\\Documents and Settings\\akay\\My Documents\\Exa"
 671      6F63756D 
 671      656E7473 
 671      20616E64 
 671      20536574 
 672 0167 6D706C65 		.ascii	"mple Projects\\PSoC3 I2C EEPROM\\Example_I2C_EEPROM"
 672      2050726F 
 672      6A656374 
 672      735C5053 
ARM GAS  C:\DOCUME~1\akay\LOCALS~1\Temp\ccUfU0JD.s 			page 20


 672      6F433320 
 673 0198 5C457861 		.ascii	"\\Example_I2C_EEPROM.cydsn\000"
 673      6D706C65 
 673      5F493243 
 673      5F454550 
 673      524F4D2E 
 674              		.ident	"GCC: (Sourcery G++ Lite 2010q1-188) 4.4.1"
