ARM GAS  C:\DOCUME~1\akay\LOCALS~1\Temp\cchN8XZw.s 			page 1


   1              		.syntax unified
   2              		.cpu cortex-m3
   3              		.fpu softvfp
   4              		.eabi_attribute 20, 1
   5              		.eabi_attribute 21, 1
   6              		.eabi_attribute 23, 3
   7              		.eabi_attribute 24, 1
   8              		.eabi_attribute 25, 1
   9              		.eabi_attribute 26, 1
  10              		.eabi_attribute 30, 6
  11              		.eabi_attribute 18, 4
  12              		.thumb
  13              		.file	"LCD_LCDPort.c"
  14              		.section	.debug_abbrev,"",%progbits
  15              	.Ldebug_abbrev0:
  16              		.section	.debug_info,"",%progbits
  17              	.Ldebug_info0:
  18              		.section	.debug_line,"",%progbits
  19              	.Ldebug_line0:
  20 0000 A4000000 		.text
  20      02004A00 
  20      00000201 
  20      FB0E0D00 
  20      01010101 
  21              	.Ltext0:
  22              		.cfi_sections	.debug_frame
  23              		.section	.text.LCD_LCDPort_Write,"ax",%progbits
  24              		.align	2
  25              		.global	LCD_LCDPort_Write
  26              		.thumb
  27              		.thumb_func
  28              		.type	LCD_LCDPort_Write, %function
  29              	LCD_LCDPort_Write:
  30              	.LFB0:
  31              		.file 1 "./Generated_Source/PSoC5/LCD_LCDPort.c"
   1:./Generated_Source/PSoC5/LCD_LCDPort.c **** /*******************************************************************************
   2:./Generated_Source/PSoC5/LCD_LCDPort.c **** * File Name: LCD_LCDPort.c  
   3:./Generated_Source/PSoC5/LCD_LCDPort.c **** * Version 1.50
   4:./Generated_Source/PSoC5/LCD_LCDPort.c **** *
   5:./Generated_Source/PSoC5/LCD_LCDPort.c **** * Description:
   6:./Generated_Source/PSoC5/LCD_LCDPort.c **** *  This file contains API to enable firmware control of a Pins component.
   7:./Generated_Source/PSoC5/LCD_LCDPort.c **** *
   8:./Generated_Source/PSoC5/LCD_LCDPort.c **** * Note:
   9:./Generated_Source/PSoC5/LCD_LCDPort.c **** *
  10:./Generated_Source/PSoC5/LCD_LCDPort.c **** ********************************************************************************
  11:./Generated_Source/PSoC5/LCD_LCDPort.c **** * Copyright 2008-2010, Cypress Semiconductor Corporation.  All rights reserved.
  12:./Generated_Source/PSoC5/LCD_LCDPort.c **** * You may use this file only in accordance with the license, terms, conditions, 
  13:./Generated_Source/PSoC5/LCD_LCDPort.c **** * disclaimers, and limitations in the end user license agreement accompanying 
  14:./Generated_Source/PSoC5/LCD_LCDPort.c **** * the software package with which this file was provided.
  15:./Generated_Source/PSoC5/LCD_LCDPort.c **** ********************************************************************************/
  16:./Generated_Source/PSoC5/LCD_LCDPort.c **** 
  17:./Generated_Source/PSoC5/LCD_LCDPort.c **** #include "cytypes.h"
  18:./Generated_Source/PSoC5/LCD_LCDPort.c **** #include "LCD_LCDPort.h"
  19:./Generated_Source/PSoC5/LCD_LCDPort.c **** 
  20:./Generated_Source/PSoC5/LCD_LCDPort.c **** 
  21:./Generated_Source/PSoC5/LCD_LCDPort.c **** /*******************************************************************************
  22:./Generated_Source/PSoC5/LCD_LCDPort.c **** * Function Name: LCD_LCDPort_Write
ARM GAS  C:\DOCUME~1\akay\LOCALS~1\Temp\cchN8XZw.s 			page 2


  23:./Generated_Source/PSoC5/LCD_LCDPort.c **** ********************************************************************************
  24:./Generated_Source/PSoC5/LCD_LCDPort.c **** * Summary:
  25:./Generated_Source/PSoC5/LCD_LCDPort.c **** *  Assign a new value to the digital port's data output register.  
  26:./Generated_Source/PSoC5/LCD_LCDPort.c **** *
  27:./Generated_Source/PSoC5/LCD_LCDPort.c **** * Parameters:  
  28:./Generated_Source/PSoC5/LCD_LCDPort.c **** *  prtValue:  The value to be assigned to the Digital Port. 
  29:./Generated_Source/PSoC5/LCD_LCDPort.c **** *
  30:./Generated_Source/PSoC5/LCD_LCDPort.c **** * Return: 
  31:./Generated_Source/PSoC5/LCD_LCDPort.c **** *  void 
  32:./Generated_Source/PSoC5/LCD_LCDPort.c **** *  
  33:./Generated_Source/PSoC5/LCD_LCDPort.c **** *******************************************************************************/
  34:./Generated_Source/PSoC5/LCD_LCDPort.c **** void LCD_LCDPort_Write(uint8 value) 
  35:./Generated_Source/PSoC5/LCD_LCDPort.c **** {
  32              		.loc 1 35 0
  33              		.cfi_startproc
  34              		@ args = 0, pretend = 0, frame = 16
  35              		@ frame_needed = 1, uses_anonymous_args = 0
  36              		@ link register save eliminated.
  37 0000 80B4     		push	{r7}
  38              	.LCFI0:
  39              		.cfi_def_cfa_offset 4
  40 0002 85B0     		sub	sp, sp, #20
  41              	.LCFI1:
  42              		.cfi_def_cfa_offset 24
  43 0004 00AF     		add	r7, sp, #0
  44              		.cfi_offset 7, -4
  45              	.LCFI2:
  46              		.cfi_def_cfa_register 7
  47 0006 0346     		mov	r3, r0
  48 0008 FB71     		strb	r3, [r7, #7]
  36:./Generated_Source/PSoC5/LCD_LCDPort.c ****     uint8 staticBits = LCD_LCDPort_DR & ~LCD_LCDPort_MASK;
  49              		.loc 1 36 0
  50 000a 45F22013 		movw	r3, #:lower16:1073762592
  51 000e C4F20003 		movt	r3, #:upper16:1073762592
  52 0012 1B78     		ldrb	r3, [r3, #0]
  53 0014 DBB2     		uxtb	r3, r3
  54 0016 23F07F03 		bic	r3, r3, #127
  55 001a FB73     		strb	r3, [r7, #15]
  37:./Generated_Source/PSoC5/LCD_LCDPort.c ****     LCD_LCDPort_DR = staticBits | ((value << LCD_LCDPort_SHIFT) & LCD_LCDPort_MASK);
  56              		.loc 1 37 0
  57 001c 45F22013 		movw	r3, #:lower16:1073762592
  58 0020 C4F20003 		movt	r3, #:upper16:1073762592
  59 0024 FA79     		ldrb	r2, [r7, #7]	@ zero_extendqisi2
  60 0026 02F07F02 		and	r2, r2, #127
  61 002a F97B     		ldrb	r1, [r7, #15]
  62 002c 42EA0102 		orr	r2, r2, r1
  63 0030 D2B2     		uxtb	r2, r2
  64 0032 1A70     		strb	r2, [r3, #0]
  38:./Generated_Source/PSoC5/LCD_LCDPort.c **** }
  65              		.loc 1 38 0
  66 0034 07F11407 		add	r7, r7, #20
  67 0038 BD46     		mov	sp, r7
  68 003a 80BC     		pop	{r7}
  69 003c 7047     		bx	lr
  70              		.cfi_endproc
  71              	.LFE0:
  72              		.size	LCD_LCDPort_Write, .-LCD_LCDPort_Write
ARM GAS  C:\DOCUME~1\akay\LOCALS~1\Temp\cchN8XZw.s 			page 3


  73 003e 00BF     		.section	.text.LCD_LCDPort_SetDriveMode,"ax",%progbits
  74              		.align	2
  75              		.global	LCD_LCDPort_SetDriveMode
  76              		.thumb
  77              		.thumb_func
  78              		.type	LCD_LCDPort_SetDriveMode, %function
  79              	LCD_LCDPort_SetDriveMode:
  80              	.LFB1:
  39:./Generated_Source/PSoC5/LCD_LCDPort.c **** 
  40:./Generated_Source/PSoC5/LCD_LCDPort.c **** 
  41:./Generated_Source/PSoC5/LCD_LCDPort.c **** /*******************************************************************************
  42:./Generated_Source/PSoC5/LCD_LCDPort.c **** * Function Name: LCD_LCDPort_SetDriveMode
  43:./Generated_Source/PSoC5/LCD_LCDPort.c **** ********************************************************************************
  44:./Generated_Source/PSoC5/LCD_LCDPort.c **** * Summary:
  45:./Generated_Source/PSoC5/LCD_LCDPort.c **** *  Change the drive mode on the pins of the port.
  46:./Generated_Source/PSoC5/LCD_LCDPort.c **** * 
  47:./Generated_Source/PSoC5/LCD_LCDPort.c **** * Parameters:  
  48:./Generated_Source/PSoC5/LCD_LCDPort.c **** *  mode:  Change the pins to this drive mode.
  49:./Generated_Source/PSoC5/LCD_LCDPort.c **** *
  50:./Generated_Source/PSoC5/LCD_LCDPort.c **** * Return: 
  51:./Generated_Source/PSoC5/LCD_LCDPort.c **** *  void
  52:./Generated_Source/PSoC5/LCD_LCDPort.c **** *
  53:./Generated_Source/PSoC5/LCD_LCDPort.c **** *******************************************************************************/
  54:./Generated_Source/PSoC5/LCD_LCDPort.c **** void LCD_LCDPort_SetDriveMode(uint8 mode) 
  55:./Generated_Source/PSoC5/LCD_LCDPort.c **** {
  81              		.loc 1 55 0
  82              		.cfi_startproc
  83              		@ args = 0, pretend = 0, frame = 8
  84              		@ frame_needed = 1, uses_anonymous_args = 0
  85              		@ link register save eliminated.
  86 0000 80B4     		push	{r7}
  87              	.LCFI3:
  88              		.cfi_def_cfa_offset 4
  89 0002 83B0     		sub	sp, sp, #12
  90              	.LCFI4:
  91              		.cfi_def_cfa_offset 16
  92 0004 00AF     		add	r7, sp, #0
  93              		.cfi_offset 7, -4
  94              	.LCFI5:
  95              		.cfi_def_cfa_register 7
  96 0006 0346     		mov	r3, r0
  97 0008 FB71     		strb	r3, [r7, #7]
  56:./Generated_Source/PSoC5/LCD_LCDPort.c **** 	CyPins_SetPinDriveMode(LCD_LCDPort_0, mode);
  98              		.loc 1 56 0
  99 000a 45F21003 		movw	r3, #:lower16:1073762320
 100 000e C4F20003 		movt	r3, #:upper16:1073762320
 101 0012 45F21002 		movw	r2, #:lower16:1073762320
 102 0016 C4F20002 		movt	r2, #:upper16:1073762320
 103 001a 1278     		ldrb	r2, [r2, #0]
 104 001c D2B2     		uxtb	r2, r2
 105 001e 1146     		mov	r1, r2
 106 0020 01F0F101 		and	r1, r1, #241
 107 0024 FA79     		ldrb	r2, [r7, #7]	@ zero_extendqisi2
 108 0026 02F00E02 		and	r2, r2, #14
 109 002a 41EA0202 		orr	r2, r1, r2
 110 002e D2B2     		uxtb	r2, r2
 111 0030 1A70     		strb	r2, [r3, #0]
ARM GAS  C:\DOCUME~1\akay\LOCALS~1\Temp\cchN8XZw.s 			page 4


  57:./Generated_Source/PSoC5/LCD_LCDPort.c **** 	CyPins_SetPinDriveMode(LCD_LCDPort_1, mode);
 112              		.loc 1 57 0
 113 0032 45F21103 		movw	r3, #:lower16:1073762321
 114 0036 C4F20003 		movt	r3, #:upper16:1073762321
 115 003a 45F21102 		movw	r2, #:lower16:1073762321
 116 003e C4F20002 		movt	r2, #:upper16:1073762321
 117 0042 1278     		ldrb	r2, [r2, #0]
 118 0044 D2B2     		uxtb	r2, r2
 119 0046 1146     		mov	r1, r2
 120 0048 01F0F101 		and	r1, r1, #241
 121 004c FA79     		ldrb	r2, [r7, #7]	@ zero_extendqisi2
 122 004e 02F00E02 		and	r2, r2, #14
 123 0052 41EA0202 		orr	r2, r1, r2
 124 0056 D2B2     		uxtb	r2, r2
 125 0058 1A70     		strb	r2, [r3, #0]
  58:./Generated_Source/PSoC5/LCD_LCDPort.c **** 	CyPins_SetPinDriveMode(LCD_LCDPort_2, mode);
 126              		.loc 1 58 0
 127 005a 45F21203 		movw	r3, #:lower16:1073762322
 128 005e C4F20003 		movt	r3, #:upper16:1073762322
 129 0062 45F21202 		movw	r2, #:lower16:1073762322
 130 0066 C4F20002 		movt	r2, #:upper16:1073762322
 131 006a 1278     		ldrb	r2, [r2, #0]
 132 006c D2B2     		uxtb	r2, r2
 133 006e 1146     		mov	r1, r2
 134 0070 01F0F101 		and	r1, r1, #241
 135 0074 FA79     		ldrb	r2, [r7, #7]	@ zero_extendqisi2
 136 0076 02F00E02 		and	r2, r2, #14
 137 007a 41EA0202 		orr	r2, r1, r2
 138 007e D2B2     		uxtb	r2, r2
 139 0080 1A70     		strb	r2, [r3, #0]
  59:./Generated_Source/PSoC5/LCD_LCDPort.c **** 	CyPins_SetPinDriveMode(LCD_LCDPort_3, mode);
 140              		.loc 1 59 0
 141 0082 45F21303 		movw	r3, #:lower16:1073762323
 142 0086 C4F20003 		movt	r3, #:upper16:1073762323
 143 008a 45F21302 		movw	r2, #:lower16:1073762323
 144 008e C4F20002 		movt	r2, #:upper16:1073762323
 145 0092 1278     		ldrb	r2, [r2, #0]
 146 0094 D2B2     		uxtb	r2, r2
 147 0096 1146     		mov	r1, r2
 148 0098 01F0F101 		and	r1, r1, #241
 149 009c FA79     		ldrb	r2, [r7, #7]	@ zero_extendqisi2
 150 009e 02F00E02 		and	r2, r2, #14
 151 00a2 41EA0202 		orr	r2, r1, r2
 152 00a6 D2B2     		uxtb	r2, r2
 153 00a8 1A70     		strb	r2, [r3, #0]
  60:./Generated_Source/PSoC5/LCD_LCDPort.c **** 	CyPins_SetPinDriveMode(LCD_LCDPort_4, mode);
 154              		.loc 1 60 0
 155 00aa 45F21403 		movw	r3, #:lower16:1073762324
 156 00ae C4F20003 		movt	r3, #:upper16:1073762324
 157 00b2 45F21402 		movw	r2, #:lower16:1073762324
 158 00b6 C4F20002 		movt	r2, #:upper16:1073762324
 159 00ba 1278     		ldrb	r2, [r2, #0]
 160 00bc D2B2     		uxtb	r2, r2
 161 00be 1146     		mov	r1, r2
 162 00c0 01F0F101 		and	r1, r1, #241
 163 00c4 FA79     		ldrb	r2, [r7, #7]	@ zero_extendqisi2
 164 00c6 02F00E02 		and	r2, r2, #14
ARM GAS  C:\DOCUME~1\akay\LOCALS~1\Temp\cchN8XZw.s 			page 5


 165 00ca 41EA0202 		orr	r2, r1, r2
 166 00ce D2B2     		uxtb	r2, r2
 167 00d0 1A70     		strb	r2, [r3, #0]
  61:./Generated_Source/PSoC5/LCD_LCDPort.c **** 	CyPins_SetPinDriveMode(LCD_LCDPort_5, mode);
 168              		.loc 1 61 0
 169 00d2 45F21503 		movw	r3, #:lower16:1073762325
 170 00d6 C4F20003 		movt	r3, #:upper16:1073762325
 171 00da 45F21502 		movw	r2, #:lower16:1073762325
 172 00de C4F20002 		movt	r2, #:upper16:1073762325
 173 00e2 1278     		ldrb	r2, [r2, #0]
 174 00e4 D2B2     		uxtb	r2, r2
 175 00e6 1146     		mov	r1, r2
 176 00e8 01F0F101 		and	r1, r1, #241
 177 00ec FA79     		ldrb	r2, [r7, #7]	@ zero_extendqisi2
 178 00ee 02F00E02 		and	r2, r2, #14
 179 00f2 41EA0202 		orr	r2, r1, r2
 180 00f6 D2B2     		uxtb	r2, r2
 181 00f8 1A70     		strb	r2, [r3, #0]
  62:./Generated_Source/PSoC5/LCD_LCDPort.c **** 	CyPins_SetPinDriveMode(LCD_LCDPort_6, mode);
 182              		.loc 1 62 0
 183 00fa 45F21603 		movw	r3, #:lower16:1073762326
 184 00fe C4F20003 		movt	r3, #:upper16:1073762326
 185 0102 45F21602 		movw	r2, #:lower16:1073762326
 186 0106 C4F20002 		movt	r2, #:upper16:1073762326
 187 010a 1278     		ldrb	r2, [r2, #0]
 188 010c D2B2     		uxtb	r2, r2
 189 010e 1146     		mov	r1, r2
 190 0110 01F0F101 		and	r1, r1, #241
 191 0114 FA79     		ldrb	r2, [r7, #7]	@ zero_extendqisi2
 192 0116 02F00E02 		and	r2, r2, #14
 193 011a 41EA0202 		orr	r2, r1, r2
 194 011e D2B2     		uxtb	r2, r2
 195 0120 1A70     		strb	r2, [r3, #0]
  63:./Generated_Source/PSoC5/LCD_LCDPort.c **** }
 196              		.loc 1 63 0
 197 0122 07F10C07 		add	r7, r7, #12
 198 0126 BD46     		mov	sp, r7
 199 0128 80BC     		pop	{r7}
 200 012a 7047     		bx	lr
 201              		.cfi_endproc
 202              	.LFE1:
 203              		.size	LCD_LCDPort_SetDriveMode, .-LCD_LCDPort_SetDriveMode
 204              		.section	.text.LCD_LCDPort_Read,"ax",%progbits
 205              		.align	2
 206              		.global	LCD_LCDPort_Read
 207              		.thumb
 208              		.thumb_func
 209              		.type	LCD_LCDPort_Read, %function
 210              	LCD_LCDPort_Read:
 211              	.LFB2:
  64:./Generated_Source/PSoC5/LCD_LCDPort.c **** 
  65:./Generated_Source/PSoC5/LCD_LCDPort.c **** 
  66:./Generated_Source/PSoC5/LCD_LCDPort.c **** /*******************************************************************************
  67:./Generated_Source/PSoC5/LCD_LCDPort.c **** * Function Name: LCD_LCDPort_Read
  68:./Generated_Source/PSoC5/LCD_LCDPort.c **** ********************************************************************************
  69:./Generated_Source/PSoC5/LCD_LCDPort.c **** * Summary:
  70:./Generated_Source/PSoC5/LCD_LCDPort.c **** *  Read the current value on the pins of the Digital Port in right justified 
ARM GAS  C:\DOCUME~1\akay\LOCALS~1\Temp\cchN8XZw.s 			page 6


  71:./Generated_Source/PSoC5/LCD_LCDPort.c **** *  form.
  72:./Generated_Source/PSoC5/LCD_LCDPort.c **** *
  73:./Generated_Source/PSoC5/LCD_LCDPort.c **** * Parameters:  
  74:./Generated_Source/PSoC5/LCD_LCDPort.c **** *  void 
  75:./Generated_Source/PSoC5/LCD_LCDPort.c **** *
  76:./Generated_Source/PSoC5/LCD_LCDPort.c **** * Return: 
  77:./Generated_Source/PSoC5/LCD_LCDPort.c **** *  Returns the current value of the Digital Port as a right justified number
  78:./Generated_Source/PSoC5/LCD_LCDPort.c **** *  
  79:./Generated_Source/PSoC5/LCD_LCDPort.c **** * Note:
  80:./Generated_Source/PSoC5/LCD_LCDPort.c **** *  Macro LCD_LCDPort_ReadPS calls this function. 
  81:./Generated_Source/PSoC5/LCD_LCDPort.c **** *  
  82:./Generated_Source/PSoC5/LCD_LCDPort.c **** *******************************************************************************/
  83:./Generated_Source/PSoC5/LCD_LCDPort.c **** uint8 LCD_LCDPort_Read(void) 
  84:./Generated_Source/PSoC5/LCD_LCDPort.c **** {
 212              		.loc 1 84 0
 213              		.cfi_startproc
 214              		@ args = 0, pretend = 0, frame = 0
 215              		@ frame_needed = 1, uses_anonymous_args = 0
 216              		@ link register save eliminated.
 217 0000 80B4     		push	{r7}
 218              	.LCFI6:
 219              		.cfi_def_cfa_offset 4
 220 0002 00AF     		add	r7, sp, #0
 221              		.cfi_offset 7, -4
 222              	.LCFI7:
 223              		.cfi_def_cfa_register 7
  85:./Generated_Source/PSoC5/LCD_LCDPort.c ****     return (LCD_LCDPort_PS & LCD_LCDPort_MASK) >> LCD_LCDPort_SHIFT;
 224              		.loc 1 85 0
 225 0004 45F22113 		movw	r3, #:lower16:1073762593
 226 0008 C4F20003 		movt	r3, #:upper16:1073762593
 227 000c 1B78     		ldrb	r3, [r3, #0]
 228 000e DBB2     		uxtb	r3, r3
 229 0010 03F07F03 		and	r3, r3, #127
  86:./Generated_Source/PSoC5/LCD_LCDPort.c **** }
 230              		.loc 1 86 0
 231 0014 1846     		mov	r0, r3
 232 0016 BD46     		mov	sp, r7
 233 0018 80BC     		pop	{r7}
 234 001a 7047     		bx	lr
 235              		.cfi_endproc
 236              	.LFE2:
 237              		.size	LCD_LCDPort_Read, .-LCD_LCDPort_Read
 238              		.section	.text.LCD_LCDPort_ReadDataReg,"ax",%progbits
 239              		.align	2
 240              		.global	LCD_LCDPort_ReadDataReg
 241              		.thumb
 242              		.thumb_func
 243              		.type	LCD_LCDPort_ReadDataReg, %function
 244              	LCD_LCDPort_ReadDataReg:
 245              	.LFB3:
  87:./Generated_Source/PSoC5/LCD_LCDPort.c **** 
  88:./Generated_Source/PSoC5/LCD_LCDPort.c **** 
  89:./Generated_Source/PSoC5/LCD_LCDPort.c **** /*******************************************************************************
  90:./Generated_Source/PSoC5/LCD_LCDPort.c **** * Function Name: LCD_LCDPort_ReadDataReg
  91:./Generated_Source/PSoC5/LCD_LCDPort.c **** ********************************************************************************
  92:./Generated_Source/PSoC5/LCD_LCDPort.c **** * Summary:
  93:./Generated_Source/PSoC5/LCD_LCDPort.c **** *  Read the current value assigned to a Digital Port's data output register
ARM GAS  C:\DOCUME~1\akay\LOCALS~1\Temp\cchN8XZw.s 			page 7


  94:./Generated_Source/PSoC5/LCD_LCDPort.c **** *
  95:./Generated_Source/PSoC5/LCD_LCDPort.c **** * Parameters:  
  96:./Generated_Source/PSoC5/LCD_LCDPort.c **** *  void 
  97:./Generated_Source/PSoC5/LCD_LCDPort.c **** *
  98:./Generated_Source/PSoC5/LCD_LCDPort.c **** * Return: 
  99:./Generated_Source/PSoC5/LCD_LCDPort.c **** *  Returns the current value assigned to the Digital Port's data output register
 100:./Generated_Source/PSoC5/LCD_LCDPort.c **** *  
 101:./Generated_Source/PSoC5/LCD_LCDPort.c **** *******************************************************************************/
 102:./Generated_Source/PSoC5/LCD_LCDPort.c **** uint8 LCD_LCDPort_ReadDataReg(void) 
 103:./Generated_Source/PSoC5/LCD_LCDPort.c **** {
 246              		.loc 1 103 0
 247              		.cfi_startproc
 248              		@ args = 0, pretend = 0, frame = 0
 249              		@ frame_needed = 1, uses_anonymous_args = 0
 250              		@ link register save eliminated.
 251 0000 80B4     		push	{r7}
 252              	.LCFI8:
 253              		.cfi_def_cfa_offset 4
 254 0002 00AF     		add	r7, sp, #0
 255              		.cfi_offset 7, -4
 256              	.LCFI9:
 257              		.cfi_def_cfa_register 7
 104:./Generated_Source/PSoC5/LCD_LCDPort.c ****     return (LCD_LCDPort_DR & LCD_LCDPort_MASK) >> LCD_LCDPort_SHIFT;
 258              		.loc 1 104 0
 259 0004 45F22013 		movw	r3, #:lower16:1073762592
 260 0008 C4F20003 		movt	r3, #:upper16:1073762592
 261 000c 1B78     		ldrb	r3, [r3, #0]
 262 000e DBB2     		uxtb	r3, r3
 263 0010 03F07F03 		and	r3, r3, #127
 105:./Generated_Source/PSoC5/LCD_LCDPort.c **** }
 264              		.loc 1 105 0
 265 0014 1846     		mov	r0, r3
 266 0016 BD46     		mov	sp, r7
 267 0018 80BC     		pop	{r7}
 268 001a 7047     		bx	lr
 269              		.cfi_endproc
 270              	.LFE3:
 271              		.size	LCD_LCDPort_ReadDataReg, .-LCD_LCDPort_ReadDataReg
 272              		.text
 273              	.Letext0:
 274              		.section	.debug_loc,"",%progbits
 275              	.Ldebug_loc0:
 276              	.LLST0:
 277 0000 00000000 		.4byte	.LFB0
 278 0004 02000000 		.4byte	.LCFI0
 279 0008 0100     		.2byte	0x1
 280 000a 5D       		.byte	0x5d
 281 000b 02000000 		.4byte	.LCFI0
 282 000f 04000000 		.4byte	.LCFI1
 283 0013 0200     		.2byte	0x2
 284 0015 7D       		.byte	0x7d
 285 0016 04       		.sleb128 4
 286 0017 04000000 		.4byte	.LCFI1
 287 001b 06000000 		.4byte	.LCFI2
 288 001f 0200     		.2byte	0x2
 289 0021 7D       		.byte	0x7d
 290 0022 18       		.sleb128 24
ARM GAS  C:\DOCUME~1\akay\LOCALS~1\Temp\cchN8XZw.s 			page 8


 291 0023 06000000 		.4byte	.LCFI2
 292 0027 3E000000 		.4byte	.LFE0
 293 002b 0200     		.2byte	0x2
 294 002d 77       		.byte	0x77
 295 002e 18       		.sleb128 24
 296 002f 00000000 		.4byte	0x0
 297 0033 00000000 		.4byte	0x0
 298              	.LLST1:
 299 0037 00000000 		.4byte	.LFB1
 300 003b 02000000 		.4byte	.LCFI3
 301 003f 0100     		.2byte	0x1
 302 0041 5D       		.byte	0x5d
 303 0042 02000000 		.4byte	.LCFI3
 304 0046 04000000 		.4byte	.LCFI4
 305 004a 0200     		.2byte	0x2
 306 004c 7D       		.byte	0x7d
 307 004d 04       		.sleb128 4
 308 004e 04000000 		.4byte	.LCFI4
 309 0052 06000000 		.4byte	.LCFI5
 310 0056 0200     		.2byte	0x2
 311 0058 7D       		.byte	0x7d
 312 0059 10       		.sleb128 16
 313 005a 06000000 		.4byte	.LCFI5
 314 005e 2C010000 		.4byte	.LFE1
 315 0062 0200     		.2byte	0x2
 316 0064 77       		.byte	0x77
 317 0065 10       		.sleb128 16
 318 0066 00000000 		.4byte	0x0
 319 006a 00000000 		.4byte	0x0
 320              	.LLST2:
 321 006e 00000000 		.4byte	.LFB2
 322 0072 02000000 		.4byte	.LCFI6
 323 0076 0100     		.2byte	0x1
 324 0078 5D       		.byte	0x5d
 325 0079 02000000 		.4byte	.LCFI6
 326 007d 04000000 		.4byte	.LCFI7
 327 0081 0200     		.2byte	0x2
 328 0083 7D       		.byte	0x7d
 329 0084 04       		.sleb128 4
 330 0085 04000000 		.4byte	.LCFI7
 331 0089 1C000000 		.4byte	.LFE2
 332 008d 0200     		.2byte	0x2
 333 008f 77       		.byte	0x77
 334 0090 04       		.sleb128 4
 335 0091 00000000 		.4byte	0x0
 336 0095 00000000 		.4byte	0x0
 337              	.LLST3:
 338 0099 00000000 		.4byte	.LFB3
 339 009d 02000000 		.4byte	.LCFI8
 340 00a1 0100     		.2byte	0x1
 341 00a3 5D       		.byte	0x5d
 342 00a4 02000000 		.4byte	.LCFI8
 343 00a8 04000000 		.4byte	.LCFI9
 344 00ac 0200     		.2byte	0x2
 345 00ae 7D       		.byte	0x7d
 346 00af 04       		.sleb128 4
 347 00b0 04000000 		.4byte	.LCFI9
ARM GAS  C:\DOCUME~1\akay\LOCALS~1\Temp\cchN8XZw.s 			page 9


 348 00b4 1C000000 		.4byte	.LFE3
 349 00b8 0200     		.2byte	0x2
 350 00ba 77       		.byte	0x77
 351 00bb 04       		.sleb128 4
 352 00bc 00000000 		.4byte	0x0
 353 00c0 00000000 		.4byte	0x0
 354              		.file 2 "./Generated_Source/PSoC5/cytypes.h"
 355              		.section	.debug_info
 356 0000 0E010000 		.4byte	0x10e
 357 0004 0200     		.2byte	0x2
 358 0006 00000000 		.4byte	.Ldebug_abbrev0
 359 000a 04       		.byte	0x4
 360 000b 01       		.uleb128 0x1
 361 000c 5F010000 		.4byte	.LASF16
 362 0010 01       		.byte	0x1
 363 0011 A0000000 		.4byte	.LASF17
 364 0015 0E000000 		.4byte	.LASF18
 365 0019 00000000 		.4byte	0x0
 366 001d 00000000 		.4byte	0x0
 367 0021 00000000 		.4byte	.Ldebug_ranges0+0x0
 368 0025 00000000 		.4byte	.Ldebug_line0
 369 0029 02       		.uleb128 0x2
 370 002a 01       		.byte	0x1
 371 002b 06       		.byte	0x6
 372 002c 9A010000 		.4byte	.LASF0
 373 0030 02       		.uleb128 0x2
 374 0031 01       		.byte	0x1
 375 0032 08       		.byte	0x8
 376 0033 DF000000 		.4byte	.LASF1
 377 0037 02       		.uleb128 0x2
 378 0038 02       		.byte	0x2
 379 0039 05       		.byte	0x5
 380 003a 70010000 		.4byte	.LASF2
 381 003e 02       		.uleb128 0x2
 382 003f 02       		.byte	0x2
 383 0040 07       		.byte	0x7
 384 0041 0A010000 		.4byte	.LASF3
 385 0045 02       		.uleb128 0x2
 386 0046 04       		.byte	0x4
 387 0047 05       		.byte	0x5
 388 0048 91010000 		.4byte	.LASF4
 389 004c 02       		.uleb128 0x2
 390 004d 04       		.byte	0x4
 391 004e 07       		.byte	0x7
 392 004f F8000000 		.4byte	.LASF5
 393 0053 02       		.uleb128 0x2
 394 0054 08       		.byte	0x8
 395 0055 05       		.byte	0x5
 396 0056 00000000 		.4byte	.LASF6
 397 005a 02       		.uleb128 0x2
 398 005b 08       		.byte	0x8
 399 005c 07       		.byte	0x7
 400 005d 43010000 		.4byte	.LASF7
 401 0061 03       		.uleb128 0x3
 402 0062 04       		.byte	0x4
 403 0063 05       		.byte	0x5
 404 0064 696E7400 		.ascii	"int\000"
ARM GAS  C:\DOCUME~1\akay\LOCALS~1\Temp\cchN8XZw.s 			page 10


 405 0068 02       		.uleb128 0x2
 406 0069 04       		.byte	0x4
 407 006a 07       		.byte	0x7
 408 006b 36010000 		.4byte	.LASF8
 409 006f 02       		.uleb128 0x2
 410 0070 01       		.byte	0x1
 411 0071 08       		.byte	0x8
 412 0072 6B010000 		.4byte	.LASF9
 413 0076 04       		.uleb128 0x4
 414 0077 7A010000 		.4byte	.LASF19
 415 007b 02       		.byte	0x2
 416 007c 2A       		.byte	0x2a
 417 007d 30000000 		.4byte	0x30
 418 0081 05       		.uleb128 0x5
 419 0082 01       		.byte	0x1
 420 0083 8E000000 		.4byte	.LASF10
 421 0087 01       		.byte	0x1
 422 0088 22       		.byte	0x22
 423 0089 01       		.byte	0x1
 424 008a 00000000 		.4byte	.LFB0
 425 008e 3E000000 		.4byte	.LFE0
 426 0092 00000000 		.4byte	.LLST0
 427 0096 B7000000 		.4byte	0xb7
 428 009a 06       		.uleb128 0x6
 429 009b 88000000 		.4byte	.LASF12
 430 009f 01       		.byte	0x1
 431 00a0 22       		.byte	0x22
 432 00a1 76000000 		.4byte	0x76
 433 00a5 02       		.byte	0x2
 434 00a6 91       		.byte	0x91
 435 00a7 6F       		.sleb128 -17
 436 00a8 07       		.uleb128 0x7
 437 00a9 ED000000 		.4byte	.LASF20
 438 00ad 01       		.byte	0x1
 439 00ae 24       		.byte	0x24
 440 00af 76000000 		.4byte	0x76
 441 00b3 02       		.byte	0x2
 442 00b4 91       		.byte	0x91
 443 00b5 77       		.sleb128 -9
 444 00b6 00       		.byte	0x0
 445 00b7 05       		.uleb128 0x5
 446 00b8 01       		.byte	0x1
 447 00b9 1D010000 		.4byte	.LASF11
 448 00bd 01       		.byte	0x1
 449 00be 36       		.byte	0x36
 450 00bf 01       		.byte	0x1
 451 00c0 00000000 		.4byte	.LFB1
 452 00c4 2C010000 		.4byte	.LFE1
 453 00c8 37000000 		.4byte	.LLST1
 454 00cc DF000000 		.4byte	0xdf
 455 00d0 06       		.uleb128 0x6
 456 00d1 5A010000 		.4byte	.LASF13
 457 00d5 01       		.byte	0x1
 458 00d6 36       		.byte	0x36
 459 00d7 76000000 		.4byte	0x76
 460 00db 02       		.byte	0x2
 461 00dc 91       		.byte	0x91
ARM GAS  C:\DOCUME~1\akay\LOCALS~1\Temp\cchN8XZw.s 			page 11


 462 00dd 77       		.sleb128 -9
 463 00de 00       		.byte	0x0
 464 00df 08       		.uleb128 0x8
 465 00e0 01       		.byte	0x1
 466 00e1 80010000 		.4byte	.LASF14
 467 00e5 01       		.byte	0x1
 468 00e6 53       		.byte	0x53
 469 00e7 01       		.byte	0x1
 470 00e8 76000000 		.4byte	0x76
 471 00ec 00000000 		.4byte	.LFB2
 472 00f0 1C000000 		.4byte	.LFE2
 473 00f4 6E000000 		.4byte	.LLST2
 474 00f8 08       		.uleb128 0x8
 475 00f9 01       		.byte	0x1
 476 00fa C7000000 		.4byte	.LASF15
 477 00fe 01       		.byte	0x1
 478 00ff 66       		.byte	0x66
 479 0100 01       		.byte	0x1
 480 0101 76000000 		.4byte	0x76
 481 0105 00000000 		.4byte	.LFB3
 482 0109 1C000000 		.4byte	.LFE3
 483 010d 99000000 		.4byte	.LLST3
 484 0111 00       		.byte	0x0
 485              		.section	.debug_abbrev
 486 0000 01       		.uleb128 0x1
 487 0001 11       		.uleb128 0x11
 488 0002 01       		.byte	0x1
 489 0003 25       		.uleb128 0x25
 490 0004 0E       		.uleb128 0xe
 491 0005 13       		.uleb128 0x13
 492 0006 0B       		.uleb128 0xb
 493 0007 03       		.uleb128 0x3
 494 0008 0E       		.uleb128 0xe
 495 0009 1B       		.uleb128 0x1b
 496 000a 0E       		.uleb128 0xe
 497 000b 11       		.uleb128 0x11
 498 000c 01       		.uleb128 0x1
 499 000d 52       		.uleb128 0x52
 500 000e 01       		.uleb128 0x1
 501 000f 55       		.uleb128 0x55
 502 0010 06       		.uleb128 0x6
 503 0011 10       		.uleb128 0x10
 504 0012 06       		.uleb128 0x6
 505 0013 00       		.byte	0x0
 506 0014 00       		.byte	0x0
 507 0015 02       		.uleb128 0x2
 508 0016 24       		.uleb128 0x24
 509 0017 00       		.byte	0x0
 510 0018 0B       		.uleb128 0xb
 511 0019 0B       		.uleb128 0xb
 512 001a 3E       		.uleb128 0x3e
 513 001b 0B       		.uleb128 0xb
 514 001c 03       		.uleb128 0x3
 515 001d 0E       		.uleb128 0xe
 516 001e 00       		.byte	0x0
 517 001f 00       		.byte	0x0
 518 0020 03       		.uleb128 0x3
ARM GAS  C:\DOCUME~1\akay\LOCALS~1\Temp\cchN8XZw.s 			page 12


 519 0021 24       		.uleb128 0x24
 520 0022 00       		.byte	0x0
 521 0023 0B       		.uleb128 0xb
 522 0024 0B       		.uleb128 0xb
 523 0025 3E       		.uleb128 0x3e
 524 0026 0B       		.uleb128 0xb
 525 0027 03       		.uleb128 0x3
 526 0028 08       		.uleb128 0x8
 527 0029 00       		.byte	0x0
 528 002a 00       		.byte	0x0
 529 002b 04       		.uleb128 0x4
 530 002c 16       		.uleb128 0x16
 531 002d 00       		.byte	0x0
 532 002e 03       		.uleb128 0x3
 533 002f 0E       		.uleb128 0xe
 534 0030 3A       		.uleb128 0x3a
 535 0031 0B       		.uleb128 0xb
 536 0032 3B       		.uleb128 0x3b
 537 0033 0B       		.uleb128 0xb
 538 0034 49       		.uleb128 0x49
 539 0035 13       		.uleb128 0x13
 540 0036 00       		.byte	0x0
 541 0037 00       		.byte	0x0
 542 0038 05       		.uleb128 0x5
 543 0039 2E       		.uleb128 0x2e
 544 003a 01       		.byte	0x1
 545 003b 3F       		.uleb128 0x3f
 546 003c 0C       		.uleb128 0xc
 547 003d 03       		.uleb128 0x3
 548 003e 0E       		.uleb128 0xe
 549 003f 3A       		.uleb128 0x3a
 550 0040 0B       		.uleb128 0xb
 551 0041 3B       		.uleb128 0x3b
 552 0042 0B       		.uleb128 0xb
 553 0043 27       		.uleb128 0x27
 554 0044 0C       		.uleb128 0xc
 555 0045 11       		.uleb128 0x11
 556 0046 01       		.uleb128 0x1
 557 0047 12       		.uleb128 0x12
 558 0048 01       		.uleb128 0x1
 559 0049 40       		.uleb128 0x40
 560 004a 06       		.uleb128 0x6
 561 004b 01       		.uleb128 0x1
 562 004c 13       		.uleb128 0x13
 563 004d 00       		.byte	0x0
 564 004e 00       		.byte	0x0
 565 004f 06       		.uleb128 0x6
 566 0050 05       		.uleb128 0x5
 567 0051 00       		.byte	0x0
 568 0052 03       		.uleb128 0x3
 569 0053 0E       		.uleb128 0xe
 570 0054 3A       		.uleb128 0x3a
 571 0055 0B       		.uleb128 0xb
 572 0056 3B       		.uleb128 0x3b
 573 0057 0B       		.uleb128 0xb
 574 0058 49       		.uleb128 0x49
 575 0059 13       		.uleb128 0x13
ARM GAS  C:\DOCUME~1\akay\LOCALS~1\Temp\cchN8XZw.s 			page 13


 576 005a 02       		.uleb128 0x2
 577 005b 0A       		.uleb128 0xa
 578 005c 00       		.byte	0x0
 579 005d 00       		.byte	0x0
 580 005e 07       		.uleb128 0x7
 581 005f 34       		.uleb128 0x34
 582 0060 00       		.byte	0x0
 583 0061 03       		.uleb128 0x3
 584 0062 0E       		.uleb128 0xe
 585 0063 3A       		.uleb128 0x3a
 586 0064 0B       		.uleb128 0xb
 587 0065 3B       		.uleb128 0x3b
 588 0066 0B       		.uleb128 0xb
 589 0067 49       		.uleb128 0x49
 590 0068 13       		.uleb128 0x13
 591 0069 02       		.uleb128 0x2
 592 006a 0A       		.uleb128 0xa
 593 006b 00       		.byte	0x0
 594 006c 00       		.byte	0x0
 595 006d 08       		.uleb128 0x8
 596 006e 2E       		.uleb128 0x2e
 597 006f 00       		.byte	0x0
 598 0070 3F       		.uleb128 0x3f
 599 0071 0C       		.uleb128 0xc
 600 0072 03       		.uleb128 0x3
 601 0073 0E       		.uleb128 0xe
 602 0074 3A       		.uleb128 0x3a
 603 0075 0B       		.uleb128 0xb
 604 0076 3B       		.uleb128 0x3b
 605 0077 0B       		.uleb128 0xb
 606 0078 27       		.uleb128 0x27
 607 0079 0C       		.uleb128 0xc
 608 007a 49       		.uleb128 0x49
 609 007b 13       		.uleb128 0x13
 610 007c 11       		.uleb128 0x11
 611 007d 01       		.uleb128 0x1
 612 007e 12       		.uleb128 0x12
 613 007f 01       		.uleb128 0x1
 614 0080 40       		.uleb128 0x40
 615 0081 06       		.uleb128 0x6
 616 0082 00       		.byte	0x0
 617 0083 00       		.byte	0x0
 618 0084 00       		.byte	0x0
 619              		.section	.debug_pubnames,"",%progbits
 620 0000 72000000 		.4byte	0x72
 621 0004 0200     		.2byte	0x2
 622 0006 00000000 		.4byte	.Ldebug_info0
 623 000a 12010000 		.4byte	0x112
 624 000e 81000000 		.4byte	0x81
 625 0012 4C43445F 		.ascii	"LCD_LCDPort_Write\000"
 625      4C434450 
 625      6F72745F 
 625      57726974 
 625      6500
 626 0024 B7000000 		.4byte	0xb7
 627 0028 4C43445F 		.ascii	"LCD_LCDPort_SetDriveMode\000"
 627      4C434450 
ARM GAS  C:\DOCUME~1\akay\LOCALS~1\Temp\cchN8XZw.s 			page 14


 627      6F72745F 
 627      53657444 
 627      72697665 
 628 0041 DF000000 		.4byte	0xdf
 629 0045 4C43445F 		.ascii	"LCD_LCDPort_Read\000"
 629      4C434450 
 629      6F72745F 
 629      52656164 
 629      00
 630 0056 F8000000 		.4byte	0xf8
 631 005a 4C43445F 		.ascii	"LCD_LCDPort_ReadDataReg\000"
 631      4C434450 
 631      6F72745F 
 631      52656164 
 631      44617461 
 632 0072 00000000 		.4byte	0x0
 633              		.section	.debug_aranges,"",%progbits
 634 0000 34000000 		.4byte	0x34
 635 0004 0200     		.2byte	0x2
 636 0006 00000000 		.4byte	.Ldebug_info0
 637 000a 04       		.byte	0x4
 638 000b 00       		.byte	0x0
 639 000c 0000     		.2byte	0x0
 640 000e 0000     		.2byte	0x0
 641 0010 00000000 		.4byte	.LFB0
 642 0014 3E000000 		.4byte	.LFE0-.LFB0
 643 0018 00000000 		.4byte	.LFB1
 644 001c 2C010000 		.4byte	.LFE1-.LFB1
 645 0020 00000000 		.4byte	.LFB2
 646 0024 1C000000 		.4byte	.LFE2-.LFB2
 647 0028 00000000 		.4byte	.LFB3
 648 002c 1C000000 		.4byte	.LFE3-.LFB3
 649 0030 00000000 		.4byte	0x0
 650 0034 00000000 		.4byte	0x0
 651              		.section	.debug_ranges,"",%progbits
 652              	.Ldebug_ranges0:
 653 0000 00000000 		.4byte	.Ltext0
 654 0004 00000000 		.4byte	.Letext0
 655 0008 00000000 		.4byte	.LFB0
 656 000c 3E000000 		.4byte	.LFE0
 657 0010 00000000 		.4byte	.LFB1
 658 0014 2C010000 		.4byte	.LFE1
 659 0018 00000000 		.4byte	.LFB2
 660 001c 1C000000 		.4byte	.LFE2
 661 0020 00000000 		.4byte	.LFB3
 662 0024 1C000000 		.4byte	.LFE3
 663 0028 00000000 		.4byte	0x0
 664 002c 00000000 		.4byte	0x0
 665              		.section	.debug_str,"MS",%progbits,1
 666              	.LASF6:
 667 0000 6C6F6E67 		.ascii	"long long int\000"
 667      206C6F6E 
 667      6720696E 
 667      7400
 668              	.LASF18:
 669 000e 433A5C44 		.ascii	"C:\\Documents and Settings\\akay\\My Documents\\Exa"
 669      6F63756D 
ARM GAS  C:\DOCUME~1\akay\LOCALS~1\Temp\cchN8XZw.s 			page 15


 669      656E7473 
 669      20616E64 
 669      20536574 
 670 003d 6D706C65 		.ascii	"mple Projects\\PSoC3 I2C EEPROM\\Example_I2C_EEPROM"
 670      2050726F 
 670      6A656374 
 670      735C5053 
 670      6F433320 
 671 006e 5C457861 		.ascii	"\\Example_I2C_EEPROM.cydsn\000"
 671      6D706C65 
 671      5F493243 
 671      5F454550 
 671      524F4D2E 
 672              	.LASF12:
 673 0088 76616C75 		.ascii	"value\000"
 673      6500
 674              	.LASF10:
 675 008e 4C43445F 		.ascii	"LCD_LCDPort_Write\000"
 675      4C434450 
 675      6F72745F 
 675      57726974 
 675      6500
 676              	.LASF17:
 677 00a0 2E2F4765 		.ascii	"./Generated_Source/PSoC5/LCD_LCDPort.c\000"
 677      6E657261 
 677      7465645F 
 677      536F7572 
 677      63652F50 
 678              	.LASF15:
 679 00c7 4C43445F 		.ascii	"LCD_LCDPort_ReadDataReg\000"
 679      4C434450 
 679      6F72745F 
 679      52656164 
 679      44617461 
 680              	.LASF1:
 681 00df 756E7369 		.ascii	"unsigned char\000"
 681      676E6564 
 681      20636861 
 681      7200
 682              	.LASF20:
 683 00ed 73746174 		.ascii	"staticBits\000"
 683      69634269 
 683      747300
 684              	.LASF5:
 685 00f8 6C6F6E67 		.ascii	"long unsigned int\000"
 685      20756E73 
 685      69676E65 
 685      6420696E 
 685      7400
 686              	.LASF3:
 687 010a 73686F72 		.ascii	"short unsigned int\000"
 687      7420756E 
 687      7369676E 
 687      65642069 
 687      6E7400
 688              	.LASF11:
 689 011d 4C43445F 		.ascii	"LCD_LCDPort_SetDriveMode\000"
ARM GAS  C:\DOCUME~1\akay\LOCALS~1\Temp\cchN8XZw.s 			page 16


 689      4C434450 
 689      6F72745F 
 689      53657444 
 689      72697665 
 690              	.LASF8:
 691 0136 756E7369 		.ascii	"unsigned int\000"
 691      676E6564 
 691      20696E74 
 691      00
 692              	.LASF7:
 693 0143 6C6F6E67 		.ascii	"long long unsigned int\000"
 693      206C6F6E 
 693      6720756E 
 693      7369676E 
 693      65642069 
 694              	.LASF13:
 695 015a 6D6F6465 		.ascii	"mode\000"
 695      00
 696              	.LASF16:
 697 015f 474E5520 		.ascii	"GNU C 4.4.1\000"
 697      4320342E 
 697      342E3100 
 698              	.LASF9:
 699 016b 63686172 		.ascii	"char\000"
 699      00
 700              	.LASF2:
 701 0170 73686F72 		.ascii	"short int\000"
 701      7420696E 
 701      7400
 702              	.LASF19:
 703 017a 75696E74 		.ascii	"uint8\000"
 703      3800
 704              	.LASF14:
 705 0180 4C43445F 		.ascii	"LCD_LCDPort_Read\000"
 705      4C434450 
 705      6F72745F 
 705      52656164 
 705      00
 706              	.LASF4:
 707 0191 6C6F6E67 		.ascii	"long int\000"
 707      20696E74 
 707      00
 708              	.LASF0:
 709 019a 7369676E 		.ascii	"signed char\000"
 709      65642063 
 709      68617200 
 710              		.ident	"GCC: (Sourcery G++ Lite 2010q1-188) 4.4.1"
