ARM GAS  C:\DOCUME~1\akay\LOCALS~1\Temp\ccvmevLG.s 			page 1


   1              		.syntax unified
   2              		.cpu cortex-m3
   3              		.fpu softvfp
   4              		.eabi_attribute 20, 1
   5              		.eabi_attribute 21, 1
   6              		.eabi_attribute 23, 3
   7              		.eabi_attribute 24, 1
   8              		.eabi_attribute 25, 1
   9              		.eabi_attribute 26, 1
  10              		.eabi_attribute 30, 6
  11              		.eabi_attribute 18, 4
  12              		.thumb
  13              		.file	"SCL.c"
  14              		.section	.debug_abbrev,"",%progbits
  15              	.Ldebug_abbrev0:
  16              		.section	.debug_info,"",%progbits
  17              	.Ldebug_info0:
  18              		.section	.debug_line,"",%progbits
  19              	.Ldebug_line0:
  20 0000 90000000 		.text
  20      02004200 
  20      00000201 
  20      FB0E0D00 
  20      01010101 
  21              	.Ltext0:
  22              		.cfi_sections	.debug_frame
  23              		.section	.text.SCL_Write,"ax",%progbits
  24              		.align	2
  25              		.global	SCL_Write
  26              		.thumb
  27              		.thumb_func
  28              		.type	SCL_Write, %function
  29              	SCL_Write:
  30              	.LFB0:
  31              		.file 1 "./Generated_Source/PSoC5/SCL.c"
   1:./Generated_Source/PSoC5/SCL.c **** /*******************************************************************************
   2:./Generated_Source/PSoC5/SCL.c **** * File Name: SCL.c  
   3:./Generated_Source/PSoC5/SCL.c **** * Version 1.50
   4:./Generated_Source/PSoC5/SCL.c **** *
   5:./Generated_Source/PSoC5/SCL.c **** * Description:
   6:./Generated_Source/PSoC5/SCL.c **** *  This file contains API to enable firmware control of a Pins component.
   7:./Generated_Source/PSoC5/SCL.c **** *
   8:./Generated_Source/PSoC5/SCL.c **** * Note:
   9:./Generated_Source/PSoC5/SCL.c **** *
  10:./Generated_Source/PSoC5/SCL.c **** ********************************************************************************
  11:./Generated_Source/PSoC5/SCL.c **** * Copyright 2008-2010, Cypress Semiconductor Corporation.  All rights reserved.
  12:./Generated_Source/PSoC5/SCL.c **** * You may use this file only in accordance with the license, terms, conditions, 
  13:./Generated_Source/PSoC5/SCL.c **** * disclaimers, and limitations in the end user license agreement accompanying 
  14:./Generated_Source/PSoC5/SCL.c **** * the software package with which this file was provided.
  15:./Generated_Source/PSoC5/SCL.c **** ********************************************************************************/
  16:./Generated_Source/PSoC5/SCL.c **** 
  17:./Generated_Source/PSoC5/SCL.c **** #include "cytypes.h"
  18:./Generated_Source/PSoC5/SCL.c **** #include "SCL.h"
  19:./Generated_Source/PSoC5/SCL.c **** 
  20:./Generated_Source/PSoC5/SCL.c **** 
  21:./Generated_Source/PSoC5/SCL.c **** /*******************************************************************************
  22:./Generated_Source/PSoC5/SCL.c **** * Function Name: SCL_Write
ARM GAS  C:\DOCUME~1\akay\LOCALS~1\Temp\ccvmevLG.s 			page 2


  23:./Generated_Source/PSoC5/SCL.c **** ********************************************************************************
  24:./Generated_Source/PSoC5/SCL.c **** * Summary:
  25:./Generated_Source/PSoC5/SCL.c **** *  Assign a new value to the digital port's data output register.  
  26:./Generated_Source/PSoC5/SCL.c **** *
  27:./Generated_Source/PSoC5/SCL.c **** * Parameters:  
  28:./Generated_Source/PSoC5/SCL.c **** *  prtValue:  The value to be assigned to the Digital Port. 
  29:./Generated_Source/PSoC5/SCL.c **** *
  30:./Generated_Source/PSoC5/SCL.c **** * Return: 
  31:./Generated_Source/PSoC5/SCL.c **** *  void 
  32:./Generated_Source/PSoC5/SCL.c **** *  
  33:./Generated_Source/PSoC5/SCL.c **** *******************************************************************************/
  34:./Generated_Source/PSoC5/SCL.c **** void SCL_Write(uint8 value) 
  35:./Generated_Source/PSoC5/SCL.c **** {
  32              		.loc 1 35 0
  33              		.cfi_startproc
  34              		@ args = 0, pretend = 0, frame = 16
  35              		@ frame_needed = 1, uses_anonymous_args = 0
  36              		@ link register save eliminated.
  37 0000 80B4     		push	{r7}
  38              	.LCFI0:
  39              		.cfi_def_cfa_offset 4
  40 0002 85B0     		sub	sp, sp, #20
  41              	.LCFI1:
  42              		.cfi_def_cfa_offset 24
  43 0004 00AF     		add	r7, sp, #0
  44              		.cfi_offset 7, -4
  45              	.LCFI2:
  46              		.cfi_def_cfa_register 7
  47 0006 0346     		mov	r3, r0
  48 0008 FB71     		strb	r3, [r7, #7]
  36:./Generated_Source/PSoC5/SCL.c ****     uint8 staticBits = SCL_DR & ~SCL_MASK;
  49              		.loc 1 36 0
  50 000a 45F24013 		movw	r3, #:lower16:1073762624
  51 000e C4F20003 		movt	r3, #:upper16:1073762624
  52 0012 1B78     		ldrb	r3, [r3, #0]
  53 0014 DBB2     		uxtb	r3, r3
  54 0016 23F01003 		bic	r3, r3, #16
  55 001a FB73     		strb	r3, [r7, #15]
  37:./Generated_Source/PSoC5/SCL.c ****     SCL_DR = staticBits | ((value << SCL_SHIFT) & SCL_MASK);
  56              		.loc 1 37 0
  57 001c 45F24013 		movw	r3, #:lower16:1073762624
  58 0020 C4F20003 		movt	r3, #:upper16:1073762624
  59 0024 FA79     		ldrb	r2, [r7, #7]
  60 0026 4FEA0212 		lsl	r2, r2, #4
  61 002a D2B2     		uxtb	r2, r2
  62 002c 02F01002 		and	r2, r2, #16
  63 0030 F97B     		ldrb	r1, [r7, #15]
  64 0032 42EA0102 		orr	r2, r2, r1
  65 0036 D2B2     		uxtb	r2, r2
  66 0038 1A70     		strb	r2, [r3, #0]
  38:./Generated_Source/PSoC5/SCL.c **** }
  67              		.loc 1 38 0
  68 003a 07F11407 		add	r7, r7, #20
  69 003e BD46     		mov	sp, r7
  70 0040 80BC     		pop	{r7}
  71 0042 7047     		bx	lr
  72              		.cfi_endproc
ARM GAS  C:\DOCUME~1\akay\LOCALS~1\Temp\ccvmevLG.s 			page 3


  73              	.LFE0:
  74              		.size	SCL_Write, .-SCL_Write
  75              		.section	.text.SCL_SetDriveMode,"ax",%progbits
  76              		.align	2
  77              		.global	SCL_SetDriveMode
  78              		.thumb
  79              		.thumb_func
  80              		.type	SCL_SetDriveMode, %function
  81              	SCL_SetDriveMode:
  82              	.LFB1:
  39:./Generated_Source/PSoC5/SCL.c **** 
  40:./Generated_Source/PSoC5/SCL.c **** 
  41:./Generated_Source/PSoC5/SCL.c **** /*******************************************************************************
  42:./Generated_Source/PSoC5/SCL.c **** * Function Name: SCL_SetDriveMode
  43:./Generated_Source/PSoC5/SCL.c **** ********************************************************************************
  44:./Generated_Source/PSoC5/SCL.c **** * Summary:
  45:./Generated_Source/PSoC5/SCL.c **** *  Change the drive mode on the pins of the port.
  46:./Generated_Source/PSoC5/SCL.c **** * 
  47:./Generated_Source/PSoC5/SCL.c **** * Parameters:  
  48:./Generated_Source/PSoC5/SCL.c **** *  mode:  Change the pins to this drive mode.
  49:./Generated_Source/PSoC5/SCL.c **** *
  50:./Generated_Source/PSoC5/SCL.c **** * Return: 
  51:./Generated_Source/PSoC5/SCL.c **** *  void
  52:./Generated_Source/PSoC5/SCL.c **** *
  53:./Generated_Source/PSoC5/SCL.c **** *******************************************************************************/
  54:./Generated_Source/PSoC5/SCL.c **** void SCL_SetDriveMode(uint8 mode) 
  55:./Generated_Source/PSoC5/SCL.c **** {
  83              		.loc 1 55 0
  84              		.cfi_startproc
  85              		@ args = 0, pretend = 0, frame = 8
  86              		@ frame_needed = 1, uses_anonymous_args = 0
  87              		@ link register save eliminated.
  88 0000 80B4     		push	{r7}
  89              	.LCFI3:
  90              		.cfi_def_cfa_offset 4
  91 0002 83B0     		sub	sp, sp, #12
  92              	.LCFI4:
  93              		.cfi_def_cfa_offset 16
  94 0004 00AF     		add	r7, sp, #0
  95              		.cfi_offset 7, -4
  96              	.LCFI5:
  97              		.cfi_def_cfa_register 7
  98 0006 0346     		mov	r3, r0
  99 0008 FB71     		strb	r3, [r7, #7]
  56:./Generated_Source/PSoC5/SCL.c **** 	CyPins_SetPinDriveMode(SCL_0, mode);
 100              		.loc 1 56 0
 101 000a 45F22403 		movw	r3, #:lower16:1073762340
 102 000e C4F20003 		movt	r3, #:upper16:1073762340
 103 0012 45F22402 		movw	r2, #:lower16:1073762340
 104 0016 C4F20002 		movt	r2, #:upper16:1073762340
 105 001a 1278     		ldrb	r2, [r2, #0]
 106 001c D2B2     		uxtb	r2, r2
 107 001e 1146     		mov	r1, r2
 108 0020 01F0F101 		and	r1, r1, #241
 109 0024 FA79     		ldrb	r2, [r7, #7]	@ zero_extendqisi2
 110 0026 02F00E02 		and	r2, r2, #14
 111 002a 41EA0202 		orr	r2, r1, r2
ARM GAS  C:\DOCUME~1\akay\LOCALS~1\Temp\ccvmevLG.s 			page 4


 112 002e D2B2     		uxtb	r2, r2
 113 0030 1A70     		strb	r2, [r3, #0]
  57:./Generated_Source/PSoC5/SCL.c **** }
 114              		.loc 1 57 0
 115 0032 07F10C07 		add	r7, r7, #12
 116 0036 BD46     		mov	sp, r7
 117 0038 80BC     		pop	{r7}
 118 003a 7047     		bx	lr
 119              		.cfi_endproc
 120              	.LFE1:
 121              		.size	SCL_SetDriveMode, .-SCL_SetDriveMode
 122              		.section	.text.SCL_Read,"ax",%progbits
 123              		.align	2
 124              		.global	SCL_Read
 125              		.thumb
 126              		.thumb_func
 127              		.type	SCL_Read, %function
 128              	SCL_Read:
 129              	.LFB2:
  58:./Generated_Source/PSoC5/SCL.c **** 
  59:./Generated_Source/PSoC5/SCL.c **** 
  60:./Generated_Source/PSoC5/SCL.c **** /*******************************************************************************
  61:./Generated_Source/PSoC5/SCL.c **** * Function Name: SCL_Read
  62:./Generated_Source/PSoC5/SCL.c **** ********************************************************************************
  63:./Generated_Source/PSoC5/SCL.c **** * Summary:
  64:./Generated_Source/PSoC5/SCL.c **** *  Read the current value on the pins of the Digital Port in right justified 
  65:./Generated_Source/PSoC5/SCL.c **** *  form.
  66:./Generated_Source/PSoC5/SCL.c **** *
  67:./Generated_Source/PSoC5/SCL.c **** * Parameters:  
  68:./Generated_Source/PSoC5/SCL.c **** *  void 
  69:./Generated_Source/PSoC5/SCL.c **** *
  70:./Generated_Source/PSoC5/SCL.c **** * Return: 
  71:./Generated_Source/PSoC5/SCL.c **** *  Returns the current value of the Digital Port as a right justified number
  72:./Generated_Source/PSoC5/SCL.c **** *  
  73:./Generated_Source/PSoC5/SCL.c **** * Note:
  74:./Generated_Source/PSoC5/SCL.c **** *  Macro SCL_ReadPS calls this function. 
  75:./Generated_Source/PSoC5/SCL.c **** *  
  76:./Generated_Source/PSoC5/SCL.c **** *******************************************************************************/
  77:./Generated_Source/PSoC5/SCL.c **** uint8 SCL_Read(void) 
  78:./Generated_Source/PSoC5/SCL.c **** {
 130              		.loc 1 78 0
 131              		.cfi_startproc
 132              		@ args = 0, pretend = 0, frame = 0
 133              		@ frame_needed = 1, uses_anonymous_args = 0
 134              		@ link register save eliminated.
 135 0000 80B4     		push	{r7}
 136              	.LCFI6:
 137              		.cfi_def_cfa_offset 4
 138 0002 00AF     		add	r7, sp, #0
 139              		.cfi_offset 7, -4
 140              	.LCFI7:
 141              		.cfi_def_cfa_register 7
  79:./Generated_Source/PSoC5/SCL.c ****     return (SCL_PS & SCL_MASK) >> SCL_SHIFT;
 142              		.loc 1 79 0
 143 0004 45F24113 		movw	r3, #:lower16:1073762625
 144 0008 C4F20003 		movt	r3, #:upper16:1073762625
 145 000c 1B78     		ldrb	r3, [r3, #0]
ARM GAS  C:\DOCUME~1\akay\LOCALS~1\Temp\ccvmevLG.s 			page 5


 146 000e DBB2     		uxtb	r3, r3
 147 0010 03F01003 		and	r3, r3, #16
 148 0014 4FEA1313 		lsr	r3, r3, #4
 149 0018 DBB2     		uxtb	r3, r3
  80:./Generated_Source/PSoC5/SCL.c **** }
 150              		.loc 1 80 0
 151 001a 1846     		mov	r0, r3
 152 001c BD46     		mov	sp, r7
 153 001e 80BC     		pop	{r7}
 154 0020 7047     		bx	lr
 155              		.cfi_endproc
 156              	.LFE2:
 157              		.size	SCL_Read, .-SCL_Read
 158 0022 00BF     		.section	.text.SCL_ReadDataReg,"ax",%progbits
 159              		.align	2
 160              		.global	SCL_ReadDataReg
 161              		.thumb
 162              		.thumb_func
 163              		.type	SCL_ReadDataReg, %function
 164              	SCL_ReadDataReg:
 165              	.LFB3:
  81:./Generated_Source/PSoC5/SCL.c **** 
  82:./Generated_Source/PSoC5/SCL.c **** 
  83:./Generated_Source/PSoC5/SCL.c **** /*******************************************************************************
  84:./Generated_Source/PSoC5/SCL.c **** * Function Name: SCL_ReadDataReg
  85:./Generated_Source/PSoC5/SCL.c **** ********************************************************************************
  86:./Generated_Source/PSoC5/SCL.c **** * Summary:
  87:./Generated_Source/PSoC5/SCL.c **** *  Read the current value assigned to a Digital Port's data output register
  88:./Generated_Source/PSoC5/SCL.c **** *
  89:./Generated_Source/PSoC5/SCL.c **** * Parameters:  
  90:./Generated_Source/PSoC5/SCL.c **** *  void 
  91:./Generated_Source/PSoC5/SCL.c **** *
  92:./Generated_Source/PSoC5/SCL.c **** * Return: 
  93:./Generated_Source/PSoC5/SCL.c **** *  Returns the current value assigned to the Digital Port's data output register
  94:./Generated_Source/PSoC5/SCL.c **** *  
  95:./Generated_Source/PSoC5/SCL.c **** *******************************************************************************/
  96:./Generated_Source/PSoC5/SCL.c **** uint8 SCL_ReadDataReg(void) 
  97:./Generated_Source/PSoC5/SCL.c **** {
 166              		.loc 1 97 0
 167              		.cfi_startproc
 168              		@ args = 0, pretend = 0, frame = 0
 169              		@ frame_needed = 1, uses_anonymous_args = 0
 170              		@ link register save eliminated.
 171 0000 80B4     		push	{r7}
 172              	.LCFI8:
 173              		.cfi_def_cfa_offset 4
 174 0002 00AF     		add	r7, sp, #0
 175              		.cfi_offset 7, -4
 176              	.LCFI9:
 177              		.cfi_def_cfa_register 7
  98:./Generated_Source/PSoC5/SCL.c ****     return (SCL_DR & SCL_MASK) >> SCL_SHIFT;
 178              		.loc 1 98 0
 179 0004 45F24013 		movw	r3, #:lower16:1073762624
 180 0008 C4F20003 		movt	r3, #:upper16:1073762624
 181 000c 1B78     		ldrb	r3, [r3, #0]
 182 000e DBB2     		uxtb	r3, r3
 183 0010 03F01003 		and	r3, r3, #16
ARM GAS  C:\DOCUME~1\akay\LOCALS~1\Temp\ccvmevLG.s 			page 6


 184 0014 4FEA1313 		lsr	r3, r3, #4
 185 0018 DBB2     		uxtb	r3, r3
  99:./Generated_Source/PSoC5/SCL.c **** }
 186              		.loc 1 99 0
 187 001a 1846     		mov	r0, r3
 188 001c BD46     		mov	sp, r7
 189 001e 80BC     		pop	{r7}
 190 0020 7047     		bx	lr
 191              		.cfi_endproc
 192              	.LFE3:
 193              		.size	SCL_ReadDataReg, .-SCL_ReadDataReg
 194 0022 00BF     		.text
 195              	.Letext0:
 196              		.section	.debug_loc,"",%progbits
 197              	.Ldebug_loc0:
 198              	.LLST0:
 199 0000 00000000 		.4byte	.LFB0
 200 0004 02000000 		.4byte	.LCFI0
 201 0008 0100     		.2byte	0x1
 202 000a 5D       		.byte	0x5d
 203 000b 02000000 		.4byte	.LCFI0
 204 000f 04000000 		.4byte	.LCFI1
 205 0013 0200     		.2byte	0x2
 206 0015 7D       		.byte	0x7d
 207 0016 04       		.sleb128 4
 208 0017 04000000 		.4byte	.LCFI1
 209 001b 06000000 		.4byte	.LCFI2
 210 001f 0200     		.2byte	0x2
 211 0021 7D       		.byte	0x7d
 212 0022 18       		.sleb128 24
 213 0023 06000000 		.4byte	.LCFI2
 214 0027 44000000 		.4byte	.LFE0
 215 002b 0200     		.2byte	0x2
 216 002d 77       		.byte	0x77
 217 002e 18       		.sleb128 24
 218 002f 00000000 		.4byte	0x0
 219 0033 00000000 		.4byte	0x0
 220              	.LLST1:
 221 0037 00000000 		.4byte	.LFB1
 222 003b 02000000 		.4byte	.LCFI3
 223 003f 0100     		.2byte	0x1
 224 0041 5D       		.byte	0x5d
 225 0042 02000000 		.4byte	.LCFI3
 226 0046 04000000 		.4byte	.LCFI4
 227 004a 0200     		.2byte	0x2
 228 004c 7D       		.byte	0x7d
 229 004d 04       		.sleb128 4
 230 004e 04000000 		.4byte	.LCFI4
 231 0052 06000000 		.4byte	.LCFI5
 232 0056 0200     		.2byte	0x2
 233 0058 7D       		.byte	0x7d
 234 0059 10       		.sleb128 16
 235 005a 06000000 		.4byte	.LCFI5
 236 005e 3C000000 		.4byte	.LFE1
 237 0062 0200     		.2byte	0x2
 238 0064 77       		.byte	0x77
 239 0065 10       		.sleb128 16
ARM GAS  C:\DOCUME~1\akay\LOCALS~1\Temp\ccvmevLG.s 			page 7


 240 0066 00000000 		.4byte	0x0
 241 006a 00000000 		.4byte	0x0
 242              	.LLST2:
 243 006e 00000000 		.4byte	.LFB2
 244 0072 02000000 		.4byte	.LCFI6
 245 0076 0100     		.2byte	0x1
 246 0078 5D       		.byte	0x5d
 247 0079 02000000 		.4byte	.LCFI6
 248 007d 04000000 		.4byte	.LCFI7
 249 0081 0200     		.2byte	0x2
 250 0083 7D       		.byte	0x7d
 251 0084 04       		.sleb128 4
 252 0085 04000000 		.4byte	.LCFI7
 253 0089 22000000 		.4byte	.LFE2
 254 008d 0200     		.2byte	0x2
 255 008f 77       		.byte	0x77
 256 0090 04       		.sleb128 4
 257 0091 00000000 		.4byte	0x0
 258 0095 00000000 		.4byte	0x0
 259              	.LLST3:
 260 0099 00000000 		.4byte	.LFB3
 261 009d 02000000 		.4byte	.LCFI8
 262 00a1 0100     		.2byte	0x1
 263 00a3 5D       		.byte	0x5d
 264 00a4 02000000 		.4byte	.LCFI8
 265 00a8 04000000 		.4byte	.LCFI9
 266 00ac 0200     		.2byte	0x2
 267 00ae 7D       		.byte	0x7d
 268 00af 04       		.sleb128 4
 269 00b0 04000000 		.4byte	.LCFI9
 270 00b4 22000000 		.4byte	.LFE3
 271 00b8 0200     		.2byte	0x2
 272 00ba 77       		.byte	0x77
 273 00bb 04       		.sleb128 4
 274 00bc 00000000 		.4byte	0x0
 275 00c0 00000000 		.4byte	0x0
 276              		.file 2 "./Generated_Source/PSoC5/cytypes.h"
 277              		.section	.debug_info
 278 0000 0E010000 		.4byte	0x10e
 279 0004 0200     		.2byte	0x2
 280 0006 00000000 		.4byte	.Ldebug_abbrev0
 281 000a 04       		.byte	0x4
 282 000b 01       		.uleb128 0x1
 283 000c 2D010000 		.4byte	.LASF16
 284 0010 01       		.byte	0x1
 285 0011 CC000000 		.4byte	.LASF17
 286 0015 0E000000 		.4byte	.LASF18
 287 0019 00000000 		.4byte	0x0
 288 001d 00000000 		.4byte	0x0
 289 0021 00000000 		.4byte	.Ldebug_ranges0+0x0
 290 0025 00000000 		.4byte	.Ldebug_line0
 291 0029 02       		.uleb128 0x2
 292 002a 01       		.byte	0x1
 293 002b 06       		.byte	0x6
 294 002c 72010000 		.4byte	.LASF0
 295 0030 02       		.uleb128 0x2
 296 0031 01       		.byte	0x1
ARM GAS  C:\DOCUME~1\akay\LOCALS~1\Temp\ccvmevLG.s 			page 8


 297 0032 08       		.byte	0x8
 298 0033 99000000 		.4byte	.LASF1
 299 0037 02       		.uleb128 0x2
 300 0038 02       		.byte	0x2
 301 0039 05       		.byte	0x5
 302 003a 3E010000 		.4byte	.LASF2
 303 003e 02       		.uleb128 0x2
 304 003f 02       		.byte	0x2
 305 0040 07       		.byte	0x7
 306 0041 B9000000 		.4byte	.LASF3
 307 0045 02       		.uleb128 0x2
 308 0046 04       		.byte	0x4
 309 0047 05       		.byte	0x5
 310 0048 58010000 		.4byte	.LASF4
 311 004c 02       		.uleb128 0x2
 312 004d 04       		.byte	0x4
 313 004e 07       		.byte	0x7
 314 004f A7000000 		.4byte	.LASF5
 315 0053 02       		.uleb128 0x2
 316 0054 08       		.byte	0x8
 317 0055 05       		.byte	0x5
 318 0056 00000000 		.4byte	.LASF6
 319 005a 02       		.uleb128 0x2
 320 005b 08       		.byte	0x8
 321 005c 07       		.byte	0x7
 322 005d 11010000 		.4byte	.LASF7
 323 0061 03       		.uleb128 0x3
 324 0062 04       		.byte	0x4
 325 0063 05       		.byte	0x5
 326 0064 696E7400 		.ascii	"int\000"
 327 0068 02       		.uleb128 0x2
 328 0069 04       		.byte	0x4
 329 006a 07       		.byte	0x7
 330 006b F4000000 		.4byte	.LASF8
 331 006f 02       		.uleb128 0x2
 332 0070 01       		.byte	0x1
 333 0071 08       		.byte	0x8
 334 0072 39010000 		.4byte	.LASF9
 335 0076 04       		.uleb128 0x4
 336 0077 48010000 		.4byte	.LASF19
 337 007b 02       		.byte	0x2
 338 007c 2A       		.byte	0x2a
 339 007d 30000000 		.4byte	0x30
 340 0081 05       		.uleb128 0x5
 341 0082 01       		.byte	0x1
 342 0083 4E010000 		.4byte	.LASF10
 343 0087 01       		.byte	0x1
 344 0088 22       		.byte	0x22
 345 0089 01       		.byte	0x1
 346 008a 00000000 		.4byte	.LFB0
 347 008e 44000000 		.4byte	.LFE0
 348 0092 00000000 		.4byte	.LLST0
 349 0096 B7000000 		.4byte	0xb7
 350 009a 06       		.uleb128 0x6
 351 009b 88000000 		.4byte	.LASF12
 352 009f 01       		.byte	0x1
 353 00a0 22       		.byte	0x22
ARM GAS  C:\DOCUME~1\akay\LOCALS~1\Temp\ccvmevLG.s 			page 9


 354 00a1 76000000 		.4byte	0x76
 355 00a5 02       		.byte	0x2
 356 00a6 91       		.byte	0x91
 357 00a7 6F       		.sleb128 -17
 358 00a8 07       		.uleb128 0x7
 359 00a9 8E000000 		.4byte	.LASF20
 360 00ad 01       		.byte	0x1
 361 00ae 24       		.byte	0x24
 362 00af 76000000 		.4byte	0x76
 363 00b3 02       		.byte	0x2
 364 00b4 91       		.byte	0x91
 365 00b5 77       		.sleb128 -9
 366 00b6 00       		.byte	0x0
 367 00b7 05       		.uleb128 0x5
 368 00b8 01       		.byte	0x1
 369 00b9 61010000 		.4byte	.LASF11
 370 00bd 01       		.byte	0x1
 371 00be 36       		.byte	0x36
 372 00bf 01       		.byte	0x1
 373 00c0 00000000 		.4byte	.LFB1
 374 00c4 3C000000 		.4byte	.LFE1
 375 00c8 37000000 		.4byte	.LLST1
 376 00cc DF000000 		.4byte	0xdf
 377 00d0 06       		.uleb128 0x6
 378 00d1 28010000 		.4byte	.LASF13
 379 00d5 01       		.byte	0x1
 380 00d6 36       		.byte	0x36
 381 00d7 76000000 		.4byte	0x76
 382 00db 02       		.byte	0x2
 383 00dc 91       		.byte	0x91
 384 00dd 77       		.sleb128 -9
 385 00de 00       		.byte	0x0
 386 00df 08       		.uleb128 0x8
 387 00e0 01       		.byte	0x1
 388 00e1 EB000000 		.4byte	.LASF14
 389 00e5 01       		.byte	0x1
 390 00e6 4D       		.byte	0x4d
 391 00e7 01       		.byte	0x1
 392 00e8 76000000 		.4byte	0x76
 393 00ec 00000000 		.4byte	.LFB2
 394 00f0 22000000 		.4byte	.LFE2
 395 00f4 6E000000 		.4byte	.LLST2
 396 00f8 08       		.uleb128 0x8
 397 00f9 01       		.byte	0x1
 398 00fa 01010000 		.4byte	.LASF15
 399 00fe 01       		.byte	0x1
 400 00ff 60       		.byte	0x60
 401 0100 01       		.byte	0x1
 402 0101 76000000 		.4byte	0x76
 403 0105 00000000 		.4byte	.LFB3
 404 0109 22000000 		.4byte	.LFE3
 405 010d 99000000 		.4byte	.LLST3
 406 0111 00       		.byte	0x0
 407              		.section	.debug_abbrev
 408 0000 01       		.uleb128 0x1
 409 0001 11       		.uleb128 0x11
 410 0002 01       		.byte	0x1
ARM GAS  C:\DOCUME~1\akay\LOCALS~1\Temp\ccvmevLG.s 			page 10


 411 0003 25       		.uleb128 0x25
 412 0004 0E       		.uleb128 0xe
 413 0005 13       		.uleb128 0x13
 414 0006 0B       		.uleb128 0xb
 415 0007 03       		.uleb128 0x3
 416 0008 0E       		.uleb128 0xe
 417 0009 1B       		.uleb128 0x1b
 418 000a 0E       		.uleb128 0xe
 419 000b 11       		.uleb128 0x11
 420 000c 01       		.uleb128 0x1
 421 000d 52       		.uleb128 0x52
 422 000e 01       		.uleb128 0x1
 423 000f 55       		.uleb128 0x55
 424 0010 06       		.uleb128 0x6
 425 0011 10       		.uleb128 0x10
 426 0012 06       		.uleb128 0x6
 427 0013 00       		.byte	0x0
 428 0014 00       		.byte	0x0
 429 0015 02       		.uleb128 0x2
 430 0016 24       		.uleb128 0x24
 431 0017 00       		.byte	0x0
 432 0018 0B       		.uleb128 0xb
 433 0019 0B       		.uleb128 0xb
 434 001a 3E       		.uleb128 0x3e
 435 001b 0B       		.uleb128 0xb
 436 001c 03       		.uleb128 0x3
 437 001d 0E       		.uleb128 0xe
 438 001e 00       		.byte	0x0
 439 001f 00       		.byte	0x0
 440 0020 03       		.uleb128 0x3
 441 0021 24       		.uleb128 0x24
 442 0022 00       		.byte	0x0
 443 0023 0B       		.uleb128 0xb
 444 0024 0B       		.uleb128 0xb
 445 0025 3E       		.uleb128 0x3e
 446 0026 0B       		.uleb128 0xb
 447 0027 03       		.uleb128 0x3
 448 0028 08       		.uleb128 0x8
 449 0029 00       		.byte	0x0
 450 002a 00       		.byte	0x0
 451 002b 04       		.uleb128 0x4
 452 002c 16       		.uleb128 0x16
 453 002d 00       		.byte	0x0
 454 002e 03       		.uleb128 0x3
 455 002f 0E       		.uleb128 0xe
 456 0030 3A       		.uleb128 0x3a
 457 0031 0B       		.uleb128 0xb
 458 0032 3B       		.uleb128 0x3b
 459 0033 0B       		.uleb128 0xb
 460 0034 49       		.uleb128 0x49
 461 0035 13       		.uleb128 0x13
 462 0036 00       		.byte	0x0
 463 0037 00       		.byte	0x0
 464 0038 05       		.uleb128 0x5
 465 0039 2E       		.uleb128 0x2e
 466 003a 01       		.byte	0x1
 467 003b 3F       		.uleb128 0x3f
ARM GAS  C:\DOCUME~1\akay\LOCALS~1\Temp\ccvmevLG.s 			page 11


 468 003c 0C       		.uleb128 0xc
 469 003d 03       		.uleb128 0x3
 470 003e 0E       		.uleb128 0xe
 471 003f 3A       		.uleb128 0x3a
 472 0040 0B       		.uleb128 0xb
 473 0041 3B       		.uleb128 0x3b
 474 0042 0B       		.uleb128 0xb
 475 0043 27       		.uleb128 0x27
 476 0044 0C       		.uleb128 0xc
 477 0045 11       		.uleb128 0x11
 478 0046 01       		.uleb128 0x1
 479 0047 12       		.uleb128 0x12
 480 0048 01       		.uleb128 0x1
 481 0049 40       		.uleb128 0x40
 482 004a 06       		.uleb128 0x6
 483 004b 01       		.uleb128 0x1
 484 004c 13       		.uleb128 0x13
 485 004d 00       		.byte	0x0
 486 004e 00       		.byte	0x0
 487 004f 06       		.uleb128 0x6
 488 0050 05       		.uleb128 0x5
 489 0051 00       		.byte	0x0
 490 0052 03       		.uleb128 0x3
 491 0053 0E       		.uleb128 0xe
 492 0054 3A       		.uleb128 0x3a
 493 0055 0B       		.uleb128 0xb
 494 0056 3B       		.uleb128 0x3b
 495 0057 0B       		.uleb128 0xb
 496 0058 49       		.uleb128 0x49
 497 0059 13       		.uleb128 0x13
 498 005a 02       		.uleb128 0x2
 499 005b 0A       		.uleb128 0xa
 500 005c 00       		.byte	0x0
 501 005d 00       		.byte	0x0
 502 005e 07       		.uleb128 0x7
 503 005f 34       		.uleb128 0x34
 504 0060 00       		.byte	0x0
 505 0061 03       		.uleb128 0x3
 506 0062 0E       		.uleb128 0xe
 507 0063 3A       		.uleb128 0x3a
 508 0064 0B       		.uleb128 0xb
 509 0065 3B       		.uleb128 0x3b
 510 0066 0B       		.uleb128 0xb
 511 0067 49       		.uleb128 0x49
 512 0068 13       		.uleb128 0x13
 513 0069 02       		.uleb128 0x2
 514 006a 0A       		.uleb128 0xa
 515 006b 00       		.byte	0x0
 516 006c 00       		.byte	0x0
 517 006d 08       		.uleb128 0x8
 518 006e 2E       		.uleb128 0x2e
 519 006f 00       		.byte	0x0
 520 0070 3F       		.uleb128 0x3f
 521 0071 0C       		.uleb128 0xc
 522 0072 03       		.uleb128 0x3
 523 0073 0E       		.uleb128 0xe
 524 0074 3A       		.uleb128 0x3a
ARM GAS  C:\DOCUME~1\akay\LOCALS~1\Temp\ccvmevLG.s 			page 12


 525 0075 0B       		.uleb128 0xb
 526 0076 3B       		.uleb128 0x3b
 527 0077 0B       		.uleb128 0xb
 528 0078 27       		.uleb128 0x27
 529 0079 0C       		.uleb128 0xc
 530 007a 49       		.uleb128 0x49
 531 007b 13       		.uleb128 0x13
 532 007c 11       		.uleb128 0x11
 533 007d 01       		.uleb128 0x1
 534 007e 12       		.uleb128 0x12
 535 007f 01       		.uleb128 0x1
 536 0080 40       		.uleb128 0x40
 537 0081 06       		.uleb128 0x6
 538 0082 00       		.byte	0x0
 539 0083 00       		.byte	0x0
 540 0084 00       		.byte	0x0
 541              		.section	.debug_pubnames,"",%progbits
 542 0000 52000000 		.4byte	0x52
 543 0004 0200     		.2byte	0x2
 544 0006 00000000 		.4byte	.Ldebug_info0
 545 000a 12010000 		.4byte	0x112
 546 000e 81000000 		.4byte	0x81
 547 0012 53434C5F 		.ascii	"SCL_Write\000"
 547      57726974 
 547      6500
 548 001c B7000000 		.4byte	0xb7
 549 0020 53434C5F 		.ascii	"SCL_SetDriveMode\000"
 549      53657444 
 549      72697665 
 549      4D6F6465 
 549      00
 550 0031 DF000000 		.4byte	0xdf
 551 0035 53434C5F 		.ascii	"SCL_Read\000"
 551      52656164 
 551      00
 552 003e F8000000 		.4byte	0xf8
 553 0042 53434C5F 		.ascii	"SCL_ReadDataReg\000"
 553      52656164 
 553      44617461 
 553      52656700 
 554 0052 00000000 		.4byte	0x0
 555              		.section	.debug_aranges,"",%progbits
 556 0000 34000000 		.4byte	0x34
 557 0004 0200     		.2byte	0x2
 558 0006 00000000 		.4byte	.Ldebug_info0
 559 000a 04       		.byte	0x4
 560 000b 00       		.byte	0x0
 561 000c 0000     		.2byte	0x0
 562 000e 0000     		.2byte	0x0
 563 0010 00000000 		.4byte	.LFB0
 564 0014 44000000 		.4byte	.LFE0-.LFB0
 565 0018 00000000 		.4byte	.LFB1
 566 001c 3C000000 		.4byte	.LFE1-.LFB1
 567 0020 00000000 		.4byte	.LFB2
 568 0024 22000000 		.4byte	.LFE2-.LFB2
 569 0028 00000000 		.4byte	.LFB3
 570 002c 22000000 		.4byte	.LFE3-.LFB3
ARM GAS  C:\DOCUME~1\akay\LOCALS~1\Temp\ccvmevLG.s 			page 13


 571 0030 00000000 		.4byte	0x0
 572 0034 00000000 		.4byte	0x0
 573              		.section	.debug_ranges,"",%progbits
 574              	.Ldebug_ranges0:
 575 0000 00000000 		.4byte	.Ltext0
 576 0004 00000000 		.4byte	.Letext0
 577 0008 00000000 		.4byte	.LFB0
 578 000c 44000000 		.4byte	.LFE0
 579 0010 00000000 		.4byte	.LFB1
 580 0014 3C000000 		.4byte	.LFE1
 581 0018 00000000 		.4byte	.LFB2
 582 001c 22000000 		.4byte	.LFE2
 583 0020 00000000 		.4byte	.LFB3
 584 0024 22000000 		.4byte	.LFE3
 585 0028 00000000 		.4byte	0x0
 586 002c 00000000 		.4byte	0x0
 587              		.section	.debug_str,"MS",%progbits,1
 588              	.LASF6:
 589 0000 6C6F6E67 		.ascii	"long long int\000"
 589      206C6F6E 
 589      6720696E 
 589      7400
 590              	.LASF18:
 591 000e 433A5C44 		.ascii	"C:\\Documents and Settings\\akay\\My Documents\\Exa"
 591      6F63756D 
 591      656E7473 
 591      20616E64 
 591      20536574 
 592 003d 6D706C65 		.ascii	"mple Projects\\PSoC3 I2C EEPROM\\Example_I2C_EEPROM"
 592      2050726F 
 592      6A656374 
 592      735C5053 
 592      6F433320 
 593 006e 5C457861 		.ascii	"\\Example_I2C_EEPROM.cydsn\000"
 593      6D706C65 
 593      5F493243 
 593      5F454550 
 593      524F4D2E 
 594              	.LASF12:
 595 0088 76616C75 		.ascii	"value\000"
 595      6500
 596              	.LASF20:
 597 008e 73746174 		.ascii	"staticBits\000"
 597      69634269 
 597      747300
 598              	.LASF1:
 599 0099 756E7369 		.ascii	"unsigned char\000"
 599      676E6564 
 599      20636861 
 599      7200
 600              	.LASF5:
 601 00a7 6C6F6E67 		.ascii	"long unsigned int\000"
 601      20756E73 
 601      69676E65 
 601      6420696E 
 601      7400
 602              	.LASF3:
ARM GAS  C:\DOCUME~1\akay\LOCALS~1\Temp\ccvmevLG.s 			page 14


 603 00b9 73686F72 		.ascii	"short unsigned int\000"
 603      7420756E 
 603      7369676E 
 603      65642069 
 603      6E7400
 604              	.LASF17:
 605 00cc 2E2F4765 		.ascii	"./Generated_Source/PSoC5/SCL.c\000"
 605      6E657261 
 605      7465645F 
 605      536F7572 
 605      63652F50 
 606              	.LASF14:
 607 00eb 53434C5F 		.ascii	"SCL_Read\000"
 607      52656164 
 607      00
 608              	.LASF8:
 609 00f4 756E7369 		.ascii	"unsigned int\000"
 609      676E6564 
 609      20696E74 
 609      00
 610              	.LASF15:
 611 0101 53434C5F 		.ascii	"SCL_ReadDataReg\000"
 611      52656164 
 611      44617461 
 611      52656700 
 612              	.LASF7:
 613 0111 6C6F6E67 		.ascii	"long long unsigned int\000"
 613      206C6F6E 
 613      6720756E 
 613      7369676E 
 613      65642069 
 614              	.LASF13:
 615 0128 6D6F6465 		.ascii	"mode\000"
 615      00
 616              	.LASF16:
 617 012d 474E5520 		.ascii	"GNU C 4.4.1\000"
 617      4320342E 
 617      342E3100 
 618              	.LASF9:
 619 0139 63686172 		.ascii	"char\000"
 619      00
 620              	.LASF2:
 621 013e 73686F72 		.ascii	"short int\000"
 621      7420696E 
 621      7400
 622              	.LASF19:
 623 0148 75696E74 		.ascii	"uint8\000"
 623      3800
 624              	.LASF10:
 625 014e 53434C5F 		.ascii	"SCL_Write\000"
 625      57726974 
 625      6500
 626              	.LASF4:
 627 0158 6C6F6E67 		.ascii	"long int\000"
 627      20696E74 
 627      00
 628              	.LASF11:
ARM GAS  C:\DOCUME~1\akay\LOCALS~1\Temp\ccvmevLG.s 			page 15


 629 0161 53434C5F 		.ascii	"SCL_SetDriveMode\000"
 629      53657444 
 629      72697665 
 629      4D6F6465 
 629      00
 630              	.LASF0:
 631 0172 7369676E 		.ascii	"signed char\000"
 631      65642063 
 631      68617200 
 632              		.ident	"GCC: (Sourcery G++ Lite 2010q1-188) 4.4.1"
